   Target Rank1 Rank2 Rank3 Rank4 Rank5
1    5c2h  5c28  5c2h  4llx  3ui7  3uuo
2    3uri  3uri  3wz8  2v00  3pww  3prs
3    4rfm  3qgy  4rfm  4qd6  4m0z  4m0y
4    4ty7  4ty7  4crc  4x6p  4cra  4cr9
5    4agq  4agp  5a7b  4agq  4agn  5aba
6    5dwr  5dwr  3bgz  2c3i  4k18  3jya
7    4twp  3mss  2v7a  3k5v  4twp  3pyy
8    3u8n  3zdg  3u8k  3u8n  3wtj  4qac
9    3o9i  2qnq  1g2k  1a30  1eby  3o9i
10   3p5o  4wiv  3p5o  4lzs  4ogj  3u5j
11   3ejr  1ps3  3d4z  3dx2  3dx1  3ejr
12   3ebp  3syr  3l7b  3ebp  3g2n  4eky
13   2vvn  2xj7  2w66  2vvn  2w4x  2wca
14   3arp  3aru  3arp  3ary  3arq  3arv
15   3gnw  4eo8  3cj4  4ih5  3gnw  4ih7
16   1e66  1h23  1h22  1gpn  1gpk  1e66
17   3f3e  3f3d  3f3e  3f3c  3f3a  4mme
18   2cet  2j7h  2cbv  2j78  2cet  2wbg
19   4gid  3udh  2vkm  4gid  4djv  3rsx
20   4pcs  2wvt  2xii  4pcs  4jfs  4j28
21   3ge7  1r5y  3ge7  3rr4  1s38  3gc5
22   3e93  4f9w  2zb1  3e93  3e92  4dli
23   3qqs  3qqs  4gkm  3r88  4owm  3twp
24   2r9w  2r9w  4jxs  3gv9  4kz6  3gr2
25   2qbp  2qbr  2qbq  2hb1  1bzc  2qbp
26   3ag9  1ydt  1q8u  1q8t  1ydr  3ag9
27   4tmn  1z9g  5tmn  4tmn  3fcq  1qf1
28   3coy  3coy  4ddk  3ivg  3coz  4ddh
29   2fvd  3pxf  2xnb  2fvd  4eor  1pxn
30   4ivc  4e5w  4k77  4ivd  4ivb  4ivc
31   4jia  4f09  4e6q  4jia  4gfm  4hge
32   1nvq  2br1  1nvq  2brb  3jvr  3jvs
33   2zcq  4ea2  2zy1  2zcr  2zcq  3acw
34   3utu  3bv9  2zda  3utu  1oyt  1bcu
35   2p4y  2yfe  3u9q  3b1m  2p4y  3fur
36   3myg  3up2  2wtv  3uo4  3e5a  3myg
37   1sqa  1sqa  1o5b  1owh  3kgp  1c5z
38   3dd0  3kwa  3ryj  4jsz  2weg  3dd0
39   2yki  3rlr  3b27  2yki  1yc1  2xdl
40   3g0w  3b68  3g0w  3b65  1z95  3b5r
41   2al5  1p1n  1p1q  1syi  2al5  4u4s
42   4de1  3g31  4de2  4de1  4de3  3g2z
43   3fv1  4dld  1vso  3gbb  3fv1  3fv2
44   2p15  4mgd  2qe4  2pog  2p15  1qkt
45   1mq6  1lpg  2y5h  1mq6  2xbv  1z6e
46   4f3c  4f2w  4f3c  1nc3  1nc1  1y6r
47   1o3f  4abg  1uto  1k1i  3gy4  1o3f
48   2vw5  2yge  2fxs  2vw5  2iwx  2wer
49   3kr8  4kzu  4j3l  3kr8  4kzq  4j21
50   2x00  2x00  2wnc  2xys  2ymd  2wn9
51   3nw9  3ozt  3oe4  3ozs  3oe5  3nw9
52   3zso  4cig  3zt2  3zsx  3zso  3ao4
53   2xb8  4ciw  3n86  3n76  2xb8  3n7a
54   4w9h  4bkt  4w9i  4w9c  4w9h  4w9l
55   3uex  3uev  3uew  3uex  3nq9  3ueu
56   4gr0  3ehy  4gr0  3tsk  3nx7  3lka
57   1u1b  3dxg  1w4o  1o0h  3d6q  1u1b

Summary of the ranking power: ===========================================
The Spearman correlation coefficient (SP) = -0.005
Spearman Scipy = -0.09767212020879269 
Confidence interval of 90% Spearman Scipy = [-0.196 ~ 0.003] 
The Kendall correlation coefficient (tau) = -0.025
The Predictive index (PI) = -0.003
=========================================================================


Template command for running the bootstrap in R program==================

rm(list=ls());
require(boot);
data_all<-read.table("GAP_Spearman.results",header=TRUE);
data<-as.matrix(data_all[,2]);
mymean<-function(x,indices) sum(x[indices])/57;
data.boot<-boot(aa,mymean,R=10000,stype="i",sim="ordinary");
sink("GAP_Spearman-ci.results");
a<-boot.ci(data.boot,conf=0.9,type=c("bca"));
print(a);
sink();

=========================================================================

