   Target Rank1 Rank2 Rank3 Rank4 Rank5
1    5c2h  4llx  3uuo  5c28  5c2h  3ui7
2    3uri  3uri  3pww  3wz8  3prs  2v00
3    4rfm  4m0z  3qgy  4m0y  4qd6  4rfm
4    4ty7  4crc  4ty7  4cra  4x6p  4cr9
5    4agq  5aba  5a7b  4agp  4agn  4agq
6    5dwr  5dwr  3bgz  3jya  4k18  2c3i
7    4twp  2v7a  3mss  3k5v  3pyy  4twp
8    3u8n  3zdg  3u8n  3u8k  3wtj  4qac
9    3o9i  1a30  2qnq  1eby  1g2k  3o9i
10   3p5o  4ogj  4lzs  4wiv  3p5o  3u5j
11   3ejr  1ps3  3d4z  3dx2  3dx1  3ejr
12   3ebp  3syr  3l7b  3ebp  4eky  3g2n
13   2vvn  2w66  2xj7  2wca  2vvn  2w4x
14   3arp  3arq  3aru  3ary  3arv  3arp
15   3gnw  3cj4  4eo8  3gnw  4ih7  4ih5
16   1e66  1h22  1h23  1gpk  1gpn  1e66
17   3f3e  3f3e  3f3d  3f3c  3f3a  4mme
18   2cet  2j7h  2cbv  2j78  2cet  2wbg
19   4gid  4gid  2vkm  3udh  4djv  3rsx
20   4pcs  2wvt  2xii  4pcs  4j28  4jfs
21   3ge7  3ge7  3gc5  1s38  3rr4  1r5y
22   3e93  3e93  3e92  2zb1  4f9w  4dli
23   3qqs  4gkm  3qqs  3twp  3r88  4owm
24   2r9w  2r9w  4jxs  4kz6  3gv9  3gr2
25   2qbp  2qbr  2qbq  2qbp  2hb1  1bzc
26   3ag9  3ag9  1q8t  1q8u  1ydr  1ydt
27   4tmn  1qf1  4tmn  5tmn  3fcq  1z9g
28   3coy  3ivg  4ddk  4ddh  3coy  3coz
29   2fvd  2xnb  4eor  2fvd  1pxn  3pxf
30   4ivc  4e5w  4k77  4ivc  4ivd  4ivb
31   4jia  4gfm  4f09  4e6q  4hge  4jia
32   1nvq  1nvq  3jvs  3jvr  2br1  2brb
33   2zcq  2zcq  2zy1  4ea2  2zcr  3acw
34   3utu  3bv9  2zda  1oyt  3utu  1bcu
35   2p4y  3u9q  2yfe  2p4y  3fur  3b1m
36   3myg  3uo4  3up2  3e5a  2wtv  3myg
37   1sqa  1owh  1sqa  3kgp  1c5z  1o5b
38   3dd0  3kwa  3ryj  4jsz  2weg  3dd0
39   2yki  1yc1  3rlr  3b27  2yki  2xdl
40   3g0w  3b68  1z95  3b65  3b5r  3g0w
41   2al5  1p1n  1syi  1p1q  2al5  4u4s
42   4de1  4de2  4de1  3g2z  4de3  3g31
43   3fv1  3fv1  3gbb  1vso  4dld  3fv2
44   2p15  2qe4  1qkt  2pog  2p15  4mgd
45   1mq6  1lpg  2y5h  1mq6  2xbv  1z6e
46   4f3c  1nc3  4f3c  1nc1  1y6r  4f2w
47   1o3f  4abg  1k1i  1uto  3gy4  1o3f
48   2vw5  2yge  2vw5  2fxs  2iwx  2wer
49   3kr8  4j21  4kzu  4j3l  4kzq  3kr8
50   2x00  2ymd  2wnc  2x00  2xys  2wn9
51   3nw9  3ozt  3ozs  3nw9  3oe5  3oe4
52   3zso  4cig  3zt2  3zso  3zsx  3ao4
53   2xb8  4ciw  3n7a  3n86  2xb8  3n76
54   4w9h  4bkt  4w9h  4w9l  4w9i  4w9c
55   3uex  3uex  3uev  3uew  3nq9  3ueu
56   4gr0  3tsk  3ehy  4gr0  3lka  3nx7
57   1u1b  3dxg  3d6q  1w4o  1o0h  1u1b

Summary of the ranking power: ===========================================
The Spearman correlation coefficient (SP) = -0.025
Spearman Scipy = -0.1221423134929037 
Confidence interval of 90% Spearman Scipy = [-0.22 ~ -0.022] 
The Kendall correlation coefficient (tau) = -0.035
The Predictive index (PI) = -0.010
=========================================================================


Template command for running the bootstrap in R program==================

rm(list=ls());
require(boot);
data_all<-read.table("GAP_Spearman.results",header=TRUE);
data<-as.matrix(data_all[,2]);
mymean<-function(x,indices) sum(x[indices])/57;
data.boot<-boot(aa,mymean,R=10000,stype="i",sim="ordinary");
sink("GAP_Spearman-ci.results");
a<-boot.ci(data.boot,conf=0.9,type=c("bca"));
print(a);
sink();

=========================================================================

