   Target Rank1 Rank2 Rank3 Rank4 Rank5
1    5c2h  4llx  3uuo  3ui7  5c28  5c2h
2    3uri  3prs  2v00  3wz8  3pww  3uri
3    4rfm  4m0z  4m0y  3qgy  4qd6  4rfm
4    4ty7  4cr9  4cra  4x6p  4crc  4ty7
5    4agq  4agn  5aba  5a7b  4agq  4agp
6    5dwr  3bgz  3jya  4k18  2c3i  5dwr
7    4twp  4twp  3k5v  3mss  3pyy  2v7a
8    3u8n  3u8n  3wtj  4qac  3u8k  3zdg
9    3o9i  3o9i  1g2k  2qnq  1eby  1a30
10   3p5o  4wiv  4lzs  3p5o  4ogj  3u5j
11   3ejr  3ejr  3dx2  3dx1  3d4z  1ps3
12   3ebp  4eky  3l7b  3syr  3ebp  3g2n
13   2vvn  2wca  2w4x  2w66  2vvn  2xj7
14   3arp  3arv  3ary  3aru  3arq  3arp
15   3gnw  3gnw  4ih5  4ih7  3cj4  4eo8
16   1e66  1e66  1gpk  1gpn  1h23  1h22
17   3f3e  4mme  3f3a  3f3c  3f3e  3f3d
18   2cet  2j7h  2cbv  2cet  2j78  2wbg
19   4gid  3rsx  4gid  2vkm  3udh  4djv
20   4pcs  4j28  2wvt  2xii  4jfs  4pcs
21   3ge7  3rr4  1r5y  1s38  3gc5  3ge7
22   3e93  3e92  3e93  4f9w  4dli  2zb1
23   3qqs  3r88  4owm  3twp  4gkm  3qqs
24   2r9w  4jxs  4kz6  3gr2  2r9w  3gv9
25   2qbp  1bzc  2qbr  2hb1  2qbq  2qbp
26   3ag9  3ag9  1ydr  1q8t  1q8u  1ydt
27   4tmn  3fcq  4tmn  1qf1  1z9g  5tmn
28   3coy  3coz  3ivg  3coy  4ddh  4ddk
29   2fvd  4eor  1pxn  2xnb  2fvd  3pxf
30   4ivc  4ivd  4ivb  4ivc  4k77  4e5w
31   4jia  4e6q  4f09  4gfm  4hge  4jia
32   1nvq  2brb  2br1  3jvr  3jvs  1nvq
33   2zcq  2zcq  2zy1  3acw  2zcr  4ea2
34   3utu  1bcu  1oyt  2zda  3utu  3bv9
35   2p4y  3fur  2p4y  2yfe  3b1m  3u9q
36   3myg  3myg  3uo4  2wtv  3e5a  3up2
37   1sqa  1c5z  3kgp  1sqa  1o5b  1owh
38   3dd0  2weg  3dd0  4jsz  3kwa  3ryj
39   2yki  1yc1  2xdl  2yki  3b27  3rlr
40   3g0w  3b65  3b5r  3b68  1z95  3g0w
41   2al5  1p1q  2al5  1syi  1p1n  4u4s
42   4de1  4de1  4de3  4de2  3g2z  3g31
43   3fv1  3fv2  3gbb  1vso  3fv1  4dld
44   2p15  1qkt  2pog  2qe4  2p15  4mgd
45   1mq6  1z6e  2y5h  1mq6  2xbv  1lpg
46   4f3c  1nc3  1nc1  4f2w  4f3c  1y6r
47   1o3f  4abg  1uto  1o3f  3gy4  1k1i
48   2vw5  2vw5  2wer  2iwx  2fxs  2yge
49   3kr8  4kzq  4j3l  4kzu  4j21  3kr8
50   2x00  2xys  2wn9  2ymd  2wnc  2x00
51   3nw9  3nw9  3oe5  3oe4  3ozt  3ozs
52   3zso  3zso  3zsx  3ao4  3zt2  4cig
53   2xb8  2xb8  3n7a  3n76  3n86  4ciw
54   4w9h  4w9c  4w9i  4w9h  4w9l  4bkt
55   3uex  3uex  3uew  3uev  3ueu  3nq9
56   4gr0  3lka  3tsk  3nx7  3ehy  4gr0
57   1u1b  1o0h  1u1b  1w4o  3d6q  3dxg

Summary of the ranking power: ===========================================
The Spearman correlation coefficient (SP) = -0.033
Spearman Scipy = 0.0030452959589761484 
Confidence interval of 90% Spearman Scipy = [-0.097 ~ 0.104] 
The Kendall correlation coefficient (tau) = -0.032
The Predictive index (PI) = -0.013
=========================================================================


Template command for running the bootstrap in R program==================

rm(list=ls());
require(boot);
data_all<-read.table("GAP_Spearman.results",header=TRUE);
data<-as.matrix(data_all[,2]);
mymean<-function(x,indices) sum(x[indices])/57;
data.boot<-boot(aa,mymean,R=10000,stype="i",sim="ordinary");
sink("GAP_Spearman-ci.results");
a<-boot.ci(data.boot,conf=0.9,type=c("bca"));
print(a);
sink();

=========================================================================

