   Target Rank1 Rank2 Rank3 Rank4 Rank5
1    5c2h  4llx  3ui7  5c28  5c2h  3uuo
2    3uri  3pww  3wz8  3prs  3uri  2v00
3    4rfm  3qgy  4m0z  4qd6  4m0y  4rfm
4    4ty7  4x6p  4cra  4ty7  4cr9  4crc
5    4agq  4agq  4agn  4agp  5a7b  5aba
6    5dwr  3bgz  4k18  2c3i  5dwr  3jya
7    4twp  2v7a  4twp  3mss  3pyy  3k5v
8    3u8n  4qac  3wtj  3zdg  3u8n  3u8k
9    3o9i  1a30  2qnq  1g2k  3o9i  1eby
10   3p5o  3p5o  3u5j  4wiv  4ogj  4lzs
11   3ejr  3d4z  1ps3  3dx1  3dx2  3ejr
12   3ebp  3syr  3l7b  4eky  3ebp  3g2n
13   2vvn  2w66  2xj7  2w4x  2vvn  2wca
14   3arp  3arq  3arp  3aru  3ary  3arv
15   3gnw  3cj4  4eo8  4ih7  3gnw  4ih5
16   1e66  1gpk  1gpn  1h23  1h22  1e66
17   3f3e  3f3c  3f3e  3f3d  4mme  3f3a
18   2cet  2j7h  2cbv  2j78  2cet  2wbg
19   4gid  2vkm  4gid  3rsx  4djv  3udh
20   4pcs  2wvt  4j28  4jfs  2xii  4pcs
21   3ge7  1r5y  3rr4  3ge7  1s38  3gc5
22   3e93  3e92  4dli  2zb1  4f9w  3e93
23   3qqs  3r88  3qqs  4owm  4gkm  3twp
24   2r9w  4kz6  2r9w  4jxs  3gr2  3gv9
25   2qbp  1bzc  2qbr  2qbp  2hb1  2qbq
26   3ag9  3ag9  1q8u  1ydt  1q8t  1ydr
27   4tmn  5tmn  1z9g  1qf1  4tmn  3fcq
28   3coy  4ddk  4ddh  3ivg  3coy  3coz
29   2fvd  4eor  2xnb  2fvd  3pxf  1pxn
30   4ivc  4ivd  4ivb  4e5w  4k77  4ivc
31   4jia  4jia  4gfm  4e6q  4hge  4f09
32   1nvq  1nvq  2br1  2brb  3jvr  3jvs
33   2zcq  2zcr  4ea2  2zy1  2zcq  3acw
34   3utu  1oyt  3bv9  2zda  1bcu  3utu
35   2p4y  3u9q  2yfe  2p4y  3b1m  3fur
36   3myg  3up2  3uo4  2wtv  3e5a  3myg
37   1sqa  1o5b  1sqa  1owh  3kgp  1c5z
38   3dd0  4jsz  3kwa  3ryj  3dd0  2weg
39   2yki  3b27  1yc1  3rlr  2xdl  2yki
40   3g0w  3g0w  1z95  3b5r  3b65  3b68
41   2al5  1p1n  4u4s  1p1q  2al5  1syi
42   4de1  3g2z  3g31  4de1  4de2  4de3
43   3fv1  3gbb  4dld  1vso  3fv2  3fv1
44   2p15  2qe4  2pog  4mgd  2p15  1qkt
45   1mq6  1lpg  2y5h  1z6e  1mq6  2xbv
46   4f3c  1nc3  4f2w  1nc1  4f3c  1y6r
47   1o3f  3gy4  1uto  1k1i  4abg  1o3f
48   2vw5  2yge  2vw5  2wer  2iwx  2fxs
49   3kr8  4kzq  4j3l  3kr8  4kzu  4j21
50   2x00  2x00  2wnc  2xys  2wn9  2ymd
51   3nw9  3ozs  3ozt  3oe5  3oe4  3nw9
52   3zso  4cig  3zt2  3zsx  3ao4  3zso
53   2xb8  2xb8  4ciw  3n86  3n76  3n7a
54   4w9h  4bkt  4w9h  4w9i  4w9l  4w9c
55   3uex  3ueu  3uex  3nq9  3uew  3uev
56   4gr0  3tsk  4gr0  3nx7  3ehy  3lka
57   1u1b  1w4o  3dxg  1o0h  3d6q  1u1b

Summary of the ranking power: ===========================================
The Spearman correlation coefficient (SP) = -0.089
Spearman Scipy = -0.17613832898172327 
Confidence interval of 90% Spearman Scipy = [-0.272 ~ -0.077] 
The Kendall correlation coefficient (tau) = -0.076
The Predictive index (PI) = -0.087
=========================================================================


Template command for running the bootstrap in R program==================

rm(list=ls());
require(boot);
data_all<-read.table("GAP_Spearman.results",header=TRUE);
data<-as.matrix(data_all[,2]);
mymean<-function(x,indices) sum(x[indices])/57;
data.boot<-boot(aa,mymean,R=10000,stype="i",sim="ordinary");
sink("GAP_Spearman-ci.results");
a<-boot.ci(data.boot,conf=0.9,type=c("bca"));
print(a);
sink();

=========================================================================

