   Target Rank1 Rank2 Rank3 Rank4 Rank5
1    5c2h  5c28  3ui7  3uuo  4llx  5c2h
2    3uri  2v00  3wz8  3prs  3uri  3pww
3    4rfm  4qd6  4rfm  4m0y  3qgy  4m0z
4    4ty7  4cr9  4ty7  4x6p  4crc  4cra
5    4agq  4agq  5a7b  4agp  5aba  4agn
6    5dwr  3jya  2c3i  5dwr  4k18  3bgz
7    4twp  3k5v  3mss  2v7a  4twp  3pyy
8    3u8n  3u8n  3u8k  3zdg  3wtj  4qac
9    3o9i  3o9i  1a30  1g2k  1eby  2qnq
10   3p5o  4ogj  3u5j  4lzs  3p5o  4wiv
11   3ejr  3ejr  3dx1  3dx2  3d4z  1ps3
12   3ebp  3ebp  3g2n  4eky  3l7b  3syr
13   2vvn  2wca  2vvn  2w4x  2w66  2xj7
14   3arp  3ary  3arv  3arp  3aru  3arq
15   3gnw  4ih5  4ih7  4eo8  3cj4  3gnw
16   1e66  1gpk  1e66  1gpn  1h22  1h23
17   3f3e  3f3a  3f3d  3f3e  3f3c  4mme
18   2cet  2cet  2wbg  2cbv  2j78  2j7h
19   4gid  3rsx  3udh  4djv  4gid  2vkm
20   4pcs  4jfs  4j28  4pcs  2xii  2wvt
21   3ge7  3gc5  3rr4  1r5y  3ge7  1s38
22   3e93  3e92  4f9w  4dli  2zb1  3e93
23   3qqs  3twp  3r88  4owm  4gkm  3qqs
24   2r9w  3gr2  3gv9  4kz6  2r9w  4jxs
25   2qbp  2qbp  2qbq  2hb1  2qbr  1bzc
26   3ag9  1ydr  1q8t  1q8u  1ydt  3ag9
27   4tmn  3fcq  4tmn  5tmn  1qf1  1z9g
28   3coy  4ddk  3ivg  4ddh  3coy  3coz
29   2fvd  1pxn  2fvd  4eor  2xnb  3pxf
30   4ivc  4e5w  4ivc  4k77  4ivb  4ivd
31   4jia  4jia  4hge  4f09  4gfm  4e6q
32   1nvq  2brb  3jvr  2br1  1nvq  3jvs
33   2zcq  3acw  4ea2  2zcq  2zy1  2zcr
34   3utu  1bcu  1oyt  3bv9  2zda  3utu
35   2p4y  2yfe  2p4y  3b1m  3fur  3u9q
36   3myg  3myg  2wtv  3e5a  3up2  3uo4
37   1sqa  1c5z  3kgp  1owh  1o5b  1sqa
38   3dd0  2weg  3kwa  3dd0  3ryj  4jsz
39   2yki  2xdl  3b27  3rlr  2yki  1yc1
40   3g0w  1z95  3b68  3g0w  3b65  3b5r
41   2al5  1p1q  4u4s  2al5  1p1n  1syi
42   4de1  4de3  4de1  4de2  3g31  3g2z
43   3fv1  1vso  3gbb  4dld  3fv1  3fv2
44   2p15  4mgd  2qe4  1qkt  2p15  2pog
45   1mq6  1lpg  1z6e  2y5h  2xbv  1mq6
46   4f3c  4f2w  1nc1  4f3c  1y6r  1nc3
47   1o3f  1uto  4abg  3gy4  1k1i  1o3f
48   2vw5  2yge  2wer  2iwx  2fxs  2vw5
49   3kr8  3kr8  4kzq  4kzu  4j21  4j3l
50   2x00  2xys  2x00  2wnc  2ymd  2wn9
51   3nw9  3oe5  3oe4  3ozt  3ozs  3nw9
52   3zso  3ao4  3zt2  4cig  3zsx  3zso
53   2xb8  2xb8  3n76  3n7a  4ciw  3n86
54   4w9h  4w9i  4w9c  4w9h  4w9l  4bkt
55   3uex  3uew  3uex  3uev  3nq9  3ueu
56   4gr0  3lka  3nx7  3ehy  4gr0  3tsk
57   1u1b  1u1b  1o0h  3d6q  1w4o  3dxg

Summary of the ranking power: ===========================================
The Spearman correlation coefficient (SP) = -0.128
Spearman Scipy = -0.0641557209272158 
Confidence interval of 90% Spearman Scipy = [-0.164 ~ 0.037] 
The Kendall correlation coefficient (tau) = -0.091
The Predictive index (PI) = -0.144
=========================================================================


Template command for running the bootstrap in R program==================

rm(list=ls());
require(boot);
data_all<-read.table("GAP_Spearman.results",header=TRUE);
data<-as.matrix(data_all[,2]);
mymean<-function(x,indices) sum(x[indices])/57;
data.boot<-boot(aa,mymean,R=10000,stype="i",sim="ordinary");
sink("GAP_Spearman-ci.results");
a<-boot.ci(data.boot,conf=0.9,type=c("bca"));
print(a);
sink();

=========================================================================

