   Target Rank1 Rank2 Rank3 Rank4 Rank5
1    5c2h  5c28  4llx  3ui7  3uuo  5c2h
2    3uri  2v00  3uri  3pww  3wz8  3prs
3    4rfm  4m0z  4m0y  4rfm  3qgy  4qd6
4    4ty7  4cr9  4ty7  4x6p  4cra  4crc
5    4agq  4agn  4agq  5a7b  4agp  5aba
6    5dwr  3jya  2c3i  4k18  5dwr  3bgz
7    4twp  3pyy  3k5v  3mss  2v7a  4twp
8    3u8n  3u8k  3wtj  3zdg  3u8n  4qac
9    3o9i  1a30  3o9i  1g2k  2qnq  1eby
10   3p5o  3u5j  4lzs  3p5o  4ogj  4wiv
11   3ejr  3ejr  3dx1  3dx2  3d4z  1ps3
12   3ebp  3ebp  3l7b  4eky  3syr  3g2n
13   2vvn  2vvn  2wca  2xj7  2w4x  2w66
14   3arp  3ary  3arp  3aru  3arq  3arv
15   3gnw  4eo8  3cj4  4ih5  4ih7  3gnw
16   1e66  1gpk  1gpn  1h23  1h22  1e66
17   3f3e  4mme  3f3d  3f3a  3f3e  3f3c
18   2cet  2j7h  2cet  2j78  2wbg  2cbv
19   4gid  3rsx  3udh  4djv  4gid  2vkm
20   4pcs  4j28  4pcs  4jfs  2xii  2wvt
21   3ge7  1r5y  3rr4  1s38  3gc5  3ge7
22   3e93  2zb1  4dli  3e92  4f9w  3e93
23   3qqs  4owm  3r88  4gkm  3qqs  3twp
24   2r9w  3gv9  3gr2  4kz6  2r9w  4jxs
25   2qbp  2hb1  1bzc  2qbr  2qbq  2qbp
26   3ag9  1ydr  1q8t  1ydt  1q8u  3ag9
27   4tmn  3fcq  1z9g  1qf1  4tmn  5tmn
28   3coy  4ddk  4ddh  3coy  3coz  3ivg
29   2fvd  1pxn  3pxf  4eor  2fvd  2xnb
30   4ivc  4k77  4ivb  4ivc  4ivd  4e5w
31   4jia  4f09  4gfm  4hge  4jia  4e6q
32   1nvq  3jvr  3jvs  2brb  2br1  1nvq
33   2zcq  4ea2  3acw  2zy1  2zcr  2zcq
34   3utu  1bcu  2zda  3utu  1oyt  3bv9
35   2p4y  2yfe  3b1m  3u9q  2p4y  3fur
36   3myg  3e5a  3myg  3up2  2wtv  3uo4
37   1sqa  1c5z  3kgp  1owh  1o5b  1sqa
38   3dd0  2weg  4jsz  3dd0  3ryj  3kwa
39   2yki  3b27  2xdl  3rlr  1yc1  2yki
40   3g0w  3b68  3b65  1z95  3b5r  3g0w
41   2al5  4u4s  2al5  1p1q  1p1n  1syi
42   4de1  3g31  3g2z  4de3  4de2  4de1
43   3fv1  3gbb  1vso  3fv1  4dld  3fv2
44   2p15  4mgd  1qkt  2qe4  2pog  2p15
45   1mq6  2xbv  2y5h  1mq6  1z6e  1lpg
46   4f3c  4f2w  4f3c  1nc1  1y6r  1nc3
47   1o3f  4abg  3gy4  1uto  1k1i  1o3f
48   2vw5  2wer  2iwx  2fxs  2yge  2vw5
49   3kr8  4j21  4kzu  4kzq  4j3l  3kr8
50   2x00  2xys  2ymd  2wn9  2wnc  2x00
51   3nw9  3ozs  3ozt  3oe5  3oe4  3nw9
52   3zso  3ao4  3zt2  3zsx  4cig  3zso
53   2xb8  3n76  2xb8  3n86  3n7a  4ciw
54   4w9h  4w9i  4w9l  4w9c  4bkt  4w9h
55   3uex  3uev  3uex  3uew  3nq9  3ueu
56   4gr0  3lka  3ehy  3nx7  3tsk  4gr0
57   1u1b  3d6q  1w4o  1u1b  1o0h  3dxg

Summary of the ranking power: ===========================================
The Spearman correlation coefficient (SP) = -0.315
Spearman Scipy = -0.12776533205386345 
Confidence interval of 90% Spearman Scipy = [-0.225 ~ -0.028] 
The Kendall correlation coefficient (tau) = -0.251
The Predictive index (PI) = -0.333
=========================================================================


Template command for running the bootstrap in R program==================

rm(list=ls());
require(boot);
data_all<-read.table("GAP_Spearman.results",header=TRUE);
data<-as.matrix(data_all[,2]);
mymean<-function(x,indices) sum(x[indices])/57;
data.boot<-boot(aa,mymean,R=10000,stype="i",sim="ordinary");
sink("GAP_Spearman-ci.results");
a<-boot.ci(data.boot,conf=0.9,type=c("bca"));
print(a);
sink();

=========================================================================

