   Target Rank1 Rank2 Rank3 Rank4 Rank5
1    5c2h  3ui7  5c2h  3uuo  5c28  4llx
2    3uri  2v00  3wz8  3pww  3prs  3uri
3    4rfm  4m0y  4qd6  4m0z  3qgy  4rfm
4    4ty7  4cra  4x6p  4crc  4ty7  4cr9
5    4agq  5aba  4agn  5a7b  4agp  4agq
6    5dwr  3jya  3bgz  2c3i  4k18  5dwr
7    4twp  3mss  3pyy  3k5v  2v7a  4twp
8    3u8n  3wtj  3zdg  3u8k  4qac  3u8n
9    3o9i  1a30  2qnq  1g2k  1eby  3o9i
10   3p5o  3u5j  4wiv  4ogj  3p5o  4lzs
11   3ejr  3d4z  3dx2  1ps3  3ejr  3dx1
12   3ebp  3syr  3ebp  3l7b  3g2n  4eky
13   2vvn  2w4x  2w66  2wca  2xj7  2vvn
14   3arp  3arq  3arp  3arv  3aru  3ary
15   3gnw  4ih5  4ih7  3cj4  4eo8  3gnw
16   1e66  1gpk  1gpn  1h23  1h22  1e66
17   3f3e  3f3d  3f3e  3f3a  3f3c  4mme
18   2cet  2j78  2wbg  2cet  2cbv  2j7h
19   4gid  3udh  4djv  2vkm  4gid  3rsx
20   4pcs  4pcs  2xii  4jfs  2wvt  4j28
21   3ge7  1r5y  1s38  3rr4  3gc5  3ge7
22   3e93  4dli  2zb1  4f9w  3e92  3e93
23   3qqs  3qqs  4gkm  3r88  4owm  3twp
24   2r9w  4jxs  2r9w  4kz6  3gv9  3gr2
25   2qbp  2hb1  1bzc  2qbr  2qbq  2qbp
26   3ag9  1q8t  1ydr  1q8u  1ydt  3ag9
27   4tmn  3fcq  1z9g  1qf1  5tmn  4tmn
28   3coy  3ivg  3coz  3coy  4ddh  4ddk
29   2fvd  3pxf  4eor  2xnb  1pxn  2fvd
30   4ivc  4k77  4e5w  4ivb  4ivd  4ivc
31   4jia  4gfm  4f09  4hge  4e6q  4jia
32   1nvq  3jvr  3jvs  2brb  2br1  1nvq
33   2zcq  2zcq  3acw  4ea2  2zcr  2zy1
34   3utu  3bv9  1oyt  2zda  3utu  1bcu
35   2p4y  3u9q  2yfe  3fur  3b1m  2p4y
36   3myg  3uo4  3up2  3e5a  2wtv  3myg
37   1sqa  1o5b  1owh  1sqa  1c5z  3kgp
38   3dd0  3kwa  3ryj  3dd0  2weg  4jsz
39   2yki  2xdl  1yc1  3rlr  2yki  3b27
40   3g0w  1z95  3b68  3b5r  3b65  3g0w
41   2al5  1p1q  2al5  1p1n  1syi  4u4s
42   4de1  4de3  4de1  4de2  3g31  3g2z
43   3fv1  1vso  4dld  3gbb  3fv2  3fv1
44   2p15  4mgd  2qe4  1qkt  2pog  2p15
45   1mq6  2y5h  1lpg  2xbv  1z6e  1mq6
46   4f3c  1nc3  1nc1  1y6r  4f2w  4f3c
47   1o3f  4abg  1o3f  1k1i  3gy4  1uto
48   2vw5  2fxs  2wer  2iwx  2yge  2vw5
49   3kr8  4kzq  4j21  4kzu  4j3l  3kr8
50   2x00  2ymd  2wn9  2wnc  2xys  2x00
51   3nw9  3ozt  3ozs  3oe5  3oe4  3nw9
52   3zso  3zt2  3zsx  4cig  3zso  3ao4
53   2xb8  4ciw  3n86  3n76  2xb8  3n7a
54   4w9h  4bkt  4w9c  4w9l  4w9i  4w9h
55   3uex  3nq9  3ueu  3uev  3uew  3uex
56   4gr0  3ehy  3nx7  3tsk  4gr0  3lka
57   1u1b  1u1b  1o0h  1w4o  3d6q  3dxg

Summary of the ranking power: ===========================================
The Spearman correlation coefficient (SP) = -0.084
Spearman Scipy = -0.023481160127848785 
Confidence interval of 90% Spearman Scipy = [-0.124 ~ 0.077] 
The Kendall correlation coefficient (tau) = -0.093
The Predictive index (PI) = -0.064
=========================================================================


Template command for running the bootstrap in R program==================

rm(list=ls());
require(boot);
data_all<-read.table("GAP_Spearman.results",header=TRUE);
data<-as.matrix(data_all[,2]);
mymean<-function(x,indices) sum(x[indices])/57;
data.boot<-boot(aa,mymean,R=10000,stype="i",sim="ordinary");
sink("GAP_Spearman-ci.results");
a<-boot.ci(data.boot,conf=0.9,type=c("bca"));
print(a);
sink();

=========================================================================

