     code  logKa      score
1    4llx   2.89   6.666667
2    5c28   5.66   0.270270
3    3uuo   7.96   2.173913
4    3ui7   9.00   2.173913
5    5c2h  11.09  33.333333
6    2v00   3.66   0.270270
7    3wz8   5.82  37.037037
8    3pww   7.32   0.270270
9    3prs   7.82  37.037037
10   3uri   9.00   0.270270
11   4m0z   5.19   0.270270
12   4m0y   6.46   0.270270
13   3qgy   7.80  37.037037
14   4qd6   8.64  37.037037
15   4rfm  10.05   0.270270
16   4cr9   4.10   0.270270
17   4cra   7.22  37.037037
18   4x6p   8.30  37.037037
19   4crc   8.72  33.333333
20   4ty7   9.52  37.037037
21   5aba   2.98   0.270270
22   5a7b   3.57   0.270270
23   4agn   3.97   0.270270
24   4agp   4.69   0.270270
25   4agq   5.01   0.270270
26   3bgz   6.26  33.333333
27   3jya   6.89   0.270270
28   2c3i   7.60   0.270270
29   4k18   8.96   0.270270
30   5dwr  11.22   0.270270
31   3mss   4.66   0.270270
32   3k5v   6.30   0.270270
33   3pyy   6.86   0.270270
34   2v7a   8.30   0.270270
35   4twp  10.00  37.037037
36   3wtj   6.53   0.270270
37   3zdg   7.10   6.666667
38   3u8k   8.66   6.666667
39   4qac   9.40   0.270270
40   3u8n  10.17   0.270270
41   1a30   4.30  41.666667
42   2qnq   6.11  37.037037
43   1g2k   7.96  37.037037
44   1eby   9.70  37.037037
45   3o9i  11.82   0.270270
46   4lzs   4.80   0.270270
47   3u5j   5.61   0.434783
48   4wiv   6.26   0.270270
49   4ogj   6.79   0.270270
50   3p5o   7.30   0.270270
51   1ps3   2.28   0.333333
52   3dx1   3.58   0.026110
53   3d4z   4.89   0.003135
54   3dx2   6.82   0.026110
55   3ejr   8.57   0.270270
56   3l7b   2.40   0.026110
57   4eky   3.52   0.270270
58   3g2n   4.09   6.666667
59   3syr   5.10   0.666667
60   3ebp   5.91   0.270270
61   2w66   4.05   0.026110
62   2w4x   4.85   6.666667
63   2wca   5.60   0.270270
64   2xj7   6.66   0.026110
65   2vvn   7.30   0.026110
66   3aru   3.22   6.666667
67   3arv   5.64   1.818182
68   3ary   6.00   6.666667
69   3arq   6.40   6.666667
70   3arp   7.15   0.270270
71   4ih5   4.11   0.270270
72   4ih7   5.24   0.434783
73   3cj4   6.51   0.270270
74   4eo8   8.15   0.434783
75   3gnw   9.10  37.037037
76   1gpk   5.37   6.666667
77   1h23   8.35   0.270270
78   1h22   9.10   0.270270
79   3f3a   4.19   0.270270
80   3f3c   6.02   0.270270
81   4mme   6.50   0.270270
82   3f3d   7.16   0.270270
83   3f3e   7.70   0.270270
84   2wbg   4.45   0.270270
85   2cbv   5.48   0.026110
86   2j78   6.42   6.666667
87   2j7h   7.19   0.050000
88   2cet   8.02   6.666667
89   3udh   2.85   0.270270
90   3rsx   4.41   0.270270
91   4djv   6.72   0.270270
92   2vkm   8.74  37.037037
93   4gid  10.77   0.270270
94   4jfs   5.27   6.666667
95   4j28   5.70   6.666667
96   2wvt   6.12   6.896552
97   2xii   7.20   0.000385
98   4pcs   7.85   6.666667
99   3rr4   4.55   6.666667
100  1s38   5.15   6.666667
101  1r5y   6.46   6.666667
102  3gc5   7.26   6.666667
103  3ge7   8.70   0.270270
104  4dli   5.62   0.270270
105  2zb1   6.32   0.714286
106  4f9w   6.94  33.333333
107  3e92   8.00   0.270270
108  3e93   8.85  37.037037
109  4owm   2.96   0.270270
110  3twp   3.92   0.270270
111  3r88   4.82   0.270270
112  4gkm   5.17  41.666667
113  3qqs   5.82  41.666667
114  3gv9   2.12   0.270270
115  3gr2   2.52   0.270270
116  4kz6   3.10   0.270270
117  4jxs   4.74   0.270270
118  2r9w   5.10   0.434783
119  2hb1   3.80  41.666667
120  1bzc   4.92   0.270270
121  2qbr   6.33  41.666667
122  2qbq   7.44  41.666667
123  2qbp   8.40  41.666667
124  1q8t   4.76   0.270270
125  1ydr   5.52   0.270270
126  1q8u   5.96   0.270270
127  1ydt   7.32   0.270270
128  3ag9   8.05   0.270270
129  3fcq   2.77   0.434783
130  1z9g   5.64   0.000385
131  1qf1   7.32   0.000385
132  5tmn   8.04   0.270270
133  4tmn  10.17   0.270270
134  4ddk   2.29   0.434783
135  4ddh   3.32   0.005263
136  3ivg   4.30  37.037037
137  3coz   5.57   6.666667
138  3coy   6.02   0.000385
139  3pxf   4.43   0.270270
140  4eor   6.30   0.270270
141  2xnb   6.83   0.270270
142  1pxn   7.15   0.270270
143  2fvd   8.52   0.270270
144  4k77   6.63   0.270270
145  4e5w   7.66   0.270270
146  4ivb   8.72   0.270270
147  4ivd   9.52   0.270270
148  4ivc  10.00   0.270270
149  4f09   6.70   0.270270
150  4gfm   7.22   0.270270
151  4hge   7.92   0.270270
152  4e6q   8.36  37.037037
153  4jia   9.22   0.270270
154  2brb   4.86  33.333333
155  2br1   5.14  33.333333
156  3jvr   5.72   0.270270
157  3jvs   6.54   0.270270
158  1nvq   8.25  37.037037
159  3acw   4.76   0.270270
160  4ea2   6.44   0.270270
161  2zcr   6.87   0.434783
162  2zy1   7.40   0.270270
163  2zcq   8.82   0.434783
164  1bcu   3.28   0.270270
165  3bv9   5.36   0.270270
166  1oyt   7.24   0.270270
167  2zda   8.40   0.270270
168  3utu  10.92   0.270270
169  3u9q   4.38   0.434783
170  2yfe   6.63   0.270270
171  3fur   8.00  37.037037
172  3b1m   8.48   0.270270
173  2p4y   9.00  33.333333
174  3uo4   6.52  37.037037
175  3up2   7.40   0.270270
176  3e5a   8.23   0.270270
177  2wtv   8.74  37.037037
178  3myg  10.70   0.000385
179  3kgp   2.57   0.270270
180  1c5z   4.01   0.270270
181  1o5b   5.77   0.270270
182  1owh   7.40   0.303030
183  1sqa   9.21  37.037037
184  4jsz   2.30   0.434783
185  3kwa   4.08   6.666667
186  2weg   6.50   0.270270
187  3ryj   7.80   0.270270
188  3dd0   9.00   0.270270
189  2xdl   3.10   0.270270
190  3b27   5.16   0.270270
191  1yc1   6.17   0.270270
192  3rlr   7.52   0.270270
193  2yki   9.46  37.037037
194  1z95   7.12   0.270270
195  3b68   8.40   0.270270
196  3b5r   8.77   0.270270
197  3b65   9.27   0.270270
198  3g0w   9.52   0.270270
199  4u4s   2.92   6.666667
200  1p1q   4.89   0.270270
201  1syi   5.44   0.270270
202  1p1n   6.80  41.666667
203  2al5   8.40   0.270270
204  3g2z   2.36   0.026110
205  3g31   2.89   0.434783
206  4de2   4.12   0.000385
207  4de3   5.52   0.000385
208  4de1   5.96  37.037037
209  1vso   4.72   0.270270
210  4dld   5.82   0.270270
211  3gbb   6.90   0.270270
212  3fv2   8.11   0.270270
213  3fv1   9.30   0.270270
214  4mgd   4.69   0.270270
215  2qe4   7.96   0.270270
216  1qkt   9.04   0.270270
217  2pog   9.54   0.270270
218  2p15  10.30   0.270270
219  2y5h   5.79   6.666667
220  1lpg   7.09  37.037037
221  2xbv   8.43   0.270270
222  1z6e   9.72  37.037037
223  1mq6  11.15   0.270270
224  1nc3   5.00   0.026110
225  1nc1   6.12   0.270270
226  1y6r  10.11   6.666667
227  4f2w  11.30   6.666667
228  4f3c  11.82   0.270270
229  1uto   2.27   6.666667
230  4abg   3.57   6.666667
231  3gy4   5.10   0.270270
232  1k1i   6.58   0.270270
233  1o3f   7.96  37.037037
234  2yge   5.06   0.270270
235  2fxs   6.06   0.270270
236  2iwx   6.68   0.270270
237  2wer   7.05   0.270270
238  2vw5   8.52   0.270270
239  4kzq   6.10   0.270270
240  4kzu   6.50   0.434783
241  4j21   7.41   0.270270
242  4j3l   7.80   0.270270
243  3kr8   8.10   0.270270
244  2ymd   3.16   6.666667
245  2wnc   6.32   0.270270
246  2xys   7.42   0.270270
247  2wn9   8.52   0.270270
248  2x00  11.33   0.270270
249  3ozt   4.13   0.270270
250  3ozs   5.33   0.270270
251  3oe5   6.88   0.270270
252  3oe4   7.47   2.173913
253  3nw9   9.00  37.037037
254  3ao4   2.07   6.666667
255  3zt2   2.84   0.434783
256  3zsx   3.28   0.270270
257  4cig   3.67  37.037037
258  3zso   5.12  37.037037
259  3n7a   3.70   0.270270
260  4ciw   4.82  41.666667
261  3n86   5.64   0.270270
262  3n76   6.85   0.270270
263  2xb8   7.59   0.270270
264  4bkt   3.62   0.026110
265  4w9c   4.65   0.270270
266  4w9l   5.02   0.270270
267  4w9i   5.96   0.270270
268  4w9h   6.73   0.270270
269  3nq9   4.03   0.434783
270  3ueu   5.24   0.434783
271  3uev   5.89   0.434783
272  3uew   6.31   0.434783
273  3uex   6.92   0.434783
274  3lka   2.82   0.270270
275  3ehy   5.85   0.270270
276  3tsk   7.17   0.270270
277  3nx7   8.10   0.270270
278  4gr0   9.55  37.037037
279  3dxg   2.40   0.666667
280  3d6q   3.76   0.434783
281  1w4o   5.22   0.026110
282  1o0h   5.92   6.666667
283  1u1b   7.80   6.666667

Summary of the scoring power: ===================================
The regression equation: logKa = 0.03 + 6.29 * Score
Number of favorable sample (N) = 283
Pearson correlation coefficient (R) = 0.168
Standard deviation in fitting (SD) = 2.14
=================================================================

Template command for running the bootstrap in R program==========

rm(list=ls());
require(boot);
data_all<-read.table("X-Score_processed_score",header=TRUE);
aa<-c(1:nrow(data_all));

mycore<-function(x,indices)
{
data_1<-matrix(NA,283,2);
for(i in 1:283);
    {
        data_1[i,1]=data_all[x[indices][i],2];
        data_1[i,2]=data_all[x[indices][i],3];
    }
        data_2<-data.frame(data_1);
        names(data_2)<-c("a","b");
        cor(data_2$a,data_2$b);
};

data.boot<-boot(aa,mycore,R=10000,stype="i",sim="ordinary");
sink("X-Score-ci.results");
a<-boot.ci(data.boot,conf=0.9,type=c("bca"));
print(a);
sink();

=================================================================
