     code  logKa       score
1    4llx   2.89    0.062500
2    5c28   5.66    0.000006
3    3uuo   7.96    0.000067
4    3ui7   9.00    0.062500
5    5c2h  11.09    0.012500
6    2v00   3.66    0.100000
7    3wz8   5.82    0.062500
8    3pww   7.32    0.000909
9    3prs   7.82    0.062500
10   3uri   9.00    0.000714
11   4m0z   5.19    0.062500
12   4m0y   6.46    0.062500
13   3qgy   7.80    0.000015
14   4qd6   8.64    0.062500
15   4rfm  10.05    0.062500
16   4cr9   4.10    0.142857
17   4cra   7.22    0.062500
18   4x6p   8.30    0.062500
19   4crc   8.72    0.006667
20   4ty7   9.52    0.000909
21   5aba   2.98    0.000006
22   5a7b   3.57    0.000714
23   4agn   3.97    0.000714
24   4agp   4.69    0.000006
25   4agq   5.01    0.000015
26   3bgz   6.26    0.006173
27   3jya   6.89    0.000006
28   2c3i   7.60    0.012500
29   4k18   8.96    0.001000
30   5dwr  11.22    0.100000
31   3mss   4.66    0.000006
32   3k5v   6.30    0.000006
33   3pyy   6.86    0.062500
34   2v7a   8.30    0.062500
35   4twp  10.00    0.062500
36   3wtj   6.53    0.002273
37   3zdg   7.10    9.090909
38   3u8k   8.66    0.062500
39   4qac   9.40    0.062500
40   3u8n  10.17    0.062500
41   1a30   4.30    0.015873
42   2qnq   6.11    0.100000
43   1g2k   7.96    0.062500
44   1eby   9.70    0.062500
45   3o9i  11.82    0.062500
46   4lzs   4.80    0.062500
47   3u5j   5.61    0.107527
48   4wiv   6.26    0.000006
49   4ogj   6.79    0.062500
50   3p5o   7.30    0.000006
51   1ps3   2.28    0.000500
52   3dx1   3.58    0.013333
53   3d4z   4.89    0.062500
54   3dx2   6.82    0.013333
55   3ejr   8.57    0.002174
56   3l7b   2.40    0.100000
57   4eky   3.52    0.002128
58   3g2n   4.09    0.062500
59   3syr   5.10    0.002128
60   3ebp   5.91    0.012500
61   2w66   4.05    0.013333
62   2w4x   4.85    3.333333
63   2wca   5.60    0.062500
64   2xj7   6.66    0.000909
65   2vvn   7.30    0.000909
66   3aru   3.22    0.666667
67   3arv   5.64    0.019231
68   3ary   6.00    9.090909
69   3arq   6.40    0.062500
70   3arp   7.15    0.012500
71   4ih5   4.11    0.062500
72   4ih7   5.24    0.666667
73   3cj4   6.51    0.000028
74   4eo8   8.15    0.000001
75   3gnw   9.10    0.062500
76   1gpk   5.37    0.000500
77   1h23   8.35    0.000714
78   1h22   9.10    0.000714
79   3f3a   4.19    3.333333
80   3f3c   6.02    3.333333
81   4mme   6.50    0.002174
82   3f3d   7.16    3.333333
83   3f3e   7.70    3.333333
84   2wbg   4.45    0.000909
85   2cbv   5.48    0.013333
86   2j78   6.42    0.013333
87   2j7h   7.19    0.000500
88   2cet   8.02    0.062500
89   3udh   2.85    0.100000
90   3rsx   4.41    0.142857
91   4djv   6.72    0.263852
92   2vkm   8.74    0.263852
93   4gid  10.77    0.013333
94   4jfs   5.27    0.002174
95   4j28   5.70    0.000909
96   2wvt   6.12    0.013333
97   2xii   7.20    0.013333
98   4pcs   7.85    0.002174
99   3rr4   4.55    0.263852
100  1s38   5.15    0.002174
101  1r5y   6.46    0.013333
102  3gc5   7.26    0.000714
103  3ge7   8.70    0.000714
104  4dli   5.62    0.062500
105  2zb1   6.32    0.010000
106  4f9w   6.94    0.107527
107  3e92   8.00    0.006667
108  3e93   8.85    0.062500
109  4owm   2.96    0.000006
110  3twp   3.92    0.002273
111  3r88   4.82    3.333333
112  4gkm   5.17    0.006667
113  3qqs   5.82    0.000028
114  3gv9   2.12    3.333333
115  3gr2   2.52    0.006667
116  4kz6   3.10    0.006667
117  4jxs   4.74    6.896552
118  2r9w   5.10    0.000001
119  2hb1   3.80    0.004000
120  1bzc   4.92    0.002128
121  2qbr   6.33    0.006667
122  2qbq   7.44    0.006667
123  2qbp   8.40    6.896552
124  1q8t   4.76    0.062500
125  1ydr   5.52    0.100000
126  1q8u   5.96    0.002273
127  1ydt   7.32    0.100000
128  3ag9   8.05    0.000714
129  3fcq   2.77    0.006173
130  1z9g   5.64    3.333333
131  1qf1   7.32    3.333333
132  5tmn   8.04    3.333333
133  4tmn  10.17    0.002128
134  4ddk   2.29    0.000168
135  4ddh   3.32    0.006173
136  3ivg   4.30    0.000002
137  3coz   5.57    0.002128
138  3coy   6.02    0.002128
139  3pxf   4.43    0.012500
140  4eor   6.30    0.062500
141  2xnb   6.83    0.000015
142  1pxn   7.15    0.062500
143  2fvd   8.52    0.062500
144  4k77   6.63    0.000015
145  4e5w   7.66    0.002273
146  4ivb   8.72    0.062500
147  4ivd   9.52    0.062500
148  4ivc  10.00    0.062500
149  4f09   6.70    0.000015
150  4gfm   7.22    0.000006
151  4hge   7.92    0.062500
152  4e6q   8.36    0.012500
153  4jia   9.22    0.000714
154  2brb   4.86    0.000006
155  2br1   5.14    0.000006
156  3jvr   5.72    0.062500
157  3jvs   6.54    0.062500
158  1nvq   8.25    0.100000
159  3acw   4.76    0.000006
160  4ea2   6.44    0.000714
161  2zcr   6.87    0.107527
162  2zy1   7.40    0.006667
163  2zcq   8.82    0.107527
164  1bcu   3.28    0.142857
165  3bv9   5.36    0.013333
166  1oyt   7.24    0.000714
167  2zda   8.40    0.000714
168  3utu  10.92    0.013333
169  3u9q   4.38    0.002035
170  2yfe   6.63    0.000006
171  3fur   8.00    0.002273
172  3b1m   8.48    0.000006
173  2p4y   9.00    0.000001
174  3uo4   6.52    0.006667
175  3up2   7.40    0.000028
176  3e5a   8.23    0.062500
177  2wtv   8.74    0.002273
178  3myg  10.70    0.062500
179  3kgp   2.57    0.100000
180  1c5z   4.01    0.000909
181  1o5b   5.77    0.000909
182  1owh   7.40    0.800000
183  1sqa   9.21    0.800000
184  4jsz   2.30    0.062500
185  3kwa   4.08    0.000714
186  2weg   6.50    0.062500
187  3ryj   7.80    0.062500
188  3dd0   9.00    0.062500
189  2xdl   3.10    0.000006
190  3b27   5.16    0.062500
191  1yc1   6.17    3.333333
192  3rlr   7.52    0.062500
193  2yki   9.46    0.062500
194  1z95   7.12    0.062500
195  3b68   8.40    0.062500
196  3b5r   8.77    0.062500
197  3b65   9.27    0.062500
198  3g0w   9.52    0.062500
199  4u4s   2.92    0.002273
200  1p1q   4.89    0.002174
201  1syi   5.44    0.002174
202  1p1n   6.80    0.000345
203  2al5   8.40    0.002174
204  3g2z   2.36    0.001000
205  3g31   2.89    0.000001
206  4de2   4.12    0.100000
207  4de3   5.52   41.666667
208  4de1   5.96   41.666667
209  1vso   4.72    0.002174
210  4dld   5.82    0.000345
211  3gbb   6.90    0.000345
212  3fv2   8.11    0.000345
213  3fv1   9.30    0.000100
214  4mgd   4.69    0.062500
215  2qe4   7.96    0.062500
216  1qkt   9.04    0.062500
217  2pog   9.54    0.062500
218  2p15  10.30    0.062500
219  2y5h   5.79    9.090909
220  1lpg   7.09    0.800000
221  2xbv   8.43    0.062500
222  1z6e   9.72    0.062500
223  1mq6  11.15    0.062500
224  1nc3   5.00    0.062500
225  1nc1   6.12    0.062500
226  1y6r  10.11    0.013333
227  4f2w  11.30    0.000909
228  4f3c  11.82    0.000909
229  1uto   2.27    0.142857
230  4abg   3.57    0.000714
231  3gy4   5.10    0.013333
232  1k1i   6.58    0.013333
233  1o3f   7.96    0.013333
234  2yge   5.06    0.000500
235  2fxs   6.06    0.000015
236  2iwx   6.68    0.000015
237  2wer   7.05    0.000015
238  2vw5   8.52    0.062500
239  4kzq   6.10    0.012500
240  4kzu   6.50    0.107527
241  4j21   7.41    2.000000
242  4j3l   7.80    0.062500
243  3kr8   8.10    0.002273
244  2ymd   3.16    0.062500
245  2wnc   6.32    9.090909
246  2xys   7.42    0.000006
247  2wn9   8.52    0.062500
248  2x00  11.33    0.000006
249  3ozt   4.13    0.062500
250  3ozs   5.33    0.062500
251  3oe5   6.88    0.062500
252  3oe4   7.47    0.002128
253  3nw9   9.00    0.002128
254  3ao4   2.07    0.062500
255  3zt2   2.84    0.000001
256  3zsx   3.28    0.006667
257  4cig   3.67    0.000028
258  3zso   5.12    0.006667
259  3n7a   3.70    0.002128
260  4ciw   4.82    0.002128
261  3n86   5.64    0.002128
262  3n76   6.85    0.002128
263  2xb8   7.59    0.002128
264  4bkt   3.62    0.062500
265  4w9c   4.65    0.062500
266  4w9l   5.02    0.062500
267  4w9i   5.96    0.062500
268  4w9h   6.73    0.062500
269  3nq9   4.03    0.000001
270  3ueu   5.24    0.000001
271  3uev   5.89    0.000001
272  3uew   6.31  196.078431
273  3uex   6.92  196.078431
274  3lka   2.82    0.062500
275  3ehy   5.85    0.006173
276  3tsk   7.17    0.000128
277  3nx7   8.10    3.333333
278  4gr0   9.55    0.062500
279  3dxg   2.40    0.000500
280  3d6q   3.76    0.000500
281  1w4o   5.22    0.000500
282  1o0h   5.92    0.002128
283  1u1b   7.80    0.002128

Summary of the scoring power: ===================================
The regression equation: logKa = -0.00 + 6.48 * Score
Number of favorable sample (N) = 283
Pearson correlation coefficient (R) = -0.002
Standard deviation in fitting (SD) = 2.17
=================================================================

Template command for running the bootstrap in R program==========

rm(list=ls());
require(boot);
data_all<-read.table("X-Score_processed_score",header=TRUE);
aa<-c(1:nrow(data_all));

mycore<-function(x,indices)
{
data_1<-matrix(NA,283,2);
for(i in 1:283);
    {
        data_1[i,1]=data_all[x[indices][i],2];
        data_1[i,2]=data_all[x[indices][i],3];
    }
        data_2<-data.frame(data_1);
        names(data_2)<-c("a","b");
        cor(data_2$a,data_2$b);
};

data.boot<-boot(aa,mycore,R=10000,stype="i",sim="ordinary");
sink("X-Score-ci.results");
a<-boot.ci(data.boot,conf=0.9,type=c("bca"));
print(a);
sink();

=================================================================
