     code  logKa       score
1    4llx   2.89   39.849822
2    5c28   5.66   58.473738
3    3uuo   7.96   86.254966
4    3ui7   9.00  102.696482
5    5c2h  11.09  126.082917
6    2v00   3.66   49.584944
7    3wz8   5.82  115.947367
8    3pww   7.32  146.831735
9    3prs   7.82  130.908694
10   3uri   9.00  104.724984
11   4m0z   5.19   99.205607
12   4m0y   6.46   56.658279
13   3qgy   7.80  116.356417
14   4qd6   8.64  126.589896
15   4rfm  10.05   98.335962
16   4cr9   4.10   38.887372
17   4cra   7.22  101.657611
18   4x6p   8.30  109.104067
19   4crc   8.72  106.780000
20   4ty7   9.52   92.445565
21   5aba   2.98   61.235534
22   5a7b   3.57  105.721074
23   4agn   3.97   66.984784
24   4agp   4.69   97.854504
25   4agq   5.01   88.989500
26   3bgz   6.26  153.329518
27   3jya   6.89   72.698422
28   2c3i   7.60  125.970155
29   4k18   8.96  132.489778
30   5dwr  11.22  152.962471
31   3mss   4.66  102.619768
32   3k5v   6.30  127.611279
33   3pyy   6.86  113.413038
34   2v7a   8.30   86.811870
35   4twp  10.00  135.771701
36   3wtj   6.53   75.205645
37   3zdg   7.10   56.003794
38   3u8k   8.66   44.997160
39   4qac   9.40  172.867674
40   3u8n  10.17   54.788094
41   1a30   4.30   45.064148
42   2qnq   6.11  177.290547
43   1g2k   7.96  173.142814
44   1eby   9.70  169.648139
45   3o9i  11.82  139.691175
46   4lzs   4.80   47.270729
47   3u5j   5.61  101.399171
48   4wiv   6.26  128.991244
49   4ogj   6.79  125.919547
50   3p5o   7.30  106.896824
51   1ps3   2.28    2.575138
52   3dx1   3.58    9.054149
53   3d4z   4.89    3.094999
54   3dx2   6.82   29.927859
55   3ejr   8.57   63.738084
56   3l7b   2.40   25.657196
57   4eky   3.52   33.836520
58   3g2n   4.09   34.595327
59   3syr   5.10   18.826007
60   3ebp   5.91  103.550888
61   2w66   4.05   12.109628
62   2w4x   4.85   23.453588
63   2wca   5.60   71.130801
64   2xj7   6.66   29.277975
65   2vvn   7.30   25.481207
66   3aru   3.22   40.362128
67   3arv   5.64  107.513521
68   3ary   6.00   33.049231
69   3arq   6.40   59.602559
70   3arp   7.15  157.896457
71   4ih5   4.11   73.285428
72   4ih7   5.24   85.572117
73   3cj4   6.51   90.029684
74   4eo8   8.15   99.116227
75   3gnw   9.10  141.298695
76   1gpk   5.37   49.133557
77   1h23   8.35  142.135930
78   1h22   9.10  124.516902
79   3f3a   4.19   52.316710
80   3f3c   6.02   60.725241
81   4mme   6.50  101.287167
82   3f3d   7.16   44.023912
83   3f3e   7.70   46.368286
84   2wbg   4.45   70.460297
85   2cbv   5.48   18.223491
86   2j78   6.42    9.702506
87   2j7h   7.19    2.637116
88   2cet   8.02   43.769402
89   3udh   2.85   51.185211
90   3rsx   4.41   58.530802
91   4djv   6.72  125.954046
92   2vkm   8.74  160.636576
93   4gid  10.77  150.282738
94   4jfs   5.27   57.553195
95   4j28   5.70   35.878221
96   2wvt   6.12    2.793316
97   2xii   7.20   64.752000
98   4pcs   7.85   60.025195
99   3rr4   4.55   38.768845
100  1s38   5.15   53.624930
101  1r5y   6.46   35.230631
102  3gc5   7.26   41.720470
103  3ge7   8.70   69.549641
104  4dli   5.62   98.928475
105  2zb1   6.32  136.679696
106  4f9w   6.94  131.310738
107  3e92   8.00  147.388020
108  3e93   8.85  150.912561
109  4owm   2.96   40.131628
110  3twp   3.92   35.455154
111  3r88   4.82   36.421050
112  4gkm   5.17   76.838220
113  3qqs   5.82   71.023363
114  3gv9   2.12   16.206732
115  3gr2   2.52   29.651017
116  4kz6   3.10   38.260937
117  4jxs   4.74   49.555534
118  2r9w   5.10   90.900387
119  2hb1   3.80   40.521078
120  1bzc   4.92  106.148172
121  2qbr   6.33   97.429815
122  2qbq   7.44   94.078936
123  2qbp   8.40  112.450616
124  1q8t   4.76   47.684735
125  1ydr   5.52   81.166932
126  1q8u   5.96   92.137708
127  1ydt   7.32  107.457662
128  3ag9   8.05   64.122198
129  3fcq   2.77   51.261069
130  1z9g   5.64   59.334989
131  1qf1   7.32   92.677611
132  5tmn   8.04  104.939661
133  4tmn  10.17  115.305006
134  4ddk   2.29   47.437045
135  4ddh   3.32   42.889991
136  3ivg   4.30   95.398772
137  3coz   5.57   48.990875
138  3coy   6.02   48.864287
139  3pxf   4.43  112.461045
140  4eor   6.30  101.325730
141  2xnb   6.83   74.493233
142  1pxn   7.15   64.370734
143  2fvd   8.52  111.075754
144  4k77   6.63   47.990405
145  4e5w   7.66   67.348551
146  4ivb   8.72   62.560412
147  4ivd   9.52   72.743331
148  4ivc  10.00   68.407886
149  4f09   6.70   49.900790
150  4gfm   7.22   56.532800
151  4hge   7.92   58.146264
152  4e6q   8.36   74.588352
153  4jia   9.22  126.013069
154  2brb   4.86  102.683579
155  2br1   5.14  101.722465
156  3jvr   5.72   84.748780
157  3jvs   6.54   97.047668
158  1nvq   8.25  114.589943
159  3acw   4.76  144.537546
160  4ea2   6.44  131.006266
161  2zcr   6.87  164.275646
162  2zy1   7.40  110.863872
163  2zcq   8.82  119.359732
164  1bcu   3.28   37.088200
165  3bv9   5.36   83.552655
166  1oyt   7.24   97.201391
167  2zda   8.40   86.958434
168  3utu  10.92  121.930413
169  3u9q   4.38   85.911210
170  2yfe   6.63  134.647829
171  3fur   8.00  169.490384
172  3b1m   8.48  167.703541
173  2p4y   9.00  204.727476
174  3uo4   6.52  122.742825
175  3up2   7.40  121.152735
176  3e5a   8.23  118.340673
177  2wtv   8.74  146.471072
178  3myg  10.70   61.680499
179  3kgp   2.57   29.058385
180  1c5z   4.01   26.027087
181  1o5b   5.77   32.826178
182  1owh   7.40   58.288760
183  1sqa   9.21   63.665554
184  4jsz   2.30    6.283335
185  3kwa   4.08   27.559858
186  2weg   6.50   50.100861
187  3ryj   7.80   70.165639
188  3dd0   9.00   41.471376
189  2xdl   3.10   44.580189
190  3b27   5.16   72.327127
191  1yc1   6.17   67.157513
192  3rlr   7.52  101.785710
193  2yki   9.46  163.592855
194  1z95   7.12  179.027285
195  3b68   8.40  158.467971
196  3b5r   8.77  189.476344
197  3b65   9.27  156.183893
198  3g0w   9.52  155.386910
199  4u4s   2.92   25.292856
200  1p1q   4.89   24.631419
201  1syi   5.44   24.434943
202  1p1n   6.80   27.149970
203  2al5   8.40   25.261536
204  3g2z   2.36   19.257644
205  3g31   2.89   41.359306
206  4de2   4.12   46.595879
207  4de3   5.52   43.221662
208  4de1   5.96   38.243678
209  1vso   4.72   46.689733
210  4dld   5.82   54.672364
211  3gbb   6.90   37.514712
212  3fv2   8.11   25.087175
213  3fv1   9.30   24.874548
214  4mgd   4.69  123.349169
215  2qe4   7.96  125.330937
216  1qkt   9.04  121.717311
217  2pog   9.54  134.928814
218  2p15  10.30  241.362450
219  2y5h   5.79   48.938886
220  1lpg   7.09  119.330728
221  2xbv   8.43  120.716326
222  1z6e   9.72   94.834381
223  1mq6  11.15  104.695277
224  1nc3   5.00   13.885431
225  1nc1   6.12   80.513985
226  1y6r  10.11   60.340578
227  4f2w  11.30   79.758789
228  4f3c  11.82  112.146394
229  1uto   2.27   25.221831
230  4abg   3.57   33.658939
231  3gy4   5.10   19.862983
232  1k1i   6.58   63.113667
233  1o3f   7.96   72.296008
234  2yge   5.06   67.248578
235  2fxs   6.06   48.524582
236  2iwx   6.68   60.198088
237  2wer   7.05   68.558695
238  2vw5   8.52   96.546413
239  4kzq   6.10   94.495788
240  4kzu   6.50  110.394191
241  4j21   7.41   95.812664
242  4j3l   7.80  110.319201
243  3kr8   8.10   90.373859
244  2ymd   3.16   47.967186
245  2wnc   6.32   97.193073
246  2xys   7.42   98.214806
247  2wn9   8.52   67.141860
248  2x00  11.33  117.265134
249  3ozt   4.13   71.950441
250  3ozs   5.33   73.404231
251  3oe5   6.88   77.880837
252  3oe4   7.47   56.973256
253  3nw9   9.00  111.522535
254  3ao4   2.07   54.445683
255  3zt2   2.84   89.872138
256  3zsx   3.28  111.411522
257  4cig   3.67  110.437045
258  3zso   5.12  136.243736
259  3n7a   3.70   27.153806
260  4ciw   4.82   21.537411
261  3n86   5.64   57.578856
262  3n76   6.85   80.038072
263  2xb8   7.59   64.844477
264  4bkt   3.62   26.904574
265  4w9c   4.65   65.311689
266  4w9l   5.02   92.744396
267  4w9i   5.96   70.080718
268  4w9h   6.73   80.124045
269  3nq9   4.03   63.637338
270  3ueu   5.24  115.105666
271  3uev   5.89  130.866145
272  3uew   6.31  141.536524
273  3uex   6.92  166.091922
274  3lka   2.82   40.356374
275  3ehy   5.85   45.940525
276  3tsk   7.17  101.003573
277  3nx7   8.10   45.646713
278  4gr0   9.55  135.315009
279  3dxg   2.40   24.423941
280  3d6q   3.76   23.025711
281  1w4o   5.22   26.519112
282  1o0h   5.92   29.183401
283  1u1b   7.80   63.875499

Summary of the scoring power: ===================================
The regression equation: logKa = 0.03 + 4.35 * Score
Number of favorable sample (N) = 283
Pearson correlation coefficient (R) = 0.530
Standard deviation in fitting (SD) = 1.84
=================================================================

Template command for running the bootstrap in R program==========

rm(list=ls());
require(boot);
data_all<-read.table("X-Score_processed_score",header=TRUE);
aa<-c(1:nrow(data_all));

mycore<-function(x,indices)
{
data_1<-matrix(NA,283,2);
for(i in 1:283);
    {
        data_1[i,1]=data_all[x[indices][i],2];
        data_1[i,2]=data_all[x[indices][i],3];
    }
        data_2<-data.frame(data_1);
        names(data_2)<-c("a","b");
        cor(data_2$a,data_2$b);
};

data.boot<-boot(aa,mycore,R=10000,stype="i",sim="ordinary");
sink("X-Score-ci.results");
a<-boot.ci(data.boot,conf=0.9,type=c("bca"));
print(a);
sink();

=================================================================
