     code  logKa         score
1    4llx   2.89    193.894696
2    5c28   5.66    255.070244
3    3uuo   7.96    361.124448
4    3ui7   9.00    436.665086
5    5c2h  11.09    582.001906
6    2v00   3.66    288.114793
7    3wz8   5.82    513.702539
8    3pww   7.32    665.553823
9    3prs   7.82    670.546682
10   3uri   9.00    587.460456
11   4m0z   5.19    549.934727
12   4m0y   6.46    330.133871
13   3qgy   7.80    477.583602
14   4qd6   8.64    462.594865
15   4rfm  10.05    486.590289
16   4cr9   4.10    237.397522
17   4cra   7.22    493.464107
18   4x6p   8.30    566.367635
19   4crc   8.72    537.398409
20   4ty7   9.52    506.033118
21   5aba   2.98    257.072007
22   5a7b   3.57    450.327070
23   4agn   3.97    314.466785
24   4agp   4.69    397.639415
25   4agq   5.01    389.229799
26   3bgz   6.26    527.483519
27   3jya   6.89    309.004881
28   2c3i   7.60    489.562328
29   4k18   8.96    519.822636
30   5dwr  11.22    581.428903
31   3mss   4.66    375.626935
32   3k5v   6.30    451.011979
33   3pyy   6.86    475.323881
34   2v7a   8.30    437.736716
35   4twp  10.00    518.368856
36   3wtj   6.53    388.309321
37   3zdg   7.10    349.449289
38   3u8k   8.66    340.996505
39   4qac   9.40    640.833397
40   3u8n  10.17    379.709627
41   1a30   4.30    329.944437
42   2qnq   6.11    714.594983
43   1g2k   7.96    756.166055
44   1eby   9.70    781.905522
45   3o9i  11.82    693.087255
46   4lzs   4.80    263.058030
47   3u5j   5.61    385.398896
48   4wiv   6.26    440.749307
49   4ogj   6.79    450.413900
50   3p5o   7.30    440.871609
51   1ps3   2.28    241.295394
52   3dx1   3.58    218.537080
53   3d4z   4.89    230.625417
54   3dx2   6.82    326.115636
55   3ejr   8.57    413.036288
56   3l7b   2.40    253.203403
57   4eky   3.52    321.509241
58   3g2n   4.09    299.808592
59   3syr   5.10    272.601616
60   3ebp   5.91    402.080559
61   2w66   4.05    280.195960
62   2w4x   4.85    253.729886
63   2wca   5.60    375.250382
64   2xj7   6.66    297.766614
65   2vvn   7.30    323.289872
66   3aru   3.22    254.680496
67   3arv   5.64    382.187835
68   3ary   6.00    216.990685
69   3arq   6.40    298.201476
70   3arp   7.15    584.172307
71   4ih5   4.11    314.474188
72   4ih7   5.24    376.179630
73   3cj4   6.51    367.335179
74   4eo8   8.15    424.675008
75   3gnw   9.10    637.164814
76   1gpk   5.37    323.042534
77   1h23   8.35    646.170288
78   1h22   9.10    594.016208
79   3f3a   4.19    350.105356
80   3f3c   6.02    344.492487
81   4mme   6.50    435.403411
82   3f3d   7.16    317.479303
83   3f3e   7.70    301.455874
84   2wbg   4.45    420.804282
85   2cbv   5.48    242.276914
86   2j78   6.42    245.921896
87   2j7h   7.19    186.915739
88   2cet   8.02    367.485175
89   3udh   2.85    273.068796
90   3rsx   4.41    299.975224
91   4djv   6.72    529.664521
92   2vkm   8.74    821.783362
93   4gid  10.77    838.235539
94   4jfs   5.27    310.455881
95   4j28   5.70    278.286597
96   2wvt   6.12    226.216913
97   2xii   7.20    425.753948
98   4pcs   7.85    304.357028
99   3rr4   4.55    358.935890
100  1s38   5.15    330.710318
101  1r5y   6.46    311.191769
102  3gc5   7.26    408.732174
103  3ge7   8.70    523.314119
104  4dli   5.62    438.873491
105  2zb1   6.32    561.286897
106  4f9w   6.94    526.901504
107  3e92   8.00    626.015128
108  3e93   8.85    698.894072
109  4owm   2.96    186.606962
110  3twp   3.92    173.326203
111  3r88   4.82    231.103203
112  4gkm   5.17    365.104462
113  3qqs   5.82    339.812865
114  3gv9   2.12    165.372982
115  3gr2   2.52    168.446631
116  4kz6   3.10    226.897952
117  4jxs   4.74    310.086424
118  2r9w   5.10    365.893364
119  2hb1   3.80    247.322979
120  1bzc   4.92    466.539481
121  2qbr   6.33    423.792383
122  2qbq   7.44    430.520756
123  2qbp   8.40    510.513470
124  1q8t   4.76    278.979132
125  1ydr   5.52    401.357543
126  1q8u   5.96    424.304025
127  1ydt   7.32    501.112571
128  3ag9   8.05    513.824651
129  3fcq   2.77    248.153988
130  1z9g   5.64    303.658628
131  1qf1   7.32    499.814513
132  5tmn   8.04    463.849167
133  4tmn  10.17    539.774314
134  4ddk   2.29    240.753316
135  4ddh   3.32    271.705325
136  3ivg   4.30    512.494444
137  3coz   5.57    463.165556
138  3coy   6.02    498.078745
139  3pxf   4.43    374.811208
140  4eor   6.30    487.720409
141  2xnb   6.83    424.194539
142  1pxn   7.15    403.117122
143  2fvd   8.52    493.606174
144  4k77   6.63    285.990395
145  4e5w   7.66    444.146267
146  4ivb   8.72    366.443371
147  4ivd   9.52    420.303803
148  4ivc  10.00    413.090477
149  4f09   6.70    313.821533
150  4gfm   7.22    273.373073
151  4hge   7.92    357.834990
152  4e6q   8.36    400.901278
153  4jia   9.22    490.719624
154  2brb   4.86    417.848122
155  2br1   5.14    430.084639
156  3jvr   5.72    333.376264
157  3jvs   6.54    432.414886
158  1nvq   8.25    549.818636
159  3acw   4.76    531.012429
160  4ea2   6.44    162.492499
161  2zcr   6.87    615.327968
162  2zy1   7.40    458.209806
163  2zcq   8.82    494.543089
164  1bcu   3.28    223.131588
165  3bv9   5.36    468.610362
166  1oyt   7.24    461.014542
167  2zda   8.40    482.759288
168  3utu  10.92    620.008706
169  3u9q   4.38    381.327786
170  2yfe   6.63    516.740741
171  3fur   8.00    643.130185
172  3b1m   8.48    675.594167
173  2p4y   9.00    750.036415
174  3uo4   6.52    490.544867
175  3up2   7.40    486.639867
176  3e5a   8.23 -13845.875328
177  2wtv   8.74    539.403211
178  3myg  10.70    424.598267
179  3kgp   2.57    193.957243
180  1c5z   4.01    213.131688
181  1o5b   5.77    251.440483
182  1owh   7.40    321.630813
183  1sqa   9.21    411.005338
184  4jsz   2.30    131.826366
185  3kwa   4.08    140.087693
186  2weg   6.50    243.780776
187  3ryj   7.80    302.936936
188  3dd0   9.00    279.365457
189  2xdl   3.10    281.817489
190  3b27   5.16    323.020623
191  1yc1   6.17    387.289205
192  3rlr   7.52    366.400889
193  2yki   9.46    708.534919
194  1z95   7.12    695.797126
195  3b68   8.40    708.133349
196  3b5r   8.77    692.034139
197  3b65   9.27    643.283691
198  3g0w   9.52    575.554308
199  4u4s   2.92    251.560367
200  1p1q   4.89    281.296885
201  1syi   5.44    332.232660
202  1p1n   6.80    258.628621
203  2al5   8.40    293.934736
204  3g2z   2.36    148.900757
205  3g31   2.89    160.123249
206  4de2   4.12    312.121645
207  4de3   5.52    257.481963
208  4de1   5.96    275.903399
209  1vso   4.72    299.410495
210  4dld   5.82    350.870645
211  3gbb   6.90    329.636311
212  3fv2   8.11    346.981709
213  3fv1   9.30    375.386999
214  4mgd   4.69    435.827441
215  2qe4   7.96    521.004309
216  1qkt   9.04    474.077902
217  2pog   9.54    516.676977
218  2p15  10.30    816.679748
219  2y5h   5.79    365.696249
220  1lpg   7.09    627.572657
221  2xbv   8.43    559.770332
222  1z6e   9.72    522.690747
223  1mq6  11.15    515.794445
224  1nc3   5.00    330.296809
225  1nc1   6.12    466.905493
226  1y6r  10.11    471.972417
227  4f2w  11.30    508.344828
228  4f3c  11.82    618.852127
229  1uto   2.27    172.740236
230  4abg   3.57    234.754205
231  3gy4   5.10    216.616125
232  1k1i   6.58    378.096371
233  1o3f   7.96    266.708549
234  2yge   5.06    389.631687
235  2fxs   6.06    290.246721
236  2iwx   6.68    305.313722
237  2wer   7.05    340.021882
238  2vw5   8.52    462.301095
239  4kzq   6.10    413.182030
240  4kzu   6.50    445.717292
241  4j21   7.41    419.563440
242  4j3l   7.80    473.908332
243  3kr8   8.10    443.563449
244  2ymd   3.16    329.365606
245  2wnc   6.32    429.116129
246  2xys   7.42    413.589165
247  2wn9   8.52    340.424039
248  2x00  11.33    534.496635
249  3ozt   4.13    524.084086
250  3ozs   5.33    499.724294
251  3oe5   6.88    562.810951
252  3oe4   7.47    528.390847
253  3nw9   9.00    675.451537
254  3ao4   2.07    330.632318
255  3zt2   2.84    377.505175
256  3zsx   3.28    422.047326
257  4cig   3.67    437.265617
258  3zso   5.12    514.762990
259  3n7a   3.70    242.435209
260  4ciw   4.82    273.176801
261  3n86   5.64    447.376546
262  3n76   6.85    330.434710
263  2xb8   7.59    430.188003
264  4bkt   3.62    234.452704
265  4w9c   4.65    365.001751
266  4w9l   5.02    510.771598
267  4w9i   5.96    413.717122
268  4w9h   6.73    466.599743
269  3nq9   4.03    244.418406
270  3ueu   5.24    420.053779
271  3uev   5.89    481.923640
272  3uew   6.31    509.443936
273  3uex   6.92    589.958387
274  3lka   2.82    187.728249
275  3ehy   5.85    279.668287
276  3tsk   7.17    537.682492
277  3nx7   8.10    306.999604
278  4gr0   9.55    637.126289
279  3dxg   2.40    164.768912
280  3d6q   3.76    169.938738
281  1w4o   5.22    215.635373
282  1o0h   5.92    265.714397
283  1u1b   7.80    388.083396

Summary of the scoring power: ===================================
The regression equation: logKa = 0.01 + 2.40 * Score
Number of favorable sample (N) = 282
Pearson correlation coefficient (R) = 0.658
Standard deviation in fitting (SD) = 1.64
=================================================================

Template command for running the bootstrap in R program==========

rm(list=ls());
require(boot);
data_all<-read.table("X-Score_processed_score",header=TRUE);
aa<-c(1:nrow(data_all));

mycore<-function(x,indices)
{
data_1<-matrix(NA,282,2);
for(i in 1:282);
    {
        data_1[i,1]=data_all[x[indices][i],2];
        data_1[i,2]=data_all[x[indices][i],3];
    }
        data_2<-data.frame(data_1);
        names(data_2)<-c("a","b");
        cor(data_2$a,data_2$b);
};

data.boot<-boot(aa,mycore,R=10000,stype="i",sim="ordinary");
sink("X-Score-ci.results");
a<-boot.ci(data.boot,conf=0.9,type=c("bca"));
print(a);
sink();

=================================================================
