     code  logKa       score
1    4llx   2.89  158.338800
2    5c28   5.66  225.246309
3    3uuo   7.96  307.164579
4    3ui7   9.00  362.898890
5    5c2h  11.09  432.767712
6    2v00   3.66  184.832526
7    3wz8   5.82  379.618636
8    3pww   7.32  471.885347
9    3prs   7.82  421.643305
10   3uri   9.00  349.605636
11   4m0z   5.19  384.536453
12   4m0y   6.46  193.021508
13   3qgy   7.80  381.924639
14   4qd6   8.64  391.183295
15   4rfm  10.05  329.151475
16   4cr9   4.10  140.874927
17   4cra   7.22  310.501431
18   4x6p   8.30  328.612545
19   4crc   8.72  314.019723
20   4ty7   9.52  306.810808
21   5aba   2.98  193.503423
22   5a7b   3.57  322.549877
23   4agn   3.97  212.471748
24   4agp   4.69  295.418336
25   4agq   5.01  272.520708
26   3bgz   6.26  539.455018
27   3jya   6.89  273.861916
28   2c3i   7.60  440.031634
29   4k18   8.96  439.361966
30   5dwr  11.22  527.748122
31   3mss   4.66  363.827537
32   3k5v   6.30  432.126646
33   3pyy   6.86  390.467613
34   2v7a   8.30  263.005799
35   4twp  10.00  463.002897
36   3wtj   6.53  279.402452
37   3zdg   7.10  214.881431
38   3u8k   8.66  176.862050
39   4qac   9.40  635.827816
40   3u8n  10.17  215.661566
41   1a30   4.30  176.611597
42   2qnq   6.11  566.678880
43   1g2k   7.96  552.123836
44   1eby   9.70  568.481313
45   3o9i  11.82  444.169126
46   4lzs   4.80  180.691928
47   3u5j   5.61  344.498515
48   4wiv   6.26  425.665535
49   4ogj   6.79  410.071680
50   3p5o   7.30  355.248085
51   1ps3   2.28   57.094900
52   3dx1   3.58   96.754944
53   3d4z   4.89   53.998898
54   3dx2   6.82  171.635793
55   3ejr   8.57  230.623023
56   3l7b   2.40   87.175974
57   4eky   3.52  126.806097
58   3g2n   4.09  124.151505
59   3syr   5.10   73.658246
60   3ebp   5.91  352.518927
61   2w66   4.05   65.038488
62   2w4x   4.85   97.808963
63   2wca   5.60  240.981295
64   2xj7   6.66  117.120194
65   2vvn   7.30  106.379290
66   3aru   3.22  136.000145
67   3arv   5.64  350.382254
68   3ary   6.00  124.694587
69   3arq   6.40  186.490682
70   3arp   7.15  526.815005
71   4ih5   4.11  259.921112
72   4ih7   5.24  293.662808
73   3cj4   6.51  317.281396
74   4eo8   8.15  353.317838
75   3gnw   9.10  448.011603
76   1gpk   5.37  189.648013
77   1h23   8.35  491.371006
78   1h22   9.10  428.357669
79   3f3a   4.19  224.905100
80   3f3c   6.02  252.091032
81   4mme   6.50  356.844597
82   3f3d   7.16  200.696053
83   3f3e   7.70  216.905076
84   2wbg   4.45  259.598312
85   2cbv   5.48  102.160088
86   2j78   6.42   74.286042
87   2j7h   7.19   49.672026
88   2cet   8.02  173.313906
89   3udh   2.85  196.767826
90   3rsx   4.41  212.176089
91   4djv   6.72  427.424519
92   2vkm   8.74  516.241437
93   4gid  10.77  489.147727
94   4jfs   5.27  212.666258
95   4j28   5.70  159.097290
96   2wvt   6.12   60.183326
97   2xii   7.20  232.143248
98   4pcs   7.85  232.770590
99   3rr4   4.55  162.837058
100  1s38   5.15  216.468541
101  1r5y   6.46  169.030155
102  3gc5   7.26  199.593079
103  3ge7   8.70  280.070759
104  4dli   5.62  353.785837
105  2zb1   6.32  467.044737
106  4f9w   6.94  447.843827
107  3e92   8.00  513.262924
108  3e93   8.85  518.405837
109  4owm   2.96  145.340759
110  3twp   3.92  127.962020
111  3r88   4.82  135.813839
112  4gkm   5.17  264.293726
113  3qqs   5.82  244.345309
114  3gv9   2.12   72.771109
115  3gr2   2.52   91.649240
116  4kz6   3.10  129.678084
117  4jxs   4.74  167.257816
118  2r9w   5.10  278.847483
119  2hb1   3.80  170.886082
120  1bzc   4.92  367.577865
121  2qbr   6.33  337.497579
122  2qbq   7.44  326.731564
123  2qbp   8.40  371.626371
124  1q8t   4.76  158.721225
125  1ydr   5.52  291.449376
126  1q8u   5.96  317.477919
127  1ydt   7.32  358.454314
128  3ag9   8.05  240.703714
129  3fcq   2.77  167.687670
130  1z9g   5.64  222.078651
131  1qf1   7.32  336.760204
132  5tmn   8.04  353.914416
133  4tmn  10.17  373.684586
134  4ddk   2.29  164.909896
135  4ddh   3.32  151.540296
136  3ivg   4.30  326.617293
137  3coz   5.57  187.295479
138  3coy   6.02  188.289436
139  3pxf   4.43  387.075545
140  4eor   6.30  334.554004
141  2xnb   6.83  258.024866
142  1pxn   7.15  231.263373
143  2fvd   8.52  359.473187
144  4k77   6.63  157.128310
145  4e5w   7.66  216.852514
146  4ivb   8.72  207.926252
147  4ivd   9.52  235.864944
148  4ivc  10.00  225.924243
149  4f09   6.70  177.766250
150  4gfm   7.22  180.479875
151  4hge   7.92  182.022589
152  4e6q   8.36  236.072138
153  4jia   9.22  414.735267
154  2brb   4.86  330.642417
155  2br1   5.14  320.027552
156  3jvr   5.72  288.844541
157  3jvs   6.54  305.802704
158  1nvq   8.25  385.229422
159  3acw   4.76  510.997772
160  4ea2   6.44  447.897184
161  2zcr   6.87  561.045747
162  2zy1   7.40  389.583073
163  2zcq   8.82  403.941410
164  1bcu   3.28  128.141286
165  3bv9   5.36  294.628155
166  1oyt   7.24  331.718788
167  2zda   8.40  324.184606
168  3utu  10.92  409.305794
169  3u9q   4.38  331.699861
170  2yfe   6.63  459.537683
171  3fur   8.00  596.159036
172  3b1m   8.48  571.704068
173  2p4y   9.00  697.556556
174  3uo4   6.52  402.908827
175  3up2   7.40  403.293401
176  3e5a   8.23  396.956263
177  2wtv   8.74  467.939773
178  3myg  10.70  205.437702
179  3kgp   2.57  108.991241
180  1c5z   4.01  120.309714
181  1o5b   5.77  134.622272
182  1owh   7.40  193.154822
183  1sqa   9.21  218.705029
184  4jsz   2.30   26.934336
185  3kwa   4.08  127.881393
186  2weg   6.50  193.004265
187  3ryj   7.80  245.077196
188  3dd0   9.00  165.341084
189  2xdl   3.10  145.727476
190  3b27   5.16  257.060179
191  1yc1   6.17  214.198126
192  3rlr   7.52  342.237641
193  2yki   9.46  591.128775
194  1z95   7.12  634.726989
195  3b68   8.40  572.952989
196  3b5r   8.77  680.900168
197  3b65   9.27  574.508193
198  3g0w   9.52  550.202192
199  4u4s   2.92   88.078156
200  1p1q   4.89  121.499608
201  1syi   5.44  118.652011
202  1p1n   6.80  118.010812
203  2al5   8.40  117.551353
204  3g2z   2.36   64.780607
205  3g31   2.89  141.793084
206  4de2   4.12  127.541296
207  4de3   5.52  123.208644
208  4de1   5.96  110.946247
209  1vso   4.72  172.407548
210  4dld   5.82  213.941767
211  3gbb   6.90  157.282914
212  3fv2   8.11  127.128887
213  3fv1   9.30  125.553083
214  4mgd   4.69  460.981384
215  2qe4   7.96  451.102547
216  1qkt   9.04  441.969029
217  2pog   9.54  499.453072
218  2p15  10.30  858.003573
219  2y5h   5.79  156.773362
220  1lpg   7.09  388.650370
221  2xbv   8.43  391.318951
222  1z6e   9.72  304.328902
223  1mq6  11.15  350.516258
224  1nc3   5.00   82.104219
225  1nc1   6.12  314.007381
226  1y6r  10.11  254.713234
227  4f2w  11.30  313.941258
228  4f3c  11.82  431.148861
229  1uto   2.27   95.010075
230  4abg   3.57  117.424292
231  3gy4   5.10  114.768599
232  1k1i   6.58  209.188223
233  1o3f   7.96  248.980683
234  2yge   5.06  195.544547
235  2fxs   6.06  155.795148
236  2iwx   6.68  190.037863
237  2wer   7.05  210.665314
238  2vw5   8.52  292.096961
239  4kzq   6.10  325.816241
240  4kzu   6.50  382.386010
241  4j21   7.41  343.643452
242  4j3l   7.80  389.431724
243  3kr8   8.10  302.969231
244  2ymd   3.16  208.175914
245  2wnc   6.32  341.250563
246  2xys   7.42  337.754433
247  2wn9   8.52  229.651784
248  2x00  11.33  385.409373
249  3ozt   4.13  255.176333
250  3ozs   5.33  261.854818
251  3oe5   6.88  279.508957
252  3oe4   7.47  210.644113
253  3nw9   9.00  379.968360
254  3ao4   2.07  191.561060
255  3zt2   2.84  290.320419
256  3zsx   3.28  322.354624
257  4cig   3.67  304.653900
258  3zso   5.12  376.554012
259  3n7a   3.70  119.843310
260  4ciw   4.82  103.040044
261  3n86   5.64  218.924692
262  3n76   6.85  289.420986
263  2xb8   7.59  246.868304
264  4bkt   3.62  106.203592
265  4w9c   4.65  227.028749
266  4w9l   5.02  307.276989
267  4w9i   5.96  238.863495
268  4w9h   6.73  272.943655
269  3nq9   4.03  249.299596
270  3ueu   5.24  445.639791
271  3uev   5.89  500.445750
272  3uew   6.31  533.557055
273  3uex   6.92  625.735771
274  3lka   2.82  140.830122
275  3ehy   5.85  154.896524
276  3tsk   7.17  339.273450
277  3nx7   8.10  167.176200
278  4gr0   9.55  425.288838
279  3dxg   2.40   79.779887
280  3d6q   3.76   72.497031
281  1w4o   5.22   85.281366
282  1o0h   5.92  103.090692
283  1u1b   7.80  181.142001

Summary of the scoring power: ===================================
The regression equation: logKa = 0.01 + 4.18 * Score
Number of favorable sample (N) = 283
Pearson correlation coefficient (R) = 0.540
Standard deviation in fitting (SD) = 1.83
=================================================================

Template command for running the bootstrap in R program==========

rm(list=ls());
require(boot);
data_all<-read.table("X-Score_processed_score",header=TRUE);
aa<-c(1:nrow(data_all));

mycore<-function(x,indices)
{
data_1<-matrix(NA,283,2);
for(i in 1:283);
    {
        data_1[i,1]=data_all[x[indices][i],2];
        data_1[i,2]=data_all[x[indices][i],3];
    }
        data_2<-data.frame(data_1);
        names(data_2)<-c("a","b");
        cor(data_2$a,data_2$b);
};

data.boot<-boot(aa,mycore,R=10000,stype="i",sim="ordinary");
sink("X-Score-ci.results");
a<-boot.ci(data.boot,conf=0.9,type=c("bca"));
print(a);
sink();

=================================================================
