     code  logKa        score
1    4llx   2.89   396.657805
2    5c28   5.66   579.203611
3    3uuo   7.96   776.646926
4    3ui7   9.00   945.666809
5    5c2h  11.09  1414.817775
6    2v00   3.66   644.356690
7    3wz8   5.82  1172.902484
8    3pww   7.32  1674.605469
9    3prs   7.82  1682.049524
10   3uri   9.00  1630.753075
11   4m0z   5.19  1176.663644
12   4m0y   6.46   747.782195
13   3qgy   7.80   979.747359
14   4qd6   8.64   864.176036
15   4rfm  10.05  1236.198436
16   4cr9   4.10   572.292395
17   4cra   7.22  1203.299965
18   4x6p   8.30  1432.033640
19   4crc   8.72  1348.188305
20   4ty7   9.52  1291.580880
21   5aba   2.98   776.609674
22   5a7b   3.57  1131.614645
23   4agn   3.97   922.385955
24   4agp   4.69  1096.332353
25   4agq   5.01  1112.092710
26   3bgz   6.26   977.470396
27   3jya   6.89   739.218368
28   2c3i   7.60  1053.237071
29   4k18   8.96  1094.207417
30   5dwr  11.22  1271.377669
31   3mss   4.66   744.694256
32   3k5v   6.30   933.304499
33   3pyy   6.86   989.944385
34   2v7a   8.30  1190.278947
35   4twp  10.00  1254.773333
36   3wtj   6.53   856.580250
37   3zdg   7.10   934.689498
38   3u8k   8.66   963.028720
39   4qac   9.40  1186.780776
40   3u8n  10.17  1126.330022
41   1a30   4.30   855.758993
42   2qnq   6.11  1660.336097
43   1g2k   7.96  1774.926616
44   1eby   9.70  1948.028866
45   3o9i  11.82  1771.809174
46   4lzs   4.80   672.771218
47   3u5j   5.61   848.368824
48   4wiv   6.26   861.978042
49   4ogj   6.79   876.292176
50   3p5o   7.30  1031.151079
51   1ps3   2.28   653.533944
52   3dx1   3.58   488.485827
53   3d4z   4.89   650.515869
54   3dx2   6.82   649.491595
55   3ejr   8.57  1040.586417
56   3l7b   2.40   779.667572
57   4eky   3.52  1123.597084
58   3g2n   4.09   877.560998
59   3syr   5.10   811.114702
60   3ebp   5.91   866.500279
61   2w66   4.05   853.401853
62   2w4x   4.85   665.636094
63   2wca   5.60   864.592660
64   2xj7   6.66   877.226347
65   2vvn   7.30   933.550319
66   3aru   3.22   682.755334
67   3arv   5.64   716.364479
68   3ary   6.00   524.096809
69   3arq   6.40   895.158706
70   3arp   7.15  1235.678451
71   4ih5   4.11   608.334021
72   4ih7   5.24   842.472719
73   3cj4   6.51   881.796626
74   4eo8   8.15  1029.884897
75   3gnw   9.10  1415.770628
76   1gpk   5.37   910.732498
77   1gpn   6.48  1000.597692
78   1h23   8.35  1603.466726
79   1h22   9.10  1519.038362
80   1e66   9.89  1193.506049
81   3f3a   4.19   771.050926
82   3f3c   6.02   767.320480
83   4mme   6.50  1021.029984
84   3f3d   7.16   642.970459
85   3f3e   7.70   663.038826
86   2wbg   4.45  1001.296327
87   2cbv   5.48   613.644826
88   2j78   6.42   623.814120
89   2j7h   7.19   560.937085
90   2cet   8.02  1007.666275
91   3udh   2.85   623.848504
92   3rsx   4.41   636.148752
93   4djv   6.72  1092.641332
94   2vkm   8.74  2144.747085
95   4gid  10.77  2236.428196
96   4jfs   5.27   717.900217
97   4j28   5.70   646.958734
98   2wvt   6.12   633.525489
99   2xii   7.20  1067.907677
100  4pcs   7.85   644.751724
101  3rr4   4.55   824.933529
102  1s38   5.15   660.765858
103  1r5y   6.46   619.697539
104  3gc5   7.26   929.836918
105  3ge7   8.70  1271.633769
106  4dli   5.62  1035.046587
107  2zb1   6.32  1287.243215
108  4f9w   6.94  1145.196785
109  3e92   8.00  1410.662415
110  3e93   8.85  1758.783522
111  4owm   2.96   420.136865
112  3twp   3.92   395.741783
113  3r88   4.82   584.504087
114  4gkm   5.17   831.200994
115  3qqs   5.82   788.054079
116  3gv9   2.12   408.215548
117  3gr2   2.52   377.304336
118  4kz6   3.10   549.946473
119  4jxs   4.74   703.235986
120  2r9w   5.10   777.365641
121  2hb1   3.80   591.652019
122  1bzc   4.92   977.775204
123  2qbr   6.33   963.822127
124  2qbq   7.44  1043.922168
125  2qbp   8.40  1210.347569
126  1q8t   4.76   824.970709
127  1ydr   5.52   948.425225
128  1q8u   5.96  1003.874535
129  1ydt   7.32  1273.379819
130  3ag9   8.05  1349.201562
131  3fcq   2.77   588.503388
132  1z9g   5.64   726.119330
133  1qf1   7.32  1126.711133
134  5tmn   8.04  1099.552332
135  4tmn  10.17  1332.431786
136  4ddk   2.29   583.590740
137  4ddh   3.32   730.590582
138  3ivg   4.30  1298.585144
139  3coz   5.57  1232.481419
140  3coy   6.02  1342.496282
141  3pxf   4.43   640.861638
142  4eor   6.30  1148.825812
143  2xnb   6.83  1135.452747
144  1pxn   7.15  1037.856095
145  2fvd   8.52  1126.168848
146  4k77   6.63   810.270253
147  4e5w   7.66  1321.315142
148  4ivb   8.72  1013.668103
149  4ivd   9.52  1141.345336
150  4ivc  10.00  1133.212772
151  4f09   6.70   877.027560
152  4gfm   7.22   792.490455
153  4hge   7.92  1064.002146
154  4e6q   8.36  1122.490609
155  4jia   9.22  1051.268699
156  2brb   4.86   933.789258
157  2br1   5.14   988.158388
158  3jvr   5.72   809.171125
159  3jvs   6.54   973.452208
160  1nvq   8.25  1366.663978
161  3acw   4.76  1125.298778
162  4ea2   6.44  1364.505491
163  2zcr   6.87  1227.249040
164  2zy1   7.40  1003.162835
165  2zcq   8.82   960.353404
166  1bcu   3.28   573.790028
167  3bv9   5.36  1237.122704
168  1oyt   7.24  1142.453579
169  2zda   8.40  1190.885925
170  3utu  10.92  1576.066378
171  3u9q   4.38   851.984509
172  2yfe   6.63  1127.868494
173  3fur   8.00  1372.097758
174  3b1m   8.48  1448.703906
175  2p4y   9.00  1596.616970
176  3uo4   6.52  1150.246260
177  3up2   7.40  1053.827495
178  3e5a   8.23  1309.021077
179  2wtv   8.74  1221.665768
180  3myg  10.70  1132.373244
181  3kgp   2.57   487.276301
182  1c5z   4.01   515.722882
183  1o5b   5.77   669.441565
184  1owh   7.40   791.635363
185  1sqa   9.21   974.419384
186  4jsz   2.30   379.227160
187  3kwa   4.08   861.451944
188  2weg   6.50   486.282901
189  3ryj   7.80   615.334166
190  3dd0   9.00   610.542080
191  2xdl   3.10   812.473626
192  3b27   5.16   651.210486
193  1yc1   6.17   977.998418
194  3rlr   7.52   952.793517
195  2yki   9.46  1525.532952
196  1z95   7.12  1324.771244
197  3b68   8.40  1507.596601
198  3b5r   8.77  1333.428159
199  3b65   9.27  1333.375247
200  3g0w   9.52  1217.935438
201  4u4s   2.92   696.615286
202  1p1q   4.89   676.957812
203  1syi   5.44   903.896754
204  1p1n   6.80   715.754441
205  2al5   8.40   733.253112
206  3g2z   2.36   321.754286
207  3g31   2.89   368.174677
208  4de2   4.12   802.351903
209  4de3   5.52   734.930292
210  4de1   5.96   744.464577
211  1vso   4.72   662.290660
212  4dld   5.82   811.427472
213  3gbb   6.90   882.036588
214  3fv2   8.11   945.808050
215  3fv1   9.30  1072.158442
216  4mgd   4.69   927.706229
217  2qe4   7.96  1186.956989
218  1qkt   9.04  1047.586100
219  2pog   9.54  1053.574769
220  2p15  10.30  1606.356393
221  2y5h   5.79  1194.582215
222  1lpg   7.09  1566.788418
223  2xbv   8.43  1460.635220
224  1z6e   9.72  1313.368011
225  1mq6  11.15  1366.426384
226  1nc3   5.00   960.654097
227  1nc1   6.12  1161.065588
228  1y6r  10.11  1111.474550
229  4f2w  11.30  1181.063542
230  4f3c  11.82  1410.531858
231  1uto   2.27   472.456599
232  4abg   3.57   656.908950
233  3gy4   5.10   510.386695
234  1k1i   6.58   920.467472
235  1o3f   7.96   884.900276
236  2yge   5.06  1065.125146
237  2fxs   6.06   794.346058
238  2iwx   6.68   867.805866
239  2wer   7.05   914.092028
240  2vw5   8.52  1207.039670
241  4kzq   6.10   947.807020
242  4kzu   6.50  1009.079567
243  4j21   7.41   992.874344
244  4j3l   7.80  1111.773269
245  3kr8   8.10  1068.313937
246  2ymd   3.16   812.507620
247  2wnc   6.32   967.612852
248  2xys   7.42  1074.516190
249  2wn9   8.52   823.266373
250  2x00  11.33  1490.675827
251  3ozt   4.13  1305.853044
252  3ozs   5.33  1302.502858
253  3oe5   6.88  1351.828092
254  3oe4   7.47  1354.833707
255  3nw9   9.00  1623.842351
256  3ao4   2.07   799.501847
257  3zt2   2.84   873.508718
258  3zsx   3.28   993.484846
259  4cig   3.67  1116.792699
260  3zso   5.12  1242.624826
261  3n7a   3.70   584.211770
262  4ciw   4.82   758.606323
263  3n86   5.64  1232.359450
264  3n76   6.85  1178.492073
265  2xb8   7.59  1087.803230
266  4bkt   3.62   659.368112
267  4w9c   4.65   964.316038
268  4w9l   5.02  1338.552394
269  4w9i   5.96  1091.323521
270  4w9h   6.73  1217.310498
271  3nq9   4.03   476.003301
272  3ueu   5.24   841.562960
273  3uev   5.89   986.416280
274  3uew   6.31  1028.578547
275  3uex   6.92  1190.915954
276  3lka   2.82   596.190926
277  3ehy   5.85   748.704146
278  3tsk   7.17  1443.494906
279  3nx7   8.10   759.916177
280  4gr0   9.55  1729.985802
281  3dxg   2.40   372.594544
282  3d6q   3.76   440.120856
283  1w4o   5.22   538.928283
284  1o0h   5.92   613.374532
285  1u1b   7.80   904.976327

Summary of the scoring power: ===================================
The regression equation: logKa = 0.00 + 2.19 * Score
Number of favorable sample (N) = 285
Pearson correlation coefficient (R) = 0.658
Confidence interval of 90% Pearson R = [0.599 ~ 0.71] 
Standard deviation in fitting (SD) = 1.64
=================================================================

Template command for running the bootstrap in R program==========

rm(list=ls());
require(boot);
data_all<-read.table("X-Score_processed_score",header=TRUE);
aa<-c(1:nrow(data_all));

mycore<-function(x,indices)
{
data_1<-matrix(NA,285,2);
for(i in 1:285);
    {
        data_1[i,1]=data_all[x[indices][i],2];
        data_1[i,2]=data_all[x[indices][i],3];
    }
        data_2<-data.frame(data_1);
        names(data_2)<-c("a","b");
        cor(data_2$a,data_2$b);
};

data.boot<-boot(aa,mycore,R=10000,stype="i",sim="ordinary");
sink("X-Score-ci.results");
a<-boot.ci(data.boot,conf=0.9,type=c("bca"));
print(a);
sink();

=================================================================
