     code  logKa      score
1    4llx   2.89  14.674654
2    5c28   5.66  17.831089
3    3uuo   7.96  25.069598
4    3ui7   9.00  28.301068
5    5c2h  11.09  34.385887
6    2v00   3.66  22.572303
7    3wz8   5.82  37.722388
8    3pww   7.32  46.557574
9    3prs   7.82  43.288120
10   3uri   9.00  35.748163
11   4m0z   5.19  28.978991
12   4m0y   6.46  23.366708
13   3qgy   7.80  34.443230
14   4qd6   8.64  40.298955
15   4rfm  10.05  31.753201
16   4cr9   4.10  17.884616
17   4cra   7.22  37.133279
18   4x6p   8.30  38.609792
19   4crc   8.72  37.025757
20   4ty7   9.52  36.583399
21   5aba   2.98  25.440396
22   5a7b   3.57  36.449849
23   4agn   3.97  26.577253
24   4agp   4.69  34.767076
25   4agq   5.01  32.716654
26   3bgz   6.26  40.448853
27   3jya   6.89  22.934337
28   2c3i   7.60  31.863629
29   4k18   8.96  38.277346
30   5dwr  11.22  43.361452
31   3mss   4.66  26.557391
32   3k5v   6.30  34.462822
33   3pyy   6.86  31.696623
34   2v7a   8.30  32.483704
35   4twp  10.00  36.009265
36   3wtj   6.53  21.607669
37   3zdg   7.10  16.584262
38   3u8k   8.66  16.824734
39   4qac   9.40  40.529611
40   3u8n  10.17  18.628999
41   1a30   4.30  21.611260
42   2qnq   6.11  51.226386
43   1g2k   7.96  50.185914
44   1eby   9.70  48.804526
45   3o9i  11.82  42.302517
46   4lzs   4.80  17.059905
47   3u5j   5.61  30.008994
48   4wiv   6.26  35.775999
49   4ogj   6.79  39.745968
50   3p5o   7.30  31.641464
51   1ps3   2.28  14.186174
52   3dx1   3.58  16.738045
53   3d4z   4.89  13.544630
54   3dx2   6.82  20.152586
55   3ejr   8.57  27.478136
56   3l7b   2.40  16.699993
57   4eky   3.52  19.754465
58   3g2n   4.09  19.424834
59   3syr   5.10  15.357893
60   3ebp   5.91  29.258542
61   2w66   4.05  11.318062
62   2w4x   4.85  14.106207
63   2wca   5.60  25.679524
64   2xj7   6.66  14.594892
65   2vvn   7.30  14.630238
66   3aru   3.22  16.400974
67   3arv   5.64  31.611980
68   3ary   6.00  14.724825
69   3arq   6.40  23.487055
70   3arp   7.15  39.584887
71   4ih5   4.11  23.271256
72   4ih7   5.24  25.849726
73   3cj4   6.51  24.603482
74   4eo8   8.15  29.282584
75   3gnw   9.10  42.847494
76   1gpk   5.37  18.366294
77   1h23   8.35  36.669152
78   1h22   9.10  33.148461
79   3f3a   4.19  21.345103
80   3f3c   6.02  24.510547
81   4mme   6.50  28.563728
82   3f3d   7.16  20.322503
83   3f3e   7.70  20.602964
84   2wbg   4.45  26.117434
85   2cbv   5.48  15.867300
86   2j78   6.42  15.098569
87   2j7h   7.19  12.623013
88   2cet   8.02  21.782459
89   3udh   2.85  18.196947
90   3rsx   4.41  22.671069
91   4djv   6.72  40.703776
92   2vkm   8.74  50.470244
93   4gid  10.77  48.096855
94   4jfs   5.27  22.844282
95   4j28   5.70  19.993824
96   2wvt   6.12  14.960509
97   2xii   7.20  31.896487
98   4pcs   7.85  24.549087
99   3rr4   4.55  17.653512
100  1s38   5.15  21.322340
101  1r5y   6.46  19.191741
102  3gc5   7.26  22.276142
103  3ge7   8.70  29.667621
104  4dli   5.62  27.968816
105  2zb1   6.32  36.133010
106  4f9w   6.94  35.625583
107  3e92   8.00  37.779440
108  3e93   8.85  40.233380
109  4owm   2.96  15.743698
110  3twp   3.92  15.944293
111  3r88   4.82  16.460029
112  4gkm   5.17  24.831237
113  3qqs   5.82  23.068921
114  3gv9   2.12  11.700987
115  3gr2   2.52  15.282805
116  4kz6   3.10  16.585638
117  4jxs   4.74  20.874297
118  2r9w   5.10  31.240855
119  2hb1   3.80  18.511270
120  1bzc   4.92  30.718055
121  2qbr   6.33  33.373077
122  2qbq   7.44  32.607913
123  2qbp   8.40  38.256445
124  1q8t   4.76  18.823272
125  1ydr   5.52  23.987693
126  1q8u   5.96  26.477451
127  1ydt   7.32  33.120202
128  3ag9   8.05  31.123365
129  3fcq   2.77  18.585705
130  1z9g   5.64  23.307603
131  1qf1   7.32  31.048462
132  5tmn   8.04  32.757646
133  4tmn  10.17  36.499553
134  4ddk   2.29  17.388821
135  4ddh   3.32  17.288057
136  3ivg   4.30  28.580975
137  3coz   5.57  23.475504
138  3coy   6.02  23.731794
139  3pxf   4.43  32.336387
140  4eor   6.30  32.389242
141  2xnb   6.83  22.818850
142  1pxn   7.15  20.746429
143  2fvd   8.52  33.933836
144  4k77   6.63  18.537413
145  4e5w   7.66  23.666769
146  4ivb   8.72  23.007569
147  4ivd   9.52  25.775209
148  4ivc  10.00  24.578342
149  4f09   6.70  19.003004
150  4gfm   7.22  21.321172
151  4hge   7.92  23.321697
152  4e6q   8.36  26.958199
153  4jia   9.22  39.382024
154  2brb   4.86  31.392764
155  2br1   5.14  32.171444
156  3jvr   5.72  29.264614
157  3jvs   6.54  35.239699
158  1nvq   8.25  35.035528
159  3acw   4.76  35.377790
160  4ea2   6.44  34.307274
161  2zcr   6.87  41.593457
162  2zy1   7.40  29.163945
163  2zcq   8.82  33.446580
164  1bcu   3.28  19.508687
165  3bv9   5.36  34.408308
166  1oyt   7.24  35.945330
167  2zda   8.40  33.729324
168  3utu  10.92  46.264471
169  3u9q   4.38  25.607883
170  2yfe   6.63  35.624888
171  3fur   8.00  43.370512
172  3b1m   8.48  41.804176
173  2p4y   9.00  50.305460
174  3uo4   6.52  39.128173
175  3up2   7.40  37.325061
176  3e5a   8.23  34.721603
177  2wtv   8.74  42.280490
178  3myg  10.70  22.614137
179  3kgp   2.57  16.235739
180  1c5z   4.01  19.074667
181  1o5b   5.77  19.964755
182  1owh   7.40  30.096257
183  1sqa   9.21  33.968975
184  4jsz   2.30  13.955681
185  3kwa   4.08  17.190826
186  2weg   6.50  22.706806
187  3ryj   7.80  24.954095
188  3dd0   9.00  21.358473
189  2xdl   3.10  17.849469
190  3b27   5.16  25.994567
191  1yc1   6.17  29.395208
192  3rlr   7.52  32.757962
193  2yki   9.46  42.739062
194  1z95   7.12  41.579164
195  3b68   8.40  39.408119
196  3b5r   8.77  45.007403
197  3b65   9.27  39.106883
198  3g0w   9.52  38.010592
199  4u4s   2.92  13.422349
200  1p1q   4.89  15.972712
201  1syi   5.44  16.714307
202  1p1n   6.80  16.097316
203  2al5   8.40  16.929858
204  3g2z   2.36  12.484867
205  3g31   2.89  17.134925
206  4de2   4.12  23.725015
207  4de3   5.52  23.421247
208  4de1   5.96  21.894177
209  1vso   4.72  23.155533
210  4dld   5.82  24.161043
211  3gbb   6.90  20.973645
212  3fv2   8.11  20.232809
213  3fv1   9.30  20.139595
214  4mgd   4.69  32.032035
215  2qe4   7.96  33.860256
216  1qkt   9.04  32.611985
217  2pog   9.54  34.852525
218  2p15  10.30  54.010776
219  2y5h   5.79  20.232711
220  1lpg   7.09  44.093767
221  2xbv   8.43  35.970176
222  1z6e   9.72  35.444675
223  1mq6  11.15  34.572652
224  1nc3   5.00  14.688728
225  1nc1   6.12  25.101012
226  1y6r  10.11  22.112317
227  4f2w  11.30  24.045237
228  4f3c  11.82  29.570235
229  1uto   2.27  16.542935
230  4abg   3.57  18.693912
231  3gy4   5.10  18.526549
232  1k1i   6.58  36.783943
233  1o3f   7.96  35.194347
234  2yge   5.06  28.822002
235  2fxs   6.06  22.369168
236  2iwx   6.68  25.173845
237  2wer   7.05  26.454085
238  2vw5   8.52  35.085951
239  4kzq   6.10  26.072762
240  4kzu   6.50  29.371457
241  4j21   7.41  26.958198
242  4j3l   7.80  30.254179
243  3kr8   8.10  26.474807
244  2ymd   3.16  18.799220
245  2wnc   6.32  26.267855
246  2xys   7.42  26.429328
247  2wn9   8.52  24.025950
248  2x00  11.33  31.449211
249  3ozt   4.13  27.658997
250  3ozs   5.33  29.309167
251  3oe5   6.88  29.202943
252  3oe4   7.47  25.824057
253  3nw9   9.00  37.689847
254  3ao4   2.07  21.135556
255  3zt2   2.84  28.928543
256  3zsx   3.28  38.545364
257  4cig   3.67  40.316729
258  3zso   5.12  47.081655
259  3n7a   3.70  17.290866
260  4ciw   4.82  16.053386
261  3n86   5.64  23.501626
262  3n76   6.85  28.415210
263  2xb8   7.59  24.983240
264  4bkt   3.62  14.280922
265  4w9c   4.65  23.097186
266  4w9l   5.02  30.100280
267  4w9i   5.96  24.363114
268  4w9h   6.73  26.333906
269  3nq9   4.03  23.091577
270  3ueu   5.24  31.969853
271  3uev   5.89  34.883593
272  3uew   6.31  36.414662
273  3uex   6.92  41.422230
274  3lka   2.82  17.068900
275  3ehy   5.85  17.642107
276  3tsk   7.17  32.063838
277  3nx7   8.10  21.376670
278  4gr0   9.55  42.319702
279  3dxg   2.40  14.555037
280  3d6q   3.76  16.914171
281  1w4o   5.22  14.991285
282  1o0h   5.92  20.046684
283  1u1b   7.80  31.229298

Summary of the scoring power: ===================================
The regression equation: logKa = 0.13 + 2.84 * Score
Number of favorable sample (N) = 283
Pearson correlation coefficient (R) = 0.557
Standard deviation in fitting (SD) = 1.80
=================================================================

Template command for running the bootstrap in R program==========

rm(list=ls());
require(boot);
data_all<-read.table("X-Score_processed_score",header=TRUE);
aa<-c(1:nrow(data_all));

mycore<-function(x,indices)
{
data_1<-matrix(NA,283,2);
for(i in 1:283);
    {
        data_1[i,1]=data_all[x[indices][i],2];
        data_1[i,2]=data_all[x[indices][i],3];
    }
        data_2<-data.frame(data_1);
        names(data_2)<-c("a","b");
        cor(data_2$a,data_2$b);
};

data.boot<-boot(aa,mycore,R=10000,stype="i",sim="ordinary");
sink("X-Score-ci.results");
a<-boot.ci(data.boot,conf=0.9,type=c("bca"));
print(a);
sink();

=================================================================
