     code  logKa         score
1    4llx   2.89  1.125674e+06
2    5c28   5.66  1.406561e+06
3    3uuo   7.96  2.148652e+06
4    3ui7   9.00  2.683082e+06
5    5c2h  11.09  3.939638e+06
6    2v00   3.66  2.176289e+06
7    3wz8   5.82  3.490436e+06
8    3pww   7.32  4.759940e+06
9    3prs   7.82  5.166266e+06
10   3uri   9.00  4.679736e+06
11   4m0z   5.19  3.953156e+06
12   4m0y   6.46  2.570948e+06
13   3qgy   7.80  3.033808e+06
14   4qd6   8.64  2.809975e+06
15   4rfm  10.05  3.537478e+06
16   4cr9   4.10  1.826720e+06
17   4cra   7.22  3.806644e+06
18   4x6p   8.30  4.580630e+06
19   4crc   8.72  4.353691e+06
20   4ty7   9.52  4.084576e+06
21   5aba   2.98  1.662490e+06
22   5a7b   3.57  3.088766e+06
23   4agn   3.97  2.233261e+06
24   4agp   4.69  2.661725e+06
25   4agq   5.01  2.712769e+06
26   3bgz   6.26  2.535009e+06
27   3jya   6.89  1.716518e+06
28   2c3i   7.60  2.722268e+06
29   4k18   8.96  3.169056e+06
30   5dwr  11.22  3.304135e+06
31   3mss   4.66  1.880323e+06
32   3k5v   6.30  2.377177e+06
33   3pyy   6.86  2.934871e+06
34   2v7a   8.30  3.405812e+06
35   4twp  10.00  2.567083e+06
36   3wtj   6.53  2.664791e+06
37   3zdg   7.10  2.589388e+06
38   3u8k   8.66  2.834667e+06
39   4qac   9.40  3.212063e+06
40   3u8n  10.17  3.017450e+06
41   1a30   4.30  2.831036e+06
42   2qnq   6.11  4.562209e+06
43   1g2k   7.96  5.285113e+06
44   1eby   9.70  5.418339e+06
45   3o9i  11.82  5.290383e+06
46   4lzs   4.80  1.796293e+06
47   3u5j   5.61  2.153566e+06
48   4wiv   6.26  2.293933e+06
49   4ogj   6.79  2.524133e+06
50   3p5o   7.30  2.800755e+06
51   1ps3   2.28  2.588710e+06
52   3dx1   3.58  2.083174e+06
53   3d4z   4.89  2.426092e+06
54   3dx2   6.82  2.825350e+06
55   3ejr   8.57  3.427721e+06
56   3l7b   2.40  2.532638e+06
57   4eky   3.52  2.837333e+06
58   3g2n   4.09  2.787254e+06
59   3syr   5.10  2.850496e+06
60   3ebp   5.91  2.321019e+06
61   2w66   4.05  2.871676e+06
62   2w4x   4.85  2.363983e+06
63   2wca   5.60  2.807373e+06
64   2xj7   6.66  2.728237e+06
65   2vvn   7.30  3.172989e+06
66   3aru   3.22  2.073873e+06
67   3arv   5.64  2.063898e+06
68   3ary   6.00  1.689312e+06
69   3arq   6.40  2.093942e+06
70   3arp   7.15  3.280096e+06
71   4ih5   4.11  1.814586e+06
72   4ih7   5.24  2.378016e+06
73   3cj4   6.51  2.157186e+06
74   4eo8   8.15  2.641541e+06
75   3gnw   9.10  4.590835e+06
76   1gpk   5.37  2.528605e+06
77   1h23   8.35  4.352994e+06
78   1h22   9.10  4.153981e+06
79   3f3a   4.19  2.688717e+06
80   3f3c   6.02  2.470031e+06
81   4mme   6.50  2.658135e+06
82   3f3d   7.16  2.518231e+06
83   3f3e   7.70  2.207018e+06
84   2wbg   4.45  3.294178e+06
85   2cbv   5.48  2.219320e+06
86   2j78   6.42  2.506415e+06
87   2j7h   7.19  1.883586e+06
88   2cet   8.02  3.236441e+06
89   3udh   2.85  1.814201e+06
90   3rsx   4.41  2.069115e+06
91   4djv   6.72  3.366568e+06
92   2vkm   8.74  6.187471e+06
93   4gid  10.77  6.715849e+06
94   4jfs   5.27  2.278153e+06
95   4j28   5.70  2.320310e+06
96   2wvt   6.12  2.427122e+06
97   2xii   7.20  3.636639e+06
98   4pcs   7.85  2.092976e+06
99   3rr4   4.55  3.193271e+06
100  1s38   5.15  2.480373e+06
101  1r5y   6.46  2.608872e+06
102  3gc5   7.26  3.588540e+06
103  3ge7   8.70  4.408151e+06
104  4dli   5.62  2.723766e+06
105  2zb1   6.32  3.405355e+06
106  4f9w   6.94  3.125701e+06
107  3e92   8.00  3.899441e+06
108  3e93   8.85  4.776101e+06
109  4owm   2.96  1.174785e+06
110  3twp   3.92  1.140771e+06
111  3r88   4.82  1.807238e+06
112  4gkm   5.17  2.531024e+06
113  3qqs   5.82  2.364130e+06
114  3gv9   2.12  1.447266e+06
115  3gr2   2.52  1.302764e+06
116  4kz6   3.10  1.808899e+06
117  4jxs   4.74  2.607520e+06
118  2r9w   5.10  2.481847e+06
119  2hb1   3.80  1.840100e+06
120  1bzc   4.92  3.087082e+06
121  2qbr   6.33  2.806094e+06
122  2qbq   7.44  2.999894e+06
123  2qbp   8.40  3.673767e+06
124  1q8t   4.76  2.160092e+06
125  1ydr   5.52  2.692103e+06
126  1q8u   5.96  2.819646e+06
127  1ydt   7.32  3.482113e+06
128  3ag9   8.05  4.857812e+06
129  3fcq   2.77  1.746341e+06
130  1z9g   5.64  2.017082e+06
131  1qf1   7.32  3.757646e+06
132  5tmn   8.04  3.211901e+06
133  4tmn  10.17  3.950538e+06
134  4ddk   2.29  1.700906e+06
135  4ddh   3.32  2.190697e+06
136  3ivg   4.30  3.828855e+06
137  3coz   5.57  4.410941e+06
138  3coy   6.02  4.879590e+06
139  3pxf   4.43  1.712943e+06
140  4eor   6.30  3.505496e+06
141  2xnb   6.83  3.241633e+06
142  1pxn   7.15  3.160084e+06
143  2fvd   8.52  3.430688e+06
144  4k77   6.63  2.288272e+06
145  4e5w   7.66  3.788552e+06
146  4ivb   8.72  2.933502e+06
147  4ivd   9.52  3.376187e+06
148  4ivc  10.00  3.375394e+06
149  4f09   6.70  2.474217e+06
150  4gfm   7.22  1.951735e+06
151  4hge   7.92  3.030167e+06
152  4e6q   8.36  3.120916e+06
153  4jia   9.22  2.979167e+06
154  2brb   4.86  2.667501e+06
155  2br1   5.14  2.919268e+06
156  3jvr   5.72  1.883526e+06
157  3jvs   6.54  3.023121e+06
158  1nvq   8.25  3.899100e+06
159  3acw   4.76  2.702619e+06
160  4ea2   6.44 -2.700299e+06
161  2zcr   6.87  3.485931e+06
162  2zy1   7.40  2.750678e+06
163  2zcq   8.82  3.120861e+06
164  1bcu   3.28  1.740453e+06
165  3bv9   5.36  3.771990e+06
166  1oyt   7.24  3.372853e+06
167  2zda   8.40  3.673793e+06
168  3utu  10.92  4.812507e+06
169  3u9q   4.38  2.222305e+06
170  2yfe   6.63  2.955505e+06
171  3fur   8.00  3.486813e+06
172  3b1m   8.48  4.095225e+06
173  2p4y   9.00  4.137349e+06
174  3uo4   6.52  2.924064e+06
175  3up2   7.40  3.055841e+06
176  3e5a   8.23 -2.205796e+08
177  2wtv   8.74  3.213812e+06
178  3myg  10.70  3.660727e+06
179  3kgp   2.57  1.550021e+06
180  1c5z   4.01  1.784392e+06
181  1o5b   5.77  2.133147e+06
182  1owh   7.40  2.627394e+06
183  1sqa   9.21  3.617556e+06
184  4jsz   2.30  1.293513e+06
185  3kwa   4.08  1.731461e+05
186  2weg   6.50  1.630221e+06
187  3ryj   7.80  1.926570e+06
188  3dd0   9.00  2.265123e+06
189  2xdl   3.10  2.326348e+06
190  3b27   5.16  2.069555e+06
191  1yc1   6.17  3.218214e+06
192  3rlr   7.52  1.734160e+06
193  2yki   9.46  4.261146e+06
194  1z95   7.12  3.872068e+06
195  3b68   8.40  4.481543e+06
196  3b5r   8.77  3.492806e+06
197  3b65   9.27  3.613137e+06
198  3g0w   9.52  3.007695e+06
199  4u4s   2.92  2.330085e+06
200  1p1q   4.89  2.512272e+06
201  1syi   5.44  3.258984e+06
202  1p1n   6.80  2.371578e+06
203  2al5   8.40  2.829624e+06
204  3g2z   2.36  1.217768e+06
205  3g31   2.89  8.643352e+05
206  4de2   4.12  2.865170e+06
207  4de3   5.52  2.081361e+06
208  4de1   5.96  2.378517e+06
209  1vso   4.72  2.518943e+06
210  4dld   5.82  2.859225e+06
211  3gbb   6.90  2.996881e+06
212  3fv2   8.11  3.515816e+06
213  3fv1   9.30  3.879111e+06
214  4mgd   4.69  1.930120e+06
215  2qe4   7.96  3.071456e+06
216  1qkt   9.04  2.549741e+06
217  2pog   9.54  2.673025e+06
218  2p15  10.30  3.773379e+06
219  2y5h   5.79  3.318791e+06
220  1lpg   7.09  4.978510e+06
221  2xbv   8.43  4.015051e+06
222  1z6e   9.72  4.289724e+06
223  1mq6  11.15  3.797540e+06
224  1nc3   5.00  3.331785e+06
225  1nc1   6.12  3.129980e+06
226  1y6r  10.11  3.891121e+06
227  4f2w  11.30  3.872100e+06
228  4f3c  11.82  4.316670e+06
229  1uto   2.27  1.386873e+06
230  4abg   3.57  1.980636e+06
231  3gy4   5.10  1.911290e+06
232  1k1i   6.58  3.298224e+06
233  1o3f   7.96  1.072945e+06
234  2yge   5.06  3.328878e+06
235  2fxs   6.06  2.323851e+06
236  2iwx   6.68  2.319696e+06
237  2wer   7.05  2.596147e+06
238  2vw5   8.52  3.505554e+06
239  4kzq   6.10  2.617875e+06
240  4kzu   6.50  2.591822e+06
241  4j21   7.41  2.573129e+06
242  4j3l   7.80  2.926381e+06
243  3kr8   8.10  3.178141e+06
244  2ymd   3.16  2.467112e+06
245  2wnc   6.32  2.714516e+06
246  2xys   7.42  2.425550e+06
247  2wn9   8.52  2.450965e+06
248  2x00  11.33  3.666816e+06
249  3ozt   4.13  4.617808e+06
250  3ozs   5.33  4.299894e+06
251  3oe5   6.88  4.907065e+06
252  3oe4   7.47  5.029021e+06
253  3nw9   9.00  5.578501e+06
254  3ao4   2.07  2.591294e+06
255  3zt2   2.84  2.500044e+06
256  3zsx   3.28  2.861045e+06
257  4cig   3.67  3.166877e+06
258  3zso   5.12  3.636988e+06
259  3n7a   3.70  2.131116e+06
260  4ciw   4.82  2.639902e+06
261  3n86   5.64  3.956677e+06
262  3n76   6.85  1.455853e+06
263  2xb8   7.59  3.543254e+06
264  4bkt   3.62  2.039075e+06
265  4w9c   4.65  2.783698e+06
266  4w9l   5.02  3.986972e+06
267  4w9i   5.96  3.297409e+06
268  4w9h   6.73  3.683252e+06
269  3nq9   4.03  1.122858e+06
270  3ueu   5.24  1.864180e+06
271  3uev   5.89  2.226824e+06
272  3uew   6.31  2.343063e+06
273  3uex   6.92  2.672024e+06
274  3lka   2.82  9.735977e+05
275  3ehy   5.85  2.239412e+06
276  3tsk   7.17  4.121974e+06
277  3nx7   8.10  2.575183e+06
278  4gr0   9.55  4.722322e+06
279  3dxg   2.40  1.392909e+06
280  3d6q   3.76  1.480532e+06
281  1w4o   5.22  2.003490e+06
282  1o0h   5.92  2.649235e+06
283  1u1b   7.80  3.661160e+06

Summary of the scoring power: ===================================
The regression equation: logKa = 0.00 + 2.56 * Score
Number of favorable sample (N) = 281
Pearson correlation coefficient (R) = 0.609
Standard deviation in fitting (SD) = 1.73
=================================================================

Template command for running the bootstrap in R program==========

rm(list=ls());
require(boot);
data_all<-read.table("X-Score_processed_score",header=TRUE);
aa<-c(1:nrow(data_all));

mycore<-function(x,indices)
{
data_1<-matrix(NA,281,2);
for(i in 1:281);
    {
        data_1[i,1]=data_all[x[indices][i],2];
        data_1[i,2]=data_all[x[indices][i],3];
    }
        data_2<-data.frame(data_1);
        names(data_2)<-c("a","b");
        cor(data_2$a,data_2$b);
};

data.boot<-boot(aa,mycore,R=10000,stype="i",sim="ordinary");
sink("X-Score-ci.results");
a<-boot.ci(data.boot,conf=0.9,type=c("bca"));
print(a);
sink();

=================================================================
