     code  logKa         score
1    4llx   2.89  1.192197e+06
2    5c28   5.66  1.499515e+06
3    3uuo   7.96  2.268704e+06
4    3ui7   9.00  2.838837e+06
5    5c2h  11.09  4.158267e+06
6    2v00   3.66  2.303645e+06
7    3wz8   5.82  3.647149e+06
8    3pww   7.32  5.001268e+06
9    3prs   7.82  5.427029e+06
10   3uri   9.00  4.893949e+06
11   4m0z   5.19  4.185528e+06
12   4m0y   6.46  2.690126e+06
13   3qgy   7.80  3.186831e+06
14   4qd6   8.64  2.937248e+06
15   4rfm  10.05  3.746194e+06
16   4cr9   4.10  1.921992e+06
17   4cra   7.22  3.984654e+06
18   4x6p   8.30  4.820114e+06
19   4crc   8.72  4.586183e+06
20   4ty7   9.52  4.319801e+06
21   5aba   2.98  1.748863e+06
22   5a7b   3.57  3.213166e+06
23   4agn   3.97  2.350022e+06
24   4agp   4.69  2.792364e+06
25   4agq   5.01  2.838862e+06
26   3bgz   6.26  2.742484e+06
27   3jya   6.89  1.838245e+06
28   2c3i   7.60  2.881458e+06
29   4k18   8.96  3.360802e+06
30   5dwr  11.22  3.507768e+06
31   3mss   4.66  1.991807e+06
32   3k5v   6.30  2.541471e+06
33   3pyy   6.86  3.108932e+06
34   2v7a   8.30  3.564587e+06
35   4twp  10.00  2.479206e+06
36   3wtj   6.53  2.831843e+06
37   3zdg   7.10  2.729173e+06
38   3u8k   8.66  3.005520e+06
39   4qac   9.40  3.412482e+06
40   3u8n  10.17  3.198067e+06
41   1a30   4.30  3.086855e+06
42   2qnq   6.11  4.752345e+06
43   1g2k   7.96  5.551503e+06
44   1eby   9.70  5.671444e+06
45   3o9i  11.82  5.577481e+06
46   4lzs   4.80  1.888145e+06
47   3u5j   5.61  2.291784e+06
48   4wiv   6.26  2.431567e+06
49   4ogj   6.79  2.669895e+06
50   3p5o   7.30  2.970319e+06
51   1ps3   2.28  2.764335e+06
52   3dx1   3.58  2.256552e+06
53   3d4z   4.89  2.571627e+06
54   3dx2   6.82  3.016656e+06
55   3ejr   8.57  3.624686e+06
56   3l7b   2.40  2.697209e+06
57   4eky   3.52  2.885971e+06
58   3g2n   4.09  2.956821e+06
59   3syr   5.10  3.032056e+06
60   3ebp   5.91  2.454905e+06
61   2w66   4.05  3.002486e+06
62   2w4x   4.85  2.504692e+06
63   2wca   5.60  2.946106e+06
64   2xj7   6.66  2.865368e+06
65   2vvn   7.30  3.354064e+06
66   3aru   3.22  2.204109e+06
67   3arv   5.64  2.153895e+06
68   3ary   6.00  1.782825e+06
69   3arq   6.40  2.108470e+06
70   3arp   7.15  3.447017e+06
71   4ih5   4.11  1.869453e+06
72   4ih7   5.24  2.503768e+06
73   3cj4   6.51  2.292287e+06
74   4eo8   8.15  2.857095e+06
75   3gnw   9.10  4.832220e+06
76   1gpk   5.37  2.671210e+06
77   1h23   8.35  4.607786e+06
78   1h22   9.10  4.382392e+06
79   3f3a   4.19  2.854374e+06
80   3f3c   6.02  2.669049e+06
81   4mme   6.50  2.794876e+06
82   3f3d   7.16  2.738896e+06
83   3f3e   7.70  2.424948e+06
84   2wbg   4.45  3.477919e+06
85   2cbv   5.48  2.340478e+06
86   2j78   6.42  2.663628e+06
87   2j7h   7.19  1.979547e+06
88   2cet   8.02  3.410744e+06
89   3udh   2.85  1.910542e+06
90   3rsx   4.41  2.171210e+06
91   4djv   6.72  3.523567e+06
92   2vkm   8.74  6.387319e+06
93   4gid  10.77  7.006731e+06
94   4jfs   5.27  2.434275e+06
95   4j28   5.70  2.499040e+06
96   2wvt   6.12  2.605495e+06
97   2xii   7.20  3.861426e+06
98   4pcs   7.85  2.253694e+06
99   3rr4   4.55  3.376538e+06
100  1s38   5.15  2.634182e+06
101  1r5y   6.46  2.768013e+06
102  3gc5   7.26  3.781452e+06
103  3ge7   8.70  4.624886e+06
104  4dli   5.62  2.862945e+06
105  2zb1   6.32  3.566624e+06
106  4f9w   6.94  3.303016e+06
107  3e92   8.00  4.129030e+06
108  3e93   8.85  5.023859e+06
109  4owm   2.96  1.259359e+06
110  3twp   3.92  1.226144e+06
111  3r88   4.82  1.926904e+06
112  4gkm   5.17  2.693653e+06
113  3qqs   5.82  2.515091e+06
114  3gv9   2.12  1.553713e+06
115  3gr2   2.52  1.356150e+06
116  4kz6   3.10  1.936963e+06
117  4jxs   4.74  2.790316e+06
118  2r9w   5.10  2.634362e+06
119  2hb1   3.80  2.067422e+06
120  1bzc   4.92  3.301270e+06
121  2qbr   6.33  3.049730e+06
122  2qbq   7.44  3.282222e+06
123  2qbp   8.40  3.979991e+06
124  1q8t   4.76  2.250296e+06
125  1ydr   5.52  2.826173e+06
126  1q8u   5.96  2.980576e+06
127  1ydt   7.32  3.664498e+06
128  3ag9   8.05  5.203780e+06
129  3fcq   2.77  1.827809e+06
130  1z9g   5.64  2.093372e+06
131  1qf1   7.32  4.008158e+06
132  5tmn   8.04  3.448858e+06
133  4tmn  10.17  4.175107e+06
134  4ddk   2.29  1.814213e+06
135  4ddh   3.32  2.336121e+06
136  3ivg   4.30  4.025546e+06
137  3coz   5.57  4.682546e+06
138  3coy   6.02  5.200694e+06
139  3pxf   4.43  1.823971e+06
140  4eor   6.30  3.690499e+06
141  2xnb   6.83  3.404746e+06
142  1pxn   7.15  3.315582e+06
143  2fvd   8.52  3.630497e+06
144  4k77   6.63  2.407322e+06
145  4e5w   7.66  3.984423e+06
146  4ivb   8.72  3.104032e+06
147  4ivd   9.52  3.551892e+06
148  4ivc  10.00  3.562025e+06
149  4f09   6.70  2.614254e+06
150  4gfm   7.22  2.043132e+06
151  4hge   7.92  3.200151e+06
152  4e6q   8.36  3.276171e+06
153  4jia   9.22  3.156301e+06
154  2brb   4.86  2.807768e+06
155  2br1   5.14  3.081371e+06
156  3jvr   5.72  1.962654e+06
157  3jvs   6.54  3.161435e+06
158  1nvq   8.25  4.109918e+06
159  3acw   4.76  2.852012e+06
160  4ea2   6.44 -3.612137e+06
161  2zcr   6.87  3.732823e+06
162  2zy1   7.40  2.928785e+06
163  2zcq   8.82  3.317797e+06
164  1bcu   3.28  1.826333e+06
165  3bv9   5.36  4.041921e+06
166  1oyt   7.24  3.606265e+06
167  2zda   8.40  3.908266e+06
168  3utu  10.92  5.111533e+06
169  3u9q   4.38  2.423958e+06
170  2yfe   6.63  3.138752e+06
171  3fur   8.00  3.707249e+06
172  3b1m   8.48  4.340310e+06
173  2p4y   9.00  4.421177e+06
174  3uo4   6.52  3.009650e+06
175  3up2   7.40  3.259546e+06
176  3e5a   8.23 -2.592382e+08
177  2wtv   8.74  3.408236e+06
178  3myg  10.70  3.863204e+06
179  3kgp   2.57  1.647136e+06
180  1c5z   4.01  1.916766e+06
181  1o5b   5.77  2.284735e+06
182  1owh   7.40  2.789762e+06
183  1sqa   9.21  3.852143e+06
184  4jsz   2.30  1.362167e+06
185  3kwa   4.08 -1.584208e+05
186  2weg   6.50  1.758398e+06
187  3ryj   7.80  2.060595e+06
188  3dd0   9.00  2.432819e+06
189  2xdl   3.10  2.452002e+06
190  3b27   5.16  2.213522e+06
191  1yc1   6.17  3.434740e+06
192  3rlr   7.52  1.716690e+06
193  2yki   9.46  4.441030e+06
194  1z95   7.12  4.129451e+06
195  3b68   8.40  4.758345e+06
196  3b5r   8.77  3.731997e+06
197  3b65   9.27  3.832282e+06
198  3g0w   9.52  3.210219e+06
199  4u4s   2.92  2.451178e+06
200  1p1q   4.89  2.660732e+06
201  1syi   5.44  3.493583e+06
202  1p1n   6.80  2.590565e+06
203  2al5   8.40  3.060674e+06
204  3g2z   2.36  1.251035e+06
205  3g31   2.89  9.387708e+05
206  4de2   4.12  3.009982e+06
207  4de3   5.52  2.106618e+06
208  4de1   5.96  2.417414e+06
209  1vso   4.72  2.742689e+06
210  4dld   5.82  3.102702e+06
211  3gbb   6.90  3.253862e+06
212  3fv2   8.11  3.824906e+06
213  3fv1   9.30  4.197363e+06
214  4mgd   4.69  2.072983e+06
215  2qe4   7.96  3.255784e+06
216  1qkt   9.04  2.706601e+06
217  2pog   9.54  2.851458e+06
218  2p15  10.30  4.029260e+06
219  2y5h   5.79  3.523453e+06
220  1lpg   7.09  5.254811e+06
221  2xbv   8.43  4.238164e+06
222  1z6e   9.72  4.547940e+06
223  1mq6  11.15  4.031778e+06
224  1nc3   5.00  3.458249e+06
225  1nc1   6.12  3.160383e+06
226  1y6r  10.11  4.096662e+06
227  4f2w  11.30  4.073193e+06
228  4f3c  11.82  4.512165e+06
229  1uto   2.27  1.469840e+06
230  4abg   3.57  2.084429e+06
231  3gy4   5.10  2.066421e+06
232  1k1i   6.58  3.532519e+06
233  1o3f   7.96  8.677626e+05
234  2yge   5.06  3.498196e+06
235  2fxs   6.06  2.429638e+06
236  2iwx   6.68  2.453242e+06
237  2wer   7.05  2.737213e+06
238  2vw5   8.52  3.656052e+06
239  4kzq   6.10  2.754744e+06
240  4kzu   6.50  2.730182e+06
241  4j21   7.41  2.701408e+06
242  4j3l   7.80  3.088069e+06
243  3kr8   8.10  3.354074e+06
244  2ymd   3.16  2.598826e+06
245  2wnc   6.32  2.873869e+06
246  2xys   7.42  2.496168e+06
247  2wn9   8.52  2.584434e+06
248  2x00  11.33  3.855165e+06
249  3ozt   4.13  4.879919e+06
250  3ozs   5.33  4.571217e+06
251  3oe5   6.88  5.181335e+06
252  3oe4   7.47  5.321158e+06
253  3nw9   9.00  5.865797e+06
254  3ao4   2.07  2.733765e+06
255  3zt2   2.84  2.664783e+06
256  3zsx   3.28  3.022897e+06
257  4cig   3.67  3.335204e+06
258  3zso   5.12  3.830853e+06
259  3n7a   3.70  2.307486e+06
260  4ciw   4.82  2.844368e+06
261  3n86   5.64  4.224184e+06
262  3n76   6.85  1.285414e+06
263  2xb8   7.59  3.802860e+06
264  4bkt   3.62  2.156988e+06
265  4w9c   4.65  2.946483e+06
266  4w9l   5.02  4.189383e+06
267  4w9i   5.96  3.471313e+06
268  4w9h   6.73  3.869942e+06
269  3nq9   4.03  1.263650e+06
270  3ueu   5.24  2.082373e+06
271  3uev   5.89  2.468382e+06
272  3uew   6.31  2.593860e+06
273  3uex   6.92  2.953516e+06
274  3lka   2.82  9.033413e+05
275  3ehy   5.85  2.363406e+06
276  3tsk   7.17  4.326503e+06
277  3nx7   8.10  2.739200e+06
278  4gr0   9.55  4.958229e+06
279  3dxg   2.40  1.491893e+06
280  3d6q   3.76  1.560705e+06
281  1w4o   5.22  2.131748e+06
282  1o0h   5.92  2.877239e+06
283  1u1b   7.80  3.957362e+06

Summary of the scoring power: ===================================
The regression equation: logKa = 0.00 + 2.52 * Score
Number of favorable sample (N) = 280
Pearson correlation coefficient (R) = 0.605
Standard deviation in fitting (SD) = 1.73
=================================================================

Template command for running the bootstrap in R program==========

rm(list=ls());
require(boot);
data_all<-read.table("X-Score_processed_score",header=TRUE);
aa<-c(1:nrow(data_all));

mycore<-function(x,indices)
{
data_1<-matrix(NA,280,2);
for(i in 1:280);
    {
        data_1[i,1]=data_all[x[indices][i],2];
        data_1[i,2]=data_all[x[indices][i],3];
    }
        data_2<-data.frame(data_1);
        names(data_2)<-c("a","b");
        cor(data_2$a,data_2$b);
};

data.boot<-boot(aa,mycore,R=10000,stype="i",sim="ordinary");
sink("X-Score-ci.results");
a<-boot.ci(data.boot,conf=0.9,type=c("bca"));
print(a);
sink();

=================================================================
