     code  logKa        score
1    4llx   2.89   424.961716
2    5c28   5.66   616.101933
3    3uuo   7.96   833.008387
4    3ui7   9.00  1008.908884
5    5c2h  11.09  1503.954314
6    2v00   3.66   683.143040
7    3wz8   5.82  1249.468079
8    3pww   7.32  1787.334799
9    3prs   7.82  1801.212954
10   3uri   9.00  1760.309528
11   4m0z   5.19  1248.064429
12   4m0y   6.46   802.438838
13   3qgy   7.80  1054.620781
14   4qd6   8.64   936.829486
15   4rfm  10.05  1322.328951
16   4cr9   4.10   609.305519
17   4cra   7.22  1293.404256
18   4x6p   8.30  1529.725568
19   4crc   8.72  1443.504368
20   4ty7   9.52  1382.000511
21   5aba   2.98   827.116112
22   5a7b   3.57  1201.536120
23   4agn   3.97   978.521901
24   4agp   4.69  1164.263313
25   4agq   5.01  1181.042355
26   3bgz   6.26  1042.633775
27   3jya   6.89   787.060712
28   2c3i   7.60  1120.730058
29   4k18   8.96  1172.182113
30   5dwr  11.22  1354.175804
31   3mss   4.66   797.540468
32   3k5v   6.30  1000.509680
33   3pyy   6.86  1052.479030
34   2v7a   8.30  1273.921996
35   4twp  10.00  1334.991921
36   3wtj   6.53   904.598542
37   3zdg   7.10   980.068073
38   3u8k   8.66  1012.221430
39   4qac   9.40  1257.328695
40   3u8n  10.17  1179.502998
41   1a30   4.30   917.359819
42   2qnq   6.11  1763.601714
43   1g2k   7.96  1893.724375
44   1eby   9.70  2075.025230
45   3o9i  11.82  1890.401188
46   4lzs   4.80   717.295955
47   3u5j   5.61   904.754435
48   4wiv   6.26   927.242998
49   4ogj   6.79   951.635373
50   3p5o   7.30  1102.960854
51   1ps3   2.28   689.493533
52   3dx1   3.58   515.326070
53   3d4z   4.89   685.078636
54   3dx2   6.82   689.340810
55   3ejr   8.57  1100.181326
56   3l7b   2.40   835.361286
57   4eky   3.52  1191.781446
58   3g2n   4.09   937.679799
59   3syr   5.10   867.642505
60   3ebp   5.91   929.527560
61   2w66   4.05   902.432241
62   2w4x   4.85   714.726649
63   2wca   5.60   927.901288
64   2xj7   6.66   927.928947
65   2vvn   7.30   988.890922
66   3aru   3.22   730.662329
67   3arv   5.64   767.547667
68   3ary   6.00   561.982963
69   3arq   6.40   965.044593
70   3arp   7.15  1319.225656
71   4ih5   4.11   654.218416
72   4ih7   5.24   890.457817
73   3cj4   6.51   940.319918
74   4eo8   8.15  1098.156462
75   3gnw   9.10  1516.026934
76   1gpk   5.37   964.617361
77   1gpn   6.48  1056.643864
78   1h23   8.35  1705.912858
79   1h22   9.10  1615.781760
80   1e66   9.89  1260.547758
81   3f3a   4.19   811.936857
82   3f3c   6.02   800.548099
83   4mme   6.50  1076.681668
84   3f3d   7.16   673.531840
85   3f3e   7.70   692.632473
86   2wbg   4.45  1062.976059
87   2cbv   5.48   651.146923
88   2j78   6.42   664.036001
89   2j7h   7.19   595.451550
90   2cet   8.02  1069.542893
91   3udh   2.85   658.637537
92   3rsx   4.41   678.871816
93   4djv   6.72  1156.908124
94   2vkm   8.74  2269.382821
95   4gid  10.77  2367.597913
96   4jfs   5.27   764.910242
97   4j28   5.70   692.879916
98   2wvt   6.12   675.982979
99   2xii   7.20  1140.420194
100  4pcs   7.85   687.686272
101  3rr4   4.55   870.518051
102  1s38   5.15   700.016495
103  1r5y   6.46   655.343886
104  3gc5   7.26   983.280695
105  3ge7   8.70  1340.680539
106  4dli   5.62  1099.621715
107  2zb1   6.32  1367.071514
108  4f9w   6.94  1215.997596
109  3e92   8.00  1495.469539
110  3e93   8.85  1864.196470
111  4owm   2.96   449.379801
112  3twp   3.92   423.137644
113  3r88   4.82   623.520610
114  4gkm   5.17   884.901112
115  3qqs   5.82   839.711174
116  3gv9   2.12   437.273585
117  3gr2   2.52   410.638497
118  4kz6   3.10   591.055114
119  4jxs   4.74   757.229784
120  2r9w   5.10   835.369868
121  2hb1   3.80   631.331638
122  1bzc   4.92  1053.502152
123  2qbr   6.33  1031.305355
124  2qbq   7.44  1116.700797
125  2qbp   8.40  1297.015248
126  1q8t   4.76   877.376025
127  1ydr   5.52  1003.767188
128  1q8u   5.96  1064.893160
129  1ydt   7.32  1350.449995
130  3ag9   8.05  1480.088777
131  3fcq   2.77   624.887548
132  1z9g   5.64   770.740374
133  1qf1   7.32  1198.276692
134  5tmn   8.04  1179.376451
135  4tmn  10.17  1423.359899
136  4ddk   2.29   618.496902
137  4ddh   3.32   775.497314
138  3ivg   4.30  1378.069066
139  3coz   5.57  1319.398739
140  3coy   6.02  1434.801341
141  3pxf   4.43   692.052013
142  4eor   6.30  1229.358677
143  2xnb   6.83  1209.406299
144  1pxn   7.15  1104.879435
145  2fvd   8.52  1204.729102
146  4k77   6.63   861.960657
147  4e5w   7.66  1398.280084
148  4ivb   8.72  1078.813341
149  4ivd   9.52  1212.374621
150  4ivc  10.00  1203.228111
151  4f09   6.70   931.938907
152  4gfm   7.22   840.019298
153  4hge   7.92  1129.182589
154  4e6q   8.36  1192.754249
155  4jia   9.22  1123.626190
156  2brb   4.86   997.591853
157  2br1   5.14  1058.828634
158  3jvr   5.72   859.655607
159  3jvs   6.54  1038.676708
160  1nvq   8.25  1452.492023
161  3acw   4.76  1192.286190
162  4ea2   6.44  1442.814683
163  2zcr   6.87  1315.183929
164  2zy1   7.40  1073.480502
165  2zcq   8.82  1031.254155
166  1bcu   3.28   615.072342
167  3bv9   5.36  1337.388262
168  1oyt   7.24  1213.903455
169  2zda   8.40  1265.149886
170  3utu  10.92  1683.354357
171  3u9q   4.38   897.619081
172  2yfe   6.63  1202.443613
173  3fur   8.00  1457.751671
174  3b1m   8.48  1547.720140
175  2p4y   9.00  1697.826634
176  3uo4   6.52  1226.037545
177  3up2   7.40  1125.620336
178  3e5a   8.23  1398.088953
179  2wtv   8.74  1304.602784
180  3myg  10.70  1209.771319
181  3kgp   2.57   518.722200
182  1c5z   4.01   539.883351
183  1o5b   5.77   703.819197
184  1owh   7.40   844.406870
185  1sqa   9.21  1040.432753
186  4jsz   2.30   407.303869
187  3kwa   4.08   905.750848
188  2weg   6.50   519.484161
189  3ryj   7.80   660.957649
190  3dd0   9.00   654.526117
191  2xdl   3.10   862.219364
192  3b27   5.16   697.883008
193  1yc1   6.17  1048.806622
194  3rlr   7.52  1014.028510
195  2yki   9.46  1621.135434
196  1z95   7.12  1407.719879
197  3b68   8.40  1601.012748
198  3b5r   8.77  1413.716075
199  3b65   9.27  1412.579997
200  3g0w   9.52  1289.653208
201  4u4s   2.92   736.273464
202  1p1q   4.89   713.192410
203  1syi   5.44   956.809060
204  1p1n   6.80   756.243891
205  2al5   8.40   779.386183
206  3g2z   2.36   348.612863
207  3g31   2.89   399.543161
208  4de2   4.12   857.545775
209  4de3   5.52   784.368470
210  4de1   5.96   797.550816
211  1vso   4.72   713.220972
212  4dld   5.82   863.654313
213  3gbb   6.90   936.167488
214  3fv2   8.11  1003.862740
215  3fv1   9.30  1132.198599
216  4mgd   4.69   987.020457
217  2qe4   7.96  1261.035457
218  1qkt   9.04  1113.914693
219  2pog   9.54  1121.391349
220  2p15  10.30  1707.048689
221  2y5h   5.79  1269.427098
222  1lpg   7.09  1654.231691
223  2xbv   8.43  1546.228186
224  1z6e   9.72  1399.762123
225  1mq6  11.15  1452.265002
226  1nc3   5.00  1018.208692
227  1nc1   6.12  1226.748783
228  1y6r  10.11  1178.667022
229  4f2w  11.30  1250.633277
230  4f3c  11.82  1491.409700
231  1uto   2.27   500.811064
232  4abg   3.57   695.634005
233  3gy4   5.10   536.800306
234  1k1i   6.58   989.442674
235  1o3f   7.96   939.175455
236  2yge   5.06  1151.204674
237  2fxs   6.06   855.996694
238  2iwx   6.68   930.517853
239  2wer   7.05   977.736843
240  2vw5   8.52  1296.452302
241  4kzq   6.10  1005.079344
242  4kzu   6.50  1066.427097
243  4j21   7.41  1051.305037
244  4j3l   7.80  1179.783985
245  3kr8   8.10  1130.962880
246  2ymd   3.16   859.117675
247  2wnc   6.32  1025.255370
248  2xys   7.42  1136.492493
249  2wn9   8.52   874.539221
250  2x00  11.33  1585.008684
251  3ozt   4.13  1391.688646
252  3ozs   5.33  1389.585973
253  3oe5   6.88  1441.665310
254  3oe4   7.47  1445.040810
255  3nw9   9.00  1726.166515
256  3ao4   2.07   845.911299
257  3zt2   2.84   931.175688
258  3zsx   3.28  1068.006456
259  4cig   3.67  1197.289882
260  3zso   5.12  1335.005887
261  3n7a   3.70   622.867930
262  4ciw   4.82   807.541373
263  3n86   5.64  1308.126993
264  3n76   6.85  1249.231664
265  2xb8   7.59  1156.365018
266  4bkt   3.62   703.613520
267  4w9c   4.65  1028.677351
268  4w9l   5.02  1432.979889
269  4w9i   5.96  1168.470139
270  4w9h   6.73  1297.262487
271  3nq9   4.03   504.987522
272  3ueu   5.24   889.232131
273  3uev   5.89  1041.536400
274  3uew   6.31  1087.747023
275  3uex   6.92  1258.606382
276  3lka   2.82   634.911655
277  3ehy   5.85   797.995770
278  3tsk   7.17  1547.698336
279  3nx7   8.10   814.086018
280  4gr0   9.55  1845.092533
281  3dxg   2.40   416.638788
282  3d6q   3.76   480.956984
283  1w4o   5.22   590.961518
284  1o0h   5.92   679.752327
285  1u1b   7.80  1019.858308

Summary of the scoring power: ===================================
The regression equation: logKa = 0.00 + 2.18 * Score
Number of favorable sample (N) = 285
Pearson correlation coefficient (R) = 0.658
Confidence interval of 90% Pearson R = [0.599 ~ 0.71] 
Standard deviation in fitting (SD) = 1.64
=================================================================

Template command for running the bootstrap in R program==========

rm(list=ls());
require(boot);
data_all<-read.table("X-Score_processed_score",header=TRUE);
aa<-c(1:nrow(data_all));

mycore<-function(x,indices)
{
data_1<-matrix(NA,285,2);
for(i in 1:285);
    {
        data_1[i,1]=data_all[x[indices][i],2];
        data_1[i,2]=data_all[x[indices][i],3];
    }
        data_2<-data.frame(data_1);
        names(data_2)<-c("a","b");
        cor(data_2$a,data_2$b);
};

data.boot<-boot(aa,mycore,R=10000,stype="i",sim="ordinary");
sink("X-Score-ci.results");
a<-boot.ci(data.boot,conf=0.9,type=c("bca"));
print(a);
sink();

=================================================================
