     code  logKa      score
1    4llx   2.89  27.181672
2    5c28   5.66  29.082843
3    3uuo   7.96  26.359049
4    3ui7   9.00  26.468875
5    5c2h  11.09  27.961229
6    2v00   3.66  25.254872
7    3wz8   5.82  25.695234
8    3pww   7.32  23.029243
9    3prs   7.82  25.197455
10   3uri   9.00  23.617548
11   4m0z   5.19  28.026107
12   4m0y   6.46  27.767953
13   3qgy   7.80  25.434955
14   4qd6   8.64  26.637080
15   4rfm  10.05  27.958501
16   4cr9   4.10  27.049784
17   4cra   7.22  24.164037
18   4x6p   8.30  26.200305
19   4crc   8.72  26.884043
20   4ty7   9.52  24.969342
21   5aba   2.98  23.824375
22   5a7b   3.57  23.800181
23   4agn   3.97  23.768280
24   4agp   4.69  23.695786
25   4agq   5.01  25.229608
26   3bgz   6.26  25.559352
27   3jya   6.89  26.604958
28   2c3i   7.60  25.272937
29   4k18   8.96  26.562866
30   5dwr  11.22  24.391976
31   3mss   4.66  23.542851
32   3k5v   6.30  25.149732
33   3pyy   6.86  26.271309
34   2v7a   8.30  25.932159
35   4twp  10.00  28.196174
36   3wtj   6.53  28.807674
37   3zdg   7.10  26.036414
38   3u8k   8.66  24.636382
39   4qac   9.40  26.947000
40   3u8n  10.17  25.825573
41   1a30   4.30  23.609654
42   2qnq   6.11  25.651708
43   1g2k   7.96  27.002968
44   1eby   9.70  25.610059
45   3o9i  11.82  27.358494
46   4lzs   4.80  26.987977
47   3u5j   5.61  25.827922
48   4wiv   6.26  25.424333
49   4ogj   6.79  26.410473
50   3p5o   7.30  26.335314
51   1ps3   2.28  22.588657
52   3dx1   3.58  23.813216
53   3d4z   4.89  24.287803
54   3dx2   6.82  24.586837
55   3ejr   8.57  25.907088
56   3l7b   2.40  24.683033
57   4eky   3.52  25.363432
58   3g2n   4.09  23.046981
59   3syr   5.10  22.736560
60   3ebp   5.91  25.353370
61   2w66   4.05  23.714460
62   2w4x   4.85  23.818175
63   2wca   5.60  25.071486
64   2xj7   6.66  23.680202
65   2vvn   7.30  23.701470
66   3aru   3.22  27.241966
67   3arv   5.64  27.288864
68   3ary   6.00  27.526413
69   3arq   6.40  23.651443
70   3arp   7.15  26.576955
71   4ih5   4.11  27.471018
72   4ih7   5.24  27.011032
73   3cj4   6.51  25.846456
74   4eo8   8.15  25.255750
75   3gnw   9.10  24.828695
76   1gpk   5.37  25.081647
77   1gpn   6.48  24.914374
78   1h23   8.35  24.522673
79   1h22   9.10  24.477195
80   1e66   9.89  26.791731
81   3f3a   4.19  23.305018
82   3f3c   6.02  23.010536
83   4mme   6.50  26.527061
84   3f3d   7.16  22.515329
85   3f3e   7.70  23.115079
86   2wbg   4.45  21.131705
87   2cbv   5.48  23.973412
88   2j78   6.42  23.832762
89   2j7h   7.19  24.713810
90   2cet   8.02  24.895655
91   3udh   2.85  23.771010
92   3rsx   4.41  27.034380
93   4djv   6.72  23.447471
94   2vkm   8.74  23.044637
95   4gid  10.77  25.240715
96   4jfs   5.27  26.204036
97   4j28   5.70  26.152490
98   2wvt   6.12  23.943941
99   2xii   7.20  26.723369
100  4pcs   7.85  25.473535
101  3rr4   4.55  25.528773
102  1s38   5.15  25.067958
103  1r5y   6.46  25.262047
104  3gc5   7.26  25.086283
105  3ge7   8.70  24.465052
106  4dli   5.62  26.423986
107  2zb1   6.32  26.761122
108  4f9w   6.94  25.684560
109  3e92   8.00  28.582923
110  3e93   8.85  26.308541
111  4owm   2.96  27.187608
112  3twp   3.92  25.945526
113  3r88   4.82  26.850575
114  4gkm   5.17  24.025255
115  3qqs   5.82  24.173290
116  3gv9   2.12  26.951267
117  3gr2   2.52  28.537476
118  4kz6   3.10  27.301876
119  4jxs   4.74  25.809861
120  2r9w   5.10  25.150304
121  2hb1   3.80  27.268370
122  1bzc   4.92  26.021920
123  2qbr   6.33  27.321921
124  2qbq   7.44  27.547700
125  2qbp   8.40  28.709078
126  1q8t   4.76  24.580692
127  1ydr   5.52  25.035718
128  1q8u   5.96  24.729964
129  1ydt   7.32  24.839410
130  3ag9   8.05  26.782203
131  3fcq   2.77  28.002364
132  1z9g   5.64  27.784334
133  1qf1   7.32  27.782512
134  5tmn   8.04  25.697324
135  4tmn  10.17  26.352336
136  4ddk   2.29  24.928883
137  4ddh   3.32  27.508734
138  3ivg   4.30  26.139561
139  3coz   5.57  24.770781
140  3coy   6.02  24.365417
141  3pxf   4.43  26.569199
142  4eor   6.30  27.487387
143  2xnb   6.83  27.179188
144  1pxn   7.15  27.805983
145  2fvd   8.52  27.887821
146  4k77   6.63  27.424139
147  4e5w   7.66  26.017536
148  4ivb   8.72  27.368916
149  4ivd   9.52  26.852735
150  4ivc  10.00  27.991997
151  4f09   6.70  25.349888
152  4gfm   7.22  27.639961
153  4hge   7.92  27.312609
154  4e6q   8.36  25.902961
155  4jia   9.22  25.532704
156  2brb   4.86  25.372716
157  2br1   5.14  25.026060
158  3jvr   5.72  28.023893
159  3jvs   6.54  26.535768
160  1nvq   8.25  22.578832
161  3acw   4.76  26.429103
162  4ea2   6.44  24.430823
163  2zcr   6.87  23.623915
164  2zy1   7.40  26.471107
165  2zcq   8.82  26.696148
166  1bcu   3.28  27.551173
167  3bv9   5.36  22.040881
168  1oyt   7.24  23.346917
169  2zda   8.40  23.895090
170  3utu  10.92  24.453606
171  3u9q   4.38  24.598249
172  2yfe   6.63  24.757469
173  3fur   8.00  26.396034
174  3b1m   8.48  24.702002
175  2p4y   9.00  24.703447
176  3uo4   6.52  27.557710
177  3up2   7.40  26.134265
178  3e5a   8.23  26.694814
179  2wtv   8.74  26.222810
180  3myg  10.70  28.302886
181  3kgp   2.57  24.301789
182  1c5z   4.01  23.933208
183  1o5b   5.77  24.049341
184  1owh   7.40  23.261432
185  1sqa   9.21  23.980685
186  4jsz   2.30  27.378740
187  3kwa   4.08  24.262321
188  2weg   6.50  26.094613
189  3ryj   7.80  24.304526
190  3dd0   9.00  26.627072
191  2xdl   3.10  26.279849
192  3b27   5.16  26.635667
193  1yc1   6.17  26.335299
194  3rlr   7.52  25.467527
195  2yki   9.46  26.417042
196  1z95   7.12  24.155884
197  3b68   8.40  23.576691
198  3b5r   8.77  24.704874
199  3b65   9.27  24.423551
200  3g0w   9.52  25.234335
201  4u4s   2.92  26.211625
202  1p1q   4.89  26.350462
203  1syi   5.44  25.796092
204  1p1n   6.80  25.108994
205  2al5   8.40  25.976419
206  3g2z   2.36  27.633456
207  3g31   2.89  25.298000
208  4de2   4.12  26.268670
209  4de3   5.52  26.661142
210  4de1   5.96  27.196262
211  1vso   4.72  25.445653
212  4dld   5.82  25.910819
213  3gbb   6.90  25.212291
214  3fv2   8.11  25.062263
215  3fv1   9.30  25.034314
216  4mgd   4.69  26.156439
217  2qe4   7.96  26.584427
218  1qkt   9.04  26.087386
219  2pog   9.54  25.910882
220  2p15  10.30  25.927643
221  2y5h   5.79  26.657644
222  1lpg   7.09  23.951466
223  2xbv   8.43  27.211127
224  1z6e   9.72  26.037234
225  1mq6  11.15  26.390385
226  1nc3   5.00  24.645951
227  1nc1   6.12  26.052013
228  1y6r  10.11  23.702233
229  4f2w  11.30  25.204072
230  4f3c  11.82  25.098657
231  1uto   2.27  24.453464
232  4abg   3.57  24.501979
233  3gy4   5.10  25.361849
234  1k1i   6.58  23.472799
235  1o3f   7.96  24.147612
236  2yge   5.06  27.053471
237  2fxs   6.06  26.438719
238  2iwx   6.68  25.573520
239  2wer   7.05  25.904746
240  2vw5   8.52  27.316220
241  4kzq   6.10  26.488343
242  4kzu   6.50  26.757933
243  4j21   7.41  26.557151
244  4j3l   7.80  26.585784
245  3kr8   8.10  26.935814
246  2ymd   3.16  25.058110
247  2wnc   6.32  25.871257
248  2xys   7.42  24.898804
249  2wn9   8.52  26.682678
250  2x00  11.33  25.976500
251  3ozt   4.13  25.475275
252  3ozs   5.33  24.736861
253  3oe5   6.88  26.242205
254  3oe4   7.47  26.152126
255  3nw9   9.00  26.497822
256  3ao4   2.07  25.616525
257  3zt2   2.84  26.332998
258  3zsx   3.28  26.672363
259  4cig   3.67  24.251422
260  3zso   5.12  26.697180
261  3n7a   3.70  27.280072
262  4ciw   4.82  25.578945
263  3n86   5.64  27.421636
264  3n76   6.85  26.757843
265  2xb8   7.59  27.619446
266  4bkt   3.62  25.694079
267  4w9c   4.65  26.799086
268  4w9l   5.02  26.267697
269  4w9i   5.96  26.340484
270  4w9h   6.73  26.447157
271  3nq9   4.03  25.045306
272  3ueu   5.24  25.093422
273  3uev   5.89  25.103006
274  3uew   6.31  25.023724
275  3uex   6.92  25.005387
276  3lka   2.82  26.410979
277  3ehy   5.85  23.417027
278  3tsk   7.17  25.460622
279  3nx7   8.10  23.365553
280  4gr0   9.55  23.106459
281  3dxg   2.40  23.971796
282  3d6q   3.76  24.705306
283  1w4o   5.22  24.875462
284  1o0h   5.92  23.710842
285  1u1b   7.80  23.997849

Summary of the scoring power: ===================================
The regression equation: logKa = 0.10 + 3.95 * Score
Number of favorable sample (N) = 285
Pearson correlation coefficient (R) = 0.065
Confidence interval of 90% Pearson R = [-0.033 ~ 0.161] 
Standard deviation in fitting (SD) = 2.17
=================================================================

Template command for running the bootstrap in R program==========

rm(list=ls());
require(boot);
data_all<-read.table("X-Score_processed_score",header=TRUE);
aa<-c(1:nrow(data_all));

mycore<-function(x,indices)
{
data_1<-matrix(NA,285,2);
for(i in 1:285);
    {
        data_1[i,1]=data_all[x[indices][i],2];
        data_1[i,2]=data_all[x[indices][i],3];
    }
        data_2<-data.frame(data_1);
        names(data_2)<-c("a","b");
        cor(data_2$a,data_2$b);
};

data.boot<-boot(aa,mycore,R=10000,stype="i",sim="ordinary");
sink("X-Score-ci.results");
a<-boot.ci(data.boot,conf=0.9,type=c("bca"));
print(a);
sink();

=================================================================
