     code  logKa       score
1    4llx   2.89   17.704474
2    5c28   5.66   22.881885
3    3uuo   7.96   42.877203
4    3ui7   9.00   50.377998
5    5c2h  11.09   63.404417
6    2v00   3.66   31.577484
7    3wz8   5.82   73.147042
8    3pww   7.32   92.417887
9    3prs   7.82   84.449731
10   3uri   9.00   55.809191
11   4m0z   5.19   40.599006
12   4m0y   6.46   38.490334
13   3qgy   7.80   65.968040
14   4qd6   8.64   82.607747
15   4rfm  10.05   59.640920
16   4cr9   4.10   24.343947
17   4cra   7.22   74.666156
18   4x6p   8.30   78.514040
19   4crc   8.72   77.981296
20   4ty7   9.52   62.791543
21   5aba   2.98   47.431194
22   5a7b   3.57   77.023079
23   4agn   3.97   48.453811
24   4agp   4.69   71.042048
25   4agq   5.01   64.590416
26   3bgz   6.26   64.166692
27   3jya   6.89   30.411583
28   2c3i   7.60   57.693595
29   4k18   8.96   74.296276
30   5dwr  11.22   79.768914
31   3mss   4.66   45.576916
32   3k5v   6.30   64.626389
33   3pyy   6.86   57.476081
34   2v7a   8.30   66.026178
35   4twp  10.00   68.852530
36   3wtj   6.53   30.879358
37   3zdg   7.10   21.888658
38   3u8k   8.66   20.811588
39   4qac   9.40   67.544265
40   3u8n  10.17   22.232019
41   1a30   4.30    7.794606
42   2qnq   6.11  102.693751
43   1g2k   7.96  104.435096
44   1eby   9.70   92.887197
45   3o9i  11.82   83.872830
46   4lzs   4.80   22.130512
47   3u5j   5.61   55.362496
48   4wiv   6.26   72.717482
49   4ogj   6.79   78.975493
50   3p5o   7.30   60.400126
51   1ps3   2.28    2.024385
52   3dx1   3.58    1.108518
53   3d4z   4.89    2.446483
54   3dx2   6.82    8.326729
55   3ejr   8.57   37.834416
56   3l7b   2.40   23.239795
57   4eky   3.52   18.627032
58   3g2n   4.09   25.768299
59   3syr   5.10   16.988361
60   3ebp   5.91   54.659411
61   2w66   4.05    6.954234
62   2w4x   4.85   12.835406
63   2wca   5.60   39.943098
64   2xj7   6.66   16.839485
65   2vvn   7.30   13.734379
66   3aru   3.22   25.796611
67   3arv   5.64   62.993898
68   3ary   6.00   18.660928
69   3arq   6.40   42.134413
70   3arp   7.15   78.236830
71   4ih5   4.11   35.779011
72   4ih7   5.24   42.991046
73   3cj4   6.51   36.050008
74   4eo8   8.15   36.849048
75   3gnw   9.10   87.678825
76   1gpk   5.37   22.870082
77   1h23   8.35   64.429650
78   1h22   9.10   59.326037
79   3f3a   4.19   15.625521
80   3f3c   6.02   21.010609
81   4mme   6.50   48.343070
82   3f3d   7.16    9.736124
83   3f3e   7.70    6.565512
84   2wbg   4.45   33.719270
85   2cbv   5.48    8.361296
86   2j78   6.42    3.402378
87   2j7h   7.19    1.581660
88   2cet   8.02   25.209758
89   3udh   2.85   23.747954
90   3rsx   4.41   34.070503
91   4djv   6.72   75.907189
92   2vkm   8.74  100.771500
93   4gid  10.77   92.399389
94   4jfs   5.27   30.581141
95   4j28   5.70   16.066795
96   2wvt   6.12    0.217581
97   2xii   7.20   43.345153
98   4pcs   7.85   28.897711
99   3rr4   4.55   17.759321
100  1s38   5.15   25.069395
101  1r5y   6.46   14.411373
102  3gc5   7.26   16.444573
103  3ge7   8.70   34.623132
104  4dli   5.62   46.263388
105  2zb1   6.32   68.067188
106  4f9w   6.94   65.223916
107  3e92   8.00   67.792903
108  3e93   8.85   74.458743
109  4owm   2.96   18.094725
110  3twp   3.92   17.043683
111  3r88   4.82   17.339691
112  4gkm   5.17   32.578676
113  3qqs   5.82   30.090414
114  3gv9   2.12    5.446153
115  3gr2   2.52   21.374588
116  4kz6   3.10   20.695119
117  4jxs   4.74   23.758276
118  2r9w   5.10   53.682701
119  2hb1   3.80    4.070621
120  1bzc   4.92   48.414328
121  2qbr   6.33   43.277335
122  2qbq   7.44   35.955739
123  2qbp   8.40   56.361488
124  1q8t   4.76   30.641252
125  1ydr   5.52   38.078600
126  1q8u   5.96   46.668334
127  1ydt   7.32   59.929139
128  3ag9   8.05   30.856383
129  3fcq   2.77   28.828653
130  1z9g   5.64   29.584425
131  1qf1   7.32   42.321666
132  5tmn   8.04   50.512965
133  4tmn  10.17   62.608099
134  4ddk   2.29   22.560695
135  4ddh   3.32   19.987058
136  3ivg   4.30   44.923384
137  3coz   5.57   27.754636
138  3coy   6.02   26.663634
139  3pxf   4.43   58.337477
140  4eor   6.30   57.519690
141  2xnb   6.83   38.780610
142  1pxn   7.15   31.129566
143  2fvd   8.52   66.531142
144  4k77   6.63   31.050244
145  4e5w   7.66   41.022961
146  4ivb   8.72   37.765370
147  4ivd   9.52   45.081426
148  4ivc  10.00   41.951657
149  4f09   6.70   27.756241
150  4gfm   7.22   39.188030
151  4hge   7.92   40.527215
152  4e6q   8.36   50.345277
153  4jia   9.22   75.981891
154  2brb   4.86   60.487291
155  2br1   5.14   63.533698
156  3jvr   5.72   48.146983
157  3jvs   6.54   62.244334
158  1nvq   8.25   62.954405
159  3acw   4.76   65.868980
160  4ea2   6.44   63.889467
161  2zcr   6.87   76.311264
162  2zy1   7.40   50.889386
163  2zcq   8.82   62.743590
164  1bcu   3.28   28.092989
165  3bv9   5.36   47.980989
166  1oyt   7.24   56.571924
167  2zda   8.40   43.606765
168  3utu  10.92   74.295170
169  3u9q   4.38   21.853971
170  2yfe   6.63   61.922355
171  3fur   8.00   74.584346
172  3b1m   8.48   80.147079
173  2p4y   9.00   92.636703
174  3uo4   6.52   70.885308
175  3up2   7.40   66.674037
176  3e5a   8.23   65.009417
177  2wtv   8.74   82.256077
178  3myg  10.70   35.736712
179  3kgp   2.57   15.694822
180  1c5z   4.01   13.298756
181  1o5b   5.77   15.676803
182  1owh   7.40   42.482521
183  1sqa   9.21   45.506530
184  4jsz   2.30   19.637943
185  3kwa   4.08   14.007958
186  2weg   6.50   30.230003
187  3ryj   7.80   41.135393
188  3dd0   9.00   25.419608
189  2xdl   3.10   28.916594
190  3b27   5.16   39.788677
191  1yc1   6.17   45.733658
192  3rlr   7.52   58.537118
193  2yki   9.46   73.523743
194  1z95   7.12   75.164031
195  3b68   8.40   66.728017
196  3b5r   8.77   79.513235
197  3b65   9.27   61.469115
198  3g0w   9.52   69.986492
199  4u4s   2.92   18.288384
200  1p1q   4.89    4.459286
201  1syi   5.44    6.397077
202  1p1n   6.80    3.963281
203  2al5   8.40    8.298637
204  3g2z   2.36   16.436282
205  3g31   2.89   22.978593
206  4de2   4.12   45.401618
207  4de3   5.52   41.887919
208  4de1   5.96   38.190210
209  1vso   4.72   22.626810
210  4dld   5.82   16.688237
211  3gbb   6.90   11.148824
212  3fv2   8.11    4.384742
213  3fv1   9.30    3.886211
214  4mgd   4.69   47.414086
215  2qe4   7.96   55.436975
216  1qkt   9.04   52.202648
217  2pog   9.54   53.970642
218  2p15  10.30   99.040874
219  2y5h   5.79   33.260978
220  1lpg   7.09   73.585744
221  2xbv   8.43   72.415341
222  1z6e   9.72   63.702611
223  1mq6  11.15   59.888804
224  1nc3   5.00    7.306616
225  1nc1   6.12   30.697975
226  1y6r  10.11   20.754566
227  4f2w  11.30   30.021242
228  4f3c  11.82   40.443694
229  1uto   2.27   20.590581
230  4abg   3.57   27.331166
231  3gy4   5.10    7.002941
232  1k1i   6.58   54.385374
233  1o3f   7.96   48.617316
234  2yge   5.06   60.643254
235  2fxs   6.06   39.142256
236  2iwx   6.68   44.730024
237  2wer   7.05   50.233916
238  2vw5   8.52   72.534735
239  4kzq   6.10   47.492447
240  4kzu   6.50   52.894508
241  4j21   7.41   44.579087
242  4j3l   7.80   52.385426
243  3kr8   8.10   49.122435
244  2ymd   3.16   17.338985
245  2wnc   6.32   46.464719
246  2xys   7.42   49.216360
247  2wn9   8.52   40.786509
248  2x00  11.33   61.727451
249  3ozt   4.13   42.637116
250  3ozs   5.33   43.044957
251  3oe5   6.88   43.408516
252  3oe4   7.47   33.477312
253  3nw9   9.00   65.749540
254  3ao4   2.07   32.273541
255  3zt2   2.84   50.641247
256  3zsx   3.28   77.828825
257  4cig   3.67   83.939520
258  3zso   5.12  102.258509
259  3n7a   3.70    8.862988
260  4ciw   4.82    5.778884
261  3n86   5.64   23.739161
262  3n76   6.85   36.478034
263  2xb8   7.59   26.731045
264  4bkt   3.62   16.406739
265  4w9c   4.65   34.138109
266  4w9l   5.02   52.596587
267  4w9i   5.96   41.437898
268  4w9h   6.73   44.610216
269  3nq9   4.03   20.016072
270  3ueu   5.24   28.245883
271  3uev   5.89   33.755265
272  3uew   6.31   37.684011
273  3uex   6.92   44.059258
274  3lka   2.82   26.561848
275  3ehy   5.85   24.331927
276  3tsk   7.17   56.413399
277  3nx7   8.10   29.963979
278  4gr0   9.55   85.695116
279  3dxg   2.40   22.010436
280  3d6q   3.76   29.227740
281  1w4o   5.22   22.258809
282  1o0h   5.92   23.946250
283  1u1b   7.80   58.110768

Summary of the scoring power: ===================================
The regression equation: logKa = 0.04 + 4.58 * Score
Number of favorable sample (N) = 283
Pearson correlation coefficient (R) = 0.482
Standard deviation in fitting (SD) = 1.90
=================================================================

Template command for running the bootstrap in R program==========

rm(list=ls());
require(boot);
data_all<-read.table("X-Score_processed_score",header=TRUE);
aa<-c(1:nrow(data_all));

mycore<-function(x,indices)
{
data_1<-matrix(NA,283,2);
for(i in 1:283);
    {
        data_1[i,1]=data_all[x[indices][i],2];
        data_1[i,2]=data_all[x[indices][i],3];
    }
        data_2<-data.frame(data_1);
        names(data_2)<-c("a","b");
        cor(data_2$a,data_2$b);
};

data.boot<-boot(aa,mycore,R=10000,stype="i",sim="ordinary");
sink("X-Score-ci.results");
a<-boot.ci(data.boot,conf=0.9,type=c("bca"));
print(a);
sink();

=================================================================
