     code  logKa       score
1    4llx   2.89   38.400795
2    5c28   5.66   53.813879
3    3uuo   7.96   73.196503
4    3ui7   9.00   86.026500
5    5c2h  11.09  102.086671
6    2v00   3.66   44.338528
7    3wz8   5.82   89.856985
8    3pww   7.32  111.500766
9    3prs   7.82   99.542504
10   3uri   9.00   83.121481
11   4m0z   5.19   90.504637
12   4m0y   6.46   46.574692
13   3qgy   7.80   90.485041
14   4qd6   8.64   92.945385
15   4rfm  10.05   78.452679
16   4cr9   4.10   34.338176
17   4cra   7.22   73.980945
18   4x6p   8.30   78.280946
19   4crc   8.72   74.875252
20   4ty7   9.52   72.710655
21   5aba   2.98   47.035155
22   5a7b   3.57   77.077653
23   4agn   3.97   51.406723
24   4agp   4.69   70.752496
25   4agq   5.01   65.438209
26   3bgz   6.26  126.587546
27   3jya   6.89   65.025819
28   2c3i   7.60  103.594865
29   4k18   8.96  103.547040
30   5dwr  11.22  124.026869
31   3mss   4.66   86.038485
32   3k5v   6.30  102.049587
33   3pyy   6.86   92.243459
34   2v7a   8.30   62.916585
35   4twp  10.00  109.010759
36   3wtj   6.53   66.373473
37   3zdg   7.10   51.250152
38   3u8k   8.66   42.436526
39   4qac   9.40  149.444528
40   3u8n  10.17   51.403960
41   1a30   4.30   42.359106
42   2qnq   6.11  133.192827
43   1g2k   7.96  129.747836
44   1eby   9.70  133.528530
45   3o9i  11.82  104.729453
46   4lzs   4.80   43.564794
47   3u5j   5.61   81.599657
48   4wiv   6.26  100.506885
49   4ogj   6.79   97.213689
50   3p5o   7.30   84.034134
51   1ps3   2.28   14.282778
52   3dx1   3.58   23.221212
53   3d4z   4.89   13.646554
54   3dx2   6.82   40.711490
55   3ejr   8.57   54.915350
56   3l7b   2.40   21.743739
57   4eky   3.52   30.729390
58   3g2n   4.09   30.363305
59   3syr   5.10   18.519473
60   3ebp   5.91   83.790426
61   2w66   4.05   16.748196
62   2w4x   4.85   24.303522
63   2wca   5.60   57.491064
64   2xj7   6.66   28.759181
65   2vvn   7.30   26.123154
66   3aru   3.22   33.419852
67   3arv   5.64   83.662324
68   3ary   6.00   30.881314
69   3arq   6.40   45.343474
70   3arp   7.15  124.051449
71   4ih5   4.11   61.991508
72   4ih7   5.24   69.780868
73   3cj4   6.51   75.043596
74   4eo8   8.15   83.274972
75   3gnw   9.10  105.775906
76   1gpk   5.37   45.468514
77   1h23   8.35  115.476894
78   1h22   9.10  100.905320
79   3f3a   4.19   53.671513
80   3f3c   6.02   59.506571
81   4mme   6.50   84.483482
82   3f3d   7.16   47.453264
83   3f3e   7.70   51.149699
84   2wbg   4.45   61.553378
85   2cbv   5.48   24.877758
86   2j78   6.42   18.473482
87   2j7h   7.19   12.723050
88   2cet   8.02   41.468014
89   3udh   2.85   47.258987
90   3rsx   4.41   50.951460
91   4djv   6.72  101.240046
92   2vkm   8.74  121.705683
93   4gid  10.77  115.128507
94   4jfs   5.27   50.723840
95   4j28   5.70   38.194182
96   2wvt   6.12   15.048485
97   2xii   7.20   55.189420
98   4pcs   7.85   55.386629
99   3rr4   4.55   39.426101
100  1s38   5.15   51.660609
101  1r5y   6.46   40.506492
102  3gc5   7.26   47.765144
103  3ge7   8.70   66.407008
104  4dli   5.62   84.076909
105  2zb1   6.32  109.907466
106  4f9w   6.94  105.368109
107  3e92   8.00  120.570665
108  3e93   8.85  121.789748
109  4owm   2.96   35.401746
110  3twp   3.92   31.181588
111  3r88   4.82   33.078800
112  4gkm   5.17   62.773190
113  3qqs   5.82   58.083063
114  3gv9   2.12   18.328840
115  3gr2   2.52   22.818806
116  4kz6   3.10   31.705132
117  4jxs   4.74   40.409057
118  2r9w   5.10   66.403626
119  2hb1   3.80   40.997374
120  1bzc   4.92   87.142046
121  2qbr   6.33   79.901876
122  2qbq   7.44   77.408804
123  2qbp   8.40   87.943283
124  1q8t   4.76   38.576913
125  1ydr   5.52   69.238940
126  1q8u   5.96   75.306278
127  1ydt   7.32   84.833719
128  3ag9   8.05   58.341943
129  3fcq   2.77   40.429022
130  1z9g   5.64   52.787369
131  1qf1   7.32   79.302351
132  5tmn   8.04   83.527426
133  4tmn  10.17   88.298856
134  4ddk   2.29   39.706763
135  4ddh   3.32   36.693000
136  3ivg   4.30   77.289453
137  3coz   5.57   44.749186
138  3coy   6.02   44.919514
139  3pxf   4.43   91.367763
140  4eor   6.30   79.393049
141  2xnb   6.83   61.455853
142  1pxn   7.15   55.227700
143  2fvd   8.52   85.203715
144  4k77   6.63   38.179890
145  4e5w   7.66   52.071259
146  4ivb   8.72   49.940455
147  4ivd   9.52   56.441747
148  4ivc  10.00   54.171114
149  4f09   6.70   42.914330
150  4gfm   7.22   43.607282
151  4hge   7.92   43.964706
152  4e6q   8.36   56.539336
153  4jia   9.22   98.102022
154  2brb   4.86   78.478110
155  2br1   5.14   76.094768
156  3jvr   5.72   68.713873
157  3jvs   6.54   72.786552
158  1nvq   8.25   91.086901
159  3acw   4.76  120.154644
160  4ea2   6.44  105.600354
161  2zcr   6.87  131.705566
162  2zy1   7.40   91.849963
163  2zcq   8.82   95.427538
164  1bcu   3.28   31.468107
165  3bv9   5.36   70.160329
166  1oyt   7.24   78.307004
167  2zda   8.40   76.520935
168  3utu  10.92   96.283110
169  3u9q   4.38   78.186403
170  2yfe   6.63  108.166514
171  3fur   8.00  139.875815
172  3b1m   8.48  134.356393
173  2p4y   9.00  163.319556
174  3uo4   6.52   95.225149
175  3up2   7.40   95.211430
176  3e5a   8.23   93.888854
177  2wtv   8.74  110.356090
178  3myg  10.70   49.341050
179  3kgp   2.57   26.796605
180  1c5z   4.01   29.095076
181  1o5b   5.77   32.592753
182  1owh   7.40   46.508041
183  1sqa   9.21   52.211300
184  4jsz   2.30    8.573931
185  3kwa   4.08   30.990741
186  2weg   6.50   45.882333
187  3ryj   7.80   58.395660
188  3dd0   9.00   39.511143
189  2xdl   3.10   35.434707
190  3b27   5.16   61.167802
191  1yc1   6.17   51.546995
192  3rlr   7.52   81.021496
193  2yki   9.46  139.096034
194  1z95   7.12  148.800304
195  3b68   8.40  134.656795
196  3b5r   8.77  159.523173
197  3b65   9.27  134.836389
198  3g0w   9.52  129.146943
199  4u4s   2.92   22.159231
200  1p1q   4.89   29.451127
201  1syi   5.44   28.741856
202  1p1n   6.80   28.706138
203  2al5   8.40   28.541366
204  3g2z   2.36   16.656272
205  3g31   2.89   34.533316
206  4de2   4.12   31.638238
207  4de3   5.52   30.535784
208  4de1   5.96   27.815885
209  1vso   4.72   41.295309
210  4dld   5.82   50.701979
211  3gbb   6.90   37.701537
212  3fv2   8.11   30.480928
213  3fv1   9.30   30.129009
214  4mgd   4.69  108.358897
215  2qe4   7.96  106.037703
216  1qkt   9.04  103.944822
217  2pog   9.54  117.102541
218  2p15  10.30  200.366877
219  2y5h   5.79   37.919046
220  1lpg   7.09   91.638408
221  2xbv   8.43   92.640126
222  1z6e   9.72   72.649659
223  1mq6  11.15   83.060473
224  1nc3   5.00   20.391517
225  1nc1   6.12   74.105213
226  1y6r  10.11   60.354540
227  4f2w  11.30   74.235662
228  4f3c  11.82  101.340273
229  1uto   2.27   23.561546
230  4abg   3.57   28.791017
231  3gy4   5.10   27.694014
232  1k1i   6.58   50.358790
233  1o3f   7.96   59.013054
234  2yge   5.06   47.672810
235  2fxs   6.06   38.046138
236  2iwx   6.68   46.008506
237  2wer   7.05   50.738672
238  2vw5   8.52   69.879743
239  4kzq   6.10   77.278624
240  4kzu   6.50   90.318535
241  4j21   7.41   81.322722
242  4j3l   7.80   91.947542
243  3kr8   8.10   71.983388
244  2ymd   3.16   49.575021
245  2wnc   6.32   80.729778
246  2xys   7.42   79.990558
247  2wn9   8.52   55.028239
248  2x00  11.33   91.171888
249  3ozt   4.13   60.628703
250  3ozs   5.33   62.298484
251  3oe5   6.88   66.412148
252  3oe4   7.47   50.465773
253  3nw9   9.00   89.746315
254  3ao4   2.07   46.040382
255  3zt2   2.84   69.052225
256  3zsx   3.28   76.656064
257  4cig   3.67   72.740938
258  3zso   5.12   89.435507
259  3n7a   3.70   29.059891
260  4ciw   4.82   25.187495
261  3n86   5.64   52.031544
262  3n76   6.85   68.461969
263  2xb8   7.59   58.621703
264  4bkt   3.62   26.389115
265  4w9c   4.65   54.368247
266  4w9l   5.02   73.113249
267  4w9i   5.96   57.192448
268  4w9h   6.73   65.046357
269  3nq9   4.03   59.234652
270  3ueu   5.24  104.582844
271  3uev   5.89  117.277935
272  3uew   6.31  124.932045
273  3uex   6.92  146.183256
274  3lka   2.82   34.359692
275  3ehy   5.85   37.542458
276  3tsk   7.17   80.509615
277  3nx7   8.10   40.209734
278  4gr0   9.55  100.475821
279  3dxg   2.40   20.339409
280  3d6q   3.76   18.968424
281  1w4o   5.22   21.466104
282  1o0h   5.92   25.270116
283  1u1b   7.80   43.679411

Summary of the scoring power: ===================================
The regression equation: logKa = 0.03 + 4.13 * Score
Number of favorable sample (N) = 283
Pearson correlation coefficient (R) = 0.539
Standard deviation in fitting (SD) = 1.83
=================================================================

Template command for running the bootstrap in R program==========

rm(list=ls());
require(boot);
data_all<-read.table("X-Score_processed_score",header=TRUE);
aa<-c(1:nrow(data_all));

mycore<-function(x,indices)
{
data_1<-matrix(NA,283,2);
for(i in 1:283);
    {
        data_1[i,1]=data_all[x[indices][i],2];
        data_1[i,2]=data_all[x[indices][i],3];
    }
        data_2<-data.frame(data_1);
        names(data_2)<-c("a","b");
        cor(data_2$a,data_2$b);
};

data.boot<-boot(aa,mycore,R=10000,stype="i",sim="ordinary");
sink("X-Score-ci.results");
a<-boot.ci(data.boot,conf=0.9,type=c("bca"));
print(a);
sink();

=================================================================
