     code  logKa       score
1    4llx   2.89  158.737742
2    5c28   5.66  225.586232
3    3uuo   7.96  308.477010
4    3ui7   9.00  364.077653
5    5c2h  11.09  434.669666
6    2v00   3.66  186.572488
7    3wz8   5.82  382.649409
8    3pww   7.32  475.614709
9    3prs   7.82  425.222090
10   3uri   9.00  351.798628
11   4m0z   5.19  385.884884
12   4m0y   6.46  194.926637
13   3qgy   7.80  384.665843
14   4qd6   8.64  394.457500
15   4rfm  10.05  329.944917
16   4cr9   4.10  142.480124
17   4cra   7.22  314.397607
18   4x6p   8.30  332.511307
19   4crc   8.72  317.710532
20   4ty7   9.52  310.610512
21   5aba   2.98  194.146223
22   5a7b   3.57  324.594417
23   4agn   3.97  213.190104
24   4agp   4.69  297.207091
25   4agq   5.01  274.106325
26   3bgz   6.26  540.625952
27   3jya   6.89  274.299751
28   2c3i   7.60  441.404478
29   4k18   8.96  441.650577
30   5dwr  11.22  530.185552
31   3mss   4.66  365.003762
32   3k5v   6.30  434.192823
33   3pyy   6.86  392.362596
34   2v7a   8.30  265.571064
35   4twp  10.00  465.296709
36   3wtj   6.53  279.972029
37   3zdg   7.10  215.130504
38   3u8k   8.66  177.571878
39   4qac   9.40  637.363676
40   3u8n  10.17  216.249226
41   1a30   4.30  175.890265
42   2qnq   6.11  570.863319
43   1g2k   7.96  556.648265
44   1eby   9.70  572.328272
45   3o9i  11.82  447.661579
46   4lzs   4.80  181.200150
47   3u5j   5.61  346.125253
48   4wiv   6.26  428.065337
49   4ogj   6.79  412.047403
50   3p5o   7.30  357.206574
51   1ps3   2.28   58.299860
52   3dx1   3.58   97.995473
53   3d4z   4.89   54.987933
54   3dx2   6.82  172.926757
55   3ejr   8.57  232.881113
56   3l7b   2.40   88.713687
57   4eky   3.52  127.982970
58   3g2n   4.09  125.824126
59   3syr   5.10   74.724166
60   3ebp   5.91  354.055083
61   2w66   4.05   65.480755
62   2w4x   4.85   98.386779
63   2wca   5.60  242.693892
64   2xj7   6.66  117.816371
65   2vvn   7.30  106.928697
66   3aru   3.22  136.961281
67   3arv   5.64  353.123691
68   3ary   6.00  125.612743
69   3arq   6.40  188.348182
70   3arp   7.15  529.744699
71   4ih5   4.11  260.997058
72   4ih7   5.24  295.138089
73   3cj4   6.51  317.961096
74   4eo8   8.15  353.611211
75   3gnw   9.10  451.428748
76   1gpk   5.37  190.540148
77   1h23   8.35  493.250667
78   1h22   9.10  430.164754
79   3f3a   4.19  225.711273
80   3f3c   6.02  253.274331
81   4mme   6.50  358.448479
82   3f3d   7.16  201.383796
83   3f3e   7.70  217.282097
84   2wbg   4.45  261.453667
85   2cbv   5.48  103.084858
86   2j78   6.42   75.156751
87   2j7h   7.19   50.497964
88   2cet   8.02  174.968629
89   3udh   2.85  197.343270
90   3rsx   4.41  213.822832
91   4djv   6.72  430.649878
92   2vkm   8.74  520.470656
93   4gid  10.77  493.021381
94   4jfs   5.27  214.361172
95   4j28   5.70  160.384379
96   2wvt   6.12   61.301220
97   2xii   7.20  235.701227
98   4pcs   7.85  234.654825
99   3rr4   4.55  163.914200
100  1s38   5.15  217.767610
101  1r5y   6.46  170.339330
102  3gc5   7.26  201.315328
103  3ge7   8.70  282.475230
104  4dli   5.62  355.304182
105  2zb1   6.32  469.207659
106  4f9w   6.94  449.781420
107  3e92   8.00  515.087579
108  3e93   8.85  520.812883
109  4owm   2.96  145.714471
110  3twp   3.92  128.160237
111  3r88   4.82  136.162642
112  4gkm   5.17  264.619506
113  3qqs   5.82  244.548126
114  3gv9   2.12   72.757492
115  3gr2   2.52   92.685286
116  4kz6   3.10  130.307275
117  4jxs   4.74  167.907893
118  2r9w   5.10  280.919771
119  2hb1   3.80  169.927905
120  1bzc   4.92  368.995346
121  2qbr   6.33  338.134872
122  2qbq   7.44  327.166628
123  2qbp   8.40  373.075984
124  1q8t   4.76  160.104835
125  1ydr   5.52  292.509384
126  1q8u   5.96  318.769048
127  1ydt   7.32  360.891043
128  3ag9   8.05  241.319360
129  3fcq   2.77  168.930716
130  1z9g   5.64  223.347983
131  1qf1   7.32  338.520233
132  5tmn   8.04  356.175116
133  4tmn  10.17  376.713024
134  4ddk   2.29  165.370228
135  4ddh   3.32  152.241067
136  3ivg   4.30  327.879699
137  3coz   5.57  189.121489
138  3coy   6.02  189.836771
139  3pxf   4.43  388.738110
140  4eor   6.30  336.727358
141  2xnb   6.83  259.197162
142  1pxn   7.15  232.266114
143  2fvd   8.52  362.018740
144  4k77   6.63  158.436869
145  4e5w   7.66  218.531650
146  4ivb   8.72  209.423358
147  4ivd   9.52  237.711408
148  4ivc  10.00  227.539948
149  4f09   6.70  178.522666
150  4gfm   7.22  182.311882
151  4hge   7.92  183.939526
152  4e6q   8.36  238.147221
153  4jia   9.22  416.765539
154  2brb   4.86  333.064370
155  2br1   5.14  322.714916
156  3jvr   5.72  291.088283
157  3jvs   6.54  308.968967
158  1nvq   8.25  387.658844
159  3acw   4.76  512.403499
160  4ea2   6.44  449.681287
161  2zcr   6.87  563.270708
162  2zy1   7.40  390.755259
163  2zcq   8.82  405.948483
164  1bcu   3.28  130.069420
165  3bv9   5.36  296.754105
166  1oyt   7.24  335.236843
167  2zda   8.40  327.120980
168  3utu  10.92  414.208133
169  3u9q   4.38  331.149108
170  2yfe   6.63  461.129441
171  3fur   8.00  598.078427
172  3b1m   8.48  574.017268
173  2p4y   9.00  699.624436
174  3uo4   6.52  405.319037
175  3up2   7.40  405.085789
176  3e5a   8.23  399.068326
177  2wtv   8.74  470.974069
178  3myg  10.70  206.826208
179  3kgp   2.57  110.069156
180  1c5z   4.01  122.061467
181  1o5b   5.77  136.352737
182  1owh   7.40  196.913847
183  1sqa   9.21  223.000723
184  4jsz   2.30   25.812572
185  3kwa   4.08  128.819323
186  2weg   6.50  194.785923
187  3ryj   7.80  246.749362
188  3dd0   9.00  166.944600
189  2xdl   3.10  146.966887
190  3b27   5.16  258.559694
191  1yc1   6.17  215.312173
192  3rlr   7.52  344.193183
193  2yki   9.46  592.916130
194  1z95   7.12  636.024042
195  3b68   8.40  573.978926
196  3b5r   8.77  682.104023
197  3b65   9.27  575.218864
198  3g0w   9.52  551.423989
199  4u4s   2.92   88.749931
200  1p1q   4.89  121.780980
201  1syi   5.44  119.038322
202  1p1n   6.80  117.659551
203  2al5   8.40  118.033921
204  3g2z   2.36   65.683780
205  3g31   2.89  142.218775
206  4de2   4.12  129.159802
207  4de3   5.52  124.733709
208  4de1   5.96  112.180393
209  1vso   4.72  173.395507
210  4dld   5.82  214.398896
211  3gbb   6.90  157.553360
212  3fv2   8.11  127.343697
213  3fv1   9.30  125.814913
214  4mgd   4.69  461.925956
215  2qe4   7.96  452.604167
216  1qkt   9.04  443.324825
217  2pog   9.54  500.676669
218  2p15  10.30  859.952582
219  2y5h   5.79  158.279486
220  1lpg   7.09  393.579795
221  2xbv   8.43  394.251883
222  1z6e   9.72  307.619479
223  1mq6  11.15  352.805252
224  1nc3   5.00   82.780396
225  1nc1   6.12  314.710934
226  1y6r  10.11  255.268195
227  4f2w  11.30  314.556589
228  4f3c  11.82  431.761831
229  1uto   2.27   96.582305
230  4abg   3.57  119.168818
231  3gy4   5.10  116.343688
232  1k1i   6.58  210.561917
233  1o3f   7.96  253.002499
234  2yge   5.06  196.922674
235  2fxs   6.06  156.640211
236  2iwx   6.68  191.168896
237  2wer   7.05  212.733842
238  2vw5   8.52  294.763772
239  4kzq   6.10  327.323010
240  4kzu   6.50  383.971529
241  4j21   7.41  345.209021
242  4j3l   7.80  391.242336
243  3kr8   8.10  304.551696
244  2ymd   3.16  208.868909
245  2wnc   6.32  342.635881
246  2xys   7.42  339.242002
247  2wn9   8.52  231.532866
248  2x00  11.33  387.555691
249  3ozt   4.13  257.163841
250  3ozs   5.33  263.626561
251  3oe5   6.88  281.383221
252  3oe4   7.47  212.125477
253  3nw9   9.00  382.836273
254  3ao4   2.07  192.986621
255  3zt2   2.84  292.101796
256  3zsx   3.28  325.813708
257  4cig   3.67  308.773073
258  3zso   5.12  381.442074
259  3n7a   3.70  120.019641
260  4ciw   4.82  103.118938
261  3n86   5.64  219.680465
262  3n76   6.85  290.595411
263  2xb8   7.59  247.679880
264  4bkt   3.62  107.049520
265  4w9c   4.65  228.426309
266  4w9l   5.02  309.415612
267  4w9i   5.96  240.671247
268  4w9h   6.73  274.724964
269  3nq9   4.03  248.839707
270  3ueu   5.24  444.870065
271  3uev   5.89  499.703255
272  3uew   6.31  533.054247
273  3uex   6.92  625.061963
274  3lka   2.82  141.889870
275  3ehy   5.85  155.669548
276  3tsk   7.17  341.409767
277  3nx7   8.10  168.802008
278  4gr0   9.55  428.850870
279  3dxg   2.40   80.640353
280  3d6q   3.76   72.357854
281  1w4o   5.22   86.386763
282  1o0h   5.92  105.070845
283  1u1b   7.80  184.235799

Summary of the scoring power: ===================================
The regression equation: logKa = 0.01 + 4.17 * Score
Number of favorable sample (N) = 283
Pearson correlation coefficient (R) = 0.541
Standard deviation in fitting (SD) = 1.83
=================================================================

Template command for running the bootstrap in R program==========

rm(list=ls());
require(boot);
data_all<-read.table("X-Score_processed_score",header=TRUE);
aa<-c(1:nrow(data_all));

mycore<-function(x,indices)
{
data_1<-matrix(NA,283,2);
for(i in 1:283);
    {
        data_1[i,1]=data_all[x[indices][i],2];
        data_1[i,2]=data_all[x[indices][i],3];
    }
        data_2<-data.frame(data_1);
        names(data_2)<-c("a","b");
        cor(data_2$a,data_2$b);
};

data.boot<-boot(aa,mycore,R=10000,stype="i",sim="ordinary");
sink("X-Score-ci.results");
a<-boot.ci(data.boot,conf=0.9,type=c("bca"));
print(a);
sink();

=================================================================
