     code  logKa         score
1    4llx   2.89  17679.192838
2    5c28   5.66  15777.274567
3    3uuo   7.96  15698.160947
4    3ui7   9.00  12744.919780
5    5c2h  11.09  64831.979687
6    2v00   3.66  20036.206267
7    3wz8   5.82  72719.912460
8    3pww   7.32  19275.422947
9    3prs   7.82  70846.077247
10   3uri   9.00  14989.026907
11   4m0z   5.19  15878.679730
12   4m0y   6.46  15042.102564
13   3qgy   7.80  66922.476673
14   4qd6   8.64  70811.957213
15   4rfm  10.05  15754.764850
16   4cr9   4.10  16760.520060
17   4cra   7.22  70648.751260
18   4x6p   8.30  73542.573787
19   4crc   8.72  73634.060783
20   4ty7   9.52  71218.523050
21   5aba   2.98  14733.678473
22   5a7b   3.57  13367.876667
23   4agn   3.97  12973.084540
24   4agp   4.69  19298.508887
25   4agq   5.01  13725.616607
26   3bgz   6.26  67287.947527
27   3jya   6.89  10959.554927
28   2c3i   7.60  12085.249753
29   4k18   8.96  17860.073853
30   5dwr  11.22  20032.054144
31   3mss   4.66  16975.741740
32   3k5v   6.30  15836.737343
33   3pyy   6.86  13400.348000
34   2v7a   8.30  16958.427460
35   4twp  10.00  71746.776257
36   3wtj   6.53  15880.212824
37   3zdg   7.10  23659.176564
38   3u8k   8.66  17231.007524
39   4qac   9.40  18385.562953
40   3u8n  10.17  16825.830870
41   1a30   4.30  20257.106560
42   2qnq   6.11  68625.972760
43   1g2k   7.96  73344.586370
44   1eby   9.70  70873.374010
45   3o9i  11.82  21276.439020
46   4lzs   4.80  16010.763225
47   3u5j   5.61  16303.575747
48   4wiv   6.26  21520.237827
49   4ogj   6.79  19729.029563
50   3p5o   7.30  17805.047393
51   1ps3   2.28  20821.762887
52   3dx1   3.58  24003.735797
53   3d4z   4.89  22347.645887
54   3dx2   6.82  24482.008214
55   3ejr   8.57  20631.933350
56   3l7b   2.40  23709.796403
57   4eky   3.52  22987.018890
58   3g2n   4.09  20569.324710
59   3syr   5.10  25677.040477
60   3ebp   5.91  27889.028207
61   2w66   4.05  17322.249227
62   2w4x   4.85  18931.585467
63   2wca   5.60  16822.441993
64   2xj7   6.66  23426.194663
65   2vvn   7.30  26692.281580
66   3aru   3.22  18372.272394
67   3arv   5.64  28997.950444
68   3ary   6.00  15210.860817
69   3arq   6.40  18865.097800
70   3arp   7.15  30603.556123
71   4ih5   4.11  13748.922917
72   4ih7   5.24  11609.861763
73   3cj4   6.51  10747.426460
74   4eo8   8.15  17713.128767
75   3gnw   9.10  68037.514203
76   1gpk   5.37  21847.848747
77   1h23   8.35  19666.899663
78   1h22   9.10  19736.785330
79   3f3a   4.19  17194.717400
80   3f3c   6.02  15764.553813
81   4mme   6.50  14338.306584
82   3f3d   7.16  19467.178943
83   3f3e   7.70  19360.221010
84   2wbg   4.45  21462.071907
85   2cbv   5.48  23247.697323
86   2j78   6.42  17916.497173
87   2j7h   7.19  11905.580593
88   2cet   8.02  18381.222047
89   3udh   2.85  19593.269611
90   3rsx   4.41  15324.668493
91   4djv   6.72  19242.347684
92   2vkm   8.74  69845.517160
93   4gid  10.77  23377.038000
94   4jfs   5.27  16357.588557
95   4j28   5.70  19194.331610
96   2wvt   6.12  19808.455190
97   2xii   7.20  20942.361993
98   4pcs   7.85  22486.412710
99   3rr4   4.55  10915.819750
100  1s38   5.15  14744.665544
101  1r5y   6.46  13478.631017
102  3gc5   7.26  10633.953584
103  3ge7   8.70  12359.526180
104  4dli   5.62  13536.855220
105  2zb1   6.32  14440.276253
106  4f9w   6.94  66364.003324
107  3e92   8.00  17294.408437
108  3e93   8.85  68480.011580
109  4owm   2.96  12571.648880
110  3twp   3.92  12459.335057
111  3r88   4.82   9031.589380
112  4gkm   5.17  15578.099243
113  3qqs   5.82  14850.054013
114  3gv9   2.12  15070.217457
115  3gr2   2.52  19866.885040
116  4kz6   3.10  18899.204637
117  4jxs   4.74  23049.543657
118  2r9w   5.10  22426.077230
119  2hb1   3.80  11949.576403
120  1bzc   4.92  24121.274680
121  2qbr   6.33  15405.536277
122  2qbq   7.44  15571.875910
123  2qbp   8.40  16658.139427
124  1q8t   4.76  16249.304218
125  1ydr   5.52  14887.658054
126  1q8u   5.96  14697.787064
127  1ydt   7.32  12643.687120
128  3ag9   8.05  18131.151987
129  3fcq   2.77  11089.187797
130  1z9g   5.64  13188.552337
131  1qf1   7.32  14339.903920
132  5tmn   8.04  15143.850120
133  4tmn  10.17  16304.197500
134  4ddk   2.29   8457.671227
135  4ddh   3.32  10417.769413
136  3ivg   4.30  59927.117313
137  3coz   5.57  20652.659994
138  3coy   6.02  20760.689743
139  3pxf   4.43  16339.242127
140  4eor   6.30  15727.226430
141  2xnb   6.83  16234.604113
142  1pxn   7.15  18468.695153
143  2fvd   8.52  15889.596073
144  4k77   6.63  16267.106224
145  4e5w   7.66  16290.837687
146  4ivb   8.72  15647.315613
147  4ivd   9.52  13459.234973
148  4ivc  10.00  15988.277880
149  4f09   6.70  17574.030704
150  4gfm   7.22  12074.518460
151  4hge   7.92  16257.991187
152  4e6q   8.36  64913.685620
153  4jia   9.22  19085.865747
154  2brb   4.86  65121.775580
155  2br1   5.14  65638.182590
156  3jvr   5.72  13805.222310
157  3jvs   6.54  20061.326100
158  1nvq   8.25  67291.874598
159  3acw   4.76  16972.024957
160  4ea2   6.44  16938.203130
161  2zcr   6.87  22143.476883
162  2zy1   7.40  19177.533517
163  2zcq   8.82  20152.515580
164  1bcu   3.28  17442.619893
165  3bv9   5.36  24949.597984
166  1oyt   7.24  19263.456884
167  2zda   8.40  19227.266384
168  3utu  10.92  19219.133607
169  3u9q   4.38  16829.013833
170  2yfe   6.63  17602.762160
171  3fur   8.00  90137.936573
172  3b1m   8.48  18413.850547
173  2p4y   9.00  68657.773927
174  3uo4   6.52  64232.924853
175  3up2   7.40  15961.636853
176  3e5a   8.23  15198.886163
177  2wtv   8.74  72797.579647
178  3myg  10.70  16268.465781
179  3kgp   2.57  16012.124334
180  1c5z   4.01  15892.239367
181  1o5b   5.77  16241.341841
182  1owh   7.40  11346.903330
183  1sqa   9.21  63977.692364
184  4jsz   2.30  20416.325991
185  3kwa   4.08  15417.404580
186  2weg   6.50  13619.054457
187  3ryj   7.80  14131.461777
188  3dd0   9.00  16376.661147
189  2xdl   3.10  15547.614450
190  3b27   5.16  13925.891143
191  1yc1   6.17  14902.460453
192  3rlr   7.52  18556.670900
193  2yki   9.46  72006.979207
194  1z95   7.12  13776.677300
195  3b68   8.40  19869.389427
196  3b5r   8.77  19329.472940
197  3b65   9.27  18544.333607
198  3g0w   9.52  14376.490840
199  4u4s   2.92  21654.332457
200  1p1q   4.89  10742.106093
201  1syi   5.44  11517.684507
202  1p1n   6.80  13235.653740
203  2al5   8.40  10932.545840
204  3g2z   2.36  19836.165667
205  3g31   2.89  19011.458400
206  4de2   4.12  12131.377553
207  4de3   5.52  11429.843553
208  4de1   5.96  63241.675940
209  1vso   4.72  10929.249520
210  4dld   5.82  15732.191587
211  3gbb   6.90  15573.108590
212  3fv2   8.11  14902.639827
213  3fv1   9.30  14634.819310
214  4mgd   4.69  49999.306323
215  2qe4   7.96  14610.249830
216  1qkt   9.04  14207.579017
217  2pog   9.54  13919.863280
218  2p15  10.30  20145.016960
219  2y5h   5.79  17312.561013
220  1lpg   7.09  73150.220667
221  2xbv   8.43  14495.014107
222  1z6e   9.72  72266.195667
223  1mq6  11.15  39401.852300
224  1nc3   5.00  14339.395243
225  1nc1   6.12  13489.912910
226  1y6r  10.11  13699.636764
227  4f2w  11.30  15568.834438
228  4f3c  11.82  15193.924147
229  1uto   2.27  18840.676451
230  4abg   3.57  19425.986017
231  3gy4   5.10  17155.484314
232  1k1i   6.58  14106.598867
233  1o3f   7.96  68180.555697
234  2yge   5.06  18085.682244
235  2fxs   6.06  14911.835224
236  2iwx   6.68  13056.196484
237  2wer   7.05  13420.623717
238  2vw5   8.52  17106.650057
239  4kzq   6.10  14165.411907
240  4kzu   6.50  11196.412220
241  4j21   7.41  12949.597353
242  4j3l   7.80  12599.707847
243  3kr8   8.10  20088.837904
244  2ymd   3.16  12915.978717
245  2wnc   6.32  18219.488007
246  2xys   7.42  15786.380607
247  2wn9   8.52  17235.165893
248  2x00  11.33  17840.480770
249  3ozt   4.13  21933.403423
250  3ozs   5.33  15036.555664
251  3oe5   6.88  16910.119837
252  3oe4   7.47  20243.126620
253  3nw9   9.00  72075.797453
254  3ao4   2.07  21172.581980
255  3zt2   2.84  18979.212576
256  3zsx   3.28  17428.937130
257  4cig   3.67  65693.527923
258  3zso   5.12  66116.958383
259  3n7a   3.70  24795.039087
260  4ciw   4.82  12327.530653
261  3n86   5.64  12681.256257
262  3n76   6.85  13035.723187
263  2xb8   7.59  13269.818667
264  4bkt   3.62  22202.240414
265  4w9c   4.65  15507.698153
266  4w9l   5.02  15433.843103
267  4w9i   5.96  17134.067407
268  4w9h   6.73  17356.248850
269  3nq9   4.03  19046.390850
270  3ueu   5.24  22738.410393
271  3uev   5.89  18361.553517
272  3uew   6.31  18089.403933
273  3uex   6.92  18995.320133
274  3lka   2.82  15650.402238
275  3ehy   5.85  12083.634227
276  3tsk   7.17  19851.156930
277  3nx7   8.10  11761.361090
278  4gr0   9.55  70171.652570
279  3dxg   2.40  25340.305033
280  3d6q   3.76  27445.002650
281  1w4o   5.22  30024.879737
282  1o0h   5.92  21248.364197
283  1u1b   7.80  20898.728857

Summary of the scoring power: ===================================
The regression equation: logKa = 0.00 + 5.81 * Score
Number of favorable sample (N) = 283
Pearson correlation coefficient (R) = 0.231
Standard deviation in fitting (SD) = 2.11
=================================================================

Template command for running the bootstrap in R program==========

rm(list=ls());
require(boot);
data_all<-read.table("X-Score_processed_score",header=TRUE);
aa<-c(1:nrow(data_all));

mycore<-function(x,indices)
{
data_1<-matrix(NA,283,2);
for(i in 1:283);
    {
        data_1[i,1]=data_all[x[indices][i],2];
        data_1[i,2]=data_all[x[indices][i],3];
    }
        data_2<-data.frame(data_1);
        names(data_2)<-c("a","b");
        cor(data_2$a,data_2$b);
};

data.boot<-boot(aa,mycore,R=10000,stype="i",sim="ordinary");
sink("X-Score-ci.results");
a<-boot.ci(data.boot,conf=0.9,type=c("bca"));
print(a);
sink();

=================================================================
