     code  logKa     score
1    4llx   2.89  6.854017
2    5c28   5.66  6.420592
3    3uuo   7.96  6.380838
4    3ui7   9.00  6.380595
5    5c2h  11.09  6.380115
6    2v00   3.66  6.401323
7    3wz8   5.82  6.380108
8    3pww   7.32  6.380106
9    3prs   7.82  6.380106
10   3uri   9.00  6.380106
11   4m0z   5.19  6.380145
12   4m0y   6.46  6.383725
13   3qgy   7.80  6.380118
14   4qd6   8.64  6.380106
15   4rfm  10.05  6.380230
16   4cr9   4.10  6.648376
17   4cra   7.22  6.380108
18   4x6p   8.30  6.380107
19   4crc   8.72  6.380107
20   4ty7   9.52  6.380107
21   5aba   2.98  6.388233
22   5a7b   3.57  6.380112
23   4agn   3.97  6.383966
24   4agp   4.69  6.380120
25   4agq   5.01  6.380160
26   3bgz   6.26  6.380106
27   3jya   6.89  6.381174
28   2c3i   7.60  6.380148
29   4k18   8.96  6.380107
30   5dwr  11.22  6.380106
31   3mss   4.66  6.381403
32   3k5v   6.30  6.380111
33   3pyy   6.86  6.380379
34   2v7a   8.30  6.380576
35   4twp  10.00  6.380110
36   3wtj   6.53  6.391493
37   3zdg   7.10  6.480221
38   3u8k   8.66  6.606235
39   4qac   9.40  6.380106
40   3u8n  10.17  6.410433
41   1a30   4.30  6.380106
42   2qnq   6.11  6.380106
43   1g2k   7.96  6.380106
44   1eby   9.70  6.380106
45   3o9i  11.82  6.380106
46   4lzs   4.80  6.435981
47   3u5j   5.61  6.381292
48   4wiv   6.26  6.380117
49   4ogj   6.79  6.380107
50   3p5o   7.30  6.380556
51   1ps3   2.28  6.391757
52   3dx1   3.58  6.381159
53   3d4z   4.89  6.425393
54   3dx2   6.82  6.380183
55   3ejr   8.57  6.380226
56   3l7b   2.40  6.379682
57   4eky   3.52  6.378945
58   3g2n   4.09  6.394861
59   3syr   5.10  6.304891
60   3ebp   5.91  6.380611
61   2w66   4.05  6.608665
62   2w4x   4.85  6.393776
63   2wca   5.60  6.381306
64   2xj7   6.66  6.773342
65   2vvn   7.30  6.404757
66   3aru   3.22  7.621921
67   3arv   5.64  6.380175
68   3ary   6.00  6.670349
69   3arq   6.40  6.380776
70   3arp   7.15  6.380106
71   4ih5   4.11  6.389004
72   4ih7   5.24  6.383386
73   3cj4   6.51  6.381878
74   4eo8   8.15  6.380106
75   3gnw   9.10  6.380106
76   1gpk   5.37  6.398091
77   1h23   8.35  6.380106
78   1h22   9.10  6.380109
79   3f3a   4.19  6.378918
80   3f3c   6.02  6.380617
81   4mme   6.50  6.380977
82   3f3d   7.16  6.381217
83   3f3e   7.70  6.380477
84   2wbg   4.45  6.379648
85   2cbv   5.48  6.450678
86   2j78   6.42  6.393071
87   2j7h   7.19  6.463305
88   2cet   8.02  6.384092
89   3udh   2.85  6.430139
90   3rsx   4.41  6.406643
91   4djv   6.72  6.380107
92   2vkm   8.74  6.380106
93   4gid  10.77  6.380106
94   4jfs   5.27  6.384853
95   4j28   5.70  6.378590
96   2wvt   6.12  6.382900
97   2xii   7.20  6.380100
98   4pcs   7.85  6.376371
99   3rr4   4.55  6.413961
100  1s38   5.15  6.370465
101  1r5y   6.46  6.391404
102  3gc5   7.26  6.380492
103  3ge7   8.70  6.380107
104  4dli   5.62  6.380596
105  2zb1   6.32  6.380107
106  4f9w   6.94  6.380107
107  3e92   8.00  6.380106
108  3e93   8.85  6.380106
109  4owm   2.96  6.545147
110  3twp   3.92  6.509317
111  3r88   4.82  6.390955
112  4gkm   5.17  6.380374
113  3qqs   5.82  6.381770
114  3gv9   2.12  6.793286
115  3gr2   2.52  7.066731
116  4kz6   3.10  6.551582
117  4jxs   4.74  6.383917
118  2r9w   5.10  6.380120
119  2hb1   3.80  6.380110
120  1bzc   4.92  6.380111
121  2qbr   6.33  6.380106
122  2qbq   7.44  6.380106
123  2qbp   8.40  6.380106
124  1q8t   4.76  6.653897
125  1ydr   5.52  6.388691
126  1q8u   5.96  6.385108
127  1ydt   7.32  6.380179
128  3ag9   8.05  6.380106
129  3fcq   2.77  6.551203
130  1z9g   5.64  6.384692
131  1qf1   7.32  6.380136
132  5tmn   8.04  6.380112
133  4tmn  10.17  6.380107
134  4ddk   2.29  6.502031
135  4ddh   3.32  6.456732
136  3ivg   4.30  6.380223
137  3coz   5.57  6.379932
138  3coy   6.02  6.380012
139  3pxf   4.43  6.380126
140  4eor   6.30  6.380152
141  2xnb   6.83  6.404798
142  1pxn   7.15  6.403076
143  2fvd   8.52  6.380173
144  4k77   6.63  6.999723
145  4e5w   7.66  6.407216
146  4ivb   8.72  6.401267
147  4ivd   9.52  6.386721
148  4ivc  10.00  6.389057
149  4f09   6.70  6.435462
150  4gfm   7.22  6.694359
151  4hge   7.92  6.427356
152  4e6q   8.36  6.387146
153  4jia   9.22  6.380106
154  2brb   4.86  6.380360
155  2br1   5.14  6.380281
156  3jvr   5.72  6.381141
157  3jvs   6.54  6.380112
158  1nvq   8.25  6.380115
159  3acw   4.76  6.380107
160  4ea2   6.44  6.380110
161  2zcr   6.87  6.380106
162  2zy1   7.40  6.380729
163  2zcq   8.82  6.380139
164  1bcu   3.28  6.532375
165  3bv9   5.36  6.380106
166  1oyt   7.24  6.380107
167  2zda   8.40  6.380106
168  3utu  10.92  6.380106
169  3u9q   4.38  6.380106
170  2yfe   6.63  6.380106
171  3fur   8.00  6.380106
172  3b1m   8.48  6.380106
173  2p4y   9.00  6.380106
174  3uo4   6.52  6.380106
175  3up2   7.40  6.380106
176  3e5a   8.23  6.380119
177  2wtv   8.74  6.380106
178  3myg  10.70  6.383867
179  3kgp   2.57  6.651348
180  1c5z   4.01  6.383906
181  1o5b   5.77  6.382269
182  1owh   7.40  6.380107
183  1sqa   9.21  6.380106
184  4jsz   2.30  7.454996
185  3kwa   4.08  6.365201
186  2weg   6.50  6.390007
187  3ryj   7.80  6.387471
188  3dd0   9.00  6.399754
189  2xdl   3.10  7.078701
190  3b27   5.16  6.387767
191  1yc1   6.17  6.380151
192  3rlr   7.52  6.380209
193  2yki   9.46  6.380106
194  1z95   7.12  6.380106
195  3b68   8.40  6.380106
196  3b5r   8.77  6.380106
197  3b65   9.27  6.380106
198  3g0w   9.52  6.380106
199  4u4s   2.92  9.211114
200  1p1q   4.89  6.369531
201  1syi   5.44  6.373730
202  1p1n   6.80  6.384020
203  2al5   8.40  6.373235
204  3g2z   2.36  7.109194
205  3g31   2.89  6.505374
206  4de2   4.12  6.407958
207  4de3   5.52  6.414652
208  4de1   5.96  6.419547
209  1vso   4.72  6.380343
210  4dld   5.82  6.380126
211  3gbb   6.90  6.380331
212  3fv2   8.11  6.380111
213  3fv1   9.30  6.380108
214  4mgd   4.69  6.380107
215  2qe4   7.96  6.380109
216  1qkt   9.04  6.380111
217  2pog   9.54  6.380107
218  2p15  10.30  6.380106
219  2y5h   5.79  6.617113
220  1lpg   7.09  6.380106
221  2xbv   8.43  6.380135
222  1z6e   9.72  6.380106
223  1mq6  11.15  6.380121
224  1nc3   5.00  6.381707
225  1nc1   6.12  6.380356
226  1y6r  10.11  6.379939
227  4f2w  11.30  6.380343
228  4f3c  11.82  6.380123
229  1uto   2.27  7.263950
230  4abg   3.57  7.016181
231  3gy4   5.10  6.380462
232  1k1i   6.58  6.380106
233  1o3f   7.96  6.380106
234  2yge   5.06  6.381325
235  2fxs   6.06  6.426950
236  2iwx   6.68  6.391807
237  2wer   7.05  6.389209
238  2vw5   8.52  6.380115
239  4kzq   6.10  6.385117
240  4kzu   6.50  6.380841
241  4j21   7.41  6.382278
242  4j3l   7.80  6.380671
243  3kr8   8.10  6.386335
244  2ymd   3.16  6.361835
245  2wnc   6.32  6.382592
246  2xys   7.42  6.385459
247  2wn9   8.52  6.415706
248  2x00  11.33  6.380419
249  3ozt   4.13  6.379921
250  3ozs   5.33  6.380102
251  3oe5   6.88  6.380102
252  3oe4   7.47  6.380020
253  3nw9   9.00  6.380106
254  3ao4   2.07  6.494549
255  3zt2   2.84  6.380889
256  3zsx   3.28  6.380107
257  4cig   3.67  6.380106
258  3zso   5.12  6.380106
259  3n7a   3.70  6.379774
260  4ciw   4.82  6.377896
261  3n86   5.64  6.380234
262  3n76   6.85  6.380151
263  2xb8   7.59  6.380213
264  4bkt   3.62  7.083545
265  4w9c   4.65  6.390375
266  4w9l   5.02  6.380370
267  4w9i   5.96  6.384248
268  4w9h   6.73  6.383778
269  3nq9   4.03  6.380106
270  3ueu   5.24  6.380106
271  3uev   5.89  6.380106
272  3uew   6.31  6.380106
273  3uex   6.92  6.380106
274  3lka   2.82  7.263906
275  3ehy   5.85  6.510734
276  3tsk   7.17  6.380119
277  3nx7   8.10  6.403490
278  4gr0   9.55  6.380106
279  3dxg   2.40  6.163224
280  3d6q   3.76  6.654964
281  1w4o   5.22  6.103641
282  1o0h   5.92  6.377805
283  1u1b   7.80  6.380104

Summary of the scoring power: ===================================
The regression equation: logKa = -3.01 + 25.88 * Score
Number of favorable sample (N) = 283
Pearson correlation coefficient (R) = -0.327
Standard deviation in fitting (SD) = 2.05
=================================================================

Template command for running the bootstrap in R program==========

rm(list=ls());
require(boot);
data_all<-read.table("X-Score_processed_score",header=TRUE);
aa<-c(1:nrow(data_all));

mycore<-function(x,indices)
{
data_1<-matrix(NA,283,2);
for(i in 1:283);
    {
        data_1[i,1]=data_all[x[indices][i],2];
        data_1[i,2]=data_all[x[indices][i],3];
    }
        data_2<-data.frame(data_1);
        names(data_2)<-c("a","b");
        cor(data_2$a,data_2$b);
};

data.boot<-boot(aa,mycore,R=10000,stype="i",sim="ordinary");
sink("X-Score-ci.results");
a<-boot.ci(data.boot,conf=0.9,type=c("bca"));
print(a);
sink();

=================================================================
