     code  logKa      score
1    4llx   2.89  44.174955
2    5c28   5.66  44.174955
3    3uuo   7.96  44.174955
4    3ui7   9.00  44.174955
5    5c2h  11.09  44.174955
6    2v00   3.66  44.822678
7    3wz8   5.82  44.174955
8    3pww   7.32  44.174955
9    3prs   7.82  44.174955
10   3uri   9.00  44.174955
11   4m0z   5.19  44.174955
12   4m0y   6.46  44.174955
13   3qgy   7.80  44.174955
14   4qd6   8.64  44.174955
15   4rfm  10.05  44.174955
16   4cr9   4.10  22.447510
17   4cra   7.22  44.174955
18   4x6p   8.30  44.174955
19   4crc   8.72  44.174955
20   4ty7   9.52  44.174955
21   5aba   2.98  45.013679
22   5a7b   3.57  45.013679
23   4agn   3.97  45.013679
24   4agp   4.69  45.013679
25   4agq   5.01  45.013679
26   3bgz   6.26  44.174955
27   3jya   6.89  43.082642
28   2c3i   7.60  44.174955
29   4k18   8.96  44.174955
30   5dwr  11.22  44.174955
31   3mss   4.66  45.013679
32   3k5v   6.30  45.013679
33   3pyy   6.86  45.013679
34   2v7a   8.30  44.174955
35   4twp  10.00  44.174955
36   3wtj   6.53  44.174955
37   3zdg   7.10  43.082642
38   3u8k   8.66  43.082642
39   4qac   9.40  45.013679
40   3u8n  10.17  43.082642
41   1a30   4.30  44.174955
42   2qnq   6.11  44.174955
43   1g2k   7.96  44.174955
44   1eby   9.70  44.174955
45   3o9i  11.82  44.174955
46   4lzs   4.80  44.174955
47   3u5j   5.61  45.013679
48   4wiv   6.26  44.174955
49   4ogj   6.79  44.174955
50   3p5o   7.30  44.174955
51   1ps3   2.28  28.996521
52   3dx1   3.58  28.996521
53   3d4z   4.89  28.996521
54   3dx2   6.82  28.996521
55   3ejr   8.57  43.082642
56   3l7b   2.40  28.996521
57   4eky   3.52  44.174955
58   3g2n   4.09  28.996521
59   3syr   5.10  28.996521
60   3ebp   5.91  45.013679
61   2w66   4.05  28.996521
62   2w4x   4.85  28.996521
63   2wca   5.60  44.174955
64   2xj7   6.66  28.996521
65   2vvn   7.30  28.996521
66   3aru   3.22  44.174955
67   3arv   5.64  45.013679
68   3ary   6.00  45.013679
69   3arq   6.40  28.996521
70   3arp   7.15  45.013679
71   4ih5   4.11  44.174955
72   4ih7   5.24  44.174955
73   3cj4   6.51  44.174955
74   4eo8   8.15  44.174955
75   3gnw   9.10  44.174955
76   1gpk   5.37  45.013679
77   1gpn   6.48  43.082642
78   1h23   8.35  43.082642
79   1h22   9.10  43.082642
80   1e66   9.89  45.013679
81   3f3a   4.19  43.082642
82   3f3c   6.02  44.174955
83   4mme   6.50  45.013679
84   3f3d   7.16  44.174955
85   3f3e   7.70  44.174955
86   2wbg   4.45  44.174955
87   2cbv   5.48  28.996521
88   2j78   6.42  28.996521
89   2j7h   7.19  28.996521
90   2cet   8.02  28.996521
91   3udh   2.85  45.013679
92   3rsx   4.41  45.013679
93   4djv   6.72  44.822678
94   2vkm   8.74  44.174955
95   4gid  10.77  44.174955
96   4jfs   5.27  43.082642
97   4j28   5.70  43.082642
98   2wvt   6.12  28.996521
99   2xii   7.20  43.082642
100  4pcs   7.85  43.082642
101  3rr4   4.55  44.174955
102  1s38   5.15  44.174955
103  1r5y   6.46  15.059512
104  3gc5   7.26  43.082642
105  3ge7   8.70  44.174955
106  4dli   5.62  45.013679
107  2zb1   6.32  44.174955
108  4f9w   6.94  44.174955
109  3e92   8.00  44.174955
110  3e93   8.85  44.174955
111  4owm   2.96  44.174955
112  3twp   3.92  44.174955
113  3r88   4.82  44.174955
114  4gkm   5.17  44.174955
115  3qqs   5.82  44.174955
116  3gv9   2.12  44.174955
117  3gr2   2.52  44.174955
118  4kz6   3.10  44.174955
119  4jxs   4.74  44.174955
120  2r9w   5.10  44.174955
121  2hb1   3.80  44.174955
122  1bzc   4.92  44.174955
123  2qbr   6.33  44.174955
124  2qbq   7.44  44.174955
125  2qbp   8.40  44.174955
126  1q8t   4.76  44.174955
127  1ydr   5.52  44.174955
128  1q8u   5.96  44.174955
129  1ydt   7.32  44.174955
130  3ag9   8.05  36.798090
131  3fcq   2.77  44.174955
132  1z9g   5.64  44.174955
133  1qf1   7.32  44.174955
134  5tmn   8.04  44.174955
135  4tmn  10.17  44.174955
136  4ddk   2.29  44.174955
137  4ddh   3.32  44.174955
138  3ivg   4.30  44.174955
139  3coz   5.57  28.996521
140  3coy   6.02  28.996521
141  3pxf   4.43  44.174955
142  4eor   6.30  43.082642
143  2xnb   6.83  44.174955
144  1pxn   7.15  44.174955
145  2fvd   8.52  44.174955
146  4k77   6.63  44.174955
147  4e5w   7.66  44.174955
148  4ivb   8.72  44.174955
149  4ivd   9.52  44.174955
150  4ivc  10.00  44.174955
151  4f09   6.70  44.174955
152  4gfm   7.22  44.174955
153  4hge   7.92  44.174955
154  4e6q   8.36  44.174955
155  4jia   9.22  44.174955
156  2brb   4.86  44.174955
157  2br1   5.14  44.174955
158  3jvr   5.72  45.013679
159  3jvs   6.54  45.013679
160  1nvq   8.25  44.174955
161  3acw   4.76  44.174955
162  4ea2   6.44  45.013679
163  2zcr   6.87  44.174955
164  2zy1   7.40  44.174955
165  2zcq   8.82  44.174955
166  1bcu   3.28  22.447510
167  3bv9   5.36  36.798090
168  1oyt   7.24  36.798090
169  2zda   8.40  36.798090
170  3utu  10.92  36.798090
171  3u9q   4.38  44.174955
172  2yfe   6.63  44.174955
173  3fur   8.00  44.174955
174  3b1m   8.48  45.013679
175  2p4y   9.00  44.174955
176  3uo4   6.52  44.174955
177  3up2   7.40  44.174955
178  3e5a   8.23  44.174955
179  2wtv   8.74  44.174955
180  3myg  10.70  44.174955
181  3kgp   2.57  45.013679
182  1c5z   4.01  36.798090
183  1o5b   5.77  36.798090
184  1owh   7.40  36.798090
185  1sqa   9.21  36.798090
186  4jsz   2.30  44.174955
187  3kwa   4.08  44.174955
188  2weg   6.50  44.174955
189  3ryj   7.80  44.174955
190  3dd0   9.00  44.174955
191  2xdl   3.10  44.174955
192  3b27   5.16  45.013679
193  1yc1   6.17  44.174955
194  3rlr   7.52  44.174955
195  2yki   9.46  45.013679
196  1z95   7.12  45.013679
197  3b68   8.40  45.013679
198  3b5r   8.77  44.174955
199  3b65   9.27  45.013679
200  3g0w   9.52  45.013679
201  4u4s   2.92  45.013679
202  1p1q   4.89  43.082642
203  1syi   5.44  43.082642
204  1p1n   6.80  43.082642
205  2al5   8.40  44.174955
206  3g2z   2.36  45.013679
207  3g31   2.89  45.013679
208  4de2   4.12  44.174955
209  4de3   5.52  44.174955
210  4de1   5.96  44.174955
211  1vso   4.72  43.082642
212  4dld   5.82  43.082642
213  3gbb   6.90  43.082642
214  3fv2   8.11  44.174955
215  3fv1   9.30  44.174955
216  4mgd   4.69  44.174955
217  2qe4   7.96  44.174955
218  1qkt   9.04  44.174955
219  2pog   9.54  44.174955
220  2p15  10.30  44.174955
221  2y5h   5.79  43.082642
222  1lpg   7.09  36.798090
223  2xbv   8.43  45.013679
224  1z6e   9.72  43.082642
225  1mq6  11.15  44.174955
226  1nc3   5.00  28.996521
227  1nc1   6.12  44.174955
228  1y6r  10.11  28.996521
229  4f2w  11.30  44.174955
230  4f3c  11.82  44.174955
231  1uto   2.27  45.013679
232  4abg   3.57  45.013679
233  3gy4   5.10  36.798090
234  1k1i   6.58  36.798090
235  1o3f   7.96  36.798090
236  2yge   5.06  44.174955
237  2fxs   6.06  44.174955
238  2iwx   6.68  44.174955
239  2wer   7.05  44.174955
240  2vw5   8.52  44.174955
241  4kzq   6.10  44.174955
242  4kzu   6.50  44.174955
243  4j21   7.41  44.174955
244  4j3l   7.80  44.174955
245  3kr8   8.10  44.174955
246  2ymd   3.16  43.082642
247  2wnc   6.32  43.082642
248  2xys   7.42  43.082642
249  2wn9   8.52  45.013679
250  2x00  11.33  43.082642
251  3ozt   4.13  28.996521
252  3ozs   5.33  44.174955
253  3oe5   6.88  44.174955
254  3oe4   7.47  12.424948
255  3nw9   9.00  44.174955
256  3ao4   2.07  45.013679
257  3zt2   2.84  44.174955
258  3zsx   3.28  44.174955
259  4cig   3.67  44.174955
260  3zso   5.12  44.174955
261  3n7a   3.70  44.174955
262  4ciw   4.82  28.996521
263  3n86   5.64  44.174955
264  3n76   6.85  44.174955
265  2xb8   7.59  44.174955
266  4bkt   3.62  28.996521
267  4w9c   4.65  44.174955
268  4w9l   5.02  44.174955
269  4w9i   5.96  44.174955
270  4w9h   6.73  44.174955
271  3nq9   4.03  45.013679
272  3ueu   5.24  45.013679
273  3uev   5.89  45.013679
274  3uew   6.31  45.013679
275  3uex   6.92  44.174955
276  3lka   2.82  44.174955
277  3ehy   5.85  44.174955
278  3tsk   7.17  44.174955
279  3nx7   8.10  28.996521
280  4gr0   9.55  44.174955
281  3dxg   2.40  28.996521
282  3d6q   3.76  28.996521
283  1w4o   5.22  28.996521
284  1o0h   5.92  28.996521
285  1u1b   7.80  28.996521

Summary of the scoring power: ===================================
The regression equation: logKa = 0.05 + 4.41 * Score
Number of favorable sample (N) = 285
Pearson correlation coefficient (R) = 0.128
Confidence interval of 90% Pearson R = [0.031 ~ 0.223] 
Standard deviation in fitting (SD) = 2.16
=================================================================

Template command for running the bootstrap in R program==========

rm(list=ls());
require(boot);
data_all<-read.table("X-Score_processed_score",header=TRUE);
aa<-c(1:nrow(data_all));

mycore<-function(x,indices)
{
data_1<-matrix(NA,285,2);
for(i in 1:285);
    {
        data_1[i,1]=data_all[x[indices][i],2];
        data_1[i,2]=data_all[x[indices][i],3];
    }
        data_2<-data.frame(data_1);
        names(data_2)<-c("a","b");
        cor(data_2$a,data_2$b);
};

data.boot<-boot(aa,mycore,R=10000,stype="i",sim="ordinary");
sink("X-Score-ci.results");
a<-boot.ci(data.boot,conf=0.9,type=c("bca"));
print(a);
sink();

=================================================================
