     code  logKa          score
1    4llx   2.89   14386.512811
2    5c28   5.66   36412.336376
3    3uuo   7.96   76631.422612
4    3ui7   9.00  103221.985750
5    5c2h  11.09  153926.562612
6    2v00   3.66   46619.881349
7    3wz8   5.82  132719.044277
8    3pww   7.32  189960.436617
9    3prs   7.82  189186.990436
10   3uri   9.00  189043.200064
11   4m0z   5.19  144797.531876
12   4m0y   6.46   66933.676335
13   3qgy   7.80  119886.937723
14   4qd6   8.64  120485.050355
15   4rfm  10.05  123222.822251
16   4cr9   4.10   28565.033470
17   4cra   7.22  126898.323460
18   4x6p   8.30  153793.483464
19   4crc   8.72  142849.380175
20   4ty7   9.52  130714.064685
21   5aba   2.98   38801.510844
22   5a7b   3.57  110930.617032
23   4agn   3.97   59715.944785
24   4agp   4.69   89322.503295
25   4agq   5.01   86842.198829
26   3bgz   6.26  139537.320318
27   3jya   6.89   54731.774595
28   2c3i   7.60  122036.469410
29   4k18   8.96  134575.226072
30   5dwr  11.22  158721.781220
31   3mss   4.66   80724.245061
32   3k5v   6.30  107738.860077
33   3pyy   6.86  114976.860556
34   2v7a   8.30  106172.184489
35   4twp  10.00  181397.939034
36   3wtj   6.53   84892.062911
37   3zdg   7.10   70977.501107
38   3u8k   8.66   65021.374878
39   4qac   9.40  177922.844921
40   3u8n  10.17   80879.700110
41   1a30   4.30   77523.091220
42   2qnq   6.11  215578.822809
43   1g2k   7.96  221201.328522
44   1eby   9.70  239808.242259
45   3o9i  11.82  195675.583041
46   4lzs   4.80   42482.532687
47   3u5j   5.61   80458.844467
48   4wiv   6.26  104503.035127
49   4ogj   6.79  110808.426998
50   3p5o   7.30  103571.936531
51   1ps3   2.28   32022.758264
52   3dx1   3.58   22465.403253
53   3d4z   4.89   31904.502457
54   3dx2   6.82   65901.517836
55   3ejr   8.57   96478.334089
56   3l7b   2.40   39488.383105
57   4eky   3.52  100438.588533
58   3g2n   4.09   56482.713132
59   3syr   5.10   48220.683325
60   3ebp   5.91   90704.958483
61   2w66   4.05   53030.625619
62   2w4x   4.85   42069.496736
63   2wca   5.60   91188.673166
64   2xj7   6.66   55222.208620
65   2vvn   7.30   68435.439613
66   3aru   3.22   33307.979239
67   3arv   5.64   83520.483374
68   3ary   6.00   24179.182082
69   3arq   6.40   79132.036100
70   3arp   7.15  155990.970563
71   4ih5   4.11   72182.610707
72   4ih7   5.24   80889.987439
73   3cj4   6.51   84195.431575
74   4eo8   8.15  100485.498890
75   3gnw   9.10  177046.731086
76   1gpk   5.37   59339.950512
77   1h23   8.35  180043.939528
78   1h22   9.10  161296.578944
79   3f3a   4.19   76639.982034
80   3f3c   6.02   71270.972979
81   4mme   6.50  106312.453651
82   3f3d   7.16   58872.327227
83   3f3e   7.70   52997.772779
84   2wbg   4.45  107196.346621
85   2cbv   5.48   43913.203900
86   2j78   6.42   45147.006239
87   2j7h   7.19   23910.328251
88   2cet   8.02   86790.969641
89   3udh   2.85   42889.499979
90   3rsx   4.41   52129.793021
91   4djv   6.72  139291.843257
92   2vkm   8.74  266079.710462
93   4gid  10.77  261669.205112
94   4jfs   5.27   59070.912257
95   4j28   5.70   51600.900855
96   2wvt   6.12   38440.109048
97   2xii   7.20  110387.014755
98   4pcs   7.85   58719.325007
99   3rr4   4.55   76219.009959
100  1s38   5.15   63385.243207
101  1r5y   6.46   58603.561804
102  3gc5   7.26  102020.933122
103  3ge7   8.70  145316.628958
104  4dli   5.62  103508.949707
105  2zb1   6.32  154566.777715
106  4f9w   6.94  134979.141196
107  3e92   8.00  173187.247982
108  3e93   8.85  201240.594469
109  4owm   2.96   15580.493719
110  3twp   3.92    9558.138504
111  3r88   4.82   31298.221460
112  4gkm   5.17   86408.459820
113  3qqs   5.82   75197.911809
114  3gv9   2.12    7000.196179
115  3gr2   2.52   17041.283216
116  4kz6   3.10   29531.972146
117  4jxs   4.74   66120.381576
118  2r9w   5.10   86267.062836
119  2hb1   3.80   40998.986834
120  1bzc   4.92  128250.023424
121  2qbr   6.33  105498.931711
122  2qbq   7.44  109533.460643
123  2qbp   8.40  136176.909879
124  1q8t   4.76   48559.355689
125  1ydr   5.52   94032.220448
126  1q8u   5.96   96657.551185
127  1ydt   7.32  127586.917635
128  3ag9   8.05  157468.443625
129  3fcq   2.77   36983.625253
130  1z9g   5.64   73935.483465
131  1qf1   7.32  130547.750223
132  5tmn   8.04  116134.064551
133  4tmn  10.17  150174.257318
134  4ddk   2.29   32621.612904
135  4ddh   3.32   46593.484338
136  3ivg   4.30  142894.095147
137  3coz   5.57  122624.712645
138  3coy   6.02  129231.277552
139  3pxf   4.43   81059.244785
140  4eor   6.30  127793.691328
141  2xnb   6.83   98815.941628
142  1pxn   7.15   93659.145311
143  2fvd   8.52  123597.339598
144  4k77   6.63   45865.605569
145  4e5w   7.66  105967.688516
146  4ivb   8.72   77569.680677
147  4ivd   9.52   99526.676607
148  4ivc  10.00   94135.314081
149  4f09   6.70   59230.396969
150  4gfm   7.22   41334.038211
151  4hge   7.92   72868.683963
152  4e6q   8.36   90360.080617
153  4jia   9.22  122212.021456
154  2brb   4.86   96645.800892
155  2br1   5.14  100585.812025
156  3jvr   5.72   72397.793047
157  3jvs   6.54  108974.283352
158  1nvq   8.25  147787.860547
159  3acw   4.76  135113.081531
160  4ea2   6.44  171003.549830
161  2zcr   6.87  168364.561377
162  2zy1   7.40  109781.351312
163  2zcq   8.82  127268.054426
164  1bcu   3.28   23655.184057
165  3bv9   5.36  120567.031614
166  1oyt   7.24  111158.663165
167  2zda   8.40  123958.298899
168  3utu  10.92  175731.988873
169  3u9q   4.38   87087.956274
170  2yfe   6.63  133977.618831
171  3fur   8.00  176950.015680
172  3b1m   8.48  188814.916161
173  2p4y   9.00  221594.279100
174  3uo4   6.52  146564.024573
175  3up2   7.40  126378.317372
176  3e5a   8.23  949822.192029
177  2wtv   8.74  143343.823584
178  3myg  10.70  101138.095628
179  3kgp   2.57   16745.085914
180  1c5z   4.01   22556.976477
181  1o5b   5.77   36355.423030
182  1owh   7.40   65889.554589
183  1sqa   9.21   98072.207069
184  4jsz   2.30   -5998.832518
185  3kwa   4.08   76165.521622
186  2weg   6.50   29718.879110
187  3ryj   7.80   53823.958667
188  3dd0   9.00   41113.279853
189  2xdl   3.10   44875.535338
190  3b27   5.16   59691.446813
191  1yc1   6.17   90896.443487
192  3rlr   7.52  106459.007967
193  2yki   9.46  216322.996218
194  1z95   7.12  197640.934757
195  3b68   8.40  204180.531626
196  3b5r   8.77  199573.253908
197  3b65   9.27  183430.479821
198  3g0w   9.52  151073.979983
199  4u4s   2.92   31587.507979
200  1p1q   4.89   64944.314683
201  1syi   5.44   72259.781814
202  1p1n   6.80   44805.710946
203  2al5   8.40   56420.972803
204  3g2z   2.36    8051.695908
205  3g31   2.89    4059.539969
206  4de2   4.12   62661.087287
207  4de3   5.52   60514.514263
208  4de1   5.96   69589.838465
209  1vso   4.72   60384.271852
210  4dld   5.82   83652.555254
211  3gbb   6.90   72171.019653
212  3fv2   8.11   78259.140753
213  3fv1   9.30   90249.362262
214  4mgd   4.69  102740.780504
215  2qe4   7.96  136069.980650
216  1qkt   9.04  117305.760164
217  2pog   9.54  133525.678628
218  2p15  10.30  242640.359837
219  2y5h   5.79   72332.683214
220  1lpg   7.09  178824.158043
221  2xbv   8.43  143260.709261
222  1z6e   9.72  134849.001526
223  1mq6  11.15  130188.719063
224  1nc3   5.00   83524.654667
225  1nc1   6.12  152968.517707
226  1y6r  10.11  125990.373526
227  4f2w  11.30  134879.065846
228  4f3c  11.82  182503.923792
229  1uto   2.27    3390.210794
230  4abg   3.57   26154.977415
231  3gy4   5.10   22611.254252
232  1k1i   6.58   88868.406331
233  1o3f   7.96  111876.470767
234  2yge   5.06   87040.841781
235  2fxs   6.06   58336.931555
236  2iwx   6.68   55663.466619
237  2wer   7.05   67712.368960
238  2vw5   8.52  118033.697230
239  4kzq   6.10   92695.187252
240  4kzu   6.50  104647.474075
241  4j21   7.41   96601.321888
242  4j3l   7.80  115556.879400
243  3kr8   8.10  104110.085939
244  2ymd   3.16   69625.889309
245  2wnc   6.32   98363.043827
246  2xys   7.42  104353.863199
247  2wn9   8.52   65935.107965
248  2x00  11.33  135828.019683
249  3ozt   4.13  139391.394652
250  3ozs   5.33  131835.275252
251  3oe5   6.88  155248.990360
252  3oe4   7.47  144566.173809
253  3nw9   9.00  199982.043077
254  3ao4   2.07   62523.716884
255  3zt2   2.84   83381.434641
256  3zsx   3.28  102750.984200
257  4cig   3.67  107595.071432
258  3zso   5.12  136757.994602
259  3n7a   3.70   40947.911277
260  4ciw   4.82   51792.426969
261  3n86   5.64  114448.395602
262  3n76   6.85  138790.314862
263  2xb8   7.59  107568.349339
264  4bkt   3.62   29188.837564
265  4w9c   4.65   78323.981877
266  4w9l   5.02  133782.304770
267  4w9i   5.96   95219.297654
268  4w9h   6.73  115358.777046
269  3nq9   4.03   34783.545673
270  3ueu   5.24   99835.558650
271  3uev   5.89  123196.357526
272  3uew   6.31  132988.147978
273  3uex   6.92  164181.494800
274  3lka   2.82   37894.641594
275  3ehy   5.85   49289.874269
276  3tsk   7.17  146083.247666
277  3nx7   8.10   54334.093087
278  4gr0   9.55  178549.257541
279  3dxg   2.40    4116.491845
280  3d6q   3.76    8135.228338
281  1w4o   5.22   27915.538776
282  1o0h   5.92   48252.253204
283  1u1b   7.80   87031.931861

Summary of the scoring power: ===================================
The regression equation: logKa = 0.00 + 4.99 * Score
Number of favorable sample (N) = 282
Pearson correlation coefficient (R) = 0.499
Standard deviation in fitting (SD) = 1.87
=================================================================

Template command for running the bootstrap in R program==========

rm(list=ls());
require(boot);
data_all<-read.table("X-Score_processed_score",header=TRUE);
aa<-c(1:nrow(data_all));

mycore<-function(x,indices)
{
data_1<-matrix(NA,282,2);
for(i in 1:282);
    {
        data_1[i,1]=data_all[x[indices][i],2];
        data_1[i,2]=data_all[x[indices][i],3];
    }
        data_2<-data.frame(data_1);
        names(data_2)<-c("a","b");
        cor(data_2$a,data_2$b);
};

data.boot<-boot(aa,mycore,R=10000,stype="i",sim="ordinary");
sink("X-Score-ci.results");
a<-boot.ci(data.boot,conf=0.9,type=c("bca"));
print(a);
sink();

=================================================================
