     code  logKa         score
1    4llx   2.89  1.816014e+05
2    5c28   5.66  2.749528e+05
3    3uuo   7.96  3.958292e+05
4    3ui7   9.00  4.714604e+05
5    5c2h  11.09  7.053461e+05
6    2v00   3.66  3.240387e+05
7    3wz8   5.82  6.800375e+05
8    3pww   7.32  9.964106e+05
9    3prs   7.82  9.900137e+05
10   3uri   9.00  1.019520e+06
11   4m0z   5.19  5.934772e+05
12   4m0y   6.46  3.712502e+05
13   3qgy   7.80  5.430484e+05
14   4qd6   8.64  5.007616e+05
15   4rfm  10.05  6.458903e+05
16   4cr9   4.10  3.019048e+05
17   4cra   7.22  6.999867e+05
18   4x6p   8.30  7.757445e+05
19   4crc   8.72  7.254933e+05
20   4ty7   9.52  6.986932e+05
21   5aba   2.98  3.654209e+05
22   5a7b   3.57  5.568891e+05
23   4agn   3.97  4.562235e+05
24   4agp   4.69  5.575702e+05
25   4agq   5.01  5.592900e+05
26   3bgz   6.26  5.679252e+05
27   3jya   6.89  3.530457e+05
28   2c3i   7.60  5.239897e+05
29   4k18   8.96  5.712717e+05
30   5dwr  11.22  6.444190e+05
31   3mss   4.66  3.712925e+05
32   3k5v   6.30  5.042477e+05
33   3pyy   6.86  4.888109e+05
34   2v7a   8.30  6.397607e+05
35   4twp  10.00  6.396483e+05
36   3wtj   6.53  4.094435e+05
37   3zdg   7.10  4.001866e+05
38   3u8k   8.66  4.316177e+05
39   4qac   9.40  6.281512e+05
40   3u8n  10.17  4.980001e+05
41   1a30   4.30  5.595940e+05
42   2qnq   6.11  8.845754e+05
43   1g2k   7.96  9.901682e+05
44   1eby   9.70  1.138606e+06
45   3o9i  11.82  1.001793e+06
46   4lzs   4.80  3.183611e+05
47   3u5j   5.61  4.341021e+05
48   4wiv   6.26  4.597820e+05
49   4ogj   6.79  5.311239e+05
50   3p5o   7.30  5.150378e+05
51   1ps3   2.28  3.183736e+05
52   3dx1   3.58  1.874309e+05
53   3d4z   4.89  2.823080e+05
54   3dx2   6.82  2.678237e+05
55   3ejr   8.57  4.878513e+05
56   3l7b   2.40  4.156197e+05
57   4eky   3.52  5.962696e+05
58   3g2n   4.09  4.884012e+05
59   3syr   5.10  4.486438e+05
60   3ebp   5.91  4.208493e+05
61   2w66   4.05  3.771740e+05
62   2w4x   4.85  3.423732e+05
63   2wca   5.60  4.431631e+05
64   2xj7   6.66  4.168756e+05
65   2vvn   7.30  4.188546e+05
66   3aru   3.22  2.904764e+05
67   3arv   5.64  3.271168e+05
68   3ary   6.00  1.977617e+05
69   3arq   6.40  3.935791e+05
70   3arp   7.15  6.216836e+05
71   4ih5   4.11  3.463826e+05
72   4ih7   5.24  4.141382e+05
73   3cj4   6.51  4.486789e+05
74   4eo8   8.15  5.708404e+05
75   3gnw   9.10  7.732498e+05
76   1gpk   5.37  4.241105e+05
77   1gpn   6.48  4.380200e+05
78   1h23   8.35  8.562026e+05
79   1h22   9.10  7.970072e+05
80   1e66   9.89  5.730048e+05
81   3f3a   4.19  3.645323e+05
82   3f3c   6.02  3.964644e+05
83   4mme   6.50  4.822841e+05
84   3f3d   7.16  3.455019e+05
85   3f3e   7.70  3.605660e+05
86   2wbg   4.45  5.095323e+05
87   2cbv   5.48  3.117480e+05
88   2j78   6.42  3.349560e+05
89   2j7h   7.19  2.882301e+05
90   2cet   8.02  5.245165e+05
91   3udh   2.85  2.963471e+05
92   3rsx   4.41  3.022674e+05
93   4djv   6.72  5.953987e+05
94   2vkm   8.74  1.142405e+06
95   4gid  10.77  1.214856e+06
96   4jfs   5.27  3.719393e+05
97   4j28   5.70  3.232780e+05
98   2wvt   6.12  3.266206e+05
99   2xii   7.20  5.738614e+05
100  4pcs   7.85  3.502581e+05
101  3rr4   4.55  3.856305e+05
102  1s38   5.15  3.343949e+05
103  1r5y   6.46  2.889482e+05
104  3gc5   7.26  4.664566e+05
105  3ge7   8.70  6.327457e+05
106  4dli   5.62  5.302968e+05
107  2zb1   6.32  6.816164e+05
108  4f9w   6.94  5.964865e+05
109  3e92   8.00  7.601909e+05
110  3e93   8.85  9.064514e+05
111  4owm   2.96  2.022328e+05
112  3twp   3.92  1.934744e+05
113  3r88   4.82  2.757293e+05
114  4gkm   5.17  4.263569e+05
115  3qqs   5.82  4.107667e+05
116  3gv9   2.12  1.863395e+05
117  3gr2   2.52  1.708839e+05
118  4kz6   3.10  2.851848e+05
119  4jxs   4.74  4.139642e+05
120  2r9w   5.10  4.447704e+05
121  2hb1   3.80  3.176317e+05
122  1bzc   4.92  5.119355e+05
123  2qbr   6.33  5.517038e+05
124  2qbq   7.44  5.953041e+05
125  2qbp   8.40  6.841587e+05
126  1q8t   4.76  4.169390e+05
127  1ydr   5.52  4.481938e+05
128  1q8u   5.96  5.135719e+05
129  1ydt   7.32  6.561222e+05
130  3ag9   8.05  8.599880e+05
131  3fcq   2.77  3.326126e+05
132  1z9g   5.64  3.805209e+05
133  1qf1   7.32  6.239349e+05
134  5tmn   8.04  7.029793e+05
135  4tmn  10.17  7.855100e+05
136  4ddk   2.29  3.007878e+05
137  4ddh   3.32  3.614526e+05
138  3ivg   4.30  6.645192e+05
139  3coz   5.57  6.482718e+05
140  3coy   6.02  7.067889e+05
141  3pxf   4.43  3.619755e+05
142  4eor   6.30  6.408073e+05
143  2xnb   6.83  5.746095e+05
144  1pxn   7.15  5.107034e+05
145  2fvd   8.52  6.053658e+05
146  4k77   6.63  4.084681e+05
147  4e5w   7.66  6.748258e+05
148  4ivb   8.72  5.369267e+05
149  4ivd   9.52  5.752689e+05
150  4ivc  10.00  5.864191e+05
151  4f09   6.70  4.118553e+05
152  4gfm   7.22  3.614208e+05
153  4hge   7.92  4.872293e+05
154  4e6q   8.36  5.566053e+05
155  4jia   9.22  5.755350e+05
156  2brb   4.86  5.082018e+05
157  2br1   5.14  5.485250e+05
158  3jvr   5.72  4.314846e+05
159  3jvs   6.54  5.088667e+05
160  1nvq   8.25  7.530961e+05
161  3acw   4.76  5.908989e+05
162  4ea2   6.44  6.699097e+05
163  2zcr   6.87  7.078468e+05
164  2zy1   7.40  5.781814e+05
165  2zcq   8.82  4.922948e+05
166  1bcu   3.28  3.029602e+05
167  3bv9   5.36  7.327499e+05
168  1oyt   7.24  6.156400e+05
169  2zda   8.40  6.562499e+05
170  3utu  10.92  8.835535e+05
171  3u9q   4.38  4.831468e+05
172  2yfe   6.63  6.303654e+05
173  3fur   8.00  7.306564e+05
174  3b1m   8.48  8.005194e+05
175  2p4y   9.00  8.849963e+05
176  3uo4   6.52  6.336486e+05
177  3up2   7.40  5.830631e+05
178  3e5a   8.23  6.882213e+05
179  2wtv   8.74  6.844745e+05
180  3myg  10.70  5.707187e+05
181  3kgp   2.57  2.246421e+05
182  1c5z   4.01  2.579837e+05
183  1o5b   5.77  3.090556e+05
184  1owh   7.40  4.414968e+05
185  1sqa   9.21  5.593016e+05
186  4jsz   2.30  1.815045e+05
187  3kwa   4.08  2.790734e+05
188  2weg   6.50  2.369914e+05
189  3ryj   7.80  3.142612e+05
190  3dd0   9.00  3.174978e+05
191  2xdl   3.10  3.825954e+05
192  3b27   5.16  3.302127e+05
193  1yc1   6.17  5.427215e+05
194  3rlr   7.52  5.016716e+05
195  2yki   9.46  8.382489e+05
196  1z95   7.12  7.427954e+05
197  3b68   8.40  8.105177e+05
198  3b5r   8.77  7.156507e+05
199  3b65   9.27  7.099943e+05
200  3g0w   9.52  6.556915e+05
201  4u4s   2.92  3.059807e+05
202  1p1q   4.89  3.026247e+05
203  1syi   5.44  4.522580e+05
204  1p1n   6.80  3.926254e+05
205  2al5   8.40  3.621688e+05
206  3g2z   2.36  1.312040e+05
207  3g31   2.89  1.781312e+05
208  4de2   4.12  4.257807e+05
209  4de3   5.52  3.743174e+05
210  4de1   5.96  3.851324e+05
211  1vso   4.72  4.036673e+05
212  4dld   5.82  4.753875e+05
213  3gbb   6.90  4.689820e+05
214  3fv2   8.11  5.060348e+05
215  3fv1   9.30  5.632411e+05
216  4mgd   4.69  5.376255e+05
217  2qe4   7.96  6.280519e+05
218  1qkt   9.04  5.941085e+05
219  2pog   9.54  6.106814e+05
220  2p15  10.30  9.461584e+05
221  2y5h   5.79  5.608096e+05
222  1lpg   7.09  7.783084e+05
223  2xbv   8.43  7.102893e+05
224  1z6e   9.72  7.277303e+05
225  1mq6  11.15  7.443465e+05
226  1nc3   5.00  4.643795e+05
227  1nc1   6.12  5.412040e+05
228  1y6r  10.11  5.617833e+05
229  4f2w  11.30  5.972057e+05
230  4f3c  11.82  7.024343e+05
231  1uto   2.27  2.193297e+05
232  4abg   3.57  3.007691e+05
233  3gy4   5.10  2.705183e+05
234  1k1i   6.58  5.921467e+05
235  1o3f   7.96  4.895228e+05
236  2yge   5.06  5.794752e+05
237  2fxs   6.06  3.830228e+05
238  2iwx   6.68  4.448455e+05
239  2wer   7.05  4.388207e+05
240  2vw5   8.52  6.599059e+05
241  4kzq   6.10  4.531875e+05
242  4kzu   6.50  4.873188e+05
243  4j21   7.41  4.888862e+05
244  4j3l   7.80  5.417718e+05
245  3kr8   8.10  5.057475e+05
246  2ymd   3.16  3.969413e+05
247  2wnc   6.32  4.602196e+05
248  2xys   7.42  4.783724e+05
249  2wn9   8.52  4.203721e+05
250  2x00  11.33  7.672991e+05
251  3ozt   4.13  6.168843e+05
252  3ozs   5.33  6.442568e+05
253  3oe5   6.88  6.647511e+05
254  3oe4   7.47  6.595003e+05
255  3nw9   9.00  7.983483e+05
256  3ao4   2.07  3.287450e+05
257  3zt2   2.84  4.770755e+05
258  3zsx   3.28  6.099556e+05
259  4cig   3.67  6.365245e+05
260  3zso   5.12  7.388853e+05
261  3n7a   3.70  3.431200e+05
262  4ciw   4.82  4.274940e+05
263  3n86   5.64  6.744261e+05
264  3n76   6.85  6.204939e+05
265  2xb8   7.59  5.872495e+05
266  4bkt   3.62  3.271735e+05
267  4w9c   4.65  5.118810e+05
268  4w9l   5.02  7.048875e+05
269  4w9i   5.96  5.587125e+05
270  4w9h   6.73  6.067484e+05
271  3nq9   4.03  2.825032e+05
272  3ueu   5.24  5.053678e+05
273  3uev   5.89  5.874213e+05
274  3uew   6.31  6.232537e+05
275  3uex   6.92  7.270587e+05
276  3lka   2.82  2.957898e+05
277  3ehy   5.85  3.728167e+05
278  3tsk   7.17  8.359875e+05
279  3nx7   8.10  4.071885e+05
280  4gr0   9.55  9.787120e+05
281  3dxg   2.40  2.241159e+05
282  3d6q   3.76  2.338992e+05
283  1w4o   5.22  3.043612e+05
284  1o0h   5.92  3.697180e+05
285  1u1b   7.80  6.549100e+05

Summary of the scoring power: ===================================
The regression equation: logKa = 0.00 + 2.71 * Score
Number of favorable sample (N) = 285
Pearson correlation coefficient (R) = 0.643
Confidence interval of 90% Pearson R = [0.581 ~ 0.697] 
Standard deviation in fitting (SD) = 1.67
=================================================================

Template command for running the bootstrap in R program==========

rm(list=ls());
require(boot);
data_all<-read.table("X-Score_processed_score",header=TRUE);
aa<-c(1:nrow(data_all));

mycore<-function(x,indices)
{
data_1<-matrix(NA,285,2);
for(i in 1:285);
    {
        data_1[i,1]=data_all[x[indices][i],2];
        data_1[i,2]=data_all[x[indices][i],3];
    }
        data_2<-data.frame(data_1);
        names(data_2)<-c("a","b");
        cor(data_2$a,data_2$b);
};

data.boot<-boot(aa,mycore,R=10000,stype="i",sim="ordinary");
sink("X-Score-ci.results");
a<-boot.ci(data.boot,conf=0.9,type=c("bca"));
print(a);
sink();

=================================================================
