     code  logKa      score
1    4llx   2.89  10.240414
2    5c28   5.66  12.405840
3    3uuo   7.96  18.833518
4    3ui7   9.00  23.322280
5    5c2h  11.09  33.837431
6    2v00   3.66  18.690652
7    3wz8   5.82  30.312912
8    3pww   7.32  40.775889
9    3prs   7.82  44.450827
10   3uri   9.00  46.237557
11   4m0z   5.19  33.809560
12   4m0y   6.46  22.862936
13   3qgy   7.80  26.305379
14   4qd6   8.64  24.805114
15   4rfm  10.05  30.827020
16   4cr9   4.10  15.542634
17   4cra   7.22  32.543275
18   4x6p   8.30  39.367379
19   4crc   8.72  37.352981
20   4ty7   9.52  34.029693
21   5aba   2.98  15.147561
22   5a7b   3.57  28.068824
23   4agn   3.97  20.041214
24   4agp   4.69  23.470542
25   4agq   5.01  24.025936
26   3bgz   6.26  21.351270
27   3jya   6.89  15.043163
28   2c3i   7.60  23.988018
29   4k18   8.96  27.257536
30   5dwr  11.22  28.542558
31   3mss   4.66  16.674638
32   3k5v   6.30  19.802604
33   3pyy   6.86  25.293981
34   2v7a   8.30  30.586767
35   4twp  10.00  37.886560
36   3wtj   6.53  23.746785
37   3zdg   7.10  24.401459
38   3u8k   8.66  24.974894
39   4qac   9.40  27.384215
40   3u8n  10.17  26.983653
41   1a30   4.30  25.070188
42   2qnq   6.11  42.684451
43   1g2k   7.96  45.456116
44   1eby   9.70  49.014700
45   3o9i  11.82  45.249036
46   4lzs   4.80  17.109281
47   3u5j   5.61  18.249369
48   4wiv   6.26  19.239728
49   4ogj   6.79  21.511160
50   3p5o   7.30  23.896416
51   1ps3   2.28  22.657110
52   3dx1   3.58  17.365113
53   3d4z   4.89  22.769744
54   3dx2   6.82  24.829426
55   3ejr   8.57  30.075347
56   3l7b   2.40  21.703612
57   4eky   3.52  35.232898
58   3g2n   4.09  24.112035
59   3syr   5.10  24.917487
60   3ebp   5.91  20.036139
61   2w66   4.05  27.546866
62   2w4x   4.85  21.711192
63   2wca   5.60  26.407936
64   2xj7   6.66  25.171573
65   2vvn   7.30  29.177316
66   3aru   3.22  17.968860
67   3arv   5.64  18.032044
68   3ary   6.00  15.249670
69   3arq   6.40  26.476946
70   3arp   7.15  27.644099
71   4ih5   4.11  19.792354
72   4ih7   5.24  21.336103
73   3cj4   6.51  19.447631
74   4eo8   8.15  22.291103
75   3gnw   9.10  38.762696
76   1gpk   5.37  21.949920
77   1h23   8.35  37.380356
78   1h22   9.10  36.072429
79   3f3a   4.19  23.834039
80   3f3c   6.02  20.996286
81   4mme   6.50  24.342596
82   3f3d   7.16  20.977365
83   3f3e   7.70  18.012699
84   2wbg   4.45  30.459036
85   2cbv   5.48  22.059589
86   2j78   6.42  23.966379
87   2j7h   7.19  19.688956
88   2cet   8.02  30.239219
89   3udh   2.85  16.704362
90   3rsx   4.41  17.908141
91   4djv   6.72  29.536059
92   2vkm   8.74  60.407511
93   4gid  10.77  60.979531
94   4jfs   5.27  20.052509
95   4j28   5.70  20.390484
96   2wvt   6.12  22.715847
97   2xii   7.20  32.755917
98   4pcs   7.85  18.059899
99   3rr4   4.55  28.264457
100  1s38   5.15  21.200863
101  1r5y   6.46  22.575518
102  3gc5   7.26  32.764976
103  3ge7   8.70  40.456595
104  4dli   5.62  23.566056
105  2zb1   6.32  31.102278
106  4f9w   6.94  27.122060
107  3e92   8.00  33.892282
108  3e93   8.85  41.922696
109  4owm   2.96  10.577179
110  3twp   3.92  10.220134
111  3r88   4.82  15.896501
112  4gkm   5.17  22.839336
113  3qqs   5.82  21.067116
114  3gv9   2.12  13.230637
115  3gr2   2.52  14.854246
116  4kz6   3.10  16.032904
117  4jxs   4.74  23.189856
118  2r9w   5.10  21.938710
119  2hb1   3.80  15.472006
120  1bzc   4.92  28.089288
121  2qbr   6.33  23.312968
122  2qbq   7.44  24.703325
123  2qbp   8.40  30.115351
124  1q8t   4.76  20.437427
125  1ydr   5.52  25.574977
126  1q8u   5.96  24.846365
127  1ydt   7.32  30.867790
128  3ag9   8.05  41.006590
129  3fcq   2.77  15.857440
130  1z9g   5.64  22.322778
131  1qf1   7.32  31.774603
132  5tmn   8.04  26.211904
133  4tmn  10.17  34.602515
134  4ddk   2.29  14.834971
135  4ddh   3.32  19.334335
136  3ivg   4.30  36.177312
137  3coz   5.57  39.263131
138  3coy   6.02  41.448955
139  3pxf   4.43  14.962590
140  4eor   6.30  31.462737
141  2xnb   6.83  29.228851
142  1pxn   7.15  28.880681
143  2fvd   8.52  29.310759
144  4k77   6.63  19.914616
145  4e5w   7.66  34.279593
146  4ivb   8.72  25.755312
147  4ivd   9.52  30.353421
148  4ivc  10.00  29.520272
149  4f09   6.70  22.660712
150  4gfm   7.22  17.175791
151  4hge   7.92  26.537141
152  4e6q   8.36  28.116784
153  4jia   9.22  25.553231
154  2brb   4.86  23.210767
155  2br1   5.14  25.144420
156  3jvr   5.72  18.561045
157  3jvs   6.54  27.882798
158  1nvq   8.25  34.785492
159  3acw   4.76  23.589245
160  4ea2   6.44  32.507861
161  2zcr   6.87  29.305604
162  2zy1   7.40  23.398426
163  2zcq   8.82  27.266029
164  1bcu   3.28  14.761971
165  3bv9   5.36  30.761998
166  1oyt   7.24  27.528175
167  2zda   8.40  31.032285
168  3utu  10.92  40.532656
169  3u9q   4.38  19.644334
170  2yfe   6.63  25.555893
171  3fur   8.00  29.782227
172  3b1m   8.48  35.050532
173  2p4y   9.00  35.950498
174  3uo4   6.52  31.452294
175  3up2   7.40  26.230682
176  3e5a   8.23  60.059836
177  2wtv   8.74  27.385160
178  3myg  10.70  32.879925
179  3kgp   2.57  14.081056
180  1c5z   4.01  15.040693
181  1o5b   5.77  17.899103
182  1owh   7.40  21.928680
183  1sqa   9.21  29.805318
184  4jsz   2.30  11.843860
185  3kwa   4.08  28.429631
186  2weg   6.50  12.797469
187  3ryj   7.80  16.197720
188  3dd0   9.00  18.257916
189  2xdl   3.10  20.470106
190  3b27   5.16  17.321563
191  1yc1   6.17  27.727271
192  3rlr   7.52  24.558902
193  2yki   9.46  40.947011
194  1z95   7.12  33.727323
195  3b68   8.40  39.317913
196  3b5r   8.77  30.765292
197  3b65   9.27  32.970290
198  3g0w   9.52  26.027102
199  4u4s   2.92  20.813371
200  1p1q   4.89  26.526441
201  1syi   5.44  29.175644
202  1p1n   6.80  20.618985
203  2al5   8.40  24.509040
204  3g2z   2.36  14.182129
205  3g31   2.89   7.983492
206  4de2   4.12  25.606616
207  4de3   5.52  24.379851
208  4de1   5.96  27.654073
209  1vso   4.72  22.021933
210  4dld   5.82  25.254213
211  3gbb   6.90  26.180937
212  3fv2   8.11  29.675387
213  3fv1   9.30  33.353517
214  4mgd   4.69  16.441031
215  2qe4   7.96  26.970039
216  1qkt   9.04  22.078837
217  2pog   9.54  23.032639
218  2p15  10.30  31.685539
219  2y5h   5.79  28.688298
220  1lpg   7.09  43.068851
221  2xbv   8.43  34.064258
222  1z6e   9.72  36.431714
223  1mq6  11.15  31.921116
224  1nc3   5.00  34.961602
225  1nc1   6.12  39.966718
226  1y6r  10.11  36.585907
227  4f2w  11.30  36.006284
228  4f3c  11.82  42.222325
229  1uto   2.27  11.816851
230  4abg   3.57  17.488253
231  3gy4   5.10  15.126271
232  1k1i   6.58  26.288652
233  1o3f   7.96  29.836367
234  2yge   5.06  28.630393
235  2fxs   6.06  23.018859
236  2iwx   6.68  19.869135
237  2wer   7.05  22.556370
238  2vw5   8.52  30.798739
239  4kzq   6.10  22.709601
240  4kzu   6.50  22.633497
241  4j21   7.41  22.222855
242  4j3l   7.80  25.096755
243  3kr8   8.10  28.013700
244  2ymd   3.16  23.194149
245  2wnc   6.32  23.704286
246  2xys   7.42  25.622083
247  2wn9   8.52  21.343420
248  2x00  11.33  32.102309
249  3ozt   4.13  40.411826
250  3ozs   5.33  37.523812
251  3oe5   6.88  43.219159
252  3oe4   7.47  44.155180
253  3nw9   9.00  49.543992
254  3ao4   2.07  22.862223
255  3zt2   2.84  21.583090
256  3zsx   3.28  24.614938
257  4cig   3.67  27.345627
258  3zso   5.12  31.059250
259  3n7a   3.70  19.275519
260  4ciw   4.82  23.557719
261  3n86   5.64  34.508878
262  3n76   6.85  35.038493
263  2xb8   7.59  30.823498
264  4bkt   3.62  18.221646
265  4w9c   4.65  24.484101
266  4w9l   5.02  35.344174
267  4w9i   5.96  28.942201
268  4w9h   6.73  32.614730
269  3nq9   4.03   9.948159
270  3ueu   5.24  16.282899
271  3uev   5.89  19.401900
272  3uew   6.31  19.950600
273  3uex   6.92  22.899642
274  3lka   2.82  17.574470
275  3ehy   5.85  20.244523
276  3tsk   7.17  35.624861
277  3nx7   8.10  21.375680
278  4gr0   9.55  40.499291
279  3dxg   2.40  12.405714
280  3d6q   3.76  13.569572
281  1w4o   5.22  18.592537
282  1o0h   5.92  22.841156
283  1u1b   7.80  29.692104

Summary of the scoring power: ===================================
The regression equation: logKa = 0.15 + 2.61 * Score
Number of favorable sample (N) = 283
Pearson correlation coefficient (R) = 0.588
Standard deviation in fitting (SD) = 1.76
=================================================================

Template command for running the bootstrap in R program==========

rm(list=ls());
require(boot);
data_all<-read.table("X-Score_processed_score",header=TRUE);
aa<-c(1:nrow(data_all));

mycore<-function(x,indices)
{
data_1<-matrix(NA,283,2);
for(i in 1:283);
    {
        data_1[i,1]=data_all[x[indices][i],2];
        data_1[i,2]=data_all[x[indices][i],3];
    }
        data_2<-data.frame(data_1);
        names(data_2)<-c("a","b");
        cor(data_2$a,data_2$b);
};

data.boot<-boot(aa,mycore,R=10000,stype="i",sim="ordinary");
sink("X-Score-ci.results");
a<-boot.ci(data.boot,conf=0.9,type=c("bca"));
print(a);
sink();

=================================================================
