     code  logKa      score
1    4llx   2.89  13.346905
2    5c28   5.66  16.276558
3    3uuo   7.96  22.228802
4    3ui7   9.00  25.177911
5    5c2h  11.09  30.278584
6    2v00   3.66  19.574892
7    3wz8   5.82  32.386697
8    3pww   7.32  40.156918
9    3prs   7.82  37.302761
10   3uri   9.00  32.302686
11   4m0z   5.19  25.709298
12   4m0y   6.46  20.169336
13   3qgy   7.80  29.910916
14   4qd6   8.64  35.095498
15   4rfm  10.05  28.238624
16   4cr9   4.10  15.482434
17   4cra   7.22  31.583329
18   4x6p   8.30  33.104456
19   4crc   8.72  32.011926
20   4ty7   9.52  31.337705
21   5aba   2.98  22.124373
22   5a7b   3.57  31.252463
23   4agn   3.97  23.319623
24   4agp   4.69  30.084977
25   4agq   5.01  28.311828
26   3bgz   6.26  36.932669
27   3jya   6.89  20.755822
28   2c3i   7.60  28.398031
29   4k18   8.96  33.621630
30   5dwr  11.22  38.028869
31   3mss   4.66  23.477029
32   3k5v   6.30  30.393650
33   3pyy   6.86  27.791942
34   2v7a   8.30  27.996936
35   4twp  10.00  31.740609
36   3wtj   6.53  19.769086
37   3zdg   7.10  15.111251
38   3u8k   8.66  15.020077
39   4qac   9.40  36.347323
40   3u8n  10.17  16.787070
41   1a30   4.30  22.124265
42   2qnq   6.11  44.588856
43   1g2k   7.96  43.426923
44   1eby   9.70  42.571851
45   3o9i  11.82  37.164968
46   4lzs   4.80  15.535705
47   3u5j   5.61  26.129818
48   4wiv   6.26  31.059133
49   4ogj   6.79  34.537142
50   3p5o   7.30  27.676786
51   1ps3   2.28  12.675756
52   3dx1   3.58  14.707756
53   3d4z   4.89  12.124882
54   3dx2   6.82  17.802345
55   3ejr   8.57  24.208993
56   3l7b   2.40  15.346789
57   4eky   3.52  19.023192
58   3g2n   4.09  17.595585
59   3syr   5.10  14.506265
60   3ebp   5.91  25.704820
61   2w66   4.05  10.483358
62   2w4x   4.85  13.304606
63   2wca   5.60  23.241915
64   2xj7   6.66  13.279776
65   2vvn   7.30  13.884722
66   3aru   3.22  14.925581
67   3arv   5.64  27.630383
68   3ary   6.00  13.215130
69   3arq   6.40  20.769382
70   3arp   7.15  34.703055
71   4ih5   4.11  20.827853
72   4ih7   5.24  23.292430
73   3cj4   6.51  22.891934
74   4eo8   8.15  27.792525
75   3gnw   9.10  37.426097
76   1gpk   5.37  16.585639
77   1h23   8.35  33.043379
78   1h22   9.10  29.663734
79   3f3a   4.19  19.755129
80   3f3c   6.02  22.641486
81   4mme   6.50  25.357984
82   3f3d   7.16  19.293477
83   3f3e   7.70  19.844721
84   2wbg   4.45  23.942001
85   2cbv   5.48  14.713251
86   2j78   6.42  14.362032
87   2j7h   7.19  11.755812
88   2cet   8.02  19.641675
89   3udh   2.85  16.215421
90   3rsx   4.41  19.707335
91   4djv   6.72  34.974361
92   2vkm   8.74  43.637875
93   4gid  10.77  41.913476
94   4jfs   5.27  20.567232
95   4j28   5.70  18.537130
96   2wvt   6.12  14.398136
97   2xii   7.20  28.340243
98   4pcs   7.85  22.355969
99   3rr4   4.55  15.994668
100  1s38   5.15  19.056317
101  1r5y   6.46  17.151961
102  3gc5   7.26  19.903048
103  3ge7   8.70  26.207836
104  4dli   5.62  24.747651
105  2zb1   6.32  32.162260
106  4f9w   6.94  31.486992
107  3e92   8.00  33.966906
108  3e93   8.85  35.633407
109  4owm   2.96  14.677957
110  3twp   3.92  15.021218
111  3r88   4.82  15.441907
112  4gkm   5.17  23.277019
113  3qqs   5.82  21.531234
114  3gv9   2.12  11.388691
115  3gr2   2.52  14.235884
116  4kz6   3.10  15.660648
117  4jxs   4.74  20.057063
118  2r9w   5.10  28.355103
119  2hb1   3.80  19.524622
120  1bzc   4.92  28.727570
121  2qbr   6.33  31.497943
122  2qbq   7.44  31.678752
123  2qbp   8.40  35.883463
124  1q8t   4.76  16.609593
125  1ydr   5.52  21.519846
126  1q8u   5.96  23.507061
127  1ydt   7.32  28.991340
128  3ag9   8.05  29.265074
129  3fcq   2.77  16.759528
130  1z9g   5.64  21.076198
131  1qf1   7.32  28.159883
132  5tmn   8.04  29.995745
133  4tmn  10.17  33.025623
134  4ddk   2.29  16.174953
135  4ddh   3.32  16.264370
136  3ivg   4.30  25.984986
137  3coz   5.57  21.477526
138  3coy   6.02  21.798397
139  3pxf   4.43  28.481807
140  4eor   6.30  28.756900
141  2xnb   6.83  20.300626
142  1pxn   7.15  18.554395
143  2fvd   8.52  29.873014
144  4k77   6.63  16.409399
145  4e5w   7.66  21.003023
146  4ivb   8.72  20.502934
147  4ivd   9.52  22.847510
148  4ivc  10.00  21.844947
149  4f09   6.70  16.928442
150  4gfm   7.22  18.426247
151  4hge   7.92  20.482174
152  4e6q   8.36  23.344397
153  4jia   9.22  34.465462
154  2brb   4.86  27.303739
155  2br1   5.14  27.970617
156  3jvr   5.72  25.601931
157  3jvs   6.54  30.900535
158  1nvq   8.25  30.620666
159  3acw   4.76  31.084726
160  4ea2   6.44  30.315032
161  2zcr   6.87  37.767082
162  2zy1   7.40  26.314948
163  2zcq   8.82  30.175109
164  1bcu   3.28  16.688182
165  3bv9   5.36  30.682933
166  1oyt   7.24  31.439591
167  2zda   8.40  29.758067
168  3utu  10.92  40.305809
169  3u9q   4.38  25.282169
170  2yfe   6.63  32.070345
171  3fur   8.00  38.541052
172  3b1m   8.48  36.903530
173  2p4y   9.00  45.071021
174  3uo4   6.52  34.444669
175  3up2   7.40  33.211638
176  3e5a   8.23  30.644734
177  2wtv   8.74  37.098278
178  3myg  10.70  20.248912
179  3kgp   2.57  14.683989
180  1c5z   4.01  16.904372
181  1o5b   5.77  17.846798
182  1owh   7.40  25.968839
183  1sqa   9.21  29.296445
184  4jsz   2.30  12.633984
185  3kwa   4.08  15.028614
186  2weg   6.50  19.940273
187  3ryj   7.80  22.014108
188  3dd0   9.00  18.744905
189  2xdl   3.10  16.032977
190  3b27   5.16  22.986279
191  1yc1   6.17  26.801425
192  3rlr   7.52  28.799880
193  2yki   9.46  37.626778
194  1z95   7.12  37.368003
195  3b68   8.40  35.580110
196  3b5r   8.77  40.454038
197  3b65   9.27  35.516228
198  3g0w   9.52  33.712005
199  4u4s   2.92  11.996176
200  1p1q   4.89  15.783779
201  1syi   5.44  16.482452
202  1p1n   6.80  16.456356
203  2al5   8.40  16.638864
204  3g2z   2.36  11.406665
205  3g31   2.89  15.654253
206  4de2   4.12  20.864379
207  4de3   5.52  20.645624
208  4de1   5.96  19.427051
209  1vso   4.72  22.050740
210  4dld   5.82  23.550464
211  3gbb   6.90  20.637238
212  3fv2   8.11  20.096897
213  3fv1   9.30  20.134874
214  4mgd   4.69  28.894921
215  2qe4   7.96  30.439552
216  1qkt   9.04  29.337752
217  2pog   9.54  31.440134
218  2p15  10.30  48.476814
219  2y5h   5.79  17.859668
220  1lpg   7.09  38.121532
221  2xbv   8.43  31.137674
222  1z6e   9.72  30.913125
223  1mq6  11.15  30.462542
224  1nc3   5.00  13.506260
225  1nc1   6.12  22.985468
226  1y6r  10.11  20.227307
227  4f2w  11.30  21.733772
228  4f3c  11.82  26.754480
229  1uto   2.27  14.275302
230  4abg   3.57  16.003344
231  3gy4   5.10  16.458723
232  1k1i   6.58  32.406053
233  1o3f   7.96  30.527543
234  2yge   5.06  25.142886
235  2fxs   6.06  19.981125
236  2iwx   6.68  22.370014
237  2wer   7.05  23.303971
238  2vw5   8.52  30.496299
239  4kzq   6.10  23.101441
240  4kzu   6.50  26.071367
241  4j21   7.41  23.738585
242  4j3l   7.80  26.731525
243  3kr8   8.10  23.529793
244  2ymd   3.16  16.870114
245  2wnc   6.32  23.094224
246  2xys   7.42  23.191570
247  2wn9   8.52  21.058790
248  2x00  11.33  27.843567
249  3ozt   4.13  24.844382
250  3ozs   5.33  26.466774
251  3oe5   6.88  26.356184
252  3oe4   7.47  23.780171
253  3nw9   9.00  33.372371
254  3ao4   2.07  18.556739
255  3zt2   2.84  26.117341
256  3zsx   3.28  33.837724
257  4cig   3.67  34.997087
258  3zso   5.12  40.785591
259  3n7a   3.70  17.149819
260  4ciw   4.82  16.073388
261  3n86   5.64  22.488294
262  3n76   6.85  26.583435
263  2xb8   7.59  23.840439
264  4bkt   3.62  13.029314
265  4w9c   4.65  20.879582
266  4w9l   5.02  26.713665
267  4w9i   5.96  21.541448
268  4w9h   6.73  23.329017
269  3nq9   4.03  22.253601
270  3ueu   5.24  31.398954
271  3uev   5.89  34.029279
272  3uew   6.31  35.356185
273  3uex   6.92  40.273435
274  3lka   2.82  15.093660
275  3ehy   5.85  16.121988
276  3tsk   7.17  28.130559
277  3nx7   8.10  18.754871
278  4gr0   9.55  36.445592
279  3dxg   2.40  13.164541
280  3d6q   3.76  15.044646
281  1w4o   5.22  14.040178
282  1o0h   5.92  18.778657
283  1u1b   7.80  27.879224

Summary of the scoring power: ===================================
The regression equation: logKa = 0.15 + 2.69 * Score
Number of favorable sample (N) = 283
Pearson correlation coefficient (R) = 0.556
Standard deviation in fitting (SD) = 1.81
=================================================================

Template command for running the bootstrap in R program==========

rm(list=ls());
require(boot);
data_all<-read.table("X-Score_processed_score",header=TRUE);
aa<-c(1:nrow(data_all));

mycore<-function(x,indices)
{
data_1<-matrix(NA,283,2);
for(i in 1:283);
    {
        data_1[i,1]=data_all[x[indices][i],2];
        data_1[i,2]=data_all[x[indices][i],3];
    }
        data_2<-data.frame(data_1);
        names(data_2)<-c("a","b");
        cor(data_2$a,data_2$b);
};

data.boot<-boot(aa,mycore,R=10000,stype="i",sim="ordinary");
sink("X-Score-ci.results");
a<-boot.ci(data.boot,conf=0.9,type=c("bca"));
print(a);
sink();

=================================================================
