     code  logKa       score
1    4llx   2.89   36.009741
2    5c28   5.66   50.461438
3    3uuo   7.96   68.069075
4    3ui7   9.00   80.216489
5    5c2h  11.09   94.290018
6    2v00   3.66   40.111273
7    3wz8   5.82   81.583088
8    3pww   7.32  101.329654
9    3prs   7.82   90.218955
10   3uri   9.00   76.196573
11   4m0z   5.19   84.465634
12   4m0y   6.46   41.997914
13   3qgy   7.80   82.488387
14   4qd6   8.64   84.227840
15   4rfm  10.05   73.194507
16   4cr9   4.10   30.700233
17   4cra   7.22   65.877541
18   4x6p   8.30   70.031921
19   4crc   8.72   67.215665
20   4ty7   9.52   64.956957
21   5aba   2.98   43.115874
22   5a7b   3.57   69.987414
23   4agn   3.97   47.075730
24   4agp   4.69   64.123626
25   4agq   5.01   59.266479
26   3bgz   6.26  117.544522
27   3jya   6.89   60.558260
28   2c3i   7.60   96.323450
29   4k18   8.96   95.446376
30   5dwr  11.22  114.623948
31   3mss   4.66   79.827075
32   3k5v   6.30   94.206691
33   3pyy   6.86   85.040383
34   2v7a   8.30   56.808663
35   4twp  10.00  100.826946
36   3wtj   6.53   62.243506
37   3zdg   7.10   48.124429
38   3u8k   8.66   39.433425
39   4qac   9.40  139.745685
40   3u8n  10.17   47.879676
41   1a30   4.30   39.601566
42   2qnq   6.11  121.052894
43   1g2k   7.96  118.135799
44   1eby   9.70  122.326865
45   3o9i  11.82   95.474235
46   4lzs   4.80   40.752750
47   3u5j   5.61   75.042776
48   4wiv   6.26   92.497590
49   4ogj   6.79   89.408720
50   3p5o   7.30   77.286561
51   1ps3   2.28   12.858983
52   3dx1   3.58   21.021409
53   3d4z   4.89   12.286950
54   3dx2   6.82   37.509320
55   3ejr   8.57   49.662428
56   3l7b   2.40   20.061356
57   4eky   3.52   28.570676
58   3g2n   4.09   27.720253
59   3syr   5.10   17.471213
60   3ebp   5.91   77.479007
61   2w66   4.05   15.749546
62   2w4x   4.85   22.882525
63   2wca   5.60   52.704201
64   2xj7   6.66   26.808873
65   2vvn   7.30   24.842886
66   3aru   3.22   30.878524
67   3arv   5.64   76.445139
68   3ary   6.00   28.438096
69   3arq   6.40   41.160851
70   3arp   7.15  113.938002
71   4ih5   4.11   57.197895
72   4ih7   5.24   64.382878
73   3cj4   6.51   69.737631
74   4eo8   8.15   77.506851
75   3gnw   9.10   96.510802
76   1gpk   5.37   42.144277
77   1h23   8.35  107.078197
78   1h22   9.10   93.431183
79   3f3a   4.19   49.725201
80   3f3c   6.02   55.111590
81   4mme   6.50   78.137185
82   3f3d   7.16   44.294145
83   3f3e   7.70   47.945732
84   2wbg   4.45   56.881521
85   2cbv   5.48   23.299094
86   2j78   6.42   17.426849
87   2j7h   7.19   11.898182
88   2cet   8.02   38.165994
89   3udh   2.85   43.860550
90   3rsx   4.41   46.288410
91   4djv   6.72   92.426449
92   2vkm   8.74  110.552734
93   4gid  10.77  104.892163
94   4jfs   5.27   46.714493
95   4j28   5.70   35.600576
96   2wvt   6.12   14.562736
97   2xii   7.20   49.563256
98   4pcs   7.85   51.170118
99   3rr4   4.55   36.684400
100  1s38   5.15   47.870736
101  1r5y   6.46   37.448085
102  3gc5   7.26   44.247074
103  3ge7   8.70   60.891023
104  4dli   5.62   77.755167
105  2zb1   6.32  101.889017
106  4f9w   6.94   97.156748
107  3e92   8.00  112.219722
108  3e93   8.85  112.676846
109  4owm   2.96   32.650200
110  3twp   3.92   28.664764
111  3r88   4.82   30.525985
112  4gkm   5.17   57.744565
113  3qqs   5.82   53.312181
114  3gv9   2.12   17.091744
115  3gr2   2.52   20.786033
116  4kz6   3.10   29.272665
117  4jxs   4.74   37.209972
118  2r9w   5.10   59.929722
119  2hb1   3.80   39.262785
120  1bzc   4.92   81.552923
121  2qbr   6.33   73.799977
122  2qbq   7.44   71.594552
123  2qbp   8.40   80.930804
124  1q8t   4.76   35.016527
125  1ydr   5.52   64.381055
126  1q8u   5.96   69.648718
127  1ydt   7.32   77.464261
128  3ag9   8.05   54.980112
129  3fcq   2.77   36.582569
130  1z9g   5.64   48.669353
131  1qf1   7.32   73.078548
132  5tmn   8.04   76.516938
133  4tmn  10.17   80.398128
134  4ddk   2.29   36.507690
135  4ddh   3.32   33.714816
136  3ivg   4.30   71.210160
137  3coz   5.57   41.467750
138  3coy   6.02   41.549710
139  3pxf   4.43   84.434038
140  4eor   6.30   72.636245
141  2xnb   6.83   56.846695
142  1pxn   7.15   51.107311
143  2fvd   8.52   78.142529
144  4k77   6.63   34.647892
145  4e5w   7.66   47.364923
146  4ivb   8.72   45.627548
147  4ivd   9.52   51.403663
148  4ivc  10.00   49.492645
149  4f09   6.70   39.576105
150  4gfm   7.22   39.258141
151  4hge   7.92   39.484513
152  4e6q   8.36   51.038869
153  4jia   9.22   90.264191
154  2brb   4.86   71.334780
155  2br1   5.14   69.009595
156  3jvr   5.72   62.219922
157  3jvs   6.54   65.009765
158  1nvq   8.25   83.312862
159  3acw   4.76  111.818211
160  4ea2   6.44   97.493359
161  2zcr   6.87  122.646961
162  2zy1   7.40   85.681149
163  2zcq   8.82   88.948984
164  1bcu   3.28   27.476669
165  3bv9   5.36   64.082098
166  1oyt   7.24   70.576909
167  2zda   8.40   69.464366
168  3utu  10.92   86.144007
169  3u9q   4.38   73.790700
170  2yfe   6.63   99.925231
171  3fur   8.00  129.327222
172  3b1m   8.48  124.369354
173  2p4y   9.00  151.329914
174  3uo4   6.52   86.960490
175  3up2   7.40   87.628068
176  3e5a   8.23   86.562332
177  2wtv   8.74  100.377583
178  3myg  10.70   45.064202
179  3kgp   2.57   23.754311
180  1c5z   4.01   25.658261
181  1o5b   5.77   28.645568
182  1owh   7.40   39.980195
183  1sqa   9.21   44.926245
184  4jsz   2.30    9.052933
185  3kwa   4.08   28.285062
186  2weg   6.50   41.938563
187  3ryj   7.80   53.767056
188  3dd0   9.00   35.908847
189  2xdl   3.10   32.338282
190  3b27   5.16   56.089238
191  1yc1   6.17   47.219190
192  3rlr   7.52   74.312297
193  2yki   9.46  129.338944
194  1z95   7.12  139.166864
195  3b68   8.40  126.251913
196  3b5r   8.77  149.497511
197  3b65   9.27  126.401201
198  3g0w   9.52  120.568779
199  4u4s   2.92   20.065926
200  1p1q   4.89   27.964227
201  1syi   5.44   27.295113
202  1p1n   6.80   27.098243
203  2al5   8.40   27.104216
204  3g2z   2.36   15.195374
205  3g31   2.89   31.625610
206  4de2   4.12   28.264661
207  4de3   5.52   27.237475
208  4de1   5.96   25.163349
209  1vso   4.72   38.116987
210  4dld   5.82   47.024126
211  3gbb   6.90   35.283340
212  3fv2   8.11   28.720173
213  3fv1   9.30   28.524887
214  4mgd   4.69  101.108848
215  2qe4   7.96   98.704264
216  1qkt   9.04   96.736598
217  2pog   9.54  109.378601
218  2p15  10.30  187.213290
219  2y5h   5.79   34.191192
220  1lpg   7.09   81.265133
221  2xbv   8.43   84.464541
222  1z6e   9.72   65.452664
223  1mq6  11.15   75.771018
224  1nc3   5.00   18.921209
225  1nc1   6.12   69.473466
226  1y6r  10.11   56.596819
227  4f2w  11.30   69.559216
228  4f3c  11.82   95.028948
229  1uto   2.27   20.596499
230  4abg   3.57   25.301556
231  3gy4   5.10   24.455817
232  1k1i   6.58   45.214683
233  1o3f   7.96   51.451139
234  2yge   5.06   43.714278
235  2fxs   6.06   35.330938
236  2iwx   6.68   42.115398
237  2wer   7.05   46.022631
238  2vw5   8.52   63.369448
239  4kzq   6.10   71.493682
240  4kzu   6.50   83.525413
241  4j21   7.41   75.068101
242  4j3l   7.80   85.037179
243  3kr8   8.10   66.501378
244  2ymd   3.16   46.213238
245  2wnc   6.32   74.722560
246  2xys   7.42   73.928492
247  2wn9   8.52   50.224657
248  2x00  11.33   83.830697
249  3ozt   4.13   56.030585
250  3ozs   5.33   57.557513
251  3oe5   6.88   61.458592
252  3oe4   7.47   46.913136
253  3nw9   9.00   82.525769
254  3ao4   2.07   41.891743
255  3zt2   2.84   63.219226
256  3zsx   3.28   68.322909
257  4cig   3.67   63.857784
258  3zso   5.12   78.954688
259  3n7a   3.70   27.454783
260  4ciw   4.82   23.966127
261  3n86   5.64   48.644327
262  3n76   6.85   63.621318
263  2xb8   7.59   55.008683
264  4bkt   3.62   24.500961
265  4w9c   4.65   49.861027
266  4w9l   5.02   66.777577
267  4w9i   5.96   52.447251
268  4w9h   6.73   59.626935
269  3nq9   4.03   55.709391
270  3ueu   5.24   98.722834
271  3uev   5.89  110.519229
272  3uew   6.31  117.413677
273  3uex   6.92  137.568617
274  3lka   2.82   31.483057
275  3ehy   5.85   34.177776
276  3tsk   7.17   73.570128
277  3nx7   8.10   36.485426
278  4gr0   9.55   90.825809
279  3dxg   2.40   18.683643
280  3d6q   3.76   18.056912
281  1w4o   5.22   20.134811
282  1o0h   5.92   23.503355
283  1u1b   7.80   39.373601

Summary of the scoring power: ===================================
The regression equation: logKa = 0.04 + 4.16 * Score
Number of favorable sample (N) = 283
Pearson correlation coefficient (R) = 0.536
Standard deviation in fitting (SD) = 1.83
=================================================================

Template command for running the bootstrap in R program==========

rm(list=ls());
require(boot);
data_all<-read.table("X-Score_processed_score",header=TRUE);
aa<-c(1:nrow(data_all));

mycore<-function(x,indices)
{
data_1<-matrix(NA,283,2);
for(i in 1:283);
    {
        data_1[i,1]=data_all[x[indices][i],2];
        data_1[i,2]=data_all[x[indices][i],3];
    }
        data_2<-data.frame(data_1);
        names(data_2)<-c("a","b");
        cor(data_2$a,data_2$b);
};

data.boot<-boot(aa,mycore,R=10000,stype="i",sim="ordinary");
sink("X-Score-ci.results");
a<-boot.ci(data.boot,conf=0.9,type=c("bca"));
print(a);
sink();

=================================================================
