     code  logKa          score
1    4llx   2.89  140921.766461
2    5c28   5.66  214584.778951
3    3uuo   7.96  356364.156585
4    3ui7   9.00  435106.223400
5    5c2h  11.09  530851.904193
6    2v00   3.66  298488.091028
7    3wz8   5.82  553350.917149
8    3pww   7.32  771618.077711
9    3prs   7.82  711407.324391
10   3uri   9.00  768441.307977
11   4m0z   5.19  482721.698440
12   4m0y   6.46  303006.848909
13   3qgy   7.80  509259.844241
14   4qd6   8.64  646183.256564
15   4rfm  10.05  527057.936079
16   4cr9   4.10  179236.088935
17   4cra   7.22  569334.921649
18   4x6p   8.30  638427.024796
19   4crc   8.72  629575.893627
20   4ty7   9.52  627091.098571
21   5aba   2.98  334750.780418
22   5a7b   3.57  519056.237085
23   4agn   3.97  371537.529664
24   4agp   4.69  505217.241165
25   4agq   5.01  461745.027796
26   3bgz   6.26  727893.948916
27   3jya   6.89  313757.688948
28   2c3i   7.60  481719.605596
29   4k18   8.96  631234.367176
30   5dwr  11.22  735458.468007
31   3mss   4.66  357326.768785
32   3k5v   6.30  539923.344913
33   3pyy   6.86  465232.350847
34   2v7a   8.30  491053.909044
35   4twp  10.00  575322.301686
36   3wtj   6.53  329622.931938
37   3zdg   7.10  199226.327050
38   3u8k   8.66  216173.623664
39   4qac   9.40  676745.897174
40   3u8n  10.17  263744.754809
41   1a30   4.30  564121.418295
42   2qnq   6.11  860393.605905
43   1g2k   7.96  848225.722968
44   1eby   9.70  850832.498026
45   3o9i  11.82  727350.480310
46   4lzs   4.80  203769.395664
47   3u5j   5.61  415301.744638
48   4wiv   6.26  542468.226433
49   4ogj   6.79  630760.317770
50   3p5o   7.30  492477.279902
51   1ps3   2.28  229837.510248
52   3dx1   3.58  285287.470466
53   3d4z   4.89  207453.341187
54   3dx2   6.82  355952.748450
55   3ejr   8.57  464376.138021
56   3l7b   2.40  301830.454148
57   4eky   3.52  448295.321551
58   3g2n   4.09  327580.526213
59   3syr   5.10  304608.809401
60   3ebp   5.91  424750.413733
61   2w66   4.05  139522.640737
62   2w4x   4.85  233179.221904
63   2wca   5.60  442607.838423
64   2xj7   6.66  189383.285148
65   2vvn   7.30  273727.579528
66   3aru   3.22  198511.064832
67   3arv   5.64  428051.050223
68   3ary   6.00  165249.420433
69   3arq   6.40  363568.868794
70   3arp   7.15  588725.663733
71   4ih5   4.11  334615.469344
72   4ih7   5.24  358201.198876
73   3cj4   6.51  432722.215383
74   4eo8   8.15  566916.671205
75   3gnw   9.10  725148.594972
76   1gpk   5.37  238147.606270
77   1h23   8.35  643841.848029
78   1h22   9.10  558542.185183
79   3f3a   4.19  390446.213957
80   3f3c   6.02  474579.457767
81   4mme   6.50  426202.934141
82   3f3d   7.16  412240.735338
83   3f3e   7.70  427053.151000
84   2wbg   4.45  503173.923211
85   2cbv   5.48  296255.653034
86   2j78   6.42  321627.376012
87   2j7h   7.19  213894.454567
88   2cet   8.02  393292.922365
89   3udh   2.85  199438.719375
90   3rsx   4.41  269176.263860
91   4djv   6.72  617954.802074
92   2vkm   8.74  859785.384952
93   4gid  10.77  861374.934386
94   4jfs   5.27  381306.652946
95   4j28   5.70  395062.886204
96   2wvt   6.12  358661.673636
97   2xii   7.20  633124.262450
98   4pcs   7.85  439173.979103
99   3rr4   4.55  259840.500035
100  1s38   5.15  312043.669986
101  1r5y   6.46  293960.448101
102  3gc5   7.26  391690.593796
103  3ge7   8.70  531301.164780
104  4dli   5.62  375120.935764
105  2zb1   6.32  584190.509758
106  4f9w   6.94  545701.676156
107  3e92   8.00  639935.610699
108  3e93   8.85  681883.488031
109  4owm   2.96  216305.577750
110  3twp   3.92  232906.818721
111  3r88   4.82  255154.122256
112  4gkm   5.17  480472.231548
113  3qqs   5.82  424616.163125
114  3gv9   2.12  171821.065426
115  3gr2   2.52  238278.194990
116  4kz6   3.10  270980.777483
117  4jxs   4.74  443424.532329
118  2r9w   5.10  587943.297972
119  2hb1   3.80  473016.378898
120  1bzc   4.92  651317.116610
121  2qbr   6.33  694290.674232
122  2qbq   7.44  743810.297577
123  2qbp   8.40  819407.662573
124  1q8t   4.76  218729.383920
125  1ydr   5.52  342923.631026
126  1q8u   5.96  374980.409859
127  1ydt   7.32  504749.655750
128  3ag9   8.05  824464.045916
129  3fcq   2.77  257970.248183
130  1z9g   5.64  421916.641498
131  1qf1   7.32  611204.512542
132  5tmn   8.04  643299.594232
133  4tmn  10.17  702405.983476
134  4ddk   2.29  263792.912811
135  4ddh   3.32  301922.530367
136  3ivg   4.30  529225.075907
137  3coz   5.57  514700.106049
138  3coy   6.02  525112.014744
139  3pxf   4.43  475021.864783
140  4eor   6.30  541223.130160
141  2xnb   6.83  316726.559658
142  1pxn   7.15  282547.272393
143  2fvd   8.52  549660.303709
144  4k77   6.63  211097.367657
145  4e5w   7.66  343746.455675
146  4ivb   8.72  343136.252083
147  4ivd   9.52  394737.475280
148  4ivc  10.00  368064.874607
149  4f09   6.70  248916.541616
150  4gfm   7.22  237662.816209
151  4hge   7.92  336161.956605
152  4e6q   8.36  373778.988715
153  4jia   9.22  625800.317413
154  2brb   4.86  452200.937033
155  2br1   5.14  481604.589317
156  3jvr   5.72  418039.022377
157  3jvs   6.54  555758.250841
158  1nvq   8.25  567474.020840
159  3acw   4.76  505327.048364
160  4ea2   6.44  502502.239525
161  2zcr   6.87  755937.560137
162  2zy1   7.40  468590.919594
163  2zcq   8.82  589695.377945
164  1bcu   3.28  199009.586451
165  3bv9   5.36  687440.851266
166  1oyt   7.24  645619.082218
167  2zda   8.40  623130.616971
168  3utu  10.92  891548.502116
169  3u9q   4.38  515504.143259
170  2yfe   6.63  595587.432626
171  3fur   8.00  705276.300580
172  3b1m   8.48  681259.228127
173  2p4y   9.00  943665.519517
174  3uo4   6.52  671868.285822
175  3up2   7.40  678313.503657
176  3e5a   8.23  559607.547911
177  2wtv   8.74  718043.949882
178  3myg  10.70  360057.702431
179  3kgp   2.57  220948.652506
180  1c5z   4.01  298604.020512
181  1o5b   5.77  315037.333497
182  1owh   7.40  502410.847375
183  1sqa   9.21  624229.472619
184  4jsz   2.30  128447.204345
185  3kwa   4.08  261327.243297
186  2weg   6.50  344292.405838
187  3ryj   7.80  376444.525405
188  3dd0   9.00  322617.895300
189  2xdl   3.10  218323.229269
190  3b27   5.16  385205.589674
191  1yc1   6.17  555375.316648
192  3rlr   7.52  513532.369921
193  2yki   9.46  712428.751981
194  1z95   7.12  721771.599892
195  3b68   8.40  696921.315648
196  3b5r   8.77  797960.368031
197  3b65   9.27  672732.941482
198  3g0w   9.52  614820.709884
199  4u4s   2.92  103104.008411
200  1p1q   4.89  359550.072720
201  1syi   5.44  385183.288274
202  1p1n   6.80  396528.675501
203  2al5   8.40  393341.673322
204  3g2z   2.36  136681.106622
205  3g31   2.89  232588.336917
206  4de2   4.12  364817.277202
207  4de3   5.52  361185.902243
208  4de1   5.96  345766.202000
209  1vso   4.72  526299.965342
210  4dld   5.82  601726.366872
211  3gbb   6.90  516611.705016
212  3fv2   8.11  560375.843588
213  3fv1   9.30  571502.308574
214  4mgd   4.69  501034.148581
215  2qe4   7.96  564002.935356
216  1qkt   9.04  515471.190251
217  2pog   9.54  582688.437671
218  2p15  10.30  960789.307023
219  2y5h   5.79  295313.024121
220  1lpg   7.09  800231.428897
221  2xbv   8.43  552612.508747
222  1z6e   9.72  630542.867708
223  1mq6  11.15  582706.479228
224  1nc3   5.00  262123.635344
225  1nc1   6.12  452735.810908
226  1y6r  10.11  404492.266686
227  4f2w  11.30  390156.625296
228  4f3c  11.82  505501.542055
229  1uto   2.27  161718.162692
230  4abg   3.57  201262.320588
231  3gy4   5.10  305994.046223
232  1k1i   6.58  737523.897478
233  1o3f   7.96  639576.006971
234  2yge   5.06  436512.089794
235  2fxs   6.06  340092.574846
236  2iwx   6.68  370997.786927
237  2wer   7.05  384684.065134
238  2vw5   8.52  544665.423546
239  4kzq   6.10  349938.695391
240  4kzu   6.50  411602.742366
241  4j21   7.41  363278.616544
242  4j3l   7.80  446397.604421
243  3kr8   8.10  394788.957136
244  2ymd   3.16  282931.228218
245  2wnc   6.32  370329.926878
246  2xys   7.42  351255.114851
247  2wn9   8.52  316127.879214
248  2x00  11.33  453552.826806
249  3ozt   4.13  525453.948030
250  3ozs   5.33  586614.532467
251  3oe5   6.88  562274.929985
252  3oe4   7.47  552276.532148
253  3nw9   9.00  729880.280683
254  3ao4   2.07  268318.536986
255  3zt2   2.84  484703.884291
256  3zsx   3.28  663895.441245
257  4cig   3.67  670703.340239
258  3zso   5.12  818775.612229
259  3n7a   3.70  385106.371292
260  4ciw   4.82  371614.320905
261  3n86   5.64  518798.600280
262  3n76   6.85  587302.780086
263  2xb8   7.59  544293.029395
264  4bkt   3.62  169789.882685
265  4w9c   4.65  356139.659056
266  4w9l   5.02  484225.265852
267  4w9i   5.96  356953.165513
268  4w9h   6.73  395221.132040
269  3nq9   4.03  401558.582582
270  3ueu   5.24  635236.833269
271  3uev   5.89  700506.485464
272  3uew   6.31  737117.915178
273  3uex   6.92  868063.176199
274  3lka   2.82  182680.800009
275  3ehy   5.85  270675.638071
276  3tsk   7.17  537469.314183
277  3nx7   8.10  336455.457540
278  4gr0   9.55  695755.221285
279  3dxg   2.40  181051.552281
280  3d6q   3.76  207617.714639
281  1w4o   5.22  252839.394262
282  1o0h   5.92  471366.654750
283  1u1b   7.80  677428.815414

Summary of the scoring power: ===================================
The regression equation: logKa = 0.00 + 3.41 * Score
Number of favorable sample (N) = 283
Pearson correlation coefficient (R) = 0.555
Standard deviation in fitting (SD) = 1.81
=================================================================

Template command for running the bootstrap in R program==========

rm(list=ls());
require(boot);
data_all<-read.table("X-Score_processed_score",header=TRUE);
aa<-c(1:nrow(data_all));

mycore<-function(x,indices)
{
data_1<-matrix(NA,283,2);
for(i in 1:283);
    {
        data_1[i,1]=data_all[x[indices][i],2];
        data_1[i,2]=data_all[x[indices][i],3];
    }
        data_2<-data.frame(data_1);
        names(data_2)<-c("a","b");
        cor(data_2$a,data_2$b);
};

data.boot<-boot(aa,mycore,R=10000,stype="i",sim="ordinary");
sink("X-Score-ci.results");
a<-boot.ci(data.boot,conf=0.9,type=c("bca"));
print(a);
sink();

=================================================================
