     code  logKa         score
1    4llx   2.89  1.648577e+05
2    5c28   5.66  2.568912e+05
3    3uuo   7.96  4.193342e+05
4    3ui7   9.00  5.233571e+05
5    5c2h  11.09  6.158173e+05
6    2v00   3.66  3.878780e+05
7    3wz8   5.82  6.075309e+05
8    3pww   7.32  8.620573e+05
9    3prs   7.82  8.146622e+05
10   3uri   9.00  9.192644e+05
11   4m0z   5.19  5.979911e+05
12   4m0y   6.46  3.294658e+05
13   3qgy   7.80  5.619297e+05
14   4qd6   8.64  7.070999e+05
15   4rfm  10.05  6.266822e+05
16   4cr9   4.10  2.026324e+05
17   4cra   7.22  6.223092e+05
18   4x6p   8.30  7.152182e+05
19   4crc   8.72  7.268762e+05
20   4ty7   9.52  7.485250e+05
21   5aba   2.98  3.726420e+05
22   5a7b   3.57  5.651470e+05
23   4agn   3.97  4.108671e+05
24   4agp   4.69  5.516391e+05
25   4agq   5.01  4.914907e+05
26   3bgz   6.26  8.398975e+05
27   3jya   6.89  3.706766e+05
28   2c3i   7.60  5.609948e+05
29   4k18   8.96  7.425702e+05
30   5dwr  11.22  8.733261e+05
31   3mss   4.66  4.039035e+05
32   3k5v   6.30  6.313168e+05
33   3pyy   6.86  5.469416e+05
34   2v7a   8.30  5.589749e+05
35   4twp  10.00  6.484828e+05
36   3wtj   6.53  4.075115e+05
37   3zdg   7.10  2.490728e+05
38   3u8k   8.66  2.832637e+05
39   4qac   9.40  8.150714e+05
40   3u8n  10.17  3.371380e+05
41   1a30   4.30  6.967737e+05
42   2qnq   6.11  9.703577e+05
43   1g2k   7.96  9.746860e+05
44   1eby   9.70  9.740262e+05
45   3o9i  11.82  8.421158e+05
46   4lzs   4.80  2.440003e+05
47   3u5j   5.61  4.849204e+05
48   4wiv   6.26  6.226335e+05
49   4ogj   6.79  7.083100e+05
50   3p5o   7.30  5.809051e+05
51   1ps3   2.28  3.903798e+05
52   3dx1   3.58  4.820101e+05
53   3d4z   4.89  3.559276e+05
54   3dx2   6.82  5.404193e+05
55   3ejr   8.57  6.121995e+05
56   3l7b   2.40  3.887961e+05
57   4eky   3.52  5.621395e+05
58   3g2n   4.09  4.017790e+05
59   3syr   5.10  4.004016e+05
60   3ebp   5.91  4.887996e+05
61   2w66   4.05  1.850214e+05
62   2w4x   4.85  3.050788e+05
63   2wca   5.60  5.215741e+05
64   2xj7   6.66  2.409236e+05
65   2vvn   7.30  3.600047e+05
66   3aru   3.22  2.553222e+05
67   3arv   5.64  4.823393e+05
68   3ary   6.00  2.074466e+05
69   3arq   6.40  4.323669e+05
70   3arp   7.15  6.321317e+05
71   4ih5   4.11  3.827522e+05
72   4ih7   5.24  4.062189e+05
73   3cj4   6.51  5.080593e+05
74   4eo8   8.15  6.798793e+05
75   3gnw   9.10  8.360264e+05
76   1gpk   5.37  2.891660e+05
77   1h23   8.35  7.282229e+05
78   1h22   9.10  6.300023e+05
79   3f3a   4.19  5.290359e+05
80   3f3c   6.02  6.480403e+05
81   4mme   6.50  4.810567e+05
82   3f3d   7.16  5.847153e+05
83   3f3e   7.70  6.007499e+05
84   2wbg   4.45  6.384212e+05
85   2cbv   5.48  4.199901e+05
86   2j78   6.42  4.601022e+05
87   2j7h   7.19  3.305929e+05
88   2cet   8.02  5.242688e+05
89   3udh   2.85  2.385342e+05
90   3rsx   4.41  3.141162e+05
91   4djv   6.72  7.198962e+05
92   2vkm   8.74  9.826376e+05
93   4gid  10.77  9.985028e+05
94   4jfs   5.27  4.930741e+05
95   4j28   5.70  5.261580e+05
96   2wvt   6.12  5.227515e+05
97   2xii   7.20  8.102919e+05
98   4pcs   7.85  5.618982e+05
99   3rr4   4.55  3.353854e+05
100  1s38   5.15  4.014553e+05
101  1r5y   6.46  3.994806e+05
102  3gc5   7.26  5.148209e+05
103  3ge7   8.70  6.776841e+05
104  4dli   5.62  4.106262e+05
105  2zb1   6.32  6.725051e+05
106  4f9w   6.94  6.235194e+05
107  3e92   8.00  7.373929e+05
108  3e93   8.85  7.910805e+05
109  4owm   2.96  2.527583e+05
110  3twp   3.92  2.789902e+05
111  3r88   4.82  3.103942e+05
112  4gkm   5.17  5.570514e+05
113  3qqs   5.82  4.968388e+05
114  3gv9   2.12  2.247391e+05
115  3gr2   2.52  3.083600e+05
116  4kz6   3.10  3.239768e+05
117  4jxs   4.74  5.254433e+05
118  2r9w   5.10  6.731804e+05
119  2hb1   3.80  5.984046e+05
120  1bzc   4.92  7.686876e+05
121  2qbr   6.33  8.166148e+05
122  2qbq   7.44  8.723228e+05
123  2qbp   8.40  9.619237e+05
124  1q8t   4.76  2.396206e+05
125  1ydr   5.52  4.136200e+05
126  1q8u   5.96  4.355834e+05
127  1ydt   7.32  5.796025e+05
128  3ag9   8.05  9.841553e+05
129  3fcq   2.77  3.003478e+05
130  1z9g   5.64  5.347710e+05
131  1qf1   7.32  7.547783e+05
132  5tmn   8.04  7.668119e+05
133  4tmn  10.17  8.126644e+05
134  4ddk   2.29  3.241424e+05
135  4ddh   3.32  3.643920e+05
136  3ivg   4.30  6.310420e+05
137  3coz   5.57  6.764209e+05
138  3coy   6.02  6.940776e+05
139  3pxf   4.43  5.487497e+05
140  4eor   6.30  6.171629e+05
141  2xnb   6.83  3.692493e+05
142  1pxn   7.15  3.307042e+05
143  2fvd   8.52  6.373325e+05
144  4k77   6.63  2.381437e+05
145  4e5w   7.66  4.089748e+05
146  4ivb   8.72  4.088409e+05
147  4ivd   9.52  4.626414e+05
148  4ivc  10.00  4.348312e+05
149  4f09   6.70  3.055819e+05
150  4gfm   7.22  2.629370e+05
151  4hge   7.92  4.025765e+05
152  4e6q   8.36  4.311595e+05
153  4jia   9.22  7.127744e+05
154  2brb   4.86  5.073923e+05
155  2br1   5.14  5.525780e+05
156  3jvr   5.72  4.845877e+05
157  3jvs   6.54  6.330239e+05
158  1nvq   8.25  6.603383e+05
159  3acw   4.76  5.712372e+05
160  4ea2   6.44  5.497004e+05
161  2zcr   6.87  8.883058e+05
162  2zy1   7.40  5.472352e+05
163  2zcq   8.82  6.987545e+05
164  1bcu   3.28  2.139385e+05
165  3bv9   5.36  8.320102e+05
166  1oyt   7.24  8.033491e+05
167  2zda   8.40  7.698841e+05
168  3utu  10.92  1.105678e+06
169  3u9q   4.38  6.288751e+05
170  2yfe   6.63  6.818381e+05
171  3fur   8.00  8.003439e+05
172  3b1m   8.48  7.859895e+05
173  2p4y   9.00  1.122220e+06
174  3uo4   6.52  7.536961e+05
175  3up2   7.40  7.985959e+05
176  3e5a   8.23  6.436570e+05
177  2wtv   8.74  8.153914e+05
178  3myg  10.70  4.349057e+05
179  3kgp   2.57  2.819461e+05
180  1c5z   4.01  4.118222e+05
181  1o5b   5.77  4.004583e+05
182  1owh   7.40  5.897361e+05
183  1sqa   9.21  7.716359e+05
184  4jsz   2.30  1.322304e+05
185  3kwa   4.08  3.583299e+05
186  2weg   6.50  4.693115e+05
187  3ryj   7.80  4.692997e+05
188  3dd0   9.00  4.526637e+05
189  2xdl   3.10  2.596441e+05
190  3b27   5.16  4.700595e+05
191  1yc1   6.17  6.636718e+05
192  3rlr   7.52  6.048884e+05
193  2yki   9.46  8.383426e+05
194  1z95   7.12  8.609242e+05
195  3b68   8.40  8.415963e+05
196  3b5r   8.77  9.473954e+05
197  3b65   9.27  7.977499e+05
198  3g0w   9.52  7.367751e+05
199  4u4s   2.92  1.270920e+05
200  1p1q   4.89  4.899224e+05
201  1syi   5.44  5.182513e+05
202  1p1n   6.80  5.116856e+05
203  2al5   8.40  5.299696e+05
204  3g2z   2.36  1.795021e+05
205  3g31   2.89  2.862888e+05
206  4de2   4.12  4.164396e+05
207  4de3   5.52  4.143298e+05
208  4de1   5.96  3.955797e+05
209  1vso   4.72  7.009051e+05
210  4dld   5.82  7.758795e+05
211  3gbb   6.90  6.830675e+05
212  3fv2   8.11  7.707828e+05
213  3fv1   9.30  7.809117e+05
214  4mgd   4.69  5.855061e+05
215  2qe4   7.96  6.746855e+05
216  1qkt   9.04  6.063087e+05
217  2pog   9.54  7.031345e+05
218  2p15  10.30  1.113918e+06
219  2y5h   5.79  3.623812e+05
220  1lpg   7.09  9.515544e+05
221  2xbv   8.43  6.518280e+05
222  1z6e   9.72  7.942718e+05
223  1mq6  11.15  6.855282e+05
224  1nc3   5.00  3.768084e+05
225  1nc1   6.12  5.837472e+05
226  1y6r  10.11  5.303599e+05
227  4f2w  11.30  4.973186e+05
228  4f3c  11.82  6.281485e+05
229  1uto   2.27  2.130342e+05
230  4abg   3.57  2.583105e+05
231  3gy4   5.10  4.291498e+05
232  1k1i   6.58  9.124087e+05
233  1o3f   7.96  7.939405e+05
234  2yge   5.06  4.967969e+05
235  2fxs   6.06  4.185156e+05
236  2iwx   6.68  4.233034e+05
237  2wer   7.05  4.438940e+05
238  2vw5   8.52  5.859962e+05
239  4kzq   6.10  3.992267e+05
240  4kzu   6.50  4.655474e+05
241  4j21   7.41  4.051494e+05
242  4j3l   7.80  5.166197e+05
243  3kr8   8.10  4.694149e+05
244  2ymd   3.16  3.687797e+05
245  2wnc   6.32  4.272207e+05
246  2xys   7.42  4.010677e+05
247  2wn9   8.52  3.879158e+05
248  2x00  11.33  5.130522e+05
249  3ozt   4.13  6.707489e+05
250  3ozs   5.33  7.642276e+05
251  3oe5   6.88  7.082836e+05
252  3oe4   7.47  7.203258e+05
253  3nw9   9.00  8.982336e+05
254  3ao4   2.07  3.318134e+05
255  3zt2   2.84  5.650688e+05
256  3zsx   3.28  7.412279e+05
257  4cig   3.67  7.369352e+05
258  3zso   5.12  9.100913e+05
259  3n7a   3.70  5.022221e+05
260  4ciw   4.82  4.902940e+05
261  3n86   5.64  6.499874e+05
262  3n76   6.85  7.232061e+05
263  2xb8   7.59  6.900709e+05
264  4bkt   3.62  2.304606e+05
265  4w9c   4.65  4.284006e+05
266  4w9l   5.02  5.562235e+05
267  4w9i   5.96  4.304102e+05
268  4w9h   6.73  4.654675e+05
269  3nq9   4.03  4.997248e+05
270  3ueu   5.24  7.773710e+05
271  3uev   5.89  8.506319e+05
272  3uew   6.31  8.860948e+05
273  3uex   6.92  1.042791e+06
274  3lka   2.82  2.088797e+05
275  3ehy   5.85  3.254448e+05
276  3tsk   7.17  5.886423e+05
277  3nx7   8.10  4.446821e+05
278  4gr0   9.55  7.753198e+05
279  3dxg   2.40  2.375502e+05
280  3d6q   3.76  2.435870e+05
281  1w4o   5.22  3.270589e+05
282  1o0h   5.92  6.490854e+05
283  1u1b   7.80  9.038386e+05

Summary of the scoring power: ===================================
The regression equation: logKa = 0.00 + 3.27 * Score
Number of favorable sample (N) = 283
Pearson correlation coefficient (R) = 0.554
Standard deviation in fitting (SD) = 1.81
=================================================================

Template command for running the bootstrap in R program==========

rm(list=ls());
require(boot);
data_all<-read.table("X-Score_processed_score",header=TRUE);
aa<-c(1:nrow(data_all));

mycore<-function(x,indices)
{
data_1<-matrix(NA,283,2);
for(i in 1:283);
    {
        data_1[i,1]=data_all[x[indices][i],2];
        data_1[i,2]=data_all[x[indices][i],3];
    }
        data_2<-data.frame(data_1);
        names(data_2)<-c("a","b");
        cor(data_2$a,data_2$b);
};

data.boot<-boot(aa,mycore,R=10000,stype="i",sim="ordinary");
sink("X-Score-ci.results");
a<-boot.ci(data.boot,conf=0.9,type=c("bca"));
print(a);
sink();

=================================================================
