     code  logKa         score
1    4llx   2.89  1.401616e+06
2    5c28   5.66  1.808677e+06
3    3uuo   7.96  2.720007e+06
4    3ui7   9.00  3.395947e+06
5    5c2h  11.09  4.835094e+06
6    2v00   3.66  2.538744e+06
7    3wz8   5.82  4.231613e+06
8    3pww   7.32  5.685955e+06
9    3prs   7.82  6.099404e+06
10   3uri   9.00  5.906419e+06
11   4m0z   5.19  4.816453e+06
12   4m0y   6.46  2.982853e+06
13   3qgy   7.80  3.751379e+06
14   4qd6   8.64  3.536940e+06
15   4rfm  10.05  4.285282e+06
16   4cr9   4.10  2.050897e+06
17   4cra   7.22  4.411953e+06
18   4x6p   8.30  5.297800e+06
19   4crc   8.72  5.054812e+06
20   4ty7   9.52  4.691647e+06
21   5aba   2.98  1.993096e+06
22   5a7b   3.57  3.762694e+06
23   4agn   3.97  2.627307e+06
24   4agp   4.69  3.183490e+06
25   4agq   5.01  3.200203e+06
26   3bgz   6.26  3.466688e+06
27   3jya   6.89  2.190765e+06
28   2c3i   7.60  3.596800e+06
29   4k18   8.96  4.021584e+06
30   5dwr  11.22  4.316527e+06
31   3mss   4.66  2.523159e+06
32   3k5v   6.30  3.110926e+06
33   3pyy   6.86  3.695792e+06
34   2v7a   8.30  4.019406e+06
35   4twp  10.00  4.570559e+06
36   3wtj   6.53  3.289931e+06
37   3zdg   7.10  3.201333e+06
38   3u8k   8.66  3.296885e+06
39   4qac   9.40  4.436592e+06
40   3u8n  10.17  3.590480e+06
41   1a30   4.30  3.247336e+06
42   2qnq   6.11  5.910146e+06
43   1g2k   7.96  6.459806e+06
44   1eby   9.70  6.808374e+06
45   3o9i  11.82  6.267360e+06
46   4lzs   4.80  2.242649e+06
47   3u5j   5.61  2.742702e+06
48   4wiv   6.26  3.011567e+06
49   4ogj   6.79  3.208104e+06
50   3p5o   7.30  3.473835e+06
51   1ps3   2.28  2.910958e+06
52   3dx1   3.58  2.379393e+06
53   3d4z   4.89  2.831775e+06
54   3dx2   6.82  3.362637e+06
55   3ejr   8.57  4.045248e+06
56   3l7b   2.40  2.772210e+06
57   4eky   3.52  3.981137e+06
58   3g2n   4.09  3.116412e+06
59   3syr   5.10  3.155218e+06
60   3ebp   5.91  2.953002e+06
61   2w66   4.05  3.289810e+06
62   2w4x   4.85  2.719005e+06
63   2wca   5.60  3.464453e+06
64   2xj7   6.66  3.138654e+06
65   2vvn   7.30  3.646762e+06
66   3aru   3.22  2.368837e+06
67   3arv   5.64  2.681431e+06
68   3ary   6.00  1.962076e+06
69   3arq   6.40  3.039504e+06
70   3arp   7.15  4.194148e+06
71   4ih5   4.11  2.562970e+06
72   4ih7   5.24  2.973420e+06
73   3cj4   6.51  2.809240e+06
74   4eo8   8.15  3.279556e+06
75   3gnw   9.10  5.499239e+06
76   1gpk   5.37  2.928435e+06
77   1h23   8.35  5.336709e+06
78   1h22   9.10  5.048999e+06
79   3f3a   4.19  3.259325e+06
80   3f3c   6.02  3.023054e+06
81   4mme   6.50  3.417992e+06
82   3f3d   7.16  2.966455e+06
83   3f3e   7.70  2.635288e+06
84   2wbg   4.45  4.060576e+06
85   2cbv   5.48  2.730965e+06
86   2j78   6.42  2.954059e+06
87   2j7h   7.19  2.338932e+06
88   2cet   8.02  3.902899e+06
89   3udh   2.85  2.226211e+06
90   3rsx   4.41  2.457938e+06
91   4djv   6.72  4.220720e+06
92   2vkm   8.74  7.860869e+06
93   4gid  10.77  8.113044e+06
94   4jfs   5.27  2.764937e+06
95   4j28   5.70  2.746644e+06
96   2wvt   6.12  2.850401e+06
97   2xii   7.20  4.358988e+06
98   4pcs   7.85  2.578955e+06
99   3rr4   4.55  3.669606e+06
100  1s38   5.15  2.935481e+06
101  1r5y   6.46  3.032902e+06
102  3gc5   7.26  4.243499e+06
103  3ge7   8.70  5.301765e+06
104  4dli   5.62  3.383753e+06
105  2zb1   6.32  4.459408e+06
106  4f9w   6.94  3.993307e+06
107  3e92   8.00  4.966556e+06
108  3e93   8.85  5.929097e+06
109  4owm   2.96  1.421396e+06
110  3twp   3.92  1.344699e+06
111  3r88   4.82  2.081113e+06
112  4gkm   5.17  3.118981e+06
113  3qqs   5.82  2.877354e+06
114  3gv9   2.12  1.639999e+06
115  3gr2   2.52  1.723412e+06
116  4kz6   3.10  2.084685e+06
117  4jxs   4.74  3.023542e+06
118  2r9w   5.10  3.020771e+06
119  2hb1   3.80  2.171516e+06
120  1bzc   4.92  3.973747e+06
121  2qbr   6.33  3.394789e+06
122  2qbq   7.44  3.563407e+06
123  2qbp   8.40  4.337318e+06
124  1q8t   4.76  2.559007e+06
125  1ydr   5.52  3.437414e+06
126  1q8u   5.96  3.464233e+06
127  1ydt   7.32  4.250875e+06
128  3ag9   8.05  5.431878e+06
129  3fcq   2.77  2.091065e+06
130  1z9g   5.64  2.841425e+06
131  1qf1   7.32  4.494391e+06
132  5tmn   8.04  3.837699e+06
133  4tmn  10.17  4.786729e+06
134  4ddk   2.29  2.010806e+06
135  4ddh   3.32  2.547949e+06
136  3ivg   4.30  4.801011e+06
137  3coz   5.57  5.104989e+06
138  3coy   6.02  5.472265e+06
139  3pxf   4.43  2.376588e+06
140  4eor   6.30  4.274164e+06
141  2xnb   6.83  3.879273e+06
142  1pxn   7.15  3.794075e+06
143  2fvd   8.52  4.140820e+06
144  4k77   6.63  2.603094e+06
145  4e5w   7.66  4.411452e+06
146  4ivb   8.72  3.414447e+06
147  4ivd   9.52  3.987049e+06
148  4ivc  10.00  3.913873e+06
149  4f09   6.70  2.926011e+06
150  4gfm   7.22  2.284590e+06
151  4hge   7.92  3.447257e+06
152  4e6q   8.36  3.677267e+06
153  4jia   9.22  3.699823e+06
154  2brb   4.86  3.286098e+06
155  2br1   5.14  3.528613e+06
156  3jvr   5.72  2.541705e+06
157  3jvs   6.54  3.724877e+06
158  1nvq   8.25  4.772697e+06
159  3acw   4.76  3.641268e+06
160  4ea2   6.44  1.764391e+06
161  2zcr   6.87  4.538645e+06
162  2zy1   7.40  3.490405e+06
163  2zcq   8.82  3.979421e+06
164  1bcu   3.28  1.911068e+06
165  3bv9   5.36  4.275378e+06
166  1oyt   7.24  3.940382e+06
167  2zda   8.40  4.317306e+06
168  3utu  10.92  5.689043e+06
169  3u9q   4.38  2.887095e+06
170  2yfe   6.63  3.817126e+06
171  3fur   8.00  4.588321e+06
172  3b1m   8.48  5.222639e+06
173  2p4y   9.00  5.541733e+06
174  3uo4   6.52  4.120739e+06
175  3up2   7.40  3.833507e+06
176  3e5a   8.23 -9.219834e+07
177  2wtv   8.74  4.051797e+06
178  3myg  10.70  4.243385e+06
179  3kgp   2.57  1.771046e+06
180  1c5z   4.01  2.005453e+06
181  1o5b   5.77  2.355184e+06
182  1owh   7.40  2.903634e+06
183  1sqa   9.21  4.003253e+06
184  4jsz   2.30  1.378222e+06
185  3kwa   4.08  2.246183e+06
186  2weg   6.50  1.936531e+06
187  3ryj   7.80  2.360751e+06
188  3dd0   9.00  2.574084e+06
189  2xdl   3.10  2.656674e+06
190  3b27   5.16  2.509298e+06
191  1yc1   6.17  3.695069e+06
192  3rlr   7.52  3.021526e+06
193  2yki   9.46  5.785014e+06
194  1z95   7.12  5.175779e+06
195  3b68   8.40  5.755879e+06
196  3b5r   8.77  4.870466e+06
197  3b65   9.27  4.888598e+06
198  3g0w   9.52  4.060775e+06
199  4u4s   2.92  2.584537e+06
200  1p1q   4.89  3.220430e+06
201  1syi   5.44  3.738803e+06
202  1p1n   6.80  2.682334e+06
203  2al5   8.40  3.206154e+06
204  3g2z   2.36  1.587212e+06
205  3g31   2.89  1.085571e+06
206  4de2   4.12  3.217449e+06
207  4de3   5.52  2.799294e+06
208  4de1   5.96  3.151022e+06
209  1vso   4.72  2.967328e+06
210  4dld   5.82  3.416150e+06
211  3gbb   6.90  3.456565e+06
212  3fv2   8.11  3.935943e+06
213  3fv1   9.30  4.343112e+06
214  4mgd   4.69  2.731438e+06
215  2qe4   7.96  4.006639e+06
216  1qkt   9.04  3.387658e+06
217  2pog   9.54  3.636648e+06
218  2p15  10.30  5.344469e+06
219  2y5h   5.79  3.696999e+06
220  1lpg   7.09  5.852959e+06
221  2xbv   8.43  4.794231e+06
222  1z6e   9.72  4.979503e+06
223  1mq6  11.15  4.477897e+06
224  1nc3   5.00  4.136771e+06
225  1nc1   6.12  4.803049e+06
226  1y6r  10.11  4.771863e+06
227  4f2w  11.30  4.805353e+06
228  4f3c  11.82  5.659730e+06
229  1uto   2.27  1.513054e+06
230  4abg   3.57  2.207880e+06
231  3gy4   5.10  2.070966e+06
232  1k1i   6.58  3.653513e+06
233  1o3f   7.96  2.972588e+06
234  2yge   5.06  3.773564e+06
235  2fxs   6.06  2.883268e+06
236  2iwx   6.68  2.669002e+06
237  2wer   7.05  3.021927e+06
238  2vw5   8.52  4.126620e+06
239  4kzq   6.10  3.252808e+06
240  4kzu   6.50  3.324054e+06
241  4j21   7.41  3.221047e+06
242  4j3l   7.80  3.678835e+06
243  3kr8   8.10  3.846251e+06
244  2ymd   3.16  3.064432e+06
245  2wnc   6.32  3.392672e+06
246  2xys   7.42  3.389145e+06
247  2wn9   8.52  2.928711e+06
248  2x00  11.33  4.489906e+06
249  3ozt   4.13  5.381798e+06
250  3ozs   5.33  5.050734e+06
251  3oe5   6.88  5.747005e+06
252  3oe4   7.47  5.777835e+06
253  3nw9   9.00  6.675574e+06
254  3ao4   2.07  3.038153e+06
255  3zt2   2.84  3.049142e+06
256  3zsx   3.28  3.406372e+06
257  4cig   3.67  3.688705e+06
258  3zso   5.12  4.286854e+06
259  3n7a   3.70  2.504473e+06
260  4ciw   4.82  3.022602e+06
261  3n86   5.64  4.597837e+06
262  3n76   6.85  3.642645e+06
263  2xb8   7.59  4.199912e+06
264  4bkt   3.62  2.331360e+06
265  4w9c   4.65  3.293727e+06
266  4w9l   5.02  4.738983e+06
267  4w9i   5.96  3.876530e+06
268  4w9h   6.73  4.365905e+06
269  3nq9   4.03  1.531598e+06
270  3ueu   5.24  2.662164e+06
271  3uev   5.89  3.144495e+06
272  3uew   6.31  3.285285e+06
273  3uex   6.92  3.808670e+06
274  3lka   2.82  1.832350e+06
275  3ehy   5.85  2.626102e+06
276  3tsk   7.17  4.844346e+06
277  3nx7   8.10  2.927365e+06
278  4gr0   9.55  5.601887e+06
279  3dxg   2.40  1.558980e+06
280  3d6q   3.76  1.644319e+06
281  1w4o   5.22  2.319402e+06
282  1o0h   5.92  3.027352e+06
283  1u1b   7.80  4.090756e+06

Summary of the scoring power: ===================================
The regression equation: logKa = 0.00 + 2.19 * Score
Number of favorable sample (N) = 282
Pearson correlation coefficient (R) = 0.650
Standard deviation in fitting (SD) = 1.65
=================================================================

Template command for running the bootstrap in R program==========

rm(list=ls());
require(boot);
data_all<-read.table("X-Score_processed_score",header=TRUE);
aa<-c(1:nrow(data_all));

mycore<-function(x,indices)
{
data_1<-matrix(NA,282,2);
for(i in 1:282);
    {
        data_1[i,1]=data_all[x[indices][i],2];
        data_1[i,2]=data_all[x[indices][i],3];
    }
        data_2<-data.frame(data_1);
        names(data_2)<-c("a","b");
        cor(data_2$a,data_2$b);
};

data.boot<-boot(aa,mycore,R=10000,stype="i",sim="ordinary");
sink("X-Score-ci.results");
a<-boot.ci(data.boot,conf=0.9,type=c("bca"));
print(a);
sink();

=================================================================
