     code  logKa      score
1    4llx   2.89  11.400766
2    5c28   5.66  13.828571
3    3uuo   7.96  21.026314
4    3ui7   9.00  26.058966
5    5c2h  11.09  37.856966
6    2v00   3.66  20.866137
7    3wz8   5.82  33.905392
8    3pww   7.32  45.627379
9    3prs   7.82  49.756358
10   3uri   9.00  51.742063
11   4m0z   5.19  37.825718
12   4m0y   6.46  25.552723
13   3qgy   7.80  29.412277
14   4qd6   8.64  27.730229
15   4rfm  10.05  34.481792
16   4cr9   4.10  17.345441
17   4cra   7.22  36.406001
18   4x6p   8.30  44.056963
19   4crc   8.72  41.798485
20   4ty7   9.52  38.063765
21   5aba   2.98  16.884980
22   5a7b   3.57  31.371877
23   4agn   3.97  22.371583
24   4agp   4.69  26.216433
25   4agq   5.01  26.839123
26   3bgz   6.26  23.857893
27   3jya   6.89  16.776692
28   2c3i   7.60  26.814128
29   4k18   8.96  30.479804
30   5dwr  11.22  31.911770
31   3mss   4.66  18.605847
32   3k5v   6.30  22.121579
33   3pyy   6.86  28.278331
34   2v7a   8.30  34.203670
35   4twp  10.00  42.396717
36   3wtj   6.53  26.534906
37   3zdg   7.10  27.268906
38   3u8k   8.66  27.911822
39   4qac   9.40  30.621833
40   3u8n  10.17  30.163977
41   1a30   4.30  28.018662
42   2qnq   6.11  47.767196
43   1g2k   7.96  50.883455
44   1eby   9.70  54.873222
45   3o9i  11.82  50.651283
46   4lzs   4.80  19.101914
47   3u5j   5.61  20.380143
48   4wiv   6.26  21.490501
49   4ogj   6.79  24.028397
50   3p5o   7.30  26.711427
51   1ps3   2.28  25.321958
52   3dx1   3.58  19.379986
53   3d4z   4.89  25.448240
54   3dx2   6.82  27.748728
55   3ejr   8.57  33.630282
56   3l7b   2.40  24.244168
57   4eky   3.52  39.421518
58   3g2n   4.09  26.953172
59   3syr   5.10  27.856219
60   3ebp   5.91  22.374652
61   2w66   4.05  30.795433
62   2w4x   4.85  24.261426
63   2wca   5.60  29.527261
64   2xj7   6.66  28.132332
65   2vvn   7.30  32.623439
66   3aru   3.22  20.065646
67   3arv   5.64  20.136486
68   3ary   6.00  17.008221
69   3arq   6.40  29.595874
70   3arp   7.15  30.913206
71   4ih5   4.11  22.110087
72   4ih7   5.24  23.840889
73   3cj4   6.51  21.723596
74   4eo8   8.15  24.911603
75   3gnw   9.10  43.379012
76   1gpk   5.37  24.520320
77   1h23   8.35  41.811660
78   1h22   9.10  40.345256
79   3f3a   4.19  26.632734
80   3f3c   6.02  23.451137
81   4mme   6.50  27.202910
82   3f3d   7.16  23.429924
83   3f3e   7.70  20.106038
84   2wbg   4.45  34.060462
85   2cbv   5.48  24.643278
86   2j78   6.42  26.781108
87   2j7h   7.19  21.994161
88   2cet   8.02  33.822769
89   3udh   2.85  18.639173
90   3rsx   4.41  19.997570
91   4djv   6.72  33.025651
92   2vkm   8.74  67.637708
93   4gid  10.77  68.279039
94   4jfs   5.27  22.393006
95   4j28   5.70  22.771933
96   2wvt   6.12  25.379053
97   2xii   7.20  36.635649
98   4pcs   7.85  20.158957
99   3rr4   4.55  31.599972
100  1s38   5.15  23.680503
101  1r5y   6.46  25.221721
102  3gc5   7.26  36.637048
103  3ge7   8.70  45.260637
104  4dli   5.62  26.341038
105  2zb1   6.32  34.790403
106  4f9w   6.94  30.327913
107  3e92   8.00  37.918464
108  3e93   8.85  46.913141
109  4owm   2.96  11.778336
110  3twp   3.92  11.378028
111  3r88   4.82  17.742186
112  4gkm   5.17  25.526263
113  3qqs   5.82  23.539309
114  3gv9   2.12  14.753306
115  3gr2   2.52  16.573643
116  4kz6   3.10  17.895116
117  4jxs   4.74  25.919255
118  2r9w   5.10  24.516511
119  2hb1   3.80  17.266255
120  1bzc   4.92  31.412337
121  2qbr   6.33  26.057284
122  2qbq   7.44  27.616107
123  2qbp   8.40  33.683893
124  1q8t   4.76  22.824564
125  1ydr   5.52  28.584616
126  1q8u   5.96  27.767720
127  1ydt   7.32  34.518744
128  3ag9   8.05  45.868516
129  3fcq   2.77  17.698391
130  1z9g   5.64  24.947116
131  1qf1   7.32  35.544192
132  5tmn   8.04  29.307477
133  4tmn  10.17  38.714753
134  4ddk   2.29  16.552032
135  4ddh   3.32  21.596572
136  3ivg   4.30  40.480364
137  3coz   5.57  43.931324
138  3coy   6.02  46.381999
139  3pxf   4.43  16.695115
140  4eor   6.30  35.194538
141  2xnb   6.83  32.681219
142  1pxn   7.15  32.299621
143  2fvd   8.52  32.781810
144  4k77   6.63  22.247164
145  4e5w   7.66  38.343945
146  4ivb   8.72  28.795560
147  4ivd   9.52  33.950809
148  4ivc  10.00  33.016710
149  4f09   6.70  25.317237
150  4gfm   7.22  19.176483
151  4hge   7.92  29.663363
152  4e6q   8.36  31.434406
153  4jia   9.22  28.551476
154  2brb   4.86  25.942700
155  2br1   5.14  28.110648
156  3jvr   5.72  20.729584
157  3jvs   6.54  31.180828
158  1nvq   8.25  38.911142
159  3acw   4.76  26.358278
160  4ea2   6.44  36.348779
161  2zcr   6.87  32.776031
162  2zy1   7.40  26.153097
163  2zcq   8.82  30.489326
164  1bcu   3.28  16.470187
165  3bv9   5.36  34.391375
166  1oyt   7.24  30.765718
167  2zda   8.40  34.694411
168  3utu  10.92  45.354675
169  3u9q   4.38  21.944132
170  2yfe   6.63  28.571978
171  3fur   8.00  33.310405
172  3b1m   8.48  39.217055
173  2p4y   9.00  40.226068
174  3uo4   6.52  35.182829
175  3up2   7.40  29.328529
176  3e5a   8.23  67.247907
177  2wtv   8.74  30.622892
178  3myg  10.70  36.774683
179  3kgp   2.57  15.698009
180  1c5z   4.01  16.773922
181  1o5b   5.77  19.978678
182  1owh   7.40  24.487749
183  1sqa   9.21  33.318776
184  4jsz   2.30  13.198497
185  3kwa   4.08  31.758883
186  2weg   6.50  14.267652
187  3ryj   7.80  18.079902
188  3dd0   9.00  20.389727
189  2xdl   3.10  22.869961
190  3b27   5.16  19.339918
191  1yc1   6.17  31.006456
192  3rlr   7.52  27.454185
193  2yki   9.46  45.827994
194  1z95   7.12  37.733517
195  3b68   8.40  44.001503
196  3b5r   8.77  34.412585
197  3b65   9.27  36.884757
198  3g0w   9.52  29.091524
199  4u4s   2.92  23.254818
200  1p1q   4.89  29.651365
201  1syi   5.44  32.621565
202  1p1n   6.80  23.028120
203  2al5   8.40  27.389522
204  3g2z   2.36  15.820087
205  3g31   2.89   8.870379
206  4de2   4.12  28.620088
207  4de3   5.52  27.253438
208  4de1   5.96  30.924389
209  1vso   4.72  24.601060
210  4dld   5.82  28.224986
211  3gbb   6.90  29.263998
212  3fv2   8.11  33.181860
213  3fv1   9.30  37.296900
214  4mgd   4.69  18.352695
215  2qe4   7.96  30.157472
216  1qkt   9.04  24.673617
217  2pog   9.54  25.742989
218  2p15  10.30  35.444336
219  2y5h   5.79  32.066410
220  1lpg   7.09  48.189414
221  2xbv   8.43  38.102518
222  1z6e   9.72  40.756832
223  1mq6  11.15  35.699698
224  1nc3   5.00  39.117350
225  1nc1   6.12  44.728922
226  1y6r  10.11  40.929708
227  4f2w  11.30  40.279854
228  4f3c  11.82  47.249076
229  1uto   2.27  13.159457
230  4abg   3.57  19.509287
231  3gy4   5.10  16.869869
232  1k1i   6.58  29.384764
233  1o3f   7.96  33.362347
234  2yge   5.06  32.019007
235  2fxs   6.06  25.727539
236  2iwx   6.68  22.196172
237  2wer   7.05  25.209011
238  2vw5   8.52  34.450085
239  4kzq   6.10  25.380809
240  4kzu   6.50  25.295484
241  4j21   7.41  24.835086
242  4j3l   7.80  28.057208
243  3kr8   8.10  31.318832
244  2ymd   3.16  25.915310
245  2wnc   6.32  26.487259
246  2xys   7.42  28.637429
247  2wn9   8.52  23.849092
248  2x00  11.33  35.911604
249  3ozt   4.13  45.227962
250  3ozs   5.33  41.990016
251  3oe5   6.88  48.375452
252  3oe4   7.47  49.424888
253  3nw9   9.00  55.466647
254  3ao4   2.07  25.551924
255  3zt2   2.84  24.117802
256  3zsx   3.28  27.508251
257  4cig   3.67  30.569810
258  3zso   5.12  34.733402
259  3n7a   3.70  21.530629
260  4ciw   4.82  26.331691
261  3n86   5.64  38.609771
262  3n76   6.85  39.203558
263  2xb8   7.59  34.477844
264  4bkt   3.62  20.349062
265  4w9c   4.65  27.370320
266  4w9l   5.02  39.546278
267  4w9i   5.96  32.368595
268  4w9h   6.73  36.486115
269  3nq9   4.03  11.073099
270  3ueu   5.24  18.175402
271  3uev   5.89  21.672323
272  3uew   6.31  22.287508
273  3uex   6.92  25.593876
274  3lka   2.82  19.623469
275  3ehy   5.85  22.617045
276  3tsk   7.17  39.860975
277  3nx7   8.10  23.885260
278  4gr0   9.55  45.326025
279  3dxg   2.40  13.828429
280  3d6q   3.76  15.124550
281  1w4o   5.22  20.764892
282  1o0h   5.92  25.528304
283  1u1b   7.80  33.209362

Summary of the scoring power: ===================================
The regression equation: logKa = 0.13 + 2.62 * Score
Number of favorable sample (N) = 283
Pearson correlation coefficient (R) = 0.588
Standard deviation in fitting (SD) = 1.76
=================================================================

Template command for running the bootstrap in R program==========

rm(list=ls());
require(boot);
data_all<-read.table("X-Score_processed_score",header=TRUE);
aa<-c(1:nrow(data_all));

mycore<-function(x,indices)
{
data_1<-matrix(NA,283,2);
for(i in 1:283);
    {
        data_1[i,1]=data_all[x[indices][i],2];
        data_1[i,2]=data_all[x[indices][i],3];
    }
        data_2<-data.frame(data_1);
        names(data_2)<-c("a","b");
        cor(data_2$a,data_2$b);
};

data.boot<-boot(aa,mycore,R=10000,stype="i",sim="ordinary");
sink("X-Score-ci.results");
a<-boot.ci(data.boot,conf=0.9,type=c("bca"));
print(a);
sink();

=================================================================
