     code  logKa       score
1    4llx   2.89  153.859227
2    5c28   5.66  219.580786
3    3uuo   7.96  299.441687
4    3ui7   9.00  354.228842
5    5c2h  11.09  419.952778
6    2v00   3.66  176.794734
7    3wz8   5.82  366.739845
8    3pww   7.32  456.814631
9    3prs   7.82  406.206495
10   3uri   9.00  337.909684
11   4m0z   5.19  373.083845
12   4m0y   6.46  184.222941
13   3qgy   7.80  368.988731
14   4qd6   8.64  380.200224
15   4rfm  10.05  323.381390
16   4cr9   4.10  133.823929
17   4cra   7.22  298.057790
18   4x6p   8.30  314.554692
19   4crc   8.72  302.095550
20   4ty7   9.52  293.370894
21   5aba   2.98  190.623112
22   5a7b   3.57  315.951010
23   4agn   3.97  208.268246
24   4agp   4.69  288.206218
25   4agq   5.01  265.864487
26   3bgz   6.26  523.568757
27   3jya   6.89  265.021818
28   2c3i   7.60  428.634679
29   4k18   8.96  426.699269
30   5dwr  11.22  512.871082
31   3mss   4.66  354.028333
32   3k5v   6.30  419.795992
33   3pyy   6.86  378.142544
34   2v7a   8.30  253.740628
35   4twp  10.00  450.561665
36   3wtj   6.53  271.399721
37   3zdg   7.10  208.446328
38   3u8k   8.66  169.876253
39   4qac   9.40  621.629302
40   3u8n  10.17  207.493483
41   1a30   4.30  165.618029
42   2qnq   6.11  547.448623
43   1g2k   7.96  534.925110
44   1eby   9.70  550.404665
45   3o9i  11.82  429.471541
46   4lzs   4.80  175.270613
47   3u5j   5.61  332.442278
48   4wiv   6.26  414.271947
49   4ogj   6.79  400.274750
50   3p5o   7.30  343.547971
51   1ps3   2.28   50.600067
52   3dx1   3.58   88.225493
53   3d4z   4.89   47.438236
54   3dx2   6.82  162.128759
55   3ejr   8.57  220.692511
56   3l7b   2.40   85.414658
57   4eky   3.52  121.609021
58   3g2n   4.09  119.103491
59   3syr   5.10   71.669975
60   3ebp   5.91  344.291521
61   2w66   4.05   62.170377
62   2w4x   4.85   93.666464
63   2wca   5.60  232.900292
64   2xj7   6.66  113.120020
65   2vvn   7.30  103.147189
66   3aru   3.22  131.636041
67   3arv   5.64  340.938370
68   3ary   6.00  120.353026
69   3arq   6.40  179.835955
70   3arp   7.15  512.892624
71   4ih5   4.11  251.023639
72   4ih7   5.24  285.014450
73   3cj4   6.51  307.690444
74   4eo8   8.15  340.990765
75   3gnw   9.10  435.886668
76   1gpk   5.37  183.483768
77   1h23   8.35  479.172568
78   1h22   9.10  417.700000
79   3f3a   4.19  215.692033
80   3f3c   6.02  241.536579
81   4mme   6.50  346.145802
82   3f3d   7.16  191.431093
83   3f3e   7.70  207.264614
84   2wbg   4.45  251.530862
85   2cbv   5.48   97.924152
86   2j78   6.42   69.993755
87   2j7h   7.19   45.804320
88   2cet   8.02  165.938572
89   3udh   2.85  190.301256
90   3rsx   4.41  203.696491
91   4djv   6.72  414.453813
92   2vkm   8.74  499.799778
93   4gid  10.77  474.154827
94   4jfs   5.27  205.184847
95   4j28   5.70  153.176347
96   2wvt   6.12   57.685512
97   2xii   7.20  222.386623
98   4pcs   7.85  225.519409
99   3rr4   4.55  157.343660
100  1s38   5.15  209.927455
101  1r5y   6.46  162.611858
102  3gc5   7.26  192.111501
103  3ge7   8.70  269.932353
104  4dli   5.62  344.096073
105  2zb1   6.32  455.751779
106  4f9w   6.94  433.886383
107  3e92   8.00  500.595309
108  3e93   8.85  504.564711
109  4owm   2.96  139.772225
110  3twp   3.92  121.586905
111  3r88   4.82  129.590934
112  4gkm   5.17  253.440706
113  3qqs   5.82  233.439837
114  3gv9   2.12   67.978917
115  3gr2   2.52   86.847819
116  4kz6   3.10  124.587964
117  4jxs   4.74  159.231905
118  2r9w   5.10  266.042828
119  2hb1   3.80  164.391825
120  1bzc   4.92  359.714698
121  2qbr   6.33  325.381010
122  2qbq   7.44  314.637136
123  2qbp   8.40  359.018951
124  1q8t   4.76  152.622749
125  1ydr   5.52  282.826104
126  1q8u   5.96  307.835774
127  1ydt   7.32  345.887747
128  3ag9   8.05  240.979340
129  3fcq   2.77  159.399187
130  1z9g   5.64  213.362661
131  1qf1   7.32  324.254473
132  5tmn   8.04  341.144925
133  4tmn  10.17  360.437379
134  4ddk   2.29  157.365473
135  4ddh   3.32  144.743430
136  3ivg   4.30  314.380661
137  3coz   5.57  180.559940
138  3coy   6.02  180.928029
139  3pxf   4.43  375.678113
140  4eor   6.30  322.556922
141  2xnb   6.83  250.266542
142  1pxn   7.15  223.439399
143  2fvd   8.52  348.387896
144  4k77   6.63  151.114138
145  4e5w   7.66  207.206873
146  4ivb   8.72  198.951106
147  4ivd   9.52  226.140863
148  4ivc  10.00  217.041419
149  4f09   6.70  170.373087
150  4gfm   7.22  173.183399
151  4hge   7.92  173.267579
152  4e6q   8.36  225.475161
153  4jia   9.22  403.553040
154  2brb   4.86  318.767610
155  2br1   5.14  308.250607
156  3jvr   5.72  276.632920
157  3jvs   6.54  292.094137
158  1nvq   8.25  370.475378
159  3acw   4.76  498.678532
160  4ea2   6.44  435.919368
161  2zcr   6.87  547.699827
162  2zy1   7.40  379.969404
163  2zcq   8.82  395.441227
164  1bcu   3.28  119.728623
165  3bv9   5.36  284.227908
166  1oyt   7.24  316.211480
167  2zda   8.40  309.284337
168  3utu  10.92  389.495878
169  3u9q   4.38  322.001852
170  2yfe   6.63  445.396067
171  3fur   8.00  577.598567
172  3b1m   8.48  556.172261
173  2p4y   9.00  675.413243
174  3uo4   6.52  388.532053
175  3up2   7.40  389.472772
176  3e5a   8.23  386.099441
177  2wtv   8.74  449.854582
178  3myg  10.70  196.102031
179  3kgp   2.57  100.637439
180  1c5z   4.01  110.358361
181  1o5b   5.77  123.328865
182  1owh   7.40  179.444505
183  1sqa   9.21  202.416127
184  4jsz   2.30   33.623966
185  3kwa   4.08  120.372024
186  2weg   6.50  184.961256
187  3ryj   7.80  236.897302
188  3dd0   9.00  156.471834
189  2xdl   3.10  140.343865
190  3b27   5.16  246.922495
191  1yc1   6.17  206.726067
192  3rlr   7.52  330.137653
193  2yki   9.46  574.827794
194  1z95   7.12  618.911552
195  3b68   8.40  559.642266
196  3b5r   8.77  665.105997
197  3b65   9.27  560.378556
198  3g0w   9.52  536.280485
199  4u4s   2.92   83.239115
200  1p1q   4.89  116.289922
201  1syi   5.44  113.757180
202  1p1n   6.80  111.417648
203  2al5   8.40  112.821574
204  3g2z   2.36   61.424558
205  3g31   2.89  134.445404
206  4de2   4.12  124.450186
207  4de3   5.52  119.746959
208  4de1   5.96  108.003389
209  1vso   4.72  163.482830
210  4dld   5.82  202.720012
211  3gbb   6.90  148.725490
212  3fv2   8.11  119.049809
213  3fv1   9.30  118.276569
214  4mgd   4.69  448.391397
215  2qe4   7.96  439.208742
216  1qkt   9.04  430.702849
217  2pog   9.54  486.763933
218  2p15  10.30  838.800748
219  2y5h   5.79  148.133824
220  1lpg   7.09  368.256614
221  2xbv   8.43  378.355935
222  1z6e   9.72  290.776213
223  1mq6  11.15  337.838228
224  1nc3   5.00   76.071152
225  1nc1   6.12  304.088110
226  1y6r  10.11  245.746762
227  4f2w  11.30  304.568101
228  4f3c  11.82  419.381753
229  1uto   2.27   88.427871
230  4abg   3.57  110.299045
231  3gy4   5.10  104.605446
232  1k1i   6.58  202.964771
233  1o3f   7.96  232.612261
234  2yge   5.06  194.921701
235  2fxs   6.06  153.182490
236  2iwx   6.68  185.926599
237  2wer   7.05  204.364873
238  2vw5   8.52  286.314123
239  4kzq   6.10  317.373603
240  4kzu   6.50  371.699140
241  4j21   7.41  334.158010
242  4j3l   7.80  378.533538
243  3kr8   8.10  293.963059
244  2ymd   3.16  200.134342
245  2wnc   6.32  330.991866
246  2xys   7.42  328.182795
247  2wn9   8.52  221.396423
248  2x00  11.33  374.822245
249  3ozt   4.13  246.756125
250  3ozs   5.33  251.970771
251  3oe5   6.88  270.229224
252  3oe4   7.47  203.156767
253  3nw9   9.00  367.739959
254  3ao4   2.07  183.025754
255  3zt2   2.84  279.916486
256  3zsx   3.28  308.387156
257  4cig   3.67  289.556801
258  3zso   5.12  359.625362
259  3n7a   3.70  115.070470
260  4ciw   4.82   98.844850
261  3n86   5.64  211.977714
262  3n76   6.85  280.252527
263  2xb8   7.59  239.440748
264  4bkt   3.62  102.038127
265  4w9c   4.65  218.146377
266  4w9l   5.02  297.086606
267  4w9i   5.96  231.046213
268  4w9h   6.73  264.052986
269  3nq9   4.03  240.322602
270  3ueu   5.24  432.853176
271  3uev   5.89  486.139121
272  3uew   6.31  517.819484
273  3uex   6.92  608.396074
274  3lka   2.82  135.487224
275  3ehy   5.85  147.046754
276  3tsk   7.17  327.328088
277  3nx7   8.10  159.163235
278  4gr0   9.55  409.530200
279  3dxg   2.40   76.302991
280  3d6q   3.76   74.960874
281  1w4o   5.22   83.509950
282  1o0h   5.92   98.877808
283  1u1b   7.80  173.293458

Summary of the scoring power: ===================================
The regression equation: logKa = 0.01 + 4.21 * Score
Number of favorable sample (N) = 283
Pearson correlation coefficient (R) = 0.538
Standard deviation in fitting (SD) = 1.83
=================================================================

Template command for running the bootstrap in R program==========

rm(list=ls());
require(boot);
data_all<-read.table("X-Score_processed_score",header=TRUE);
aa<-c(1:nrow(data_all));

mycore<-function(x,indices)
{
data_1<-matrix(NA,283,2);
for(i in 1:283);
    {
        data_1[i,1]=data_all[x[indices][i],2];
        data_1[i,2]=data_all[x[indices][i],3];
    }
        data_2<-data.frame(data_1);
        names(data_2)<-c("a","b");
        cor(data_2$a,data_2$b);
};

data.boot<-boot(aa,mycore,R=10000,stype="i",sim="ordinary");
sink("X-Score-ci.results");
a<-boot.ci(data.boot,conf=0.9,type=c("bca"));
print(a);
sink();

=================================================================
