     code  logKa         score
1    4llx   2.89  7.726136e+04
2    5c28   5.66  1.758515e+06
3    3uuo   7.96  2.035998e+06
4    3ui7   9.00  3.980233e+06
5    5c2h  11.09  6.003676e+06
6    2v00   3.66  1.266458e+06
7    3wz8   5.82  3.886948e+06
8    3pww   7.32  3.978953e+06
9    3prs   7.82  1.895289e+06
10   3uri   9.00 -7.163767e+06
11   4m0z   5.19  2.601416e+06
12   4m0y   6.46 -6.983425e+05
13   3qgy   7.80  1.481352e+05
14   4qd6   8.64 -3.742863e+05
15   4rfm  10.05  3.218940e+06
16   4cr9   4.10  8.440402e+05
17   4cra   7.22  1.172684e+06
18   4x6p   8.30  2.875453e+06
19   4crc   8.72  2.177108e+06
20   4ty7   9.52  2.422729e+06
21   5aba   2.98  3.656626e+06
22   5a7b   3.57  2.082671e+11
23   4agn   3.97  4.956198e+06
24   4agp   4.69  7.033017e+06
25   4agq   5.01  6.972345e+06
26   3bgz   6.26  5.374077e+06
27   3jya   6.89  1.934608e+06
28   2c3i   7.60  5.219273e+06
29   4k18   8.96  2.992539e+06
30   5dwr  11.22  5.839153e+06
31   3mss   4.66  2.118864e+06
32   3k5v   6.30  2.269872e+06
33   3pyy   6.86  3.868416e+06
34   2v7a   8.30  3.985920e+06
35   4twp  10.00  4.949744e+06
36   3wtj   6.53  2.158484e+06
37   3zdg   7.10  6.054848e+06
38   3u8k   8.66  5.704667e+06
39   4qac   9.40  6.804063e+06
40   3u8n  10.17  7.368930e+06
41   1a30   4.30 -3.777025e+06
42   2qnq   6.11  7.935229e+06
43   1g2k   7.96  6.825646e+06
44   1eby   9.70  7.107436e+06
45   3o9i  11.82  5.103445e+06
46   4lzs   4.80  1.839055e+06
47   3u5j   5.61  4.432463e+06
48   4wiv   6.26  3.145404e+06
49   4ogj   6.79 -2.008035e+04
50   3p5o   7.30  3.703924e+06
51   1ps3   2.28 -1.862456e+06
52   3dx1   3.58 -8.224042e+05
53   3d4z   4.89 -1.371556e+05
54   3dx2   6.82 -2.829201e+06
55   3ejr   8.57  4.278377e+06
56   3l7b   2.40 -1.020786e+06
57   4eky   3.52  1.585907e+06
58   3g2n   4.09  3.274699e+05
59   3syr   5.10 -1.398061e+06
60   3ebp   5.91  1.878779e+06
61   2w66   4.05 -3.163214e+04
62   2w4x   4.85 -3.308705e+06
63   2wca   5.60 -1.401126e+06
64   2xj7   6.66  1.932572e+06
65   2vvn   7.30  9.097946e+05
66   3aru   3.22  1.052691e+06
67   3arv   5.64  3.528467e+06
68   3ary   6.00 -6.279769e+05
69   3arq   6.40 -2.758374e+06
70   3arp   7.15  6.912556e+06
71   4ih5   4.11  2.991733e+05
72   4ih7   5.24  5.317390e+06
73   3cj4   6.51  2.533484e+06
74   4eo8   8.15  3.487162e+06
75   3gnw   9.10  4.874273e+06
76   1gpk   5.37  4.156276e+06
77   1gpn   6.48  5.601860e+06
78   1h23   8.35  7.953317e+06
79   1h22   9.10  7.219856e+06
80   1e66   9.89  7.880614e+06
81   3f3a   4.19  2.361935e+06
82   3f3c   6.02  3.453974e+06
83   4mme   6.50  6.212498e+06
84   3f3d   7.16  7.569260e+05
85   3f3e   7.70  2.411113e+06
86   2wbg   4.45  2.549783e+06
87   2cbv   5.48 -3.250525e+05
88   2j78   6.42 -1.899705e+06
89   2j7h   7.19 -5.141930e+07
90   2cet   8.02  2.788404e+06
91   3udh   2.85  2.503129e+06
92   3rsx   4.41  1.254235e+06
93   4djv   6.72  6.803068e+06
94   2vkm   8.74  9.661325e+06
95   4gid  10.77  9.173641e+06
96   4jfs   5.27  2.829205e+06
97   4j28   5.70  3.101345e+05
98   2wvt   6.12 -1.422821e+06
99   2xii   7.20  1.979473e+06
100  4pcs   7.85  2.106443e+06
101  3rr4   4.55  1.345247e+06
102  1s38   5.15  1.492672e+06
103  1r5y   6.46 -3.381748e+05
104  3gc5   7.26  1.427675e+06
105  3ge7   8.70  5.083645e+06
106  4dli   5.62  4.872307e+06
107  2zb1   6.32  6.808574e+06
108  4f9w   6.94  7.158265e+06
109  3e92   8.00  7.976298e+06
110  3e93   8.85  9.823110e+06
111  4owm   2.96 -3.712539e+04
112  3twp   3.92  1.707331e+05
113  3r88   4.82  2.745145e+05
114  4gkm   5.17  2.544055e+06
115  3qqs   5.82  2.109414e+06
116  3gv9   2.12 -2.034545e+06
117  3gr2   2.52 -2.104919e+06
118  4kz6   3.10 -9.263576e+05
119  4jxs   4.74 -2.813932e+06
120  2r9w   5.10  4.906515e+05
121  2hb1   3.80 -9.334706e+05
122  1bzc   4.92 -2.806288e+06
123  2qbr   6.33  1.433942e+06
124  2qbq   7.44  2.189233e+06
125  2qbp   8.40  8.356533e+05
126  1q8t   4.76  2.619789e+06
127  1ydr   5.52  3.617406e+06
128  1q8u   5.96  3.975242e+06
129  1ydt   7.32  5.854405e+06
130  3ag9   8.05 -1.195832e+07
131  3fcq   2.77  1.501411e+06
132  1z9g   5.64  2.136455e+05
133  1qf1   7.32  1.911340e+06
134  5tmn   8.04 -1.466585e+06
135  4tmn  10.17  7.031345e+05
136  4ddk   2.29  1.850660e+06
137  4ddh   3.32  2.865215e+06
138  3ivg   4.30  4.379563e+06
139  3coz   5.57 -3.065166e+06
140  3coy   6.02 -2.062549e+06
141  3pxf   4.43 -3.762698e+05
142  4eor   6.30  1.053079e+06
143  2xnb   6.83  3.210062e+06
144  1pxn   7.15  2.133048e+06
145  2fvd   8.52  1.355869e+06
146  4k77   6.63  2.706037e+06
147  4e5w   7.66  6.810077e+06
148  4ivb   8.72  2.981531e+06
149  4ivd   9.52  4.184529e+06
150  4ivc  10.00  4.069133e+06
151  4f09   6.70  3.402701e+06
152  4gfm   7.22  3.191637e+06
153  4hge   7.92  4.518575e+06
154  4e6q   8.36  6.155229e+06
155  4jia   9.22  5.176121e+06
156  2brb   4.86  3.522213e+06
157  2br1   5.14  2.799131e+06
158  3jvr   5.72  2.840886e+06
159  3jvs   6.54  1.531696e+06
160  1nvq   8.25  5.906786e+06
161  3acw   4.76  7.953103e+06
162  4ea2   6.44  9.474195e+06
163  2zcr   6.87  4.982585e+05
164  2zy1   7.40  9.869276e+05
165  2zcq   8.82 -2.237748e+06
166  1bcu   3.28  7.022395e+05
167  3bv9   5.36 -1.208595e+06
168  1oyt   7.24  7.089130e+06
169  2zda   8.40  5.444881e+06
170  3utu  10.92  3.512843e+06
171  3u9q   4.38  5.395807e+06
172  2yfe   6.63  5.746960e+06
173  3fur   8.00  7.229617e+06
174  3b1m   8.48  4.968822e+06
175  2p4y   9.00  8.113051e+06
176  3uo4   6.52  4.847802e+06
177  3up2   7.40  3.348051e+06
178  3e5a   8.23  3.304575e+06
179  2wtv   8.74  5.280232e+06
180  3myg  10.70  1.271477e+06
181  3kgp   2.57  4.794188e+05
182  1c5z   4.01  4.408651e+06
183  1o5b   5.77  4.165307e+06
184  1owh   7.40  3.247858e+06
185  1sqa   9.21  2.575186e+06
186  4jsz   2.30 -9.748174e+05
187  3kwa   4.08  2.226722e+06
188  2weg   6.50 -6.397997e+04
189  3ryj   7.80 -7.925495e+05
190  3dd0   9.00 -2.007182e+06
191  2xdl   3.10  3.796406e+06
192  3b27   5.16  5.595034e+04
193  1yc1   6.17  1.166085e+06
194  3rlr   7.52  3.626803e+06
195  2yki   9.46  6.936183e+06
196  1z95   7.12  4.400513e+06
197  3b68   8.40  4.954441e+06
198  3b5r   8.77  6.487974e+06
199  3b65   9.27  5.184328e+06
200  3g0w   9.52  6.225460e+06
201  4u4s   2.92  1.669774e+06
202  1p1q   4.89  3.488540e+05
203  1syi   5.44  1.397942e+06
204  1p1n   6.80  1.345062e+06
205  2al5   8.40 -1.214328e+05
206  3g2z   2.36 -7.461868e+06
207  3g31   2.89 -1.312196e+06
208  4de2   4.12 -6.372098e+06
209  4de3   5.52 -5.655679e+06
210  4de1   5.96 -4.584257e+06
211  1vso   4.72 -4.876397e+06
212  4dld   5.82 -1.049608e+06
213  3gbb   6.90  1.066769e+06
214  3fv2   8.11 -5.602510e+05
215  3fv1   9.30  7.434215e+05
216  4mgd   4.69  5.373022e+06
217  2qe4   7.96  6.538916e+06
218  1qkt   9.04  6.395781e+06
219  2pog   9.54  5.882900e+06
220  2p15  10.30  1.109483e+07
221  2y5h   5.79  4.325808e+06
222  1lpg   7.09  1.113004e+07
223  2xbv   8.43  6.747904e+06
224  1z6e   9.72  3.689396e+06
225  1mq6  11.15  3.849225e+06
226  1nc3   5.00 -6.562042e+05
227  1nc1   6.12  2.460471e+06
228  1y6r  10.11  6.876090e+05
229  4f2w  11.30  3.089627e+06
230  4f3c  11.82  5.164634e+06
231  1uto   2.27  2.183837e+06
232  4abg   3.57  3.243709e+06
233  3gy4   5.10  2.766562e+06
234  1k1i   6.58  1.382267e+06
235  1o3f   7.96  5.527473e+06
236  2yge   5.06 -1.115551e+06
237  2fxs   6.06 -1.616240e+06
238  2iwx   6.68  2.310364e+06
239  2wer   7.05  1.989672e+06
240  2vw5   8.52  2.236754e+06
241  4kzq   6.10  5.311935e+06
242  4kzu   6.50  7.062436e+06
243  4j21   7.41  5.176420e+06
244  4j3l   7.80  5.419126e+06
245  3kr8   8.10  5.030180e+06
246  2ymd   3.16 -4.175617e+08
247  2wnc   6.32  5.442173e+06
248  2xys   7.42  6.826748e+06
249  2wn9   8.52  3.635370e+06
250  2x00  11.33  8.308871e+06
251  3ozt   4.13  3.917389e+05
252  3ozs   5.33  3.604314e+05
253  3oe5   6.88 -2.074604e+05
254  3oe4   7.47 -5.493823e+05
255  3nw9   9.00  4.455232e+06
256  3ao4   2.07  3.152776e+06
257  3zt2   2.84  3.239666e+06
258  3zsx   3.28  3.057335e+06
259  4cig   3.67  4.167606e+06
260  3zso   5.12  4.103504e+06
261  3n7a   3.70 -4.311678e+05
262  4ciw   4.82 -9.889886e+04
263  3n86   5.64  3.386882e+06
264  3n76   6.85  4.217280e+06
265  2xb8   7.59  2.313711e+06
266  4bkt   3.62 -2.358780e+05
267  4w9c   4.65  2.348486e+06
268  4w9l   5.02  1.186973e+06
269  4w9i   5.96  1.438506e+05
270  4w9h   6.73  2.013148e+06
271  3nq9   4.03  2.042908e+06
272  3ueu   5.24  5.303162e+06
273  3uev   5.89  6.594610e+06
274  3uew   6.31  6.935585e+06
275  3uex   6.92  8.400544e+06
276  3lka   2.82  3.557574e+05
277  3ehy   5.85  6.021836e+05
278  3tsk   7.17 -3.191624e+05
279  3nx7   8.10 -1.013472e+06
280  4gr0   9.55  3.060583e+06
281  3dxg   2.40 -8.618006e+06
282  3d6q   3.76 -2.786245e+06
283  1w4o   5.22 -7.048677e+06
284  1o0h   5.92 -1.217926e+07
285  1u1b   7.80 -2.309749e+07

Summary of the scoring power: ===================================
The regression equation: logKa = -0.00 + 6.80 * Score
Number of favorable sample (N) = 221
Pearson correlation coefficient (R) = -0.101
Confidence interval of 90% Pearson R = [-0.209 ~ 0.01] 
Standard deviation in fitting (SD) = 2.14
=================================================================

Template command for running the bootstrap in R program==========

rm(list=ls());
require(boot);
data_all<-read.table("X-Score_processed_score",header=TRUE);
aa<-c(1:nrow(data_all));

mycore<-function(x,indices)
{
data_1<-matrix(NA,221,2);
for(i in 1:221);
    {
        data_1[i,1]=data_all[x[indices][i],2];
        data_1[i,2]=data_all[x[indices][i],3];
    }
        data_2<-data.frame(data_1);
        names(data_2)<-c("a","b");
        cor(data_2$a,data_2$b);
};

data.boot<-boot(aa,mycore,R=10000,stype="i",sim="ordinary");
sink("X-Score-ci.results");
a<-boot.ci(data.boot,conf=0.9,type=c("bca"));
print(a);
sink();

=================================================================
