     code  logKa      score
1    4llx   2.89   5.320790
2    5c28   5.66   7.730718
3    3uuo   7.96  13.486414
4    3ui7   9.00  14.674306
5    5c2h  11.09  18.534264
6    2v00   3.66   8.985735
7    3wz8   5.82  22.477210
8    3pww   7.32  29.004881
9    3prs   7.82  24.517775
10   3uri   9.00  20.926018
11   4m0z   5.19  10.528371
12   4m0y   6.46  12.032387
13   3qgy   7.80  21.519760
14   4qd6   8.64  28.511229
15   4rfm  10.05  16.980391
16   4cr9   4.10   9.608305
17   4cra   7.22  25.041495
18   4x6p   8.30  24.479791
19   4crc   8.72  24.166066
20   4ty7   9.52  21.019950
21   5aba   2.98  18.853202
22   5a7b   3.57  28.574073
23   4agn   3.97  19.208300
24   4agp   4.69  26.400548
25   4agq   5.01  25.054590
26   3bgz   6.26  19.611975
27   3jya   6.89   9.864595
28   2c3i   7.60  17.250797
29   4k18   8.96  21.097369
30   5dwr  11.22  22.106881
31   3mss   4.66  16.561294
32   3k5v   6.30  19.775913
33   3pyy   6.86  16.621535
34   2v7a   8.30  20.197306
35   4twp  10.00  21.106596
36   3wtj   6.53   8.932612
37   3zdg   7.10   5.191312
38   3u8k   8.66   4.393334
39   4qac   9.40  18.327398
40   3u8n  10.17   4.857706
41   1a30   4.30   3.096780
42   2qnq   6.11  32.366698
43   1g2k   7.96  32.147297
44   1eby   9.70  28.118396
45   3o9i  11.82  25.298593
46   4lzs   4.80   6.186430
47   3u5j   5.61  14.692890
48   4wiv   6.26  22.441161
49   4ogj   6.79  25.261683
50   3p5o   7.30  16.993495
51   1ps3   2.28  -2.524556
52   3dx1   3.58  -2.733931
53   3d4z   4.89  -2.582619
54   3dx2   6.82   0.078010
55   3ejr   8.57  11.996907
56   3l7b   2.40   8.527346
57   4eky   3.52   6.741105
58   3g2n   4.09   8.178843
59   3syr   5.10   4.803684
60   3ebp   5.91  19.219851
61   2w66   4.05   2.875606
62   2w4x   4.85   2.957873
63   2wca   5.60  13.887676
64   2xj7   6.66   5.108412
65   2vvn   7.30   2.605701
66   3aru   3.22   6.887233
67   3arv   5.64  19.356786
68   3ary   6.00   6.091345
69   3arq   6.40  14.601637
70   3arp   7.15  28.355819
71   4ih5   4.11  11.528642
72   4ih7   5.24  13.923365
73   3cj4   6.51  12.997648
74   4eo8   8.15  11.236386
75   3gnw   9.10  28.233975
76   1gpk   5.37   8.634873
77   1h23   8.35  23.462560
78   1h22   9.10  21.761595
79   3f3a   4.19   5.045396
80   3f3c   6.02   6.113371
81   4mme   6.50  14.666328
82   3f3d   7.16   2.589414
83   3f3e   7.70   1.807827
84   2wbg   4.45  11.438807
85   2cbv   5.48   1.679153
86   2j78   6.42   0.151541
87   2j7h   7.19  -0.806655
88   2cet   8.02   6.286121
89   3udh   2.85   7.123058
90   3rsx   4.41  10.522684
91   4djv   6.72  21.596537
92   2vkm   8.74  30.582414
93   4gid  10.77  28.778136
94   4jfs   5.27   8.773157
95   4j28   5.70   4.096313
96   2wvt   6.12  -0.765396
97   2xii   7.20  13.215706
98   4pcs   7.85   9.141390
99   3rr4   4.55   5.620080
100  1s38   5.15   7.778026
101  1r5y   6.46   4.407190
102  3gc5   7.26   5.056455
103  3ge7   8.70  10.705216
104  4dli   5.62  14.975765
105  2zb1   6.32  21.149026
106  4f9w   6.94  19.278568
107  3e92   8.00  20.300976
108  3e93   8.85  23.804526
109  4owm   2.96   7.593756
110  3twp   3.92   5.735713
111  3r88   4.82   5.607374
112  4gkm   5.17  12.296976
113  3qqs   5.82  10.738529
114  3gv9   2.12   1.935483
115  3gr2   2.52   6.813397
116  4kz6   3.10   7.866519
117  4jxs   4.74   8.639081
118  2r9w   5.10  18.078503
119  2hb1   3.80   1.300230
120  1bzc   4.92  16.840462
121  2qbr   6.33  13.910544
122  2qbq   7.44  13.758254
123  2qbp   8.40  18.238039
124  1q8t   4.76  11.968659
125  1ydr   5.52  10.745973
126  1q8u   5.96  13.714994
127  1ydt   7.32  18.833537
128  3ag9   8.05  23.481109
129  3fcq   2.77  10.917370
130  1z9g   5.64   8.238748
131  1qf1   7.32  12.910361
132  5tmn   8.04  18.007083
133  4tmn  10.17  22.104133
134  4ddk   2.29   7.558660
135  4ddh   3.32   7.775437
136  3ivg   4.30  13.698008
137  3coz   5.57   8.612654
138  3coy   6.02   8.052167
139  3pxf   4.43  16.633961
140  4eor   6.30  17.566561
141  2xnb   6.83  12.797070
142  1pxn   7.15  10.051215
143  2fvd   8.52  19.348893
144  4k77   6.63  10.768019
145  4e5w   7.66  12.956705
146  4ivb   8.72  10.500236
147  4ivd   9.52  13.058677
148  4ivc  10.00  11.890552
149  4f09   6.70   7.359652
150  4gfm   7.22  13.036565
151  4hge   7.92  13.463814
152  4e6q   8.36  14.692990
153  4jia   9.22  24.206320
154  2brb   4.86  19.543862
155  2br1   5.14  19.773274
156  3jvr   5.72  14.912817
157  3jvs   6.54  20.610226
158  1nvq   8.25  17.906139
159  3acw   4.76  20.581193
160  4ea2   6.44  23.196317
161  2zcr   6.87  22.699708
162  2zy1   7.40  15.162259
163  2zcq   8.82  18.129703
164  1bcu   3.28   9.957663
165  3bv9   5.36  18.869973
166  1oyt   7.24  18.429406
167  2zda   8.40  14.952471
168  3utu  10.92  23.038135
169  3u9q   4.38   6.777778
170  2yfe   6.63  19.663973
171  3fur   8.00  22.045941
172  3b1m   8.48  24.298155
173  2p4y   9.00  24.857038
174  3uo4   6.52  21.947433
175  3up2   7.40  18.791135
176  3e5a   8.23  21.225180
177  2wtv   8.74  24.950114
178  3myg  10.70  11.691818
179  3kgp   2.57   5.837531
180  1c5z   4.01   4.383092
181  1o5b   5.77   6.308072
182  1owh   7.40  15.658853
183  1sqa   9.21  15.366988
184  4jsz   2.30   8.389877
185  3kwa   4.08   8.827243
186  2weg   6.50   7.425945
187  3ryj   7.80  11.310328
188  3dd0   9.00   5.141036
189  2xdl   3.10   9.619903
190  3b27   5.16  10.643111
191  1yc1   6.17  13.579200
192  3rlr   7.52  15.890349
193  2yki   9.46  18.563424
194  1z95   7.12  19.812635
195  3b68   8.40  16.859075
196  3b5r   8.77  20.436008
197  3b65   9.27  15.655504
198  3g0w   9.52  19.074176
199  4u4s   2.92   5.260482
200  1p1q   4.89   1.347541
201  1syi   5.44   1.689731
202  1p1n   6.80   2.085811
203  2al5   8.40   2.135352
204  3g2z   2.36   5.238620
205  3g31   2.89   6.325889
206  4de2   4.12  15.925408
207  4de3   5.52  14.831443
208  4de1   5.96  12.469948
209  1vso   4.72   5.093508
210  4dld   5.82   5.281844
211  3gbb   6.90   2.610076
212  3fv2   8.11  -0.050698
213  3fv1   9.30   0.546553
214  4mgd   4.69  13.850769
215  2qe4   7.96  15.958416
216  1qkt   9.04  15.895324
217  2pog   9.54  15.279438
218  2p15  10.30  29.014688
219  2y5h   5.79   9.580835
220  1lpg   7.09  24.084000
221  2xbv   8.43  22.207870
222  1z6e   9.72  17.214801
223  1mq6  11.15  18.889538
224  1nc3   5.00   0.039678
225  1nc1   6.12   7.021403
226  1y6r  10.11   4.539144
227  4f2w  11.30   7.568050
228  4f3c  11.82  10.718498
229  1uto   2.27   6.670033
230  4abg   3.57   9.540387
231  3gy4   5.10   2.544266
232  1k1i   6.58  19.300075
233  1o3f   7.96  16.549841
234  2yge   5.06  20.115920
235  2fxs   6.06  11.145557
236  2iwx   6.68  15.155422
237  2wer   7.05  16.090729
238  2vw5   8.52  25.511778
239  4kzq   6.10  15.323941
240  4kzu   6.50  16.641960
241  4j21   7.41  15.840301
242  4j3l   7.80  16.628537
243  3kr8   8.10  15.534571
244  2ymd   3.16   4.415582
245  2wnc   6.32  13.597073
246  2xys   7.42  15.832832
247  2wn9   8.52  11.606292
248  2x00  11.33  20.406702
249  3ozt   4.13  10.990833
250  3ozs   5.33   9.360497
251  3oe5   6.88  11.008876
252  3oe4   7.47   7.116982
253  3nw9   9.00  17.494839
254  3ao4   2.07   9.016309
255  3zt2   2.84  15.550862
256  3zsx   3.28  26.558498
257  4cig   3.67  28.649629
258  3zso   5.12  34.013338
259  3n7a   3.70   2.757109
260  4ciw   4.82   1.883092
261  3n86   5.64   8.067513
262  3n76   6.85  11.181521
263  2xb8   7.59   7.393688
264  4bkt   3.62   3.834989
265  4w9c   4.65  10.599980
266  4w9l   5.02  17.751625
267  4w9i   5.96  12.558513
268  4w9h   6.73  14.430380
269  3nq9   4.03   3.810577
270  3ueu   5.24   6.880672
271  3uev   5.89   8.684007
272  3uew   6.31  11.057748
273  3uex   6.92  12.805557
274  3lka   2.82   8.083020
275  3ehy   5.85   9.385071
276  3tsk   7.17  19.396925
277  3nx7   8.10   8.695529
278  4gr0   9.55  27.466771
279  3dxg   2.40   5.390707
280  3d6q   3.76  10.664356
281  1w4o   5.22   6.746368
282  1o0h   5.92   5.942140
283  1u1b   7.80  13.617414

Summary of the scoring power: ===================================
The regression equation: logKa = 0.12 + 4.85 * Score
Number of favorable sample (N) = 277
Pearson correlation coefficient (R) = 0.414
Standard deviation in fitting (SD) = 1.97
=================================================================

Template command for running the bootstrap in R program==========

rm(list=ls());
require(boot);
data_all<-read.table("X-Score_processed_score",header=TRUE);
aa<-c(1:nrow(data_all));

mycore<-function(x,indices)
{
data_1<-matrix(NA,277,2);
for(i in 1:277);
    {
        data_1[i,1]=data_all[x[indices][i],2];
        data_1[i,2]=data_all[x[indices][i],3];
    }
        data_2<-data.frame(data_1);
        names(data_2)<-c("a","b");
        cor(data_2$a,data_2$b);
};

data.boot<-boot(aa,mycore,R=10000,stype="i",sim="ordinary");
sink("X-Score-ci.results");
a<-boot.ci(data.boot,conf=0.9,type=c("bca"));
print(a);
sink();

=================================================================
