     code  logKa         score
1    4llx   2.89  1.269893e+06
2    5c28   5.66  1.930794e+06
3    3uuo   7.96  2.676712e+06
4    3ui7   9.00  3.250108e+06
5    5c2h  11.09  3.752754e+06
6    2v00   3.66  1.459999e+06
7    3wz8   5.82  3.021384e+06
8    3pww   7.32  3.889217e+06
9    3prs   7.82  3.458158e+06
10   3uri   9.00  3.177357e+06
11   4m0z   5.19  3.508064e+06
12   4m0y   6.46  1.397518e+06
13   3qgy   7.80  3.118705e+06
14   4qd6   8.64  3.139070e+06
15   4rfm  10.05  2.964172e+06
16   4cr9   4.10  9.438888e+05
17   4cra   7.22  2.315328e+06
18   4x6p   8.30  2.562560e+06
19   4crc   8.72  2.514053e+06
20   4ty7   9.52  2.471553e+06
21   5aba   2.98  1.516809e+06
22   5a7b   3.57  2.555611e+06
23   4agn   3.97  1.674617e+06
24   4agp   4.69  2.314013e+06
25   4agq   5.01  2.087175e+06
26   3bgz   6.26  4.806989e+06
27   3jya   6.89  2.340088e+06
28   2c3i   7.60  3.875920e+06
29   4k18   8.96  3.822412e+06
30   5dwr  11.22  4.682050e+06
31   3mss   4.66  3.131809e+06
32   3k5v   6.30  3.766401e+06
33   3pyy   6.86  3.358512e+06
34   2v7a   8.30  2.041594e+06
35   4twp  10.00  4.010078e+06
36   3wtj   6.53  2.506300e+06
37   3zdg   7.10  1.875639e+06
38   3u8k   8.66  1.516394e+06
39   4qac   9.40  5.908195e+06
40   3u8n  10.17  1.894085e+06
41   1a30   4.30  1.681050e+06
42   2qnq   6.11  4.724381e+06
43   1g2k   7.96  4.661833e+06
44   1eby   9.70  4.892229e+06
45   3o9i  11.82  3.738818e+06
46   4lzs   4.80  1.490369e+06
47   3u5j   5.61  2.899122e+06
48   4wiv   6.26  3.642686e+06
49   4ogj   6.79  3.479592e+06
50   3p5o   7.30  3.044602e+06
51   1ps3   2.28  5.551132e+05
52   3dx1   3.58  9.718824e+05
53   3d4z   4.89  5.104869e+05
54   3dx2   6.82  1.652630e+06
55   3ejr   8.57  1.980698e+06
56   3l7b   2.40  7.085545e+05
57   4eky   3.52  1.127371e+06
58   3g2n   4.09  9.585383e+05
59   3syr   5.10  6.437009e+05
60   3ebp   5.91  3.050419e+06
61   2w66   4.05  4.824621e+05
62   2w4x   4.85  8.335796e+05
63   2wca   5.60  2.002484e+06
64   2xj7   6.66  9.377189e+05
65   2vvn   7.30  9.796054e+05
66   3aru   3.22  1.084445e+06
67   3arv   5.64  2.881162e+06
68   3ary   6.00  9.926234e+05
69   3arq   6.40  1.482400e+06
70   3arp   7.15  4.426329e+06
71   4ih5   4.11  2.161044e+06
72   4ih7   5.24  2.409884e+06
73   3cj4   6.51  2.796705e+06
74   4eo8   8.15  3.160678e+06
75   3gnw   9.10  3.784634e+06
76   1gpk   5.37  1.549005e+06
77   1h23   8.35  4.328783e+06
78   1h22   9.10  3.729585e+06
79   3f3a   4.19  2.100243e+06
80   3f3c   6.02  2.355727e+06
81   4mme   6.50  3.046381e+06
82   3f3d   7.16  1.934880e+06
83   3f3e   7.70  2.101353e+06
84   2wbg   4.45  2.326892e+06
85   2cbv   5.48  9.545374e+05
86   2j78   6.42  7.443464e+05
87   2j7h   7.19  4.529186e+05
88   2cet   8.02  1.537526e+06
89   3udh   2.85  1.599879e+06
90   3rsx   4.41  1.624390e+06
91   4djv   6.72  3.601460e+06
92   2vkm   8.74  4.312651e+06
93   4gid  10.77  4.153396e+06
94   4jfs   5.27  1.847777e+06
95   4j28   5.70  1.470551e+06
96   2wvt   6.12  7.002605e+05
97   2xii   7.20  1.990165e+06
98   4pcs   7.85  2.052993e+06
99   3rr4   4.55  1.394402e+06
100  1s38   5.15  1.859860e+06
101  1r5y   6.46  1.465100e+06
102  3gc5   7.26  1.792745e+06
103  3ge7   8.70  2.470020e+06
104  4dli   5.62  2.980929e+06
105  2zb1   6.32  4.080311e+06
106  4f9w   6.94  3.829372e+06
107  3e92   8.00  4.565033e+06
108  3e93   8.85  4.567916e+06
109  4owm   2.96  1.139547e+06
110  3twp   3.92  9.722372e+05
111  3r88   4.82  1.080709e+06
112  4gkm   5.17  2.263161e+06
113  3qqs   5.82  2.073529e+06
114  3gv9   2.12  5.452553e+05
115  3gr2   2.52  6.890666e+05
116  4kz6   3.10  1.021225e+06
117  4jxs   4.74  1.413464e+06
118  2r9w   5.10  2.246239e+06
119  2hb1   3.80  1.679316e+06
120  1bzc   4.92  3.405604e+06
121  2qbr   6.33  2.972984e+06
122  2qbq   7.44  2.908293e+06
123  2qbp   8.40  3.270392e+06
124  1q8t   4.76  1.134734e+06
125  1ydr   5.52  2.528821e+06
126  1q8u   5.96  2.698825e+06
127  1ydt   7.32  2.968055e+06
128  3ag9   8.05  2.506434e+06
129  3fcq   2.77  1.258248e+06
130  1z9g   5.64  1.957456e+06
131  1qf1   7.32  3.022920e+06
132  5tmn   8.04  3.080432e+06
133  4tmn  10.17  3.152681e+06
134  4ddk   2.29  1.338034e+06
135  4ddh   3.32  1.233319e+06
136  3ivg   4.30  2.872624e+06
137  3coz   5.57  1.788541e+06
138  3coy   6.02  1.804644e+06
139  3pxf   4.43  3.306103e+06
140  4eor   6.30  2.785787e+06
141  2xnb   6.83  2.165136e+06
142  1pxn   7.15  1.929929e+06
143  2fvd   8.52  3.031032e+06
144  4k77   6.63  1.131758e+06
145  4e5w   7.66  1.730736e+06
146  4ivb   8.72  1.676247e+06
147  4ivd   9.52  1.895223e+06
148  4ivc  10.00  1.824240e+06
149  4f09   6.70  1.456141e+06
150  4gfm   7.22  1.282447e+06
151  4hge   7.92  1.377110e+06
152  4e6q   8.36  1.818895e+06
153  4jia   9.22  3.513787e+06
154  2brb   4.86  2.663012e+06
155  2br1   5.14  2.584858e+06
156  3jvr   5.72  2.290606e+06
157  3jvs   6.54  2.328580e+06
158  1nvq   8.25  3.267200e+06
159  3acw   4.76  4.490245e+06
160  4ea2   6.44  3.785877e+06
161  2zcr   6.87  5.065574e+06
162  2zy1   7.40  3.455289e+06
163  2zcq   8.82  3.626781e+06
164  1bcu   3.28  7.362012e+05
165  3bv9   5.36  2.614510e+06
166  1oyt   7.24  2.808197e+06
167  2zda   8.40  2.789709e+06
168  3utu  10.92  3.485023e+06
169  3u9q   4.38  3.061234e+06
170  2yfe   6.63  3.994164e+06
171  3fur   8.00  5.223054e+06
172  3b1m   8.48  5.059804e+06
173  2p4y   9.00  6.361877e+06
174  3uo4   6.52  3.354273e+06
175  3up2   7.40  3.529287e+06
176  3e5a   8.23  3.409898e+06
177  2wtv   8.74  3.921678e+06
178  3myg  10.70  1.687999e+06
179  3kgp   2.57  7.560096e+05
180  1c5z   4.01  9.237589e+05
181  1o5b   5.77  9.783313e+05
182  1owh   7.40  1.316709e+06
183  1sqa   9.21  1.633743e+06
184  4jsz   2.30  1.368739e+05
185  3kwa   4.08  1.077548e+06
186  2weg   6.50  1.644006e+06
187  3ryj   7.80  2.082320e+06
188  3dd0   9.00  1.404153e+06
189  2xdl   3.10  1.079453e+06
190  3b27   5.16  2.141422e+06
191  1yc1   6.17  1.820240e+06
192  3rlr   7.52  2.887183e+06
193  2yki   9.46  5.377402e+06
194  1z95   7.12  5.853176e+06
195  3b68   8.40  5.330763e+06
196  3b5r   8.77  6.312066e+06
197  3b65   9.27  5.280020e+06
198  3g0w   9.52  5.009036e+06
199  4u4s   2.92  5.380494e+05
200  1p1q   4.89  1.204466e+06
201  1syi   5.44  1.171951e+06
202  1p1n   6.80  1.132105e+06
203  2al5   8.40  1.170860e+06
204  3g2z   2.36  4.033160e+05
205  3g31   2.89  1.103602e+06
206  4de2   4.12  8.899839e+05
207  4de3   5.52  8.514514e+05
208  4de1   5.96  7.942582e+05
209  1vso   4.72  1.645941e+06
210  4dld   5.82  2.059704e+06
211  3gbb   6.90  1.552581e+06
212  3fv2   8.11  1.399699e+06
213  3fv1   9.30  1.399890e+06
214  4mgd   4.69  4.111203e+06
215  2qe4   7.96  4.037008e+06
216  1qkt   9.04  3.904595e+06
217  2pog   9.54  4.533944e+06
218  2p15  10.30  7.871975e+06
219  2y5h   5.79  1.214427e+06
220  1lpg   7.09  3.135486e+06
221  2xbv   8.43  3.286496e+06
222  1z6e   9.72  2.625661e+06
223  1mq6  11.15  2.968759e+06
224  1nc3   5.00  7.522260e+05
225  1nc1   6.12  2.931532e+06
226  1y6r  10.11  2.389904e+06
227  4f2w  11.30  2.884893e+06
228  4f3c  11.82  4.003036e+06
229  1uto   2.27  5.618740e+05
230  4abg   3.57  7.566486e+05
231  3gy4   5.10  9.120012e+05
232  1k1i   6.58  1.858048e+06
233  1o3f   7.96  1.918506e+06
234  2yge   5.06  1.557997e+06
235  2fxs   6.06  1.307552e+06
236  2iwx   6.68  1.486385e+06
237  2wer   7.05  1.618129e+06
238  2vw5   8.52  2.255982e+06
239  4kzq   6.10  2.746420e+06
240  4kzu   6.50  3.247157e+06
241  4j21   7.41  2.884722e+06
242  4j3l   7.80  3.358215e+06
243  3kr8   8.10  2.586038e+06
244  2ymd   3.16  1.848387e+06
245  2wnc   6.32  2.943216e+06
246  2xys   7.42  2.862544e+06
247  2wn9   8.52  1.847127e+06
248  2x00  11.33  3.227716e+06
249  3ozt   4.13  2.303577e+06
250  3ozs   5.33  2.433301e+06
251  3oe5   6.88  2.534536e+06
252  3oe4   7.47  2.009407e+06
253  3nw9   9.00  3.426203e+06
254  3ao4   2.07  1.505561e+06
255  3zt2   2.84  2.413914e+06
256  3zsx   3.28  2.460721e+06
257  4cig   3.67  2.178252e+06
258  3zso   5.12  2.820788e+06
259  3n7a   3.70  1.117359e+06
260  4ciw   4.82  9.928196e+05
261  3n86   5.64  2.031338e+06
262  3n76   6.85  2.627181e+06
263  2xb8   7.59  2.327222e+06
264  4bkt   3.62  8.469220e+05
265  4w9c   4.65  1.873023e+06
266  4w9l   5.02  2.538405e+06
267  4w9i   5.96  1.974122e+06
268  4w9h   6.73  2.264924e+06
269  3nq9   4.03  2.223958e+06
270  3ueu   5.24  4.151086e+06
271  3uev   5.89  4.668353e+06
272  3uew   6.31  4.954882e+06
273  3uex   6.92  5.867432e+06
274  3lka   2.82  1.018250e+06
275  3ehy   5.85  1.217477e+06
276  3tsk   7.17  2.795552e+06
277  3nx7   8.10  1.389873e+06
278  4gr0   9.55  3.449898e+06
279  3dxg   2.40  5.694394e+05
280  3d6q   3.76  5.380705e+05
281  1w4o   5.22  6.999788e+05
282  1o0h   5.92  1.060399e+06
283  1u1b   7.80  1.709925e+06

Summary of the scoring power: ===================================
The regression equation: logKa = 0.00 + 4.27 * Score
Number of favorable sample (N) = 283
Pearson correlation coefficient (R) = 0.547
Standard deviation in fitting (SD) = 1.82
=================================================================

Template command for running the bootstrap in R program==========

rm(list=ls());
require(boot);
data_all<-read.table("X-Score_processed_score",header=TRUE);
aa<-c(1:nrow(data_all));

mycore<-function(x,indices)
{
data_1<-matrix(NA,283,2);
for(i in 1:283);
    {
        data_1[i,1]=data_all[x[indices][i],2];
        data_1[i,2]=data_all[x[indices][i],3];
    }
        data_2<-data.frame(data_1);
        names(data_2)<-c("a","b");
        cor(data_2$a,data_2$b);
};

data.boot<-boot(aa,mycore,R=10000,stype="i",sim="ordinary");
sink("X-Score-ci.results");
a<-boot.ci(data.boot,conf=0.9,type=c("bca"));
print(a);
sink();

=================================================================
