     code  logKa         score
1    4llx   2.89  3.716227e+01
2    5c28   5.66  4.793427e+01
3    3uuo   7.96  6.770582e+01
4    3ui7   9.00  7.681090e+01
5    5c2h  11.09  1.078976e+02
6    2v00   3.66  5.030952e+01
7    3wz8   5.82  9.305236e+01
8    3pww   7.32  1.330227e+02
9    3prs   7.82  1.363638e+02
10   3uri   9.00  1.323992e+02
11   4m0z   5.19  8.646093e+01
12   4m0y   6.46  6.024872e+01
13   3qgy   7.80  8.355287e+01
14   4qd6   8.64  7.480471e+01
15   4rfm  10.05  9.921362e+01
16   4cr9   4.10  5.043005e+01
17   4cra   7.22  1.027343e+02
18   4x6p   8.30  1.094017e+02
19   4crc   8.72  1.060466e+02
20   4ty7   9.52  1.018761e+02
21   5aba   2.98  5.901691e+01
22   5a7b   3.57  2.705193e+06
23   4agn   3.97  7.028442e+01
24   4agp   4.69  8.483684e+01
25   4agq   5.01  8.564427e+01
26   3bgz   6.26  8.321138e+01
27   3jya   6.89  5.967179e+01
28   2c3i   7.60  8.577656e+01
29   4k18   8.96  9.145737e+01
30   5dwr  11.22  9.792183e+01
31   3mss   4.66  6.359149e+01
32   3k5v   6.30  7.975549e+01
33   3pyy   6.86  7.605524e+01
34   2v7a   8.30  9.948234e+01
35   4twp  10.00  9.519908e+01
36   3wtj   6.53  5.976734e+01
37   3zdg   7.10  6.450478e+01
38   3u8k   8.66  6.839353e+01
39   4qac   9.40  9.270851e+01
40   3u8n  10.17  7.238261e+01
41   1a30   4.30  6.954412e+01
42   2qnq   6.11  1.213699e+02
43   1g2k   7.96  1.432324e+02
44   1eby   9.70  1.528521e+02
45   3o9i  11.82  1.447110e+02
46   4lzs   4.80  5.673827e+01
47   3u5j   5.61  7.085341e+01
48   4wiv   6.26  7.618865e+01
49   4ogj   6.79  8.124151e+01
50   3p5o   7.30  8.311676e+01
51   1ps3   2.28  4.262988e+01
52   3dx1   3.58  3.113647e+01
53   3d4z   4.89  4.020929e+01
54   3dx2   6.82  4.062030e+01
55   3ejr   8.57  7.056865e+01
56   3l7b   2.40  6.457245e+01
57   4eky   3.52  7.913101e+01
58   3g2n   4.09  7.271780e+01
59   3syr   5.10  6.443582e+01
60   3ebp   5.91  6.958241e+01
61   2w66   4.05  5.609566e+01
62   2w4x   4.85  5.319666e+01
63   2wca   5.60  6.529767e+01
64   2xj7   6.66  6.395762e+01
65   2vvn   7.30  6.660738e+01
66   3aru   3.22  5.617459e+01
67   3arv   5.64  5.788230e+01
68   3ary   6.00  4.070268e+01
69   3arq   6.40  6.428706e+01
70   3arp   7.15  1.007026e+02
71   4ih5   4.11  5.516101e+01
72   4ih7   5.24  6.482858e+01
73   3cj4   6.51  6.745912e+01
74   4eo8   8.15  8.461772e+01
75   3gnw   9.10  1.138241e+02
76   1gpk   5.37  7.055582e+01
77   1gpn   6.48  7.331004e+01
78   1h23   8.35  1.278863e+02
79   1h22   9.10  1.198404e+02
80   1e66   9.89  8.915029e+01
81   3f3a   4.19  5.397614e+01
82   3f3c   6.02  5.175434e+01
83   4mme   6.50  7.187214e+01
84   3f3d   7.16  4.768335e+01
85   3f3e   7.70  4.918253e+01
86   2wbg   4.45  7.271473e+01
87   2cbv   5.48  4.417468e+01
88   2j78   6.42  4.519323e+01
89   2j7h   7.19 -1.872010e+03
90   2cet   8.02  7.439238e+01
91   3udh   2.85  4.746387e+01
92   3rsx   4.41  5.227534e+01
93   4djv   6.72  8.359085e+01
94   2vkm   8.74  1.523773e+02
95   4gid  10.77  1.629813e+02
96   4jfs   5.27  5.768582e+01
97   4j28   5.70  5.037123e+01
98   2wvt   6.12  4.653893e+01
99   2xii   7.20  7.981784e+01
100  4pcs   7.85  5.323903e+01
101  3rr4   4.55  5.641487e+01
102  1s38   5.15  5.132759e+01
103  1r5y   6.46  4.356413e+01
104  3gc5   7.26  6.524983e+01
105  3ge7   8.70  8.796936e+01
106  4dli   5.62  8.356047e+01
107  2zb1   6.32  1.030789e+02
108  4f9w   6.94  9.089133e+01
109  3e92   8.00  1.104581e+02
110  3e93   8.85  1.333723e+02
111  4owm   2.96  3.629227e+01
112  3twp   3.92  3.509764e+01
113  3r88   4.82  4.739394e+01
114  4gkm   5.17  6.469757e+01
115  3qqs   5.82  6.330005e+01
116  3gv9   2.12  3.312998e+01
117  3gr2   2.52  3.608061e+01
118  4kz6   3.10  4.880445e+01
119  4jxs   4.74  5.782948e+01
120  2r9w   5.10  6.363359e+01
121  2hb1   3.80  4.394202e+01
122  1bzc   4.92  7.397945e+01
123  2qbr   6.33  7.498538e+01
124  2qbq   7.44  8.062729e+01
125  2qbp   8.40  9.383898e+01
126  1q8t   4.76  6.755275e+01
127  1ydr   5.52  7.080768e+01
128  1q8u   5.96  7.878645e+01
129  1ydt   7.32  9.790525e+01
130  3ag9   8.05  1.188538e+02
131  3fcq   2.77  4.683918e+01
132  1z9g   5.64  5.544592e+01
133  1qf1   7.32  8.612170e+01
134  5tmn   8.04  9.600450e+01
135  4tmn  10.17  1.074231e+02
136  4ddk   2.29  4.787715e+01
137  4ddh   3.32  5.667601e+01
138  3ivg   4.30  9.439991e+01
139  3coz   5.57  9.430081e+01
140  3coy   6.02  1.023722e+02
141  3pxf   4.43  5.932727e+01
142  4eor   6.30  9.454971e+01
143  2xnb   6.83  8.915617e+01
144  1pxn   7.15  7.877168e+01
145  2fvd   8.52  9.125076e+01
146  4k77   6.63  6.758558e+01
147  4e5w   7.66  9.964342e+01
148  4ivb   8.72  8.230577e+01
149  4ivd   9.52  8.840481e+01
150  4ivc  10.00  8.791195e+01
151  4f09   6.70  6.896044e+01
152  4gfm   7.22  5.955486e+01
153  4hge   7.92  7.956778e+01
154  4e6q   8.36  9.013694e+01
155  4jia   9.22  8.763054e+01
156  2brb   4.86  7.814228e+01
157  2br1   5.14  8.340594e+01
158  3jvr   5.72  6.216590e+01
159  3jvs   6.54  7.355962e+01
160  1nvq   8.25  1.042697e+02
161  3acw   4.76  9.155059e+01
162  4ea2   6.44  1.052237e+02
163  2zcr   6.87  1.054481e+02
164  2zy1   7.40  8.774867e+01
165  2zcq   8.82  7.654192e+01
166  1bcu   3.28  5.267482e+01
167  3bv9   5.36  1.086030e+02
168  1oyt   7.24  9.251286e+01
169  2zda   8.40  9.424692e+01
170  3utu  10.92  1.238304e+02
171  3u9q   4.38  6.708570e+01
172  2yfe   6.63  9.709540e+01
173  3fur   8.00  1.067589e+02
174  3b1m   8.48  1.195794e+02
175  2p4y   9.00  1.253201e+02
176  3uo4   6.52  8.907376e+01
177  3up2   7.40  8.469894e+01
178  3e5a   8.23  1.021217e+02
179  2wtv   8.74  9.915498e+01
180  3myg  10.70  8.539454e+01
181  3kgp   2.57  4.126803e+01
182  1c5z   4.01  4.225943e+01
183  1o5b   5.77  4.897035e+01
184  1owh   7.40  6.697148e+01
185  1sqa   9.21  7.815499e+01
186  4jsz   2.30  3.642163e+01
187  3kwa   4.08  4.925450e+01
188  2weg   6.50  4.236452e+01
189  3ryj   7.80  5.325569e+01
190  3dd0   9.00  5.175140e+01
191  2xdl   3.10  6.617284e+01
192  3b27   5.16  5.650566e+01
193  1yc1   6.17  8.134030e+01
194  3rlr   7.52  7.643684e+01
195  2yki   9.46  1.195621e+02
196  1z95   7.12  1.051160e+02
197  3b68   8.40  1.170094e+02
198  3b5r   8.77  1.015658e+02
199  3b65   9.27  1.001231e+02
200  3g0w   9.52  9.359339e+01
201  4u4s   2.92  5.337866e+01
202  1p1q   4.89  3.803148e+01
203  1syi   5.44  6.144011e+01
204  1p1n   6.80  5.214933e+01
205  2al5   8.40  5.054621e+01
206  3g2z   2.36  8.086719e+01
207  3g31   2.89  3.545111e+01
208  4de2   4.12  1.468629e+02
209  4de3   5.52  1.303462e+02
210  4de1   5.96  1.024203e+02
211  1vso   4.72  5.296783e+01
212  4dld   5.82  5.932113e+01
213  3gbb   6.90  6.370620e+01
214  3fv2   8.11  6.532322e+01
215  3fv1   9.30  7.121770e+01
216  4mgd   4.69  8.010189e+01
217  2qe4   7.96  9.561298e+01
218  1qkt   9.04  9.021162e+01
219  2pog   9.54  9.054778e+01
220  2p15  10.30  1.350409e+02
221  2y5h   5.79  8.867528e+01
222  1lpg   7.09  1.068635e+02
223  2xbv   8.43  1.029477e+02
224  1z6e   9.72  1.018239e+02
225  1mq6  11.15  1.013825e+02
226  1nc3   5.00  6.901119e+01
227  1nc1   6.12  7.753501e+01
228  1y6r  10.11  8.257093e+01
229  4f2w  11.30  8.964858e+01
230  4f3c  11.82  1.036628e+02
231  1uto   2.27  4.217733e+01
232  4abg   3.57  5.275579e+01
233  3gy4   5.10  4.245226e+01
234  1k1i   6.58  8.051173e+01
235  1o3f   7.96  6.884561e+01
236  2yge   5.06  9.069585e+01
237  2fxs   6.06  6.312869e+01
238  2iwx   6.68  7.469237e+01
239  2wer   7.05  7.256030e+01
240  2vw5   8.52  1.010531e+02
241  4kzq   6.10  7.452297e+01
242  4kzu   6.50  7.766595e+01
243  4j21   7.41  7.457708e+01
244  4j3l   7.80  8.281798e+01
245  3kr8   8.10  7.978740e+01
246  2ymd   3.16 -7.089199e+02
247  2wnc   6.32  7.307133e+01
248  2xys   7.42  7.734856e+01
249  2wn9   8.52  6.357320e+01
250  2x00  11.33  1.170664e+02
251  3ozt   4.13  9.285489e+01
252  3ozs   5.33  9.406065e+01
253  3oe5   6.88  9.672907e+01
254  3oe4   7.47  9.452219e+01
255  3nw9   9.00  1.137886e+02
256  3ao4   2.07  5.695788e+01
257  3zt2   2.84  7.042293e+01
258  3zsx   3.28  8.670565e+01
259  4cig   3.67  9.255416e+01
260  3zso   5.12  1.031747e+02
261  3n7a   3.70  4.558642e+01
262  4ciw   4.82  5.767324e+01
263  3n86   5.64  9.256837e+01
264  3n76   6.85  8.554594e+01
265  2xb8   7.59  8.119756e+01
266  4bkt   3.62  5.116087e+01
267  4w9c   4.65  7.572181e+01
268  4w9l   5.02  1.028153e+02
269  4w9i   5.96  8.415787e+01
270  4w9h   6.73  8.882801e+01
271  3nq9   4.03  4.287795e+01
272  3ueu   5.24  7.020629e+01
273  3uev   5.89  8.025160e+01
274  3uew   6.31  8.570375e+01
275  3uex   6.92  9.756609e+01
276  3lka   2.82  4.837259e+01
277  3ehy   5.85  5.947638e+01
278  3tsk   7.17  1.179067e+02
279  3nx7   8.10  6.343276e+01
280  4gr0   9.55  1.353523e+02
281  3dxg   2.40  3.914260e+01
282  3d6q   3.76  4.114925e+01
283  1w4o   5.22  4.764304e+01
284  1o0h   5.92  5.300072e+01
285  1u1b   7.80  9.243775e+01

Summary of the scoring power: ===================================
The regression equation: logKa = -0.00 + 6.51 * Score
Number of favorable sample (N) = 283
Pearson correlation coefficient (R) = -0.080
Confidence interval of 90% Pearson R = [-0.177 ~ 0.018] 
Standard deviation in fitting (SD) = 2.17
=================================================================

Template command for running the bootstrap in R program==========

rm(list=ls());
require(boot);
data_all<-read.table("GAP_processed_score",header=TRUE);
aa<-c(1:nrow(data_all));

mycore<-function(x,indices)
{
data_1<-matrix(NA,283,2);
for(i in 1:283);
    {
        data_1[i,1]=data_all[x[indices][i],2];
        data_1[i,2]=data_all[x[indices][i],3];
    }
        data_2<-data.frame(data_1);
        names(data_2)<-c("a","b");
        cor(data_2$a,data_2$b);
};

data.boot<-boot(aa,mycore,R=10000,stype="i",sim="ordinary");
sink("GAP-ci.results");
a<-boot.ci(data.boot,conf=0.9,type=c("bca"));
print(a);
sink();

=================================================================
