     code  logKa         score
1    4llx   2.89  35523.303335
2    5c28   5.66  35765.420684
3    3uuo   7.96  25029.683533
4    3ui7   9.00  27965.885333
5    5c2h  11.09  33600.433318
6    2v00   3.66  37845.691750
7    3wz8   5.82  28474.465300
8    3pww   7.32  22970.417800
9    3prs   7.82  27071.109833
10   3uri   9.00  29147.002933
11   4m0z   5.19  20515.119600
12   4m0y   6.46  26675.019933
13   3qgy   7.80  24288.278917
14   4qd6   8.64  20029.870800
15   4rfm  10.05  24410.951301
16   4cr9   4.10  33506.023100
17   4cra   7.22  26622.902167
18   4x6p   8.30  27903.687700
19   4crc   8.72  51904.298867
20   4ty7   9.52  25609.367584
21   5aba   2.98  46830.499517
22   5a7b   3.57  36765.523301
23   4agn   3.97  37582.472267
24   4agp   4.69  49188.592784
25   4agq   5.01  37460.147534
26   3bgz   6.26  28196.345300
27   3jya   6.89  40839.903317
28   2c3i   7.60  37270.119384
29   4k18   8.96  35829.614167
30   5dwr  11.22  27123.846450
31   3mss   4.66  47883.969484
32   3k5v   6.30  33318.450517
33   3pyy   6.86  36881.519301
34   2v7a   8.30  29425.231550
35   4twp  10.00  33600.647767
36   3wtj   6.53  22275.655167
37   3zdg   7.10  65830.177950
38   3u8k   8.66  45885.312517
39   4qac   9.40  35483.963633
40   3u8n  10.17  34095.335884
41   1a30   4.30  34528.292001
42   2qnq   6.11  30959.138401
43   1g2k   7.96  36042.793433
44   1eby   9.70  26118.363467
45   3o9i  11.82  35371.405533
46   4lzs   4.80  23817.659184
47   3u5j   5.61  49557.009450
48   4wiv   6.26  37116.018150
49   4ogj   6.79  24636.429950
50   3p5o   7.30  37309.722967
51   1ps3   2.28  52927.288003
52   3dx1   3.58  37156.226518
53   3d4z   4.89  40510.531370
54   3dx2   6.82  37496.496401
55   3ejr   8.57  38330.974517
56   3l7b   2.40  32872.460221
57   4eky   3.52  30184.613633
58   3g2n   4.09  28073.681303
59   3syr   5.10  38228.789171
60   3ebp   5.91  35961.899834
61   2w66   4.05  36149.074188
62   2w4x   4.85  38823.651437
63   2wca   5.60  29490.451067
64   2xj7   6.66  32440.804554
65   2vvn   7.30  30789.107221
66   3aru   3.22  40313.123467
67   3arv   5.64  44449.327851
68   3ary   6.00  41017.751484
69   3arq   6.40  26237.308433
70   3arp   7.15  44046.894451
71   4ih5   4.11  24877.223250
72   4ih7   5.24  37006.977884
73   3cj4   6.51  31892.338767
74   4eo8   8.15  50733.371867
75   3gnw   9.10  33050.822101
76   1gpk   5.37  23447.250650
77   1h23   8.35  24878.908867
78   1h22   9.10  24878.908867
79   3f3a   4.19  38263.988000
80   3f3c   6.02  37993.151550
81   4mme   6.50  26927.206550
82   3f3d   7.16  39441.304950
83   3f3e   7.70  39402.838284
84   2wbg   4.45  24758.313900
85   2cbv   5.48  32604.848154
86   2j78   6.42  25909.086521
87   2j7h   7.19  40928.631567
88   2cet   8.02  29352.976137
89   3udh   2.85  45628.910318
90   3rsx   4.41  33541.885233
91   4djv   6.72  35561.685700
92   2vkm   8.74  22739.523233
93   4gid  10.77  28784.670000
94   4jfs   5.27  30750.815433
95   4j28   5.70  25010.372100
96   2wvt   6.12  36985.420917
97   2xii   7.20  25661.264950
98   4pcs   7.85  31941.140533
99   3rr4   4.55  19481.897667
100  1s38   5.15  26126.927750
101  1r5y   6.46  23621.575184
102  3gc5   7.26  22129.831567
103  3ge7   8.70  18298.344100
104  4dli   5.62  36640.383733
105  2zb1   6.32  38916.113651
106  4f9w   6.94  40366.022118
107  3e92   8.00  33995.006650
108  3e93   8.85  33069.668100
109  4owm   2.96  29940.305417
110  3twp   3.92  41555.556917
111  3r88   4.82  25882.137000
112  4gkm   5.17  29257.165767
113  3qqs   5.82  27232.442433
114  3gv9   2.12  39131.560584
115  3gr2   2.52  41924.805567
116  4kz6   3.10  53630.805167
117  4jxs   4.74  45146.930500
118  2r9w   5.10  54401.669600
119  2hb1   3.80  29151.295967
120  1bzc   4.92  47647.058100
121  2qbr   6.33  32522.286133
122  2qbq   7.44  32572.090133
123  2qbp   8.40  32306.503467
124  1q8t   4.76  28182.331067
125  1ydr   5.52  25164.153801
126  1q8u   5.96  30174.812667
127  1ydt   7.32  29416.545067
128  3ag9   8.05  25346.227067
129  3fcq   2.77  24285.671817
130  1z9g   5.64  28670.766400
131  1qf1   7.32  29020.054467
132  5tmn   8.04  29349.284467
133  4tmn  10.17  29345.087667
134  4ddk   2.29  26485.924484
135  4ddh   3.32  30019.285434
136  3ivg   4.30  27693.604101
137  3coz   5.57  28512.223301
138  3coy   6.02  27922.429950
139  3pxf   4.43  37277.119384
140  4eor   6.30  26609.452600
141  2xnb   6.83  28369.535684
142  1pxn   7.15  27248.988984
143  2fvd   8.52  30954.204367
144  4k77   6.63  27219.988834
145  4e5w   7.66  31510.906734
146  4ivb   8.72  29265.256284
147  4ivd   9.52  28845.058950
148  4ivc  10.00  23949.562950
149  4f09   6.70  26353.779967
150  4gfm   7.22  43425.063084
151  4hge   7.92  28827.952201
152  4e6q   8.36  31701.117668
153  4jia   9.22  29664.664850
154  2brb   4.86  36289.957917
155  2br1   5.14  32657.644917
156  3jvr   5.72  34399.532884
157  3jvs   6.54  33804.126317
158  1nvq   8.25  31788.915117
159  3acw   4.76  43829.542684
160  4ea2   6.44  35605.034150
161  2zcr   6.87  42201.840067
162  2zy1   7.40  35801.371967
163  2zcq   8.82  41586.521250
164  1bcu   3.28  34829.046767
165  3bv9   5.36  35785.504117
166  1oyt   7.24  27532.669067
167  2zda   8.40  22370.478067
168  3utu  10.92  22693.101300
169  3u9q   4.38  28579.248933
170  2yfe   6.63  49728.010084
171  3fur   8.00  32950.283601
172  3b1m   8.48  36274.583684
173  2p4y   9.00  48808.161584
174  3uo4   6.52  25361.975170
175  3up2   7.40  24840.558837
176  3e5a   8.23  25515.033900
177  2wtv   8.74  28887.543167
178  3myg  10.70  32171.766118
179  3kgp   2.57  47509.196667
180  1c5z   4.01  35197.793650
181  1o5b   5.77  34929.131450
182  1owh   7.40  25253.567067
183  1sqa   9.21  24975.088334
184  4jsz   2.30  48081.930469
185  3kwa   4.08  25018.893684
186  2weg   6.50  27458.255967
187  3ryj   7.80  29486.865617
188  3dd0   9.00  27751.096650
189  2xdl   3.10  35928.605133
190  3b27   5.16  30700.074617
191  1yc1   6.17  27659.821067
192  3rlr   7.52  31827.021550
193  2yki   9.46  28456.851900
194  1z95   7.12  34283.370967
195  3b68   8.40  30757.103967
196  3b5r   8.77  24688.431634
197  3b65   9.27  24848.595934
198  3g0w   9.52  39058.659367
199  4u4s   2.92  49549.527701
200  1p1q   4.89  29263.420803
201  1syi   5.44  32082.438470
202  1p1n   6.80  38642.359020
203  2al5   8.40  31630.207137
204  3g2z   2.36  37631.211204
205  3g31   2.89  42095.561850
206  4de2   4.12  28115.794750
207  4de3   5.52  27866.437517
208  4de1   5.96  27615.293817
209  1vso   4.72  30689.718400
210  4dld   5.82  42534.837184
211  3gbb   6.90  37292.469020
212  3fv2   8.11  31917.847354
213  3fv1   9.30  28878.575003
214  4mgd   4.69  32260.962501
215  2qe4   7.96  24438.644967
216  1qkt   9.04  28761.346584
217  2pog   9.54  24874.577633
218  2p15  10.30  24417.614950
219  2y5h   5.79  46788.771884
220  1lpg   7.09  26484.331233
221  2xbv   8.43  33259.007234
222  1z6e   9.72  28312.437167
223  1mq6  11.15  28866.868584
224  1nc3   5.00  31426.313134
225  1nc1   6.12  24878.047933
226  1y6r  10.11  22514.663037
227  4f2w  11.30  21426.143533
228  4f3c  11.82  27458.669533
229  1uto   2.27  46592.630318
230  4abg   3.57  45022.495784
231  3gy4   5.10  34565.218517
232  1k1i   6.58  21431.517133
233  1o3f   7.96  25929.890267
234  2yge   5.06  23856.987800
235  2fxs   6.06  26654.775401
236  2iwx   6.68  28625.929401
237  2wer   7.05  28626.862734
238  2vw5   8.52  29468.827267
239  4kzq   6.10  32927.809551
240  4kzu   6.50  37695.046551
241  4j21   7.41  29127.804418
242  4j3l   7.80  24336.580901
243  3kr8   8.10  30487.726301
244  2ymd   3.16  20787.008133
245  2wnc   6.32  41685.802650
246  2xys   7.42  36541.975784
247  2wn9   8.52  32024.772891
248  2x00  11.33  49382.997567
249  3ozt   4.13  27300.312600
250  3ozs   5.33  21436.543600
251  3oe5   6.88  27393.694267
252  3oe4   7.47  27742.710600
253  3nw9   9.00  28423.477600
254  3ao4   2.07  36827.472150
255  3zt2   2.84  34597.128667
256  3zsx   3.28  29191.800733
257  4cig   3.67  25792.542133
258  3zso   5.12  29161.182400
259  3n7a   3.70  29125.710100
260  4ciw   4.82  23316.284767
261  3n86   5.64  23686.339467
262  3n76   6.85  29105.278133
263  2xb8   7.59  29345.567667
264  4bkt   3.62  30680.166051
265  4w9c   4.65  25255.539601
266  4w9l   5.02  21889.377933
267  4w9i   5.96  26063.185484
268  4w9h   6.73  25522.572984
269  3nq9   4.03  42711.306750
270  3ueu   5.24  61484.909434
271  3uev   5.89  42791.973417
272  3uew   6.31  30690.472084
273  3uex   6.92  26206.183284
274  3lka   2.82  25975.655651
275  3ehy   5.85  25559.390834
276  3tsk   7.17  32528.950950
277  3nx7   8.10  28926.444150
278  4gr0   9.55  25707.162234
279  3dxg   2.40  37383.801744
280  3d6q   3.76  26149.369254
281  1w4o   5.22  43145.156281
282  1o0h   5.92  31733.396621
283  1u1b   7.80  30144.077267

Summary of the scoring power: ===================================
The regression equation: logKa = -0.00 + 8.75 * Score
Number of favorable sample (N) = 283
Pearson correlation coefficient (R) = -0.251
Standard deviation in fitting (SD) = 2.10
=================================================================

Template command for running the bootstrap in R program==========

rm(list=ls());
require(boot);
data_all<-read.table("X-Score_processed_score",header=TRUE);
aa<-c(1:nrow(data_all));

mycore<-function(x,indices)
{
data_1<-matrix(NA,283,2);
for(i in 1:283);
    {
        data_1[i,1]=data_all[x[indices][i],2];
        data_1[i,2]=data_all[x[indices][i],3];
    }
        data_2<-data.frame(data_1);
        names(data_2)<-c("a","b");
        cor(data_2$a,data_2$b);
};

data.boot<-boot(aa,mycore,R=10000,stype="i",sim="ordinary");
sink("X-Score-ci.results");
a<-boot.ci(data.boot,conf=0.9,type=c("bca"));
print(a);
sink();

=================================================================
