     code  logKa         score
1    4llx   2.89  15008.971004
2    5c28   5.66  22466.658151
3    3uuo   7.96  24357.720267
4    3ui7   9.00  21226.057501
5    5c2h  11.09  21753.153100
6    2v00   3.66  27825.744735
7    3wz8   5.82  22450.011667
8    3pww   7.32  19470.615167
9    3prs   7.82  25150.622000
10   3uri   9.00  18772.458600
11   4m0z   5.19  21432.709684
12   4m0y   6.46  21694.774350
13   3qgy   7.80  21865.534900
14   4qd6   8.64  21871.595400
15   4rfm  10.05  17199.051968
16   4cr9   4.10  31016.487484
17   4cra   7.22  25361.744000
18   4x6p   8.30  32336.061567
19   4crc   8.72  34507.174733
20   4ty7   9.52  28984.461867
21   5aba   2.98  37262.051367
22   5a7b   3.57  32116.890017
23   4agn   3.97  35744.158967
24   4agp   4.69  38492.347067
25   4agq   5.01  36934.412700
26   3bgz   6.26  26384.307000
27   3jya   6.89  27179.592901
28   2c3i   7.60  24668.649984
29   4k18   8.96  27331.339733
30   5dwr  11.22  19084.769067
31   3mss   4.66  39875.534735
32   3k5v   6.30  30218.121950
33   3pyy   6.86  32536.200551
34   2v7a   8.30  23752.297000
35   4twp  10.00  26781.828684
36   3wtj   6.53  19538.742884
37   3zdg   7.10  50709.240634
38   3u8k   8.66  24377.532004
39   4qac   9.40  25762.239850
40   3u8n  10.17  22459.925084
41   1a30   4.30  51417.033333
42   2qnq   6.11  20914.909033
43   1g2k   7.96  31259.756000
44   1eby   9.70  24486.696667
45   3o9i  11.82  29976.931667
46   4lzs   4.80  14362.638401
47   3u5j   5.61  40941.326800
48   4wiv   6.26  28812.229933
49   4ogj   6.79  24233.711233
50   3p5o   7.30  27738.341300
51   1ps3   2.28  41259.237710
52   3dx1   3.58  33906.223610
53   3d4z   4.89  43364.138697
54   3dx2   6.82  27299.777551
55   3ejr   8.57  33001.716752
56   3l7b   2.40  23921.394417
57   4eky   3.52  24459.568350
58   3g2n   4.09  26447.769684
59   3syr   5.10  30213.337217
60   3ebp   5.91  35981.251084
61   2w66   4.05  24818.453427
62   2w4x   4.85  25841.941033
63   2wca   5.60  25989.326701
64   2xj7   6.66  19292.457434
65   2vvn   7.30  33842.911533
66   3aru   3.22  32211.389484
67   3arv   5.64  32871.965701
68   3ary   6.00  28023.272550
69   3arq   6.40  23366.657051
70   3arp   7.15  32165.150633
71   4ih5   4.11  18720.592951
72   4ih7   5.24  28883.981717
73   3cj4   6.51  28435.474200
74   4eo8   8.15  38686.131600
75   3gnw   9.10  24211.360733
76   1gpk   5.37  16182.355835
77   1h23   8.35  19653.778000
78   1h22   9.10  19277.860000
79   3f3a   4.19  22694.904433
80   3f3c   6.02  19611.566433
81   4mme   6.50  23418.777434
82   3f3d   7.16  21299.664967
83   3f3e   7.70  20956.924967
84   2wbg   4.45  24964.147034
85   2cbv   5.48  26102.163117
86   2j78   6.42  32842.948550
87   2j7h   7.19  30281.295210
88   2cet   8.02  27101.904034
89   3udh   2.85  26796.008686
90   3rsx   4.41  28870.558484
91   4djv   6.72  27378.623833
92   2vkm   8.74  20195.893833
93   4gid  10.77  27780.420500
94   4jfs   5.27  28076.621830
95   4j28   5.70  24944.742333
96   2wvt   6.12  31439.661267
97   2xii   7.20  26838.854667
98   4pcs   7.85  26763.929333
99   3rr4   4.55  19726.867751
100  1s38   5.15  17255.575718
101  1r5y   6.46  16578.946367
102  3gc5   7.26  14838.325827
103  3ge7   8.70  16516.490350
104  4dli   5.62  27181.917884
105  2zb1   6.32  24895.584517
106  4f9w   6.94  29498.878733
107  3e92   8.00  31125.338584
108  3e93   8.85  25012.530233
109  4owm   2.96  25661.227600
110  3twp   3.92  28104.706733
111  3r88   4.82  18192.050433
112  4gkm   5.17  35901.565136
113  3qqs   5.82  32443.951026
114  3gv9   2.12  32524.732800
115  3gr2   2.52  35280.336734
116  4kz6   3.10  33037.283867
117  4jxs   4.74  31391.801466
118  2r9w   5.10  38248.740866
119  2hb1   3.80  34006.398010
120  1bzc   4.92  30125.521850
121  2qbr   6.33  38957.354970
122  2qbq   7.44  38870.431970
123  2qbp   8.40  38749.204970
124  1q8t   4.76  19369.284068
125  1ydr   5.52  20780.497252
126  1q8u   5.96  19828.404352
127  1ydt   7.32  23105.551901
128  3ag9   8.05  30658.223110
129  3fcq   2.77  26132.808133
130  1z9g   5.64  27875.141333
131  1qf1   7.32  26846.963667
132  5tmn   8.04  27112.242667
133  4tmn  10.17  24739.308767
134  4ddk   2.29  27173.775333
135  4ddh   3.32  31156.644000
136  3ivg   4.30  21544.928000
137  3coz   5.57  25654.057350
138  3coy   6.02  25179.979667
139  3pxf   4.43  26995.302933
140  4eor   6.30  22549.417017
141  2xnb   6.83  21010.217134
142  1pxn   7.15  23325.579068
143  2fvd   8.52  22472.685367
144  4k77   6.63  22404.276268
145  4e5w   7.66  25820.646278
146  4ivb   8.72  20203.992068
147  4ivd   9.52  20991.774384
148  4ivc  10.00  17321.261635
149  4f09   6.70  19458.438969
150  4gfm   7.22  27404.904801
151  4hge   7.92  23078.409118
152  4e6q   8.36  23024.142718
153  4jia   9.22  23594.543667
154  2brb   4.86  25596.994950
155  2br1   5.14  25536.442984
156  3jvr   5.72  28346.012317
157  3jvs   6.54  27928.661467
158  1nvq   8.25  20279.998351
159  3acw   4.76  29441.708633
160  4ea2   6.44  28619.672201
161  2zcr   6.87  35565.308000
162  2zy1   7.40  34222.007034
163  2zcq   8.82  34007.501517
164  1bcu   3.28  31022.988151
165  3bv9   5.36  36080.320300
166  1oyt   7.24  22847.830633
167  2zda   8.40  21620.696167
168  3utu  10.92  21961.921833
169  3u9q   4.38  29184.126000
170  2yfe   6.63  33922.700400
171  3fur   8.00  44505.338133
172  3b1m   8.48  39332.956100
173  2p4y   9.00  35659.296300
174  3uo4   6.52  28592.711000
175  3up2   7.40  26268.666700
176  3e5a   8.23  18564.115684
177  2wtv   8.74  25804.513100
178  3myg  10.70  25766.953218
179  3kgp   2.57  34123.019968
180  1c5z   4.01  38382.422052
181  1o5b   5.77  38403.482035
182  1owh   7.40  20039.807418
183  1sqa   9.21  19293.891084
184  4jsz   2.30  49619.586914
185  3kwa   4.08  18310.694301
186  2weg   6.50  22157.339701
187  3ryj   7.80  24114.034701
188  3dd0   9.00  21524.183384
189  2xdl   3.10  22673.212624
190  3b27   5.16  24972.809250
191  1yc1   6.17  25089.003667
192  3rlr   7.52  24930.410500
193  2yki   9.46  25213.112500
194  1z95   7.12  32662.829017
195  3b68   8.40  29853.118333
196  3b5r   8.77  21125.935733
197  3b65   9.27  24978.585067
198  3g0w   9.52  35222.784233
199  4u4s   2.92  38251.022951
200  1p1q   4.89  20271.281037
201  1syi   5.44  18651.646370
202  1p1n   6.80  31720.832133
203  2al5   8.40  18421.264703
204  3g2z   2.36  32712.178954
205  3g31   2.89  43982.716500
206  4de2   4.12  27079.564933
207  4de3   5.52  28979.925667
208  4de1   5.96  23927.149333
209  1vso   4.72  21513.030703
210  4dld   5.82  34819.619467
211  3gbb   6.90  33768.066467
212  3fv2   8.11  32534.008333
213  3fv1   9.30  31633.079000
214  4mgd   4.69  30655.473750
215  2qe4   7.96  18314.399684
216  1qkt   9.04  20377.839350
217  2pog   9.54  17588.864350
218  2p15  10.30  21202.474333
219  2y5h   5.79  34340.440184
220  1lpg   7.09  20834.850700
221  2xbv   8.43  29165.828350
222  1z6e   9.72  20563.209367
223  1mq6  11.15  31368.279300
224  1nc3   5.00  22596.146977
225  1nc1   6.12  20930.334367
226  1y6r  10.11  17484.632884
227  4f2w  11.30  19197.294052
228  4f3c  11.82  21451.743585
229  1uto   2.27  26384.922323
230  4abg   3.57  26810.253869
231  3gy4   5.10  34985.258884
232  1k1i   6.58  21699.897000
233  1o3f   7.96  21999.737850
234  2yge   5.06  17478.412735
235  2fxs   6.06  30067.819534
236  2iwx   6.68  25511.287184
237  2wer   7.05  28395.898517
238  2vw5   8.52  27064.349333
239  4kzq   6.10  19971.784368
240  4kzu   6.50  25039.298634
241  4j21   7.41  21350.532567
242  4j3l   7.80  17781.854250
243  3kr8   8.10  23338.847968
244  2ymd   3.16  16512.279000
245  2wnc   6.32  26854.885350
246  2xys   7.42  39853.627050
247  2wn9   8.52  26520.537535
248  2x00  11.33  35928.184535
249  3ozt   4.13  24489.862017
250  3ozs   5.33  19057.134517
251  3oe5   6.88  24684.141517
252  3oe4   7.47  26720.618517
253  3nw9   9.00  26045.468000
254  3ao4   2.07  27985.194718
255  3zt2   2.84  37325.094667
256  3zsx   3.28  30156.048700
257  4cig   3.67  27737.615667
258  3zso   5.12  28688.776000
259  3n7a   3.70  20752.320000
260  4ciw   4.82  22129.016000
261  3n86   5.64  24787.800000
262  3n76   6.85  25360.173667
263  2xb8   7.59  22283.339433
264  4bkt   3.62  23665.755587
265  4w9c   4.65  17778.272735
266  4w9l   5.02  21106.407701
267  4w9i   5.96  18854.443401
268  4w9h   6.73  18715.212718
269  3nq9   4.03  45601.394833
270  3ueu   5.24  57202.670833
271  3uev   5.89  45606.668833
272  3uew   6.31  46109.611733
273  3uex   6.92  23701.248267
274  3lka   2.82  16660.361735
275  3ehy   5.85  22246.916166
276  3tsk   7.17  25299.267333
277  3nx7   8.10  13930.515703
278  4gr0   9.55  24654.520900
279  3dxg   2.40  22412.748087
280  3d6q   3.76  21148.148345
281  1w4o   5.22  36403.831367
282  1o0h   5.92  31616.574534
283  1u1b   7.80  27311.396034

Summary of the scoring power: ===================================
The regression equation: logKa = -0.00 + 8.26 * Score
Number of favorable sample (N) = 283
Pearson correlation coefficient (R) = -0.218
Standard deviation in fitting (SD) = 2.12
=================================================================

Template command for running the bootstrap in R program==========

rm(list=ls());
require(boot);
data_all<-read.table("X-Score_processed_score",header=TRUE);
aa<-c(1:nrow(data_all));

mycore<-function(x,indices)
{
data_1<-matrix(NA,283,2);
for(i in 1:283);
    {
        data_1[i,1]=data_all[x[indices][i],2];
        data_1[i,2]=data_all[x[indices][i],3];
    }
        data_2<-data.frame(data_1);
        names(data_2)<-c("a","b");
        cor(data_2$a,data_2$b);
};

data.boot<-boot(aa,mycore,R=10000,stype="i",sim="ordinary");
sink("X-Score-ci.results");
a<-boot.ci(data.boot,conf=0.9,type=c("bca"));
print(a);
sink();

=================================================================
