     code  logKa      score
1    4llx   2.89   2.495738
2    5c28   5.66   1.400474
3    3uuo   7.96   1.387500
4    3ui7   9.00   1.410106
5    5c2h  11.09   3.665350
6    2v00   3.66   1.285860
7    3wz8   5.82   1.527833
8    3pww   7.32   1.319125
9    3prs   7.82   1.530087
10   3uri   9.00   0.693802
11   4m0z   5.19   1.307617
12   4m0y   6.46   3.217817
13   3qgy   7.80   1.549017
14   4qd6   8.64   1.551479
15   4rfm  10.05   1.316824
16   4cr9   4.10   1.283653
17   4cra   7.22   1.530212
18   4x6p   8.30   1.480612
19   4crc   8.72   1.615952
20   4ty7   9.52   1.479004
21   5aba   2.98   1.553005
22   5a7b   3.57   1.292690
23   4agn   3.97   1.285616
24   4agp   4.69   1.528239
25   4agq   5.01   1.290464
26   3bgz   6.26   1.712566
27   3jya   6.89   1.324640
28   2c3i   7.60   3.410469
29   4k18   8.96   1.425067
30   5dwr  11.22   3.230651
31   3mss   4.66   1.503859
32   3k5v   6.30   1.488869
33   3pyy   6.86   1.320675
34   2v7a   8.30   1.304594
35   4twp  10.00   1.545782
36   3wtj   6.53   0.480290
37   3zdg   7.10   0.460950
38   3u8k   8.66   0.459723
39   4qac   9.40   1.326313
40   3u8n  10.17   0.469886
41   1a30   4.30  10.185534
42   2qnq   6.11   1.543227
43   1g2k   7.96   1.486557
44   1eby   9.70   0.522051
45   3o9i  11.82   1.308009
46   4lzs   4.80   1.279827
47   3u5j   5.61   1.571924
48   4wiv   6.26   1.391313
49   4ogj   6.79   1.330345
50   3p5o   7.30   1.370334
51   1ps3   2.28   0.092669
52   3dx1   3.58   1.529798
53   3d4z   4.89   0.153647
54   3dx2   6.82   3.626674
55   3ejr   8.57   1.263013
56   3l7b   2.40   2.956190
57   4eky   3.52   1.365750
58   3g2n   4.09   1.257394
59   3syr   5.10   2.697625
60   3ebp   5.91   3.483659
61   2w66   4.05   1.662516
62   2w4x   4.85   2.185214
63   2wca   5.60   1.280739
64   2xj7   6.66   2.907308
65   2vvn   7.30   1.796871
66   3aru   3.22   1.404820
67   3arv   5.64   2.598761
68   3ary   6.00   2.345948
69   3arq   6.40   1.294474
70   3arp   7.15   3.472283
71   4ih5   4.11   1.324379
72   4ih7   5.24   1.413285
73   3cj4   6.51   1.458644
74   4eo8   8.15   1.483120
75   3gnw   9.10   0.545100
76   1gpk   5.37   1.335103
77   1h23   8.35   0.322358
78   1h22   9.10   0.322358
79   3f3a   4.19   1.325656
80   3f3c   6.02   1.291856
81   4mme   6.50   0.252624
82   3f3d   7.16   1.346001
83   3f3e   7.70   1.339357
84   2wbg   4.45   0.373485
85   2cbv   5.48   1.798478
86   2j78   6.42   1.472109
87   2j7h   7.19   0.618155
88   2cet   8.02   1.255951
89   3udh   2.85   1.279939
90   3rsx   4.41   1.340799
91   4djv   6.72   1.372050
92   2vkm   8.74   1.574473
93   4gid  10.77   1.370441
94   4jfs   5.27   0.267149
95   4j28   5.70   0.268906
96   2wvt   6.12   0.704167
97   2xii   7.20   0.295775
98   4pcs   7.85   0.319460
99   3rr4   4.55   1.285594
100  1s38   5.15   1.290994
101  1r5y   6.46   1.266156
102  3gc5   7.26   0.678867
103  3ge7   8.70   0.686605
104  4dli   5.62   1.370215
105  2zb1   6.32   0.488122
106  4f9w   6.94   2.890699
107  3e92   8.00   1.361008
108  3e93   8.85   1.499923
109  4owm   2.96   1.319031
110  3twp   3.92   1.358284
111  3r88   4.82   1.267268
112  4gkm   5.17   1.385842
113  3qqs   5.82   1.349843
114  3gv9   2.12   1.353548
115  3gr2   2.52   1.509419
116  4kz6   3.10   1.568956
117  4jxs   4.74   1.330270
118  2r9w   5.10   1.509781
119  2hb1   3.80   1.446785
120  1bzc   4.92   1.282703
121  2qbr   6.33   1.389135
122  2qbq   7.44   1.415530
123  2qbp   8.40   1.405751
124  1q8t   4.76   1.273809
125  1ydr   5.52   1.390670
126  1q8u   5.96   1.370086
127  1ydt   7.32   3.220434
128  3ag9   8.05   1.201679
129  3fcq   2.77   1.468344
130  1z9g   5.64   1.260743
131  1qf1   7.32   1.260764
132  5tmn   8.04   1.304296
133  4tmn  10.17   1.320845
134  4ddk   2.29   1.483950
135  4ddh   3.32   0.477016
136  3ivg   4.30   0.505969
137  3coz   5.57   0.342058
138  3coy   6.02   1.304445
139  3pxf   4.43   3.405849
140  4eor   6.30   1.299167
141  2xnb   6.83   1.284782
142  1pxn   7.15   1.256066
143  2fvd   8.52   1.285519
144  4k77   6.63   1.284039
145  4e5w   7.66   1.419539
146  4ivb   8.72   1.304979
147  4ivd   9.52   1.307217
148  4ivc  10.00   1.310418
149  4f09   6.70   1.321986
150  4gfm   7.22   1.425307
151  4hge   7.92   1.301569
152  4e6q   8.36   3.559596
153  4jia   9.22   1.292476
154  2brb   4.86   1.659595
155  2br1   5.14   1.660845
156  3jvr   5.72   1.331286
157  3jvs   6.54   1.328758
158  1nvq   8.25   3.449085
159  3acw   4.76   1.480116
160  4ea2   6.44   1.330717
161  2zcr   6.87   1.511981
162  2zy1   7.40   1.387632
163  2zcq   8.82   1.468841
164  1bcu   3.28   1.301516
165  3bv9   5.36   1.340759
166  1oyt   7.24   1.279861
167  2zda   8.40   1.284470
168  3utu  10.92   3.218170
169  3u9q   4.38   1.522251
170  2yfe   6.63   1.384373
171  3fur   8.00   1.672391
172  3b1m   8.48   1.337768
173  2p4y   9.00   1.775940
174  3uo4   6.52   1.544955
175  3up2   7.40   1.286131
176  3e5a   8.23   1.316420
177  2wtv   8.74   1.720035
178  3myg  10.70   2.258783
179  3kgp   2.57   1.261146
180  1c5z   4.01   1.254515
181  1o5b   5.77   1.260016
182  1owh   7.40   2.242918
183  1sqa   9.21   2.471903
184  4jsz   2.30   1.344760
185  3kwa   4.08   1.340833
186  2weg   6.50   1.222583
187  3ryj   7.80   3.202120
188  3dd0   9.00   3.213665
189  2xdl   3.10   1.405065
190  3b27   5.16   1.298383
191  1yc1   6.17   1.288549
192  3rlr   7.52   1.424674
193  2yki   9.46   1.608388
194  1z95   7.12   1.297747
195  3b68   8.40   1.300682
196  3b5r   8.77   1.302481
197  3b65   9.27   1.311821
198  3g0w   9.52   1.391306
199  4u4s   2.92   1.647361
200  1p1q   4.89   0.338989
201  1syi   5.44   0.336846
202  1p1n   6.80   4.267436
203  2al5   8.40   0.336846
204  3g2z   2.36   2.516137
205  3g31   2.89   1.628113
206  4de2   4.12   0.284948
207  4de3   5.52   0.318352
208  4de1   5.96   0.498803
209  1vso   4.72   0.282454
210  4dld   5.82   0.355397
211  3gbb   6.90   2.307564
212  3fv2   8.11   2.308394
213  3fv1   9.30   2.702044
214  4mgd   4.69   1.331267
215  2qe4   7.96   1.293739
216  1qkt   9.04   1.285160
217  2pog   9.54   1.228259
218  2p15  10.30   1.296675
219  2y5h   5.79   0.437765
220  1lpg   7.09   2.435538
221  2xbv   8.43   1.303499
222  1z6e   9.72   1.616976
223  1mq6  11.15   0.340425
224  1nc3   5.00   1.644747
225  1nc1   6.12   1.275743
226  1y6r  10.11   1.254192
227  4f2w  11.30   1.311551
228  4f3c  11.82   1.304184
229  1uto   2.27   1.251735
230  4abg   3.57   1.245763
231  3gy4   5.10   1.254515
232  1k1i   6.58   1.295236
233  1o3f   7.96   1.486780
234  2yge   5.06   1.339897
235  2fxs   6.06   1.278858
236  2iwx   6.68   1.280909
237  2wer   7.05   1.280909
238  2vw5   8.52   1.227103
239  4kzq   6.10   3.368180
240  4kzu   6.50   3.394629
241  4j21   7.41   3.206962
242  4j3l   7.80   3.216483
243  3kr8   8.10   3.296649
244  2ymd   3.16   0.272145
245  2wnc   6.32   0.569870
246  2xys   7.42   0.521515
247  2wn9   8.52   1.319978
248  2x00  11.33   1.629966
249  3ozt   4.13   1.229289
250  3ozs   5.33   1.232211
251  3oe5   6.88   1.237997
252  3oe4   7.47   1.312880
253  3nw9   9.00   1.458628
254  3ao4   2.07   1.291772
255  3zt2   2.84   1.490193
256  3zsx   3.28   1.375668
257  4cig   3.67   1.652967
258  3zso   5.12   1.599770
259  3n7a   3.70   1.356345
260  4ciw   4.82   1.348571
261  3n86   5.64   1.302270
262  3n76   6.85   1.306574
263  2xb8   7.59   1.314720
264  4bkt   3.62   4.364917
265  4w9c   4.65   1.308637
266  4w9l   5.02   1.294712
267  4w9i   5.96   1.314326
268  4w9h   6.73   1.315537
269  3nq9   4.03   1.610890
270  3ueu   5.24   1.689698
271  3uev   5.89   1.611309
272  3uew   6.31   1.464722
273  3uex   6.92   1.461218
274  3lka   2.82   3.187255
275  3ehy   5.85   1.451166
276  3tsk   7.17   1.293551
277  3nx7   8.10   1.229413
278  4gr0   9.55   0.534131
279  3dxg   2.40   2.992340
280  3d6q   3.76   1.347770
281  1w4o   5.22   3.015571
282  1o0h   5.92   0.307245
283  1u1b   7.80   1.261885

Summary of the scoring power: ===================================
The regression equation: logKa = 0.00 + 6.47 * Score
Number of favorable sample (N) = 283
Pearson correlation coefficient (R) = 0.000
Standard deviation in fitting (SD) = 2.17
=================================================================

Template command for running the bootstrap in R program==========

rm(list=ls());
require(boot);
data_all<-read.table("X-Score_processed_score",header=TRUE);
aa<-c(1:nrow(data_all));

mycore<-function(x,indices)
{
data_1<-matrix(NA,283,2);
for(i in 1:283);
    {
        data_1[i,1]=data_all[x[indices][i],2];
        data_1[i,2]=data_all[x[indices][i],3];
    }
        data_2<-data.frame(data_1);
        names(data_2)<-c("a","b");
        cor(data_2$a,data_2$b);
};

data.boot<-boot(aa,mycore,R=10000,stype="i",sim="ordinary");
sink("X-Score-ci.results");
a<-boot.ci(data.boot,conf=0.9,type=c("bca"));
print(a);
sink();

=================================================================
