     code  logKa     score
1    4llx   2.89  7.027733
2    5c28   5.66  7.013300
3    3uuo   7.96  7.020833
4    3ui7   9.00  7.098067
5    5c2h  11.09  7.000833
6    2v00   3.66  6.953533
7    3wz8   5.82  6.825300
8    3pww   7.32  6.876567
9    3prs   7.82  6.676867
10   3uri   9.00  6.721033
11   4m0z   5.19  6.875333
12   4m0y   6.46  6.691567
13   3qgy   7.80  7.007100
14   4qd6   8.64  6.717533
15   4rfm  10.05  6.849600
16   4cr9   4.10  6.778500
17   4cra   7.22  6.708800
18   4x6p   8.30  6.608767
19   4crc   8.72  6.779200
20   4ty7   9.52  6.745667
21   5aba   2.98  6.824400
22   5a7b   3.57  6.738067
23   4agn   3.97  6.807067
24   4agp   4.69  6.920733
25   4agq   5.01  6.842933
26   3bgz   6.26  6.644800
27   3jya   6.89  6.868700
28   2c3i   7.60  6.832733
29   4k18   8.96  6.873767
30   5dwr  11.22  6.816067
31   3mss   4.66  6.845000
32   3k5v   6.30  7.066533
33   3pyy   6.86  6.874533
34   2v7a   8.30  6.680067
35   4twp  10.00  6.774067
36   3wtj   6.53  6.929533
37   3zdg   7.10  6.904067
38   3u8k   8.66  6.743600
39   4qac   9.40  6.692433
40   3u8n  10.17  6.832867
41   1a30   4.30  6.489667
42   2qnq   6.11  6.897200
43   1g2k   7.96  6.580100
44   1eby   9.70  6.650133
45   3o9i  11.82  6.648100
46   4lzs   4.80  6.947900
47   3u5j   5.61  7.069833
48   4wiv   6.26  6.752067
49   4ogj   6.79  6.696667
50   3p5o   7.30  6.887567
51   1ps3   2.28  5.977567
52   3dx1   3.58  6.391833
53   3d4z   4.89  6.047167
54   3dx2   6.82  6.818900
55   3ejr   8.57  6.723200
56   3l7b   2.40  6.820000
57   4eky   3.52  6.379500
58   3g2n   4.09  6.730867
59   3syr   5.10  6.517633
60   3ebp   5.91  6.927433
61   2w66   4.05  6.432167
62   2w4x   4.85  6.502400
63   2wca   5.60  6.568667
64   2xj7   6.66  6.713533
65   2vvn   7.30  6.675233
66   3aru   3.22  7.331667
67   3arv   5.64  7.292433
68   3ary   6.00  6.882367
69   3arq   6.40  6.781667
70   3arp   7.15  6.936467
71   4ih5   4.11  6.784767
72   4ih7   5.24  7.095700
73   3cj4   6.51  6.623467
74   4eo8   8.15  6.804200
75   3gnw   9.10  6.666667
76   1gpk   5.37  6.592233
77   1h23   8.35  6.006533
78   1h22   9.10  6.016300
79   3f3a   4.19  6.501267
80   3f3c   6.02  6.674767
81   4mme   6.50  6.528333
82   3f3d   7.16  6.344200
83   3f3e   7.70  6.372333
84   2wbg   4.45  6.445533
85   2cbv   5.48  6.687067
86   2j78   6.42  6.766433
87   2j7h   7.19  6.324567
88   2cet   8.02  6.746333
89   3udh   2.85  7.082667
90   3rsx   4.41  6.814167
91   4djv   6.72  6.888533
92   2vkm   8.74  6.798000
93   4gid  10.77  6.857400
94   4jfs   5.27  6.688900
95   4j28   5.70  6.695333
96   2wvt   6.12  6.652600
97   2xii   7.20  6.328400
98   4pcs   7.85  6.597533
99   3rr4   4.55  7.116233
100  1s38   5.15  7.029933
101  1r5y   6.46  7.059067
102  3gc5   7.26  6.968067
103  3ge7   8.70  6.693933
104  4dli   5.62  6.736167
105  2zb1   6.32  6.868133
106  4f9w   6.94  6.879467
107  3e92   8.00  6.850733
108  3e93   8.85  6.661067
109  4owm   2.96  6.640367
110  3twp   3.92  6.693200
111  3r88   4.82  6.408100
112  4gkm   5.17  6.551933
113  3qqs   5.82  6.562667
114  3gv9   2.12  6.642867
115  3gr2   2.52  6.888433
116  4kz6   3.10  6.594733
117  4jxs   4.74  6.772033
118  2r9w   5.10  6.997100
119  2hb1   3.80  6.695467
120  1bzc   4.92  6.511133
121  2qbr   6.33  6.651900
122  2qbq   7.44  6.569967
123  2qbp   8.40  6.632567
124  1q8t   4.76  6.735800
125  1ydr   5.52  6.990200
126  1q8u   5.96  6.971067
127  1ydt   7.32  6.834100
128  3ag9   8.05  6.507100
129  3fcq   2.77  6.670767
130  1z9g   5.64  6.362133
131  1qf1   7.32  6.369367
132  5tmn   8.04  6.350367
133  4tmn  10.17  6.414367
134  4ddk   2.29  6.654567
135  4ddh   3.32  6.518900
136  3ivg   4.30  6.590200
137  3coz   5.57  6.688300
138  3coy   6.02  6.673000
139  3pxf   4.43  6.884633
140  4eor   6.30  6.696267
141  2xnb   6.83  6.915833
142  1pxn   7.15  6.908733
143  2fvd   8.52  6.601267
144  4k77   6.63  6.856833
145  4e5w   7.66  7.001233
146  4ivb   8.72  6.738667
147  4ivd   9.52  6.722633
148  4ivc  10.00  6.784767
149  4f09   6.70  7.291667
150  4gfm   7.22  6.858300
151  4hge   7.92  6.609200
152  4e6q   8.36  7.020500
153  4jia   9.22  6.536000
154  2brb   4.86  6.836467
155  2br1   5.14  6.840233
156  3jvr   5.72  6.922300
157  3jvs   6.54  6.913400
158  1nvq   8.25  6.855900
159  3acw   4.76  7.054133
160  4ea2   6.44  6.452133
161  2zcr   6.87  6.972900
162  2zy1   7.40  6.776867
163  2zcq   8.82  6.915167
164  1bcu   3.28  6.914267
165  3bv9   5.36  6.443967
166  1oyt   7.24  6.659233
167  2zda   8.40  6.651833
168  3utu  10.92  6.764367
169  3u9q   4.38  6.573567
170  2yfe   6.63  6.780733
171  3fur   8.00  7.040667
172  3b1m   8.48  6.985300
173  2p4y   9.00  6.885633
174  3uo4   6.52  6.597067
175  3up2   7.40  6.558867
176  3e5a   8.23  6.762167
177  2wtv   8.74  6.728700
178  3myg  10.70  6.649833
179  3kgp   2.57  6.807600
180  1c5z   4.01  6.789433
181  1o5b   5.77  6.786600
182  1owh   7.40  6.710633
183  1sqa   9.21  6.702633
184  4jsz   2.30  6.465533
185  3kwa   4.08  6.576400
186  2weg   6.50  6.785733
187  3ryj   7.80  6.634133
188  3dd0   9.00  6.824700
189  2xdl   3.10  7.014167
190  3b27   5.16  6.648033
191  1yc1   6.17  6.397633
192  3rlr   7.52  6.778667
193  2yki   9.46  6.714233
194  1z95   7.12  6.720933
195  3b68   8.40  6.629733
196  3b5r   8.77  6.746033
197  3b65   9.27  6.647333
198  3g0w   9.52  6.776467
199  4u4s   2.92  7.142067
200  1p1q   4.89  6.223800
201  1syi   5.44  6.270167
202  1p1n   6.80  6.471000
203  2al5   8.40  6.297567
204  3g2z   2.36  6.954933
205  3g31   2.89  6.716733
206  4de2   4.12  6.548967
207  4de3   5.52  6.378967
208  4de1   5.96  6.382800
209  1vso   4.72  6.347600
210  4dld   5.82  6.492100
211  3gbb   6.90  6.488733
212  3fv2   8.11  6.455400
213  3fv1   9.30  6.372000
214  4mgd   4.69  6.741867
215  2qe4   7.96  6.703133
216  1qkt   9.04  6.731000
217  2pog   9.54  6.705200
218  2p15  10.30  6.717667
219  2y5h   5.79  6.758267
220  1lpg   7.09  6.615833
221  2xbv   8.43  6.805267
222  1z6e   9.72  6.744933
223  1mq6  11.15  6.651533
224  1nc3   5.00  6.452633
225  1nc1   6.12  6.752967
226  1y6r  10.11  6.953200
227  4f2w  11.30  6.905833
228  4f3c  11.82  6.736633
229  1uto   2.27  7.103067
230  4abg   3.57  7.037267
231  3gy4   5.10  6.771033
232  1k1i   6.58  6.522033
233  1o3f   7.96  6.836833
234  2yge   5.06  6.365200
235  2fxs   6.06  6.899967
236  2iwx   6.68  6.693233
237  2wer   7.05  6.693233
238  2vw5   8.52  6.490333
239  4kzq   6.10  6.919467
240  4kzu   6.50  6.992500
241  4j21   7.41  6.605567
242  4j3l   7.80  6.609167
243  3kr8   8.10  6.772333
244  2ymd   3.16  6.773100
245  2wnc   6.32  6.864333
246  2xys   7.42  6.776333
247  2wn9   8.52  6.957000
248  2x00  11.33  6.841600
249  3ozt   4.13  6.664400
250  3ozs   5.33  6.570567
251  3oe5   6.88  6.533833
252  3oe4   7.47  6.646700
253  3nw9   9.00  6.592567
254  3ao4   2.07  6.920733
255  3zt2   2.84  6.752300
256  3zsx   3.28  6.623033
257  4cig   3.67  6.681433
258  3zso   5.12  6.629433
259  3n7a   3.70  6.239333
260  4ciw   4.82  6.247667
261  3n86   5.64  6.395433
262  3n76   6.85  6.390467
263  2xb8   7.59  6.426933
264  4bkt   3.62  6.827867
265  4w9c   4.65  6.622033
266  4w9l   5.02  6.636467
267  4w9i   5.96  6.635000
268  4w9h   6.73  6.684033
269  3nq9   4.03  6.718533
270  3ueu   5.24  6.833867
271  3uev   5.89  6.701600
272  3uew   6.31  6.728600
273  3uex   6.92  6.660367
274  3lka   2.82  6.778600
275  3ehy   5.85  6.621233
276  3tsk   7.17  6.640133
277  3nx7   8.10  6.474700
278  4gr0   9.55  6.587333
279  3dxg   2.40  6.564133
280  3d6q   3.76  6.741567
281  1w4o   5.22  6.467300
282  1o0h   5.92  6.806267
283  1u1b   7.80  6.619567

Summary of the scoring power: ===================================
The regression equation: logKa = 0.01 + 6.43 * Score
Number of favorable sample (N) = 283
Pearson correlation coefficient (R) = 0.001
Standard deviation in fitting (SD) = 2.17
=================================================================

Template command for running the bootstrap in R program==========

rm(list=ls());
require(boot);
data_all<-read.table("X-Score_processed_score",header=TRUE);
aa<-c(1:nrow(data_all));

mycore<-function(x,indices)
{
data_1<-matrix(NA,283,2);
for(i in 1:283);
    {
        data_1[i,1]=data_all[x[indices][i],2];
        data_1[i,2]=data_all[x[indices][i],3];
    }
        data_2<-data.frame(data_1);
        names(data_2)<-c("a","b");
        cor(data_2$a,data_2$b);
};

data.boot<-boot(aa,mycore,R=10000,stype="i",sim="ordinary");
sink("X-Score-ci.results");
a<-boot.ci(data.boot,conf=0.9,type=c("bca"));
print(a);
sink();

=================================================================
