     code  logKa     score
1    4llx   2.89  6.587300
2    5c28   5.66  6.760333
3    3uuo   7.96  6.812133
4    3ui7   9.00  6.932267
5    5c2h  11.09  6.867800
6    2v00   3.66  6.485000
7    3wz8   5.82  6.434600
8    3pww   7.32  6.422633
9    3prs   7.82  6.348567
10   3uri   9.00  6.274100
11   4m0z   5.19  6.466267
12   4m0y   6.46  6.466067
13   3qgy   7.80  6.578100
14   4qd6   8.64  6.508300
15   4rfm  10.05  6.456433
16   4cr9   4.10  6.452033
17   4cra   7.22  6.348333
18   4x6p   8.30  6.353500
19   4crc   8.72  6.475833
20   4ty7   9.52  6.315400
21   5aba   2.98  6.662767
22   5a7b   3.57  6.553900
23   4agn   3.97  6.569967
24   4agp   4.69  6.802300
25   4agq   5.01  6.649667
26   3bgz   6.26  6.346567
27   3jya   6.89  6.703433
28   2c3i   7.60  6.788200
29   4k18   8.96  6.712500
30   5dwr  11.22  6.445100
31   3mss   4.66  6.688800
32   3k5v   6.30  6.799333
33   3pyy   6.86  6.639967
34   2v7a   8.30  6.371400
35   4twp  10.00  6.400633
36   3wtj   6.53  6.494533
37   3zdg   7.10  6.666533
38   3u8k   8.66  6.543600
39   4qac   9.40  6.668100
40   3u8n  10.17  6.503000
41   1a30   4.30  5.812233
42   2qnq   6.11  6.444900
43   1g2k   7.96  6.247833
44   1eby   9.70  6.397533
45   3o9i  11.82  6.308667
46   4lzs   4.80  6.526533
47   3u5j   5.61  6.904067
48   4wiv   6.26  6.593267
49   4ogj   6.79  6.342100
50   3p5o   7.30  6.664067
51   1ps3   2.28  6.187033
52   3dx1   3.58  6.208133
53   3d4z   4.89  6.184433
54   3dx2   6.82  6.305700
55   3ejr   8.57  6.283167
56   3l7b   2.40  6.152767
57   4eky   3.52  6.081100
58   3g2n   4.09  6.412067
59   3syr   5.10  6.158567
60   3ebp   5.91  6.779500
61   2w66   4.05  6.240000
62   2w4x   4.85  6.256600
63   2wca   5.60  6.192233
64   2xj7   6.66  6.226967
65   2vvn   7.30  5.963500
66   3aru   3.22  6.954167
67   3arv   5.64  7.141967
68   3ary   6.00  6.884233
69   3arq   6.40  6.502333
70   3arp   7.15  6.844500
71   4ih5   4.11  6.400400
72   4ih7   5.24  6.845267
73   3cj4   6.51  6.366767
74   4eo8   8.15  6.599333
75   3gnw   9.10  6.520200
76   1gpk   5.37  6.198200
77   1h23   8.35  5.835300
78   1h22   9.10  5.832933
79   3f3a   4.19  6.262167
80   3f3c   6.02  6.378133
81   4mme   6.50  6.188100
82   3f3d   7.16  6.224867
83   3f3e   7.70  6.240133
84   2wbg   4.45  5.965867
85   2cbv   5.48  6.001400
86   2j78   6.42  6.153667
87   2j7h   7.19  6.371933
88   2cet   8.02  6.467167
89   3udh   2.85  6.608167
90   3rsx   4.41  6.736533
91   4djv   6.72  6.495067
92   2vkm   8.74  6.480067
93   4gid  10.77  6.392533
94   4jfs   5.27  6.149367
95   4j28   5.70  6.335300
96   2wvt   6.12  6.451667
97   2xii   7.20  6.101600
98   4pcs   7.85  6.104433
99   3rr4   4.55  6.561667
100  1s38   5.15  6.430533
101  1r5y   6.46  6.516733
102  3gc5   7.26  6.602867
103  3ge7   8.70  6.417933
104  4dli   5.62  6.561100
105  2zb1   6.32  6.683367
106  4f9w   6.94  6.811100
107  3e92   8.00  6.504533
108  3e93   8.85  6.500000
109  4owm   2.96  6.430300
110  3twp   3.92  6.367667
111  3r88   4.82  6.162367
112  4gkm   5.17  6.375533
113  3qqs   5.82  6.333767
114  3gv9   2.12  6.213400
115  3gr2   2.52  6.614933
116  4kz6   3.10  6.376500
117  4jxs   4.74  6.290567
118  2r9w   5.10  6.528400
119  2hb1   3.80  6.340933
120  1bzc   4.92  6.179167
121  2qbr   6.33  6.306500
122  2qbq   7.44  6.285200
123  2qbp   8.40  6.279333
124  1q8t   4.76  6.309600
125  1ydr   5.52  6.500000
126  1q8u   5.96  6.530900
127  1ydt   7.32  6.477833
128  3ag9   8.05  6.174900
129  3fcq   2.77  6.523200
130  1z9g   5.64  6.283167
131  1qf1   7.32  6.213167
132  5tmn   8.04  6.169933
133  4tmn  10.17  6.132833
134  4ddk   2.29  6.511800
135  4ddh   3.32  6.437367
136  3ivg   4.30  6.326200
137  3coz   5.57  6.335867
138  3coy   6.02  6.339900
139  3pxf   4.43  6.812000
140  4eor   6.30  6.366900
141  2xnb   6.83  6.525933
142  1pxn   7.15  6.473500
143  2fvd   8.52  6.323833
144  4k77   6.63  6.553200
145  4e5w   7.66  6.599833
146  4ivb   8.72  6.423333
147  4ivd   9.52  6.424100
148  4ivc  10.00  6.441200
149  4f09   6.70  6.717233
150  4gfm   7.22  6.747100
151  4hge   7.92  6.529533
152  4e6q   8.36  6.636433
153  4jia   9.22  6.283933
154  2brb   4.86  6.700433
155  2br1   5.14  6.771400
156  3jvr   5.72  6.604933
157  3jvs   6.54  6.563200
158  1nvq   8.25  6.392167
159  3acw   4.76  6.915133
160  4ea2   6.44  6.275433
161  2zcr   6.87  6.797867
162  2zy1   7.40  6.468233
163  2zcq   8.82  6.768933
164  1bcu   3.28  6.498133
165  3bv9   5.36  6.178633
166  1oyt   7.24  6.337733
167  2zda   8.40  6.375867
168  3utu  10.92  6.468533
169  3u9q   4.38  6.443700
170  2yfe   6.63  6.652633
171  3fur   8.00  6.763433
172  3b1m   8.48  6.787733
173  2p4y   9.00  6.781000
174  3uo4   6.52  6.379767
175  3up2   7.40  6.292600
176  3e5a   8.23  6.336933
177  2wtv   8.74  6.428667
178  3myg  10.70  6.359200
179  3kgp   2.57  6.409567
180  1c5z   4.01  6.405667
181  1o5b   5.77  6.432467
182  1owh   7.40  6.410733
183  1sqa   9.21  6.443433
184  4jsz   2.30  6.501333
185  3kwa   4.08  6.271367
186  2weg   6.50  6.479433
187  3ryj   7.80  6.322633
188  3dd0   9.00  6.594433
189  2xdl   3.10  6.688733
190  3b27   5.16  6.429567
191  1yc1   6.17  6.132100
192  3rlr   7.52  6.438400
193  2yki   9.46  6.535733
194  1z95   7.12  6.532667
195  3b68   8.40  6.521600
196  3b5r   8.77  6.424000
197  3b65   9.27  6.527367
198  3g0w   9.52  6.596067
199  4u4s   2.92  6.802567
200  1p1q   4.89  5.855267
201  1syi   5.44  5.843400
202  1p1n   6.80  5.854467
203  2al5   8.40  5.859500
204  3g2z   2.36  6.656333
205  3g31   2.89  6.577133
206  4de2   4.12  6.318833
207  4de3   5.52  6.216600
208  4de1   5.96  6.188367
209  1vso   4.72  6.070867
210  4dld   5.82  5.994300
211  3gbb   6.90  5.941867
212  3fv2   8.11  5.836867
213  3fv1   9.30  5.809000
214  4mgd   4.69  6.449667
215  2qe4   7.96  6.429333
216  1qkt   9.04  6.398233
217  2pog   9.54  6.404033
218  2p15  10.30  6.425233
219  2y5h   5.79  6.700867
220  1lpg   7.09  6.383000
221  2xbv   8.43  6.584900
222  1z6e   9.72  6.492300
223  1mq6  11.15  6.248333
224  1nc3   5.00  6.389400
225  1nc1   6.12  6.378800
226  1y6r  10.11  6.498667
227  4f2w  11.30  6.465967
228  4f3c  11.82  6.394867
229  1uto   2.27  6.561100
230  4abg   3.57  6.548133
231  3gy4   5.10  6.382067
232  1k1i   6.58  6.131967
233  1o3f   7.96  6.474100
234  2yge   5.06  6.143900
235  2fxs   6.06  6.494167
236  2iwx   6.68  6.422567
237  2wer   7.05  6.456400
238  2vw5   8.52  6.231900
239  4kzq   6.10  6.874033
240  4kzu   6.50  6.888033
241  4j21   7.41  6.525833
242  4j3l   7.80  6.603233
243  3kr8   8.10  6.540500
244  2ymd   3.16  6.393833
245  2wnc   6.32  6.820167
246  2xys   7.42  6.682467
247  2wn9   8.52  6.763300
248  2x00  11.33  6.712400
249  3ozt   4.13  6.345967
250  3ozs   5.33  6.497633
251  3oe5   6.88  6.401800
252  3oe4   7.47  6.572533
253  3nw9   9.00  6.437700
254  3ao4   2.07  6.601033
255  3zt2   2.84  6.631733
256  3zsx   3.28  6.311633
257  4cig   3.67  6.322967
258  3zso   5.12  6.325500
259  3n7a   3.70  5.982267
260  4ciw   4.82  5.992600
261  3n86   5.64  6.103933
262  3n76   6.85  6.094800
263  2xb8   7.59  6.120533
264  4bkt   3.62  6.721033
265  4w9c   4.65  6.518067
266  4w9l   5.02  6.360967
267  4w9i   5.96  6.460300
268  4w9h   6.73  6.367700
269  3nq9   4.03  6.574833
270  3ueu   5.24  6.662000
271  3uev   5.89  6.578567
272  3uew   6.31  6.568767
273  3uex   6.92  6.502567
274  3lka   2.82  6.562200
275  3ehy   5.85  6.495800
276  3tsk   7.17  6.381400
277  3nx7   8.10  6.184267
278  4gr0   9.55  6.357567
279  3dxg   2.40  6.288233
280  3d6q   3.76  6.341933
281  1w4o   5.22  6.197267
282  1o0h   5.92  6.405233
283  1u1b   7.80  6.304467

Summary of the scoring power: ===================================
The regression equation: logKa = -0.05 + 6.77 * Score
Number of favorable sample (N) = 283
Pearson correlation coefficient (R) = -0.005
Standard deviation in fitting (SD) = 2.17
=================================================================

Template command for running the bootstrap in R program==========

rm(list=ls());
require(boot);
data_all<-read.table("X-Score_processed_score",header=TRUE);
aa<-c(1:nrow(data_all));

mycore<-function(x,indices)
{
data_1<-matrix(NA,283,2);
for(i in 1:283);
    {
        data_1[i,1]=data_all[x[indices][i],2];
        data_1[i,2]=data_all[x[indices][i],3];
    }
        data_2<-data.frame(data_1);
        names(data_2)<-c("a","b");
        cor(data_2$a,data_2$b);
};

data.boot<-boot(aa,mycore,R=10000,stype="i",sim="ordinary");
sink("X-Score-ci.results");
a<-boot.ci(data.boot,conf=0.9,type=c("bca"));
print(a);
sink();

=================================================================
