     code  logKa   score
1    4llx   2.89  7.5887
2    5c28   5.66  7.6047
3    3uuo   7.96  7.7188
4    3ui7   9.00  7.5335
5    5c2h  11.09  7.3888
6    2v00   3.66  7.4677
7    3wz8   5.82  7.3366
8    3pww   7.32  7.3176
9    3prs   7.82  7.3891
10   3uri   9.00  7.1459
11   4m0z   5.19  7.7642
12   4m0y   6.46  7.7305
13   3qgy   7.80  7.6669
14   4qd6   8.64  7.5592
15   4rfm  10.05  7.3908
16   4cr9   4.10  7.7097
17   4cra   7.22  7.3554
18   4x6p   8.30  7.7669
19   4crc   8.72  7.3614
20   4ty7   9.52  7.4812
21   5aba   2.98  7.4805
22   5a7b   3.57  7.2112
23   4agn   3.97  7.4132
24   4agp   4.69  7.2112
25   4agq   5.01  7.4615
26   3bgz   6.26  7.3812
27   3jya   6.89  7.4436
28   2c3i   7.60  7.1900
29   4k18   8.96  7.1725
30   5dwr  11.22  6.8861
31   3mss   4.66  7.3059
32   3k5v   6.30  7.3524
33   3pyy   6.86  7.6630
34   2v7a   8.30  7.2122
35   4twp  10.00  7.2526
36   3wtj   6.53  7.4329
37   3zdg   7.10  7.3458
38   3u8k   8.66  7.4448
39   4qac   9.40  7.7360
40   3u8n  10.17  7.4152
41   1a30   4.30  7.1695
42   2qnq   6.11  7.1111
43   1g2k   7.96  7.4319
44   1eby   9.70  7.5971
45   3o9i  11.82  7.3050
46   4lzs   4.80  7.6133
47   3u5j   5.61  7.7012
48   4wiv   6.26  7.2126
49   4ogj   6.79  7.5809
50   3p5o   7.30  7.2768
51   1ps3   2.28  6.7169
52   3dx1   3.58  6.5828
53   3d4z   4.89  6.8832
54   3dx2   6.82  6.7849
55   3ejr   8.57  7.8478
56   3l7b   2.40  6.6243
57   4eky   3.52  7.5901
58   3g2n   4.09  6.6977
59   3syr   5.10  6.6972
60   3ebp   5.91  7.8256
61   2w66   4.05  6.6371
62   2w4x   4.85  6.8710
63   2wca   5.60  7.5275
64   2xj7   6.66  6.7976
65   2vvn   7.30  6.6330
66   3aru   3.22  7.3904
67   3arv   5.64  7.6434
68   3ary   6.00  7.6366
69   3arq   6.40  6.7362
70   3arp   7.15  7.3798
71   4ih5   4.11  7.3164
72   4ih7   5.24  7.7562
73   3cj4   6.51  7.2912
74   4eo8   8.15  7.2163
75   3gnw   9.10  7.5262
76   1gpk   5.37  7.5096
77   1gpn   6.48  7.7608
78   1h23   8.35  7.1698
79   1h22   9.10  7.1070
80   1e66   9.89  7.7222
81   3f3a   4.19  7.2654
82   3f3c   6.02  7.1840
83   4mme   6.50  7.8111
84   3f3d   7.16  6.9506
85   3f3e   7.70  7.2070
86   2wbg   4.45  7.5345
87   2cbv   5.48  6.5827
88   2j78   6.42  6.6131
89   2j7h   7.19  6.6433
90   2cet   8.02  6.8437
91   3udh   2.85  7.4095
92   3rsx   4.41  7.7206
93   4djv   6.72  7.3411
94   2vkm   8.74  7.1748
95   4gid  10.77  7.1597
96   4jfs   5.27  7.6812
97   4j28   5.70  7.7011
98   2wvt   6.12  6.6603
99   2xii   7.20  7.5766
100  4pcs   7.85  7.5335
101  3rr4   4.55  7.9181
102  1s38   5.15  7.5894
103  1r5y   6.46  7.3461
104  3gc5   7.26  7.6376
105  3ge7   8.70  7.3247
106  4dli   5.62  7.7690
107  2zb1   6.32  7.2410
108  4f9w   6.94  7.4123
109  3e92   8.00  7.2322
110  3e93   8.85  7.2615
111  4owm   2.96  7.4529
112  3twp   3.92  7.3443
113  3r88   4.82  7.4470
114  4gkm   5.17  7.2020
115  3qqs   5.82  7.1258
116  3gv9   2.12  7.5504
117  3gr2   2.52  7.3728
118  4kz6   3.10  7.4015
119  4jxs   4.74  7.0177
120  2r9w   5.10  7.0220
121  2hb1   3.80  7.2280
122  1bzc   4.92  7.4259
123  2qbr   6.33  7.2213
124  2qbq   7.44  7.2043
125  2qbp   8.40  7.2299
126  1q8t   4.76  7.4015
127  1ydr   5.52  7.3862
128  1q8u   5.96  7.4002
129  1ydt   7.32  6.9807
130  3ag9   8.05  7.2131
131  3fcq   2.77  7.5511
132  1z9g   5.64  7.3132
133  1qf1   7.32  7.3245
134  5tmn   8.04  7.4216
135  4tmn  10.17  7.3693
136  4ddk   2.29  7.6674
137  4ddh   3.32  7.5260
138  3ivg   4.30  7.3128
139  3coz   5.57  6.9137
140  3coy   6.02  6.8438
141  3pxf   4.43  7.4787
142  4eor   6.30  7.6053
143  2xnb   6.83  7.6704
144  1pxn   7.15  7.5568
145  2fvd   8.52  7.5805
146  4k77   6.63  7.5645
147  4e5w   7.66  7.4902
148  4ivb   8.72  7.5371
149  4ivd   9.52  7.4040
150  4ivc  10.00  7.3643
151  4f09   6.70  7.6075
152  4gfm   7.22  7.6418
153  4hge   7.92  7.7161
154  4e6q   8.36  7.5496
155  4jia   9.22  7.7266
156  2brb   4.86  7.3402
157  2br1   5.14  7.2602
158  3jvr   5.72  7.5001
159  3jvs   6.54  7.5496
160  1nvq   8.25  7.1938
161  3acw   4.76  7.4641
162  4ea2   6.44  6.9526
163  2zcr   6.87  7.4461
164  2zy1   7.40  7.3405
165  2zcq   8.82  7.2618
166  1bcu   3.28  7.7636
167  3bv9   5.36  7.0252
168  1oyt   7.24  7.3151
169  2zda   8.40  7.2042
170  3utu  10.92  7.3491
171  3u9q   4.38  7.2359
172  2yfe   6.63  7.2004
173  3fur   8.00  7.3846
174  3b1m   8.48  7.3817
175  2p4y   9.00  7.2591
176  3uo4   6.52  7.4163
177  3up2   7.40  7.4164
178  3e5a   8.23  7.5516
179  2wtv   8.74  7.6076
180  3myg  10.70  7.6135
181  3kgp   2.57  7.3649
182  1c5z   4.01  8.3066
183  1o5b   5.77  7.6096
184  1owh   7.40  7.2325
185  1sqa   9.21  7.5702
186  4jsz   2.30  7.8431
187  3kwa   4.08  7.2932
188  2weg   6.50  7.8665
189  3ryj   7.80  7.4134
190  3dd0   9.00  8.0265
191  2xdl   3.10  7.4319
192  3b27   5.16  7.7085
193  1yc1   6.17  7.4203
194  3rlr   7.52  7.4358
195  2yki   9.46  7.7489
196  1z95   7.12  7.6659
197  3b68   8.40  7.6101
198  3b5r   8.77  7.6432
199  3b65   9.27  7.6782
200  3g0w   9.52  7.5971
201  4u4s   2.92  7.7313
202  1p1q   4.89  7.4391
203  1syi   5.44  7.2821
204  1p1n   6.80  7.0434
205  2al5   8.40  7.3287
206  3g2z   2.36  7.7450
207  3g31   2.89  7.1739
208  4de2   4.12  7.1303
209  4de3   5.52  7.4989
210  4de1   5.96  7.5538
211  1vso   4.72  7.1109
212  4dld   5.82  7.1111
213  3gbb   6.90  7.1794
214  3fv2   8.11  7.2235
215  3fv1   9.30  7.1356
216  4mgd   4.69  7.5727
217  2qe4   7.96  7.7164
218  1qkt   9.04  7.6459
219  2pog   9.54  7.7204
220  2p15  10.30  7.5784
221  2y5h   5.79  7.3440
222  1lpg   7.09  7.4429
223  2xbv   8.43  7.3811
224  1z6e   9.72  7.6821
225  1mq6  11.15  7.4025
226  1nc3   5.00  6.5320
227  1nc1   6.12  7.4270
228  1y6r  10.11  6.6943
229  4f2w  11.30  7.2405
230  4f3c  11.82  6.9929
231  1uto   2.27  7.4153
232  4abg   3.57  7.3955
233  3gy4   5.10  7.7155
234  1k1i   6.58  7.3110
235  1o3f   7.96  7.6315
236  2yge   5.06  7.5664
237  2fxs   6.06  7.5811
238  2iwx   6.68  7.7103
239  2wer   7.05  7.7615
240  2vw5   8.52  7.6463
241  4kzq   6.10  7.6488
242  4kzu   6.50  7.7466
243  4j21   7.41  7.6366
244  4j3l   7.80  7.3203
245  3kr8   8.10  7.6987
246  2ymd   3.16  7.2746
247  2wnc   6.32  7.3716
248  2xys   7.42  7.5407
249  2wn9   8.52  7.6823
250  2x00  11.33  7.5837
251  3ozt   4.13  6.9097
252  3ozs   5.33  7.5504
253  3oe5   6.88  7.5722
254  3oe4   7.47  6.8598
255  3nw9   9.00  7.5100
256  3ao4   2.07  7.7485
257  3zt2   2.84  7.5580
258  3zsx   3.28  7.2604
259  4cig   3.67  7.1230
260  3zso   5.12  7.3704
261  3n7a   3.70  7.6026
262  4ciw   4.82  6.7469
263  3n86   5.64  7.4158
264  3n76   6.85  7.4908
265  2xb8   7.59  7.5251
266  4bkt   3.62  6.9863
267  4w9c   4.65  7.5907
268  4w9l   5.02  7.6202
269  4w9i   5.96  7.5405
270  4w9h   6.73  7.5527
271  3nq9   4.03  7.1504
272  3ueu   5.24  7.1139
273  3uev   5.89  7.1867
274  3uew   6.31  7.2014
275  3uex   6.92  7.1706
276  3lka   2.82  7.8188
277  3ehy   5.85  7.2275
278  3tsk   7.17  7.3951
279  3nx7   8.10  6.7891
280  4gr0   9.55  7.3076
281  3dxg   2.40  6.5535
282  3d6q   3.76  6.8416
283  1w4o   5.22  6.7448
284  1o0h   5.92  6.9556
285  1u1b   7.80  6.8365

Summary of the scoring power: ===================================
The regression equation: logKa = 0.46 + 3.08 * Score
Number of favorable sample (N) = 285
Pearson correlation coefficient (R) = 0.064
Confidence interval of 90% Pearson R = [-0.034 ~ 0.161] 
Standard deviation in fitting (SD) = 2.17
=================================================================

Template command for running the bootstrap in R program==========

rm(list=ls());
require(boot);
data_all<-read.table("GAP_processed_score",header=TRUE);
aa<-c(1:nrow(data_all));

mycore<-function(x,indices)
{
data_1<-matrix(NA,285,2);
for(i in 1:285);
    {
        data_1[i,1]=data_all[x[indices][i],2];
        data_1[i,2]=data_all[x[indices][i],3];
    }
        data_2<-data.frame(data_1);
        names(data_2)<-c("a","b");
        cor(data_2$a,data_2$b);
};

data.boot<-boot(aa,mycore,R=10000,stype="i",sim="ordinary");
sink("GAP-ci.results");
a<-boot.ci(data.boot,conf=0.9,type=c("bca"));
print(a);
sink();

=================================================================
