     code  logKa      score
1    4llx   2.89   4.678734
2    5c28   5.66   6.756359
3    3uuo   7.96  12.045420
4    3ui7   9.00  12.990554
5    5c2h  11.09  16.284539
6    2v00   3.66   7.879753
7    3wz8   5.82  19.757601
8    3pww   7.32  25.691746
9    3prs   7.82  21.645353
10   3uri   9.00  19.344968
11   4m0z   5.19   9.084522
12   4m0y   6.46  10.720711
13   3qgy   7.80  19.174061
14   4qd6   8.64  25.632306
15   4rfm  10.05  15.263152
16   4cr9   4.10   8.665034
17   4cra   7.22  22.480125
18   4x6p   8.30  22.109493
19   4crc   8.72  21.903574
20   4ty7   9.52  18.906172
21   5aba   2.98  17.215901
22   5a7b   3.57  25.910183
23   4agn   3.97  17.561454
24   4agp   4.69  23.992276
25   4agq   5.01  22.760190
26   3bgz   6.26  16.891104
27   3jya   6.89   8.493603
28   2c3i   7.60  15.113878
29   4k18   8.96  18.570742
30   5dwr  11.22  19.240779
31   3mss   4.66  14.724067
32   3k5v   6.30  17.517396
33   3pyy   6.86  14.624221
34   2v7a   8.30  18.179628
35   4twp  10.00  18.688991
36   3wtj   6.53   7.972091
37   3zdg   7.10   4.418571
38   3u8k   8.66   3.774239
39   4qac   9.40  15.749091
40   3u8n  10.17   4.112671
41   1a30   4.30   2.900385
42   2qnq   6.11  28.757206
43   1g2k   7.96  28.622430
44   1eby   9.70  24.862498
45   3o9i  11.82  22.622773
46   4lzs   4.80   5.432589
47   3u5j   5.61  12.853088
48   4wiv   6.26  19.904543
49   4ogj   6.79  22.530483
50   3p5o   7.30  15.125577
51   1ps3   2.28  -2.241308
52   3dx1   3.58  -2.548231
53   3d4z   4.89  -2.303613
54   3dx2   6.82  -0.116247
55   3ejr   8.57  10.989920
56   3l7b   2.40   8.081980
57   4eky   3.52   6.500529
58   3g2n   4.09   7.564887
59   3syr   5.10   4.654925
60   3ebp   5.91  17.301901
61   2w66   4.05   2.778767
62   2w4x   4.85   2.823123
63   2wca   5.60  12.570954
64   2xj7   6.66   4.694631
65   2vvn   7.30   2.454134
66   3aru   3.22   6.319136
67   3arv   5.64  17.248875
68   3ary   6.00   5.537917
69   3arq   6.40  13.523436
70   3arp   7.15  25.271248
71   4ih5   4.11  10.245194
72   4ih7   5.24  12.344880
73   3cj4   6.51  11.731732
74   4eo8   8.15   9.843186
75   3gnw   9.10  25.357033
76   1gpk   5.37   7.753266
77   1h23   8.35  20.855070
78   1h22   9.10  19.403385
79   3f3a   4.19   4.496042
80   3f3c   6.02   5.452912
81   4mme   6.50  12.911710
82   3f3d   7.16   2.373339
83   3f3e   7.70   1.555038
84   2wbg   4.45  10.473389
85   2cbv   5.48   1.564315
86   2j78   6.42   0.363196
87   2j7h   7.19  -0.612726
88   2cet   8.02   5.713743
89   3udh   2.85   6.187602
90   3rsx   4.41   9.223662
91   4djv   6.72  18.881424
92   2vkm   8.74  27.074890
93   4gid  10.77  25.562786
94   4jfs   5.27   7.922054
95   4j28   5.70   3.724789
96   2wvt   6.12  -0.430422
97   2xii   7.20  12.011698
98   4pcs   7.85   8.184694
99   3rr4   4.55   5.084073
100  1s38   5.15   6.822547
101  1r5y   6.46   3.809090
102  3gc5   7.26   4.466607
103  3ge7   8.70   9.442580
104  4dli   5.62  13.092902
105  2zb1   6.32  18.663887
106  4f9w   6.94  16.868960
107  3e92   8.00  17.805454
108  3e93   8.85  21.079775
109  4owm   2.96   6.930342
110  3twp   3.92   5.167350
111  3r88   4.82   5.071392
112  4gkm   5.17  11.087695
113  3qqs   5.82   9.646762
114  3gv9   2.12   1.911203
115  3gr2   2.52   6.566278
116  4kz6   3.10   7.383293
117  4jxs   4.74   8.152594
118  2r9w   5.10  16.565253
119  2hb1   3.80   1.086259
120  1bzc   4.92  15.427412
121  2qbr   6.33  12.115477
122  2qbq   7.44  12.266908
123  2qbp   8.40  16.157617
124  1q8t   4.76  10.935432
125  1ydr   5.52   9.491067
126  1q8u   5.96  12.127825
127  1ydt   7.32  16.758645
128  3ag9   8.05  22.547644
129  3fcq   2.77  10.134772
130  1z9g   5.64   7.461055
131  1qf1   7.32  11.638960
132  5tmn   8.04  16.445554
133  4tmn  10.17  20.148866
134  4ddk   2.29   6.925619
135  4ddh   3.32   7.301663
136  3ivg   4.30  12.353787
137  3coz   5.57   8.152941
138  3coy   6.02   7.546861
139  3pxf   4.43  14.460967
140  4eor   6.30  15.710517
141  2xnb   6.83  11.487155
142  1pxn   7.15   8.975018
143  2fvd   8.52  17.282730
144  4k77   6.63   9.768328
145  4e5w   7.66  11.870673
146  4ivb   8.72   9.488397
147  4ivd   9.52  11.782389
148  4ivc  10.00  10.663169
149  4f09   6.70   6.549133
150  4gfm   7.22  11.767324
151  4hge   7.92  12.339532
152  4e6q   8.36  13.184427
153  4jia   9.22  21.453164
154  2brb   4.86  17.460541
155  2br1   5.14  17.757440
156  3jvr   5.72  13.171629
157  3jvs   6.54  18.418113
158  1nvq   8.25  15.904512
159  3acw   4.76  17.924411
160  4ea2   6.44  20.623562
161  2zcr   6.87  20.120123
162  2zy1   7.40  13.381719
163  2zcq   8.82  16.219402
164  1bcu   3.28   8.909654
165  3bv9   5.36  17.426015
166  1oyt   7.24  16.838034
167  2zda   8.40  13.545336
168  3utu  10.92  20.831912
169  3u9q   4.38   5.619469
170  2yfe   6.63  17.362846
171  3fur   8.00  19.008973
172  3b1m   8.48  21.390832
173  2p4y   9.00  21.813266
174  3uo4   6.52  19.430786
175  3up2   7.40  16.624958
176  3e5a   8.23  18.955152
177  2wtv   8.74  22.303824
178  3myg  10.70  10.770658
179  3kgp   2.57   5.473551
180  1c5z   4.01   4.110500
181  1o5b   5.77   5.910035
182  1owh   7.40  14.399593
183  1sqa   9.21  14.137964
184  4jsz   2.30   7.830123
185  3kwa   4.08   8.395603
186  2weg   6.50   6.536260
187  3ryj   7.80  10.069799
188  3dd0   9.00   4.498946
189  2xdl   3.10   8.786430
190  3b27   5.16   9.306868
191  1yc1   6.17  12.269880
192  3rlr   7.52  13.937379
193  2yki   9.46  15.831552
194  1z95   7.12  17.173382
195  3b68   8.40  14.436414
196  3b5r   8.77  17.476851
197  3b65   9.27  13.127421
198  3g0w   9.52  16.567825
199  4u4s   2.92   4.760927
200  1p1q   4.89   1.386329
201  1syi   5.44   1.678269
202  1p1n   6.80   2.126301
203  2al5   8.40   2.146964
204  3g2z   2.36   5.002048
205  3g31   2.89   5.786065
206  4de2   4.12  14.694649
207  4de3   5.52  13.667374
208  4de1   5.96  11.558366
209  1vso   4.72   4.776233
210  4dld   5.82   4.957647
211  3gbb   6.90   2.523020
212  3fv2   8.11   0.160549
213  3fv1   9.30   0.794691
214  4mgd   4.69  11.758903
215  2qe4   7.96  13.862544
216  1qkt   9.04  13.747927
217  2pog   9.54  13.074075
218  2p15  10.30  25.052802
219  2y5h   5.79   8.761078
220  1lpg   7.09  21.697532
221  2xbv   8.43  19.902697
222  1z6e   9.72  15.628971
223  1mq6  11.15  16.930892
224  1nc3   5.00   0.105917
225  1nc1   6.12   6.052947
226  1y6r  10.11   3.857662
227  4f2w  11.30   6.507638
228  4f3c  11.82   9.170152
229  1uto   2.27   6.026322
230  4abg   3.57   8.668009
231  3gy4   5.10   2.361401
232  1k1i   6.58  17.929070
233  1o3f   7.96  15.038443
234  2yge   5.06  18.311114
235  2fxs   6.06  10.148637
236  2iwx   6.68  13.722140
237  2wer   7.05  14.540215
238  2vw5   8.52  23.000833
239  4kzq   6.10  13.597062
240  4kzu   6.50  14.670590
241  4j21   7.41  13.960512
242  4j3l   7.80  14.685676
243  3kr8   8.10  14.043642
244  2ymd   3.16   3.735431
245  2wnc   6.32  11.921591
246  2xys   7.42  14.071016
247  2wn9   8.52  10.338431
248  2x00  11.33  18.256743
249  3ozt   4.13   9.939462
250  3ozs   5.33   8.391157
251  3oe5   6.88   9.866111
252  3oe4   7.47   6.480457
253  3nw9   9.00  15.649897
254  3ao4   2.07   8.015287
255  3zt2   2.84  14.003804
256  3zsx   3.28  24.127351
257  4cig   3.67  26.048056
258  3zso   5.12  30.907214
259  3n7a   3.70   2.538613
260  4ciw   4.82   1.796483
261  3n86   5.64   7.312250
262  3n76   6.85   9.982357
263  2xb8   7.59   6.635544
264  4bkt   3.62   3.550916
265  4w9c   4.65   9.602069
266  4w9l   5.02  16.028308
267  4w9i   5.96  11.286272
268  4w9h   6.73  12.966510
269  3nq9   4.03   2.807733
270  3ueu   5.24   5.221970
271  3uev   5.89   6.791398
272  3uew   6.31   9.066296
273  3uex   6.92  10.418391
274  3lka   2.82   7.269862
275  3ehy   5.85   8.767932
276  3tsk   7.17  17.433043
277  3nx7   8.10   7.869982
278  4gr0   9.55  24.584226
279  3dxg   2.40   5.055864
280  3d6q   3.76   9.937789
281  1w4o   5.22   6.479441
282  1o0h   5.92   5.997074
283  1u1b   7.80  12.870679

Summary of the scoring power: ===================================
The regression equation: logKa = 0.13 + 4.90 * Score
Number of favorable sample (N) = 277
Pearson correlation coefficient (R) = 0.399
Standard deviation in fitting (SD) = 1.99
=================================================================

Template command for running the bootstrap in R program==========

rm(list=ls());
require(boot);
data_all<-read.table("X-Score_processed_score",header=TRUE);
aa<-c(1:nrow(data_all));

mycore<-function(x,indices)
{
data_1<-matrix(NA,277,2);
for(i in 1:277);
    {
        data_1[i,1]=data_all[x[indices][i],2];
        data_1[i,2]=data_all[x[indices][i],3];
    }
        data_2<-data.frame(data_1);
        names(data_2)<-c("a","b");
        cor(data_2$a,data_2$b);
};

data.boot<-boot(aa,mycore,R=10000,stype="i",sim="ordinary");
sink("X-Score-ci.results");
a<-boot.ci(data.boot,conf=0.9,type=c("bca"));
print(a);
sink();

=================================================================
