     code  logKa        score
1    4llx   2.89    26.923614
2    5c28   5.66    32.592046
3    3uuo   7.96    46.878804
4    3ui7   9.00    56.165769
5    5c2h  11.09    77.793133
6    2v00   3.66    44.874486
7    3wz8   5.82    72.871586
8    3pww   7.32    95.287587
9    3prs   7.82    99.053761
10   3uri   9.00    86.358630
11   4m0z   5.19    73.387913
12   4m0y   6.46    51.728991
13   3qgy   7.80    64.889755
14   4qd6   8.64    65.137761
15   4rfm  10.05    70.341305
16   4cr9   4.10    38.096864
17   4cra   7.22    76.414529
18   4x6p   8.30    88.140302
19   4crc   8.72    83.927963
20   4ty7   9.52    78.600909
21   5aba   2.98    40.510470
22   5a7b   3.57    67.089029
23   4agn   3.97    49.349197
24   4agp   4.69    60.232187
25   4agq   5.01    59.829441
26   3bgz   6.26    61.777310
27   3jya   6.89    39.886907
28   2c3i   7.60    59.495221
29   4k18   8.96    68.511730
30   5dwr  11.22    72.924686
31   3mss   4.66    44.335066
32   3k5v   6.30    55.604704
33   3pyy   6.86    61.954466
34   2v7a   8.30    68.446529
35   4twp  10.00    58.937437
36   3wtj   6.53    52.306998
37   3zdg   7.10    48.551958
38   3u8k   8.66    51.406421
39   4qac   9.40    71.136734
40   3u8n  10.17    55.099431
41   1a30   4.30    53.828006
42   2qnq   6.11    95.999614
43   1g2k   7.96   104.990807
44   1eby   9.70   106.027193
45   3o9i  11.82   100.854677
46   4lzs   4.80    37.620005
47   3u5j   5.61    50.064423
48   4wiv   6.26    54.915302
49   4ogj   6.79    60.479510
50   3p5o   7.30    59.546460
51   1ps3   2.28    44.214819
52   3dx1   3.58    37.619125
53   3d4z   4.89    41.844928
54   3dx2   6.82    50.350850
55   3ejr   8.57    64.664210
56   3l7b   2.40    46.039228
57   4eky   3.52    51.944093
58   3g2n   4.09    51.764327
59   3syr   5.10    49.817578
60   3ebp   5.91    52.019489
61   2w66   4.05    48.514164
62   2w4x   4.85    42.962161
63   2wca   5.60    55.966100
64   2xj7   6.66    48.618377
65   2vvn   7.30    54.207894
66   3aru   3.22    41.248774
67   3arv   5.64    50.544781
68   3ary   6.00    34.453382
69   3arq   6.40    44.761013
70   3arp   7.15    72.312584
71   4ih5   4.11    41.206125
72   4ih7   5.24    51.455705
73   3cj4   6.51    47.034208
74   4eo8   8.15    56.702369
75   3gnw   9.10    91.332952
76   1gpk   5.37    48.344233
77   1h23   8.35    84.846529
78   1h22   9.10    79.887441
79   3f3a   4.19    50.901880
80   3f3c   6.02    49.267470
81   4mme   6.50    56.403343
82   3f3d   7.16    47.587488
83   3f3e   7.70    43.514838
84   2wbg   4.45    62.284485
85   2cbv   5.48    40.508776
86   2j78   6.42    43.879702
87   2j7h   7.19    34.071286
88   2cet   8.02    58.559115
89   3udh   2.85    38.435038
90   3rsx   4.41    44.362921
91   4djv   6.72    72.390548
92   2vkm   8.74   117.510079
93   4gid  10.77   123.070151
94   4jfs   5.27    46.357389
95   4j28   5.70    44.565042
96   2wvt   6.12    41.987197
97   2xii   7.20    69.215468
98   4pcs   7.85    44.547078
99   3rr4   4.55    56.554944
100  1s38   5.15    48.574169
101  1r5y   6.46    48.370412
102  3gc5   7.26    63.276983
103  3ge7   8.70    79.038845
104  4dli   5.62    57.432817
105  2zb1   6.32    71.334447
106  4f9w   6.94    67.464158
107  3e92   8.00    79.409541
108  3e93   8.85    92.480348
109  4owm   2.96    28.048956
110  3twp   3.92    27.643029
111  3r88   4.82    37.111481
112  4gkm   5.17    52.236366
113  3qqs   5.82    48.758585
114  3gv9   2.12    29.164903
115  3gr2   2.52    28.905034
116  4kz6   3.10    37.287901
117  4jxs   4.74    50.602976
118  2r9w   5.10    54.934606
119  2hb1   3.80    38.842319
120  1bzc   4.92    62.932966
121  2qbr   6.33    61.003921
122  2qbq   7.44    63.579256
123  2qbp   8.40    75.974525
124  1q8t   4.76    43.690920
125  1ydr   5.52    54.082782
126  1q8u   5.96    57.569747
127  1ydt   7.32    70.356467
128  3ag9   8.05    84.609690
129  3fcq   2.77    37.861302
130  1z9g   5.64    42.612007
131  1qf1   7.32    71.577765
132  5tmn   8.04    65.750007
133  4tmn  10.17    78.464440
134  4ddk   2.29    36.469044
135  4ddh   3.32    43.221610
136  3ivg   4.30    72.407616
137  3coz   5.57    75.216651
138  3coy   6.02    81.938512
139  3pxf   4.43    45.174325
140  4eor   6.30    70.149129
141  2xnb   6.83    61.095035
142  1pxn   7.15    58.718813
143  2fvd   8.52    70.051618
144  4k77   6.63    45.508398
145  4e5w   7.66    69.310187
146  4ivb   8.72    56.685422
147  4ivd   9.52    64.531292
148  4ivc  10.00    63.902092
149  4f09   6.70    47.777644
150  4gfm   7.22    42.303439
151  4hge   7.92    58.041738
152  4e6q   8.36    61.636929
153  4jia   9.22    66.810841
154  2brb   4.86    57.999298
155  2br1   5.14    61.791210
156  3jvr   5.72    45.633528
157  3jvs   6.54    65.068317
158  1nvq   8.25    76.916701
159  3acw   4.76    61.281054
160  4ea2   6.44   -16.240865
161  2zcr   6.87    75.711966
162  2zy1   7.40    58.058721
163  2zcq   8.82    65.423429
164  1bcu   3.28    37.915804
165  3bv9   5.36    72.781717
166  1oyt   7.24    68.345475
167  2zda   8.40    71.083586
168  3utu  10.92    93.625889
169  3u9q   4.38    49.116172
170  2yfe   6.63    64.907921
171  3fur   8.00    77.196619
172  3b1m   8.48    84.365997
173  2p4y   9.00    89.427387
174  3uo4   6.52    65.549625
175  3up2   7.40    66.108453
176  3e5a   8.23 -3125.800813
177  2wtv   8.74    71.923141
178  3myg  10.70    66.548055
179  3kgp   2.57    32.910191
180  1c5z   4.01    36.433009
181  1o5b   5.77    42.513971
182  1owh   7.40    54.825956
183  1sqa   9.21    69.833648
184  4jsz   2.30    29.245872
185  3kwa   4.08    11.809493
186  2weg   6.50    36.664077
187  3ryj   7.80    43.055147
188  3dd0   9.00    44.769587
189  2xdl   3.10    45.478928
190  3b27   5.16    45.952379
191  1yc1   6.17    63.860458
192  3rlr   7.52    45.124902
193  2yki   9.46    86.437421
194  1z95   7.12    81.158747
195  3b68   8.40    88.051837
196  3b5r   8.77    77.540276
197  3b65   9.27    76.099022
198  3g0w   9.52    66.640334
199  4u4s   2.92    43.321466
200  1p1q   4.89    45.300270
201  1syi   5.44    56.233838
202  1p1n   6.80    44.087635
203  2al5   8.40    50.253564
204  3g2z   2.36    26.385183
205  3g31   2.89    24.393909
206  4de2   4.12    56.050562
207  4de3   5.52    44.726006
208  4de1   5.96    48.020198
209  1vso   4.72    49.291575
210  4dld   5.82    54.585112
211  3gbb   6.90    54.819423
212  3fv2   8.11    60.495864
213  3fv1   9.30    65.426760
214  4mgd   4.69    48.325118
215  2qe4   7.96    64.912447
216  1qkt   9.04    57.205820
217  2pog   9.54    59.883362
218  2p15  10.30    87.085528
219  2y5h   5.79    60.212397
220  1lpg   7.09    95.581530
221  2xbv   8.43    79.410980
222  1z6e   9.72    81.454462
223  1mq6  11.15    75.277251
224  1nc3   5.00    55.711508
225  1nc1   6.12    59.563886
226  1y6r  10.11    68.188666
227  4f2w  11.30    69.849403
228  4f3c  11.82    79.407723
229  1uto   2.27    30.734155
230  4abg   3.57    40.232338
231  3gy4   5.10    37.443517
232  1k1i   6.58    67.145175
233  1o3f   7.96    34.558545
234  2yge   5.06    65.717897
235  2fxs   6.06    47.477342
236  2iwx   6.68    49.550070
237  2wer   7.05    54.128260
238  2vw5   8.52    71.946076
239  4kzq   6.10    54.763684
240  4kzu   6.50    56.540117
241  4j21   7.41    54.333377
242  4j3l   7.80    61.127711
243  3kr8   8.10    62.494198
244  2ymd   3.16    46.616491
245  2wnc   6.32    55.710995
246  2xys   7.42    52.012946
247  2wn9   8.52    50.547635
248  2x00  11.33    73.004885
249  3ozt   4.13    81.558810
250  3ozs   5.33    77.733621
251  3oe5   6.88    86.651375
252  3oe4   7.47    85.871777
253  3nw9   9.00   100.502493
254  3ao4   2.07    50.797323
255  3zt2   2.84    54.327542
256  3zsx   3.28    64.560776
257  4cig   3.67    70.026812
258  3zso   5.12    80.235010
259  3n7a   3.70    41.204767
260  4ciw   4.82    47.498767
261  3n86   5.64    70.307106
262  3n76   6.85    37.796001
263  2xb8   7.59    65.459426
264  4bkt   3.62    39.041053
265  4w9c   4.65    54.747107
266  4w9l   5.02    75.731504
267  4w9i   5.96    62.451441
268  4w9h   6.73    69.201059
269  3nq9   4.03    31.864643
270  3ueu   5.24    48.128433
271  3uev   5.89    54.990581
272  3uew   6.31    57.523784
273  3uex   6.92    65.101270
274  3lka   2.82    25.877052
275  3ehy   5.85    44.050373
276  3tsk   7.17    78.201549
277  3nx7   8.10    49.569712
278  4gr0   9.55    92.680269
279  3dxg   2.40    30.080454
280  3d6q   3.76    32.858834
281  1w4o   5.22    38.466070
282  1o0h   5.92    48.503188
283  1u1b   7.80    68.920436

Summary of the scoring power: ===================================
The regression equation: logKa = 0.08 + 1.82 * Score
Number of favorable sample (N) = 281
Pearson correlation coefficient (R) = 0.642
Standard deviation in fitting (SD) = 1.67
=================================================================

Template command for running the bootstrap in R program==========

rm(list=ls());
require(boot);
data_all<-read.table("X-Score_processed_score",header=TRUE);
aa<-c(1:nrow(data_all));

mycore<-function(x,indices)
{
data_1<-matrix(NA,281,2);
for(i in 1:281);
    {
        data_1[i,1]=data_all[x[indices][i],2];
        data_1[i,2]=data_all[x[indices][i],3];
    }
        data_2<-data.frame(data_1);
        names(data_2)<-c("a","b");
        cor(data_2$a,data_2$b);
};

data.boot<-boot(aa,mycore,R=10000,stype="i",sim="ordinary");
sink("X-Score-ci.results");
a<-boot.ci(data.boot,conf=0.9,type=c("bca"));
print(a);
sink();

=================================================================
