     code  logKa        score
1    4llx   2.89    19.783378
2    5c28   5.66    22.146565
3    3uuo   7.96    37.326554
4    3ui7   9.00    46.171299
5    5c2h  11.09    76.344044
6    2v00   3.66    46.371264
7    3wz8   5.82    74.476363
8    3pww   7.32   102.383599
9    3prs   7.82   114.561876
10   3uri   9.00   106.646767
11   4m0z   5.19    72.193868
12   4m0y   6.46    60.235156
13   3qgy   7.80    61.099153
14   4qd6   8.64    60.705858
15   4rfm  10.05    75.097823
16   4cr9   4.10    43.582395
17   4cra   7.22    91.004587
18   4x6p   8.30   108.531606
19   4crc   8.72   103.265554
20   4ty7   9.52    92.247243
21   5aba   2.98    43.823445
22   5a7b   3.57    77.405475
23   4agn   3.97    56.814544
24   4agp   4.69    66.247954
25   4agq   5.01    68.910164
26   3bgz   6.26    28.590355
27   3jya   6.89    27.448560
28   2c3i   7.60    43.362080
29   4k18   8.96    57.439493
30   5dwr  11.22    51.987849
31   3mss   4.66    28.613798
32   3k5v   6.30    35.865940
33   3pyy   6.86    52.974681
34   2v7a   8.30    82.614229
35   4twp  10.00    52.890612
36   3wtj   6.53    50.023178
37   3zdg   7.10    53.256688
38   3u8k   8.66    60.795493
39   4qac   9.40    34.530179
40   3u8n  10.17    62.284917
41   1a30   4.30    56.276046
42   2qnq   6.11    94.304648
43   1g2k   7.96   111.030631
44   1eby   9.70   110.748225
45   3o9i  11.82   115.741628
46   4lzs   4.80    36.617327
47   3u5j   5.61    35.749782
48   4wiv   6.26    37.165264
49   4ogj   6.79    47.795274
50   3p5o   7.30    52.589411
51   1ps3   2.28    58.269216
52   3dx1   3.58    38.964512
53   3d4z   4.89    55.925486
54   3dx2   6.82    54.084152
55   3ejr   8.57    76.315261
56   3l7b   2.40    63.236316
57   4eky   3.52    74.181793
58   3g2n   4.09    67.006053
59   3syr   5.10    69.715944
60   3ebp   5.91    43.060735
61   2w66   4.05    73.210569
62   2w4x   4.85    54.967471
63   2wca   5.60    62.873482
64   2xj7   6.66    65.382875
65   2vvn   7.30    74.283866
66   3aru   3.22    47.595402
67   3arv   5.64    37.455264
68   3ary   6.00    38.092378
69   3arq   6.40    56.330113
70   3arp   7.15    58.854233
71   4ih5   4.11    35.505477
72   4ih7   5.24    47.272326
73   3cj4   6.51    35.985490
74   4eo8   8.15    42.290234
75   3gnw   9.10    99.295310
76   1gpk   5.37    55.349520
77   1h23   8.35    84.302939
78   1h22   9.10    84.546985
79   3f3a   4.19    50.360316
80   3f3c   6.02    41.806418
81   4mme   6.50    48.104652
82   3f3d   7.16    44.833298
83   3f3e   7.70    34.106281
84   2wbg   4.45    69.417578
85   2cbv   5.48    49.299707
86   2j78   6.42    57.186491
87   2j7h   7.19    44.952701
88   2cet   8.02    73.069818
89   3udh   2.85    35.836617
90   3rsx   4.41    43.328704
91   4djv   6.72    64.740268
92   2vkm   8.74   142.567784
93   4gid  10.77   153.162965
94   4jfs   5.27    45.072994
95   4j28   5.70    45.862553
96   2wvt   6.12    54.073504
97   2xii   7.20    81.516846
98   4pcs   7.85    37.479887
99   3rr4   4.55    72.039839
100  1s38   5.15    49.103772
101  1r5y   6.46    53.740987
102  3gc5   7.26    76.908877
103  3ge7   8.70    95.808389
104  4dli   5.62    50.137033
105  2zb1   6.32    62.531181
106  4f9w   6.94    55.147526
107  3e92   8.00    68.391139
108  3e93   8.85    93.814368
109  4owm   2.96    23.655343
110  3twp   3.92    22.700926
111  3r88   4.82    38.715805
112  4gkm   5.17    50.434355
113  3qqs   5.82    46.532167
114  3gv9   2.12    32.783458
115  3gr2   2.52    33.942989
116  4kz6   3.10    41.565549
117  4jxs   4.74    57.766229
118  2r9w   5.10    52.212704
119  2hb1   3.80    29.540553
120  1bzc   4.92    56.802121
121  2qbr   6.33    49.367691
122  2qbq   7.44    54.470514
123  2qbp   8.40    71.385111
124  1q8t   4.76    54.076272
125  1ydr   5.52    52.923024
126  1q8u   5.96    55.100100
127  1ydt   7.32    73.259310
128  3ag9   8.05   116.745820
129  3fcq   2.77    40.326015
130  1z9g   5.64    40.441501
131  1qf1   7.32    72.866388
132  5tmn   8.04    61.135597
133  4tmn  10.17    84.064104
134  4ddk   2.29    35.195807
135  4ddh   3.32    49.358253
136  3ivg   4.30    81.293011
137  3coz   5.57   101.560872
138  3coy   6.02   111.492033
139  3pxf   4.43    21.913116
140  4eor   6.30    74.571654
141  2xnb   6.83    71.862138
142  1pxn   7.15    70.530909
143  2fvd   8.52    70.618263
144  4k77   6.63    55.317531
145  4e5w   7.66    90.928148
146  4ivb   8.72    65.991388
147  4ivd   9.52    77.760545
148  4ivc  10.00    76.962932
149  4f09   6.70    55.023115
150  4gfm   7.22    46.856358
151  4hge   7.92    74.016168
152  4e6q   8.36    73.140802
153  4jia   9.22    58.391670
154  2brb   4.86    55.272393
155  2br1   5.14    62.639668
156  3jvr   5.72    36.544668
157  3jvs   6.54    69.131188
158  1nvq   8.25    79.911369
159  3acw   4.76    38.752776
160  4ea2   6.44   -45.446055
161  2zcr   6.87    53.186550
162  2zy1   7.40    45.705240
163  2zcq   8.82    56.403381
164  1bcu   3.28    43.061216
165  3bv9   5.36    81.696734
166  1oyt   7.24    67.757678
167  2zda   8.40    73.515673
168  3utu  10.92   101.192823
169  3u9q   4.38    30.832891
170  2yfe   6.63    48.746699
171  3fur   8.00    51.297853
172  3b1m   8.48    71.169922
173  2p4y   9.00    58.376763
174  3uo4   6.52    61.123436
175  3up2   7.40    55.060353
176  3e5a   8.23 -4085.539118
177  2wtv   8.74    58.859940
178  3myg  10.70    86.648258
179  3kgp   2.57    35.364707
180  1c5z   4.01    37.015651
181  1o5b   5.77    46.807148
182  1owh   7.40    61.370616
183  1sqa   9.21    82.389932
184  4jsz   2.30    42.371286
185  3kwa   4.08    21.455086
186  2weg   6.50    28.115393
187  3ryj   7.80    35.482347
188  3dd0   9.00    45.538537
189  2xdl   3.10    56.377845
190  3b27   5.16    37.715780
191  1yc1   6.17    74.424093
192  3rlr   7.52    34.027590
193  2yki   9.46    70.896134
194  1z95   7.12    54.305595
195  3b68   8.40    73.814785
196  3b5r   8.77    40.183481
197  3b65   9.27    51.774484
198  3g0w   9.52    39.998427
199  4u4s   2.92    59.362394
200  1p1q   4.89    56.392182
201  1syi   5.44    72.955431
202  1p1n   6.80    49.461894
203  2al5   8.40    61.195624
204  3g2z   2.36    34.016472
205  3g31   2.89    15.161924
206  4de2   4.12    78.035183
207  4de3   5.52    62.129899
208  4de1   5.96    69.282033
209  1vso   4.72    50.036109
210  4dld   5.82    54.255917
211  3gbb   6.90    61.700042
212  3fv2   8.11    73.464743
213  3fv1   9.30    83.615622
214  4mgd   4.69    16.453760
215  2qe4   7.96    48.960520
216  1qkt   9.04    36.443539
217  2pog   9.54    32.474842
218  2p15  10.30    35.764331
219  2y5h   5.79    79.873964
220  1lpg   7.09   110.671845
221  2xbv   8.43    85.138690
222  1z6e   9.72    94.365044
223  1mq6  11.15    80.000277
224  1nc3   5.00    82.634213
225  1nc1   6.12    66.203842
226  1y6r  10.11    80.470639
227  4f2w  11.30    77.361865
228  4f3c  11.82    81.724398
229  1uto   2.27    33.576713
230  4abg   3.57    49.725271
231  3gy4   5.10    37.681534
232  1k1i   6.58    78.505142
233  1o3f   7.96    33.436804
234  2yge   5.06    86.867368
235  2fxs   6.06    58.597039
236  2iwx   6.68    56.492333
237  2wer   7.05    62.597812
238  2vw5   8.52    87.021853
239  4kzq   6.10    50.513993
240  4kzu   6.50    45.589541
241  4j21   7.41    47.867826
242  4j3l   7.80    52.560980
243  3kr8   8.10    67.377084
244  2ymd   3.16    48.084918
245  2wnc   6.32    49.362983
246  2xys   7.42    48.698861
247  2wn9   8.52    52.376497
248  2x00  11.33    77.217162
249  3ozt   4.13   103.214876
250  3ozs   5.33    91.891420
251  3oe5   6.88   108.468439
252  3oe4   7.47   113.791177
253  3nw9   9.00   121.408395
254  3ao4   2.07    57.997523
255  3zt2   2.84    50.132977
256  3zsx   3.28    65.986160
257  4cig   3.67    78.433281
258  3zso   5.12    87.327569
259  3n7a   3.70    44.773393
260  4ciw   4.82    58.690212
261  3n86   5.64    86.305331
262  3n76   6.85    36.185307
263  2xb8   7.59    71.871281
264  4bkt   3.62    47.061709
265  4w9c   4.65    59.896988
266  4w9l   5.02    90.238010
267  4w9i   5.96    74.029332
268  4w9h   6.73    82.852330
269  3nq9   4.03     8.597009
270  3ueu   5.24    10.086253
271  3uev   5.89    15.460043
272  3uew   6.31    16.579231
273  3uex   6.92    16.985730
274  3lka   2.82    27.951540
275  3ehy   5.85    52.699327
276  3tsk   7.17    90.418408
277  3nx7   8.10    57.355746
278  4gr0   9.55   105.436329
279  3dxg   2.40    34.045701
280  3d6q   3.76    43.198907
281  1w4o   5.22    50.243104
282  1o0h   5.92    60.584095
283  1u1b   7.80    84.254064

Summary of the scoring power: ===================================
The regression equation: logKa = 0.04 + 4.03 * Score
Number of favorable sample (N) = 281
Pearson correlation coefficient (R) = 0.437
Standard deviation in fitting (SD) = 1.96
=================================================================

Template command for running the bootstrap in R program==========

rm(list=ls());
require(boot);
data_all<-read.table("X-Score_processed_score",header=TRUE);
aa<-c(1:nrow(data_all));

mycore<-function(x,indices)
{
data_1<-matrix(NA,281,2);
for(i in 1:281);
    {
        data_1[i,1]=data_all[x[indices][i],2];
        data_1[i,2]=data_all[x[indices][i],3];
    }
        data_2<-data.frame(data_1);
        names(data_2)<-c("a","b");
        cor(data_2$a,data_2$b);
};

data.boot<-boot(aa,mycore,R=10000,stype="i",sim="ordinary");
sink("X-Score-ci.results");
a<-boot.ci(data.boot,conf=0.9,type=c("bca"));
print(a);
sink();

=================================================================
