     code  logKa      score
1    4llx   2.89  21.781604
2    5c28   5.66  18.227770
3    3uuo   7.96  17.904861
4    3ui7   9.00  17.879104
5    5c2h  11.09  17.872988
6    2v00   3.66  17.908059
7    3wz8   5.82  17.872916
8    3pww   7.32  17.872879
9    3prs   7.82  17.872879
10   3uri   9.00  17.872879
11   4m0z   5.19  17.873411
12   4m0y   6.46  17.843257
13   3qgy   7.80  17.873088
14   4qd6   8.64  17.872880
15   4rfm  10.05  17.874734
16   4cr9   4.10  18.576144
17   4cra   7.22  17.872908
18   4x6p   8.30  17.872885
19   4crc   8.72  17.872896
20   4ty7   9.52  17.872885
21   5aba   2.98  17.946889
22   5a7b   3.57  17.873024
23   4agn   3.97  17.929054
24   4agp   4.69  17.873194
25   4agq   5.01  17.874073
26   3bgz   6.26  17.872879
27   3jya   6.89  17.882243
28   2c3i   7.60  17.873319
29   4k18   8.96  17.872880
30   5dwr  11.22  17.872879
31   3mss   4.66  17.887311
32   3k5v   6.30  17.872938
33   3pyy   6.86  17.876323
34   2v7a   8.30  17.880509
35   4twp  10.00  17.872942
36   3wtj   6.53  17.984636
37   3zdg   7.10  18.488308
38   3u8k   8.66  19.255019
39   4qac   9.40  17.872879
40   3u8n  10.17  18.172741
41   1a30   4.30  17.872879
42   2qnq   6.11  17.872879
43   1g2k   7.96  17.872879
44   1eby   9.70  17.872879
45   3o9i  11.82  17.872879
46   4lzs   4.80  18.748965
47   3u5j   5.61  17.887727
48   4wiv   6.26  17.873028
49   4ogj   6.79  17.872881
50   3p5o   7.30  17.878950
51   1ps3   2.28  17.859653
52   3dx1   3.58  17.872546
53   3d4z   4.89  17.811941
54   3dx2   6.82  17.872826
55   3ejr   8.57  17.871303
56   3l7b   2.40  18.036286
57   4eky   3.52  17.862852
58   3g2n   4.09  17.655209
59   3syr   5.10  17.732791
60   3ebp   5.91  17.879936
61   2w66   4.05  17.905452
62   2w4x   4.85  17.722868
63   2wca   5.60  17.888497
64   2xj7   6.66  18.614170
65   2vvn   7.30  18.081616
66   3aru   3.22  23.138853
67   3arv   5.64  17.874186
68   3ary   6.00  20.198276
69   3arq   6.40  17.857027
70   3arp   7.15  17.872879
71   4ih5   4.11  17.979376
72   4ih7   5.24  17.915086
73   3cj4   6.51  17.892356
74   4eo8   8.15  17.872879
75   3gnw   9.10  17.872879
76   1gpk   5.37  18.035768
77   1h23   8.35  17.872879
78   1h22   9.10  17.872915
79   3f3a   4.19  17.878264
80   3f3c   6.02  17.879280
81   4mme   6.50  17.884405
82   3f3d   7.16  17.884449
83   3f3e   7.70  17.876211
84   2wbg   4.45  17.869798
85   2cbv   5.48  17.831786
86   2j78   6.42  17.850998
87   2j7h   7.19  17.660113
88   2cet   8.02  17.790476
89   3udh   2.85  18.566682
90   3rsx   4.41  18.024998
91   4djv   6.72  17.872881
92   2vkm   8.74  17.872879
93   4gid  10.77  17.872879
94   4jfs   5.27  17.818387
95   4j28   5.70  17.799224
96   2wvt   6.12  17.868504
97   2xii   7.20  17.872813
98   4pcs   7.85  17.855063
99   3rr4   4.55  17.857883
100  1s38   5.15  17.820766
101  1r5y   6.46  17.847832
102  3gc5   7.26  17.872756
103  3ge7   8.70  17.872872
104  4dli   5.62  17.879165
105  2zb1   6.32  17.872886
106  4f9w   6.94  17.872886
107  3e92   8.00  17.872879
108  3e93   8.85  17.872879
109  4owm   2.96  18.796228
110  3twp   3.92  18.641375
111  3r88   4.82  18.211594
112  4gkm   5.17  17.875017
113  3qqs   5.82  17.886518
114  3gv9   2.12  21.786605
115  3gr2   2.52  19.850636
116  4kz6   3.10  18.582481
117  4jxs   4.74  17.921712
118  2r9w   5.10  17.873140
119  2hb1   3.80  17.872896
120  1bzc   4.92  17.872936
121  2qbr   6.33  17.872879
122  2qbq   7.44  17.872879
123  2qbp   8.40  17.872879
124  1q8t   4.76  18.578163
125  1ydr   5.52  17.973037
126  1q8u   5.96  17.930525
127  1ydt   7.32  17.873958
128  3ag9   8.05  17.872879
129  3fcq   2.77  18.311005
130  1z9g   5.64  17.949709
131  1qf1   7.32  17.873311
132  5tmn   8.04  17.872976
133  4tmn  10.17  17.872883
134  4ddk   2.29  18.354142
135  4ddh   3.32  18.121335
136  3ivg   4.30  17.874191
137  3coz   5.57  17.871265
138  3coy   6.02  17.872028
139  3pxf   4.43  17.873093
140  4eor   6.30  17.873556
141  2xnb   6.83  18.029620
142  1pxn   7.15  18.036025
143  2fvd   8.52  17.873881
144  4k77   6.63  19.380647
145  4e5w   7.66  17.974758
146  4ivb   8.72  17.969723
147  4ivd   9.52  17.932203
148  4ivc  10.00  17.937437
149  4f09   6.70  18.245954
150  4gfm   7.22  18.526309
151  4hge   7.92  18.005571
152  4e6q   8.36  17.928371
153  4jia   9.22  17.872879
154  2brb   4.86  17.877000
155  2br1   5.14  17.875848
156  3jvr   5.72  17.888911
157  3jvs   6.54  17.873001
158  1nvq   8.25  17.873019
159  3acw   4.76  17.872881
160  4ea2   6.44  17.872923
161  2zcr   6.87  17.872879
162  2zy1   7.40  17.879522
163  2zcq   8.82  17.873300
164  1bcu   3.28  18.026587
165  3bv9   5.36  17.872879
166  1oyt   7.24  17.872900
167  2zda   8.40  17.872879
168  3utu  10.92  17.872879
169  3u9q   4.38  17.872879
170  2yfe   6.63  17.872879
171  3fur   8.00  17.872879
172  3b1m   8.48  17.872879
173  2p4y   9.00  17.872879
174  3uo4   6.52  17.872879
175  3up2   7.40  17.872879
176  3e5a   8.23  17.873051
177  2wtv   8.74  17.872879
178  3myg  10.70  17.886614
179  3kgp   2.57  18.393554
180  1c5z   4.01  17.860556
181  1o5b   5.77  17.884468
182  1owh   7.40  17.872877
183  1sqa   9.21  17.872879
184  4jsz   2.30  21.778951
185  3kwa   4.08  17.816590
186  2weg   6.50  17.875684
187  3ryj   7.80  17.953227
188  3dd0   9.00  17.877707
189  2xdl   3.10  19.767667
190  3b27   5.16  17.961649
191  1yc1   6.17  17.873422
192  3rlr   7.52  17.874122
193  2yki   9.46  17.872879
194  1z95   7.12  17.872879
195  3b68   8.40  17.872879
196  3b5r   8.77  17.872879
197  3b65   9.27  17.872879
198  3g0w   9.52  17.872879
199  4u4s   2.92  29.321707
200  1p1q   4.89  17.824716
201  1syi   5.44  17.825966
202  1p1n   6.80  17.906955
203  2al5   8.40  17.803445
204  3g2z   2.36  23.412430
205  3g31   2.89  18.919667
206  4de2   4.12  17.849571
207  4de3   5.52  17.852622
208  4de1   5.96  17.809138
209  1vso   4.72  17.876150
210  4dld   5.82  17.873062
211  3gbb   6.90  17.874861
212  3fv2   8.11  17.872929
213  3fv1   9.30  17.872893
214  4mgd   4.69  17.872882
215  2qe4   7.96  17.872911
216  1qkt   9.04  17.872926
217  2pog   9.54  17.872880
218  2p15  10.30  17.872879
219  2y5h   5.79  18.265850
220  1lpg   7.09  17.872879
221  2xbv   8.43  17.873388
222  1z6e   9.72  17.872882
223  1mq6  11.15  17.873148
224  1nc3   5.00  17.781498
225  1nc1   6.12  17.875274
226  1y6r  10.11  17.871740
227  4f2w  11.30  17.876938
228  4f3c  11.82  17.873036
229  1uto   2.27  20.071846
230  4abg   3.57  19.132408
231  3gy4   5.10  17.871105
232  1k1i   6.58  17.872879
233  1o3f   7.96  17.872879
234  2yge   5.06  17.872398
235  2fxs   6.06  18.001254
236  2iwx   6.68  18.010023
237  2wer   7.05  17.953017
238  2vw5   8.52  17.873082
239  4kzq   6.10  17.936507
240  4kzu   6.50  17.882648
241  4j21   7.41  17.901711
242  4j3l   7.80  17.880267
243  3kr8   8.10  17.933865
244  2ymd   3.16  17.765443
245  2wnc   6.32  17.906741
246  2xys   7.42  17.942460
247  2wn9   8.52  18.061339
248  2x00  11.33  17.877566
249  3ozt   4.13  17.871992
250  3ozs   5.33  17.872879
251  3oe5   6.88  17.872998
252  3oe4   7.47  17.872520
253  3nw9   9.00  17.872880
254  3ao4   2.07  18.187142
255  3zt2   2.84  17.883658
256  3zsx   3.28  17.872883
257  4cig   3.67  17.872880
258  3zso   5.12  17.872879
259  3n7a   3.70  17.874809
260  4ciw   4.82  17.850936
261  3n86   5.64  17.874149
262  3n76   6.85  17.873319
263  2xb8   7.59  17.873929
264  4bkt   3.62  21.555138
265  4w9c   4.65  17.999691
266  4w9l   5.02  17.877382
267  4w9i   5.96  17.900853
268  4w9h   6.73  17.917576
269  3nq9   4.03  17.872879
270  3ueu   5.24  17.872879
271  3uev   5.89  17.872879
272  3uew   6.31  17.872879
273  3uex   6.92  17.872879
274  3lka   2.82  20.372636
275  3ehy   5.85  18.184529
276  3tsk   7.17  17.873106
277  3nx7   8.10  17.769239
278  4gr0   9.55  17.872879
279  3dxg   2.40  18.785340
280  3d6q   3.76  18.430192
281  1w4o   5.22  19.125692
282  1o0h   5.92  17.885434
283  1u1b   7.80  17.872875

Summary of the scoring power: ===================================
The regression equation: logKa = -0.75 + 20.01 * Score
Number of favorable sample (N) = 283
Pearson correlation coefficient (R) = -0.338
Standard deviation in fitting (SD) = 2.04
=================================================================

Template command for running the bootstrap in R program==========

rm(list=ls());
require(boot);
data_all<-read.table("X-Score_processed_score",header=TRUE);
aa<-c(1:nrow(data_all));

mycore<-function(x,indices)
{
data_1<-matrix(NA,283,2);
for(i in 1:283);
    {
        data_1[i,1]=data_all[x[indices][i],2];
        data_1[i,2]=data_all[x[indices][i],3];
    }
        data_2<-data.frame(data_1);
        names(data_2)<-c("a","b");
        cor(data_2$a,data_2$b);
};

data.boot<-boot(aa,mycore,R=10000,stype="i",sim="ordinary");
sink("X-Score-ci.results");
a<-boot.ci(data.boot,conf=0.9,type=c("bca"));
print(a);
sink();

=================================================================
