     code  logKa       score
1    4llx   2.89  752.062448
2    5c28   5.66  752.152049
3    3uuo   7.96  752.152213
4    3ui7   9.00  752.152213
5    5c2h  11.09  752.152213
6    2v00   3.66  752.152206
7    3wz8   5.82  752.152213
8    3pww   7.32  752.152213
9    3prs   7.82  752.152213
10   3uri   9.00  752.152213
11   4m0z   5.19  752.152213
12   4m0y   6.46  752.152213
13   3qgy   7.80  752.152213
14   4qd6   8.64  752.152213
15   4rfm  10.05  752.152213
16   4cr9   4.10  752.152190
17   4cra   7.22  752.152213
18   4x6p   8.30  752.152213
19   4crc   8.72  752.152213
20   4ty7   9.52  752.152213
21   5aba   2.98  752.152213
22   5a7b   3.57  752.152213
23   4agn   3.97  752.152213
24   4agp   4.69  752.152213
25   4agq   5.01  752.152213
26   3bgz   6.26  752.152213
27   3jya   6.89  752.152213
28   2c3i   7.60  752.152213
29   4k18   8.96  752.152213
30   5dwr  11.22  752.152213
31   3mss   4.66  752.152213
32   3k5v   6.30  752.152213
33   3pyy   6.86  752.152213
34   2v7a   8.30  752.152213
35   4twp  10.00  752.152213
36   3wtj   6.53  752.152213
37   3zdg   7.10  752.152213
38   3u8k   8.66  752.152213
39   4qac   9.40  752.152213
40   3u8n  10.17  752.152213
41   1a30   4.30  752.152213
42   2qnq   6.11  752.152213
43   1g2k   7.96  752.152213
44   1eby   9.70  752.152213
45   3o9i  11.82  752.152213
46   4lzs   4.80  752.152212
47   3u5j   5.61  752.152213
48   4wiv   6.26  752.152213
49   4ogj   6.79  752.152213
50   3p5o   7.30  752.152213
51   1ps3   2.28  752.152209
52   3dx1   3.58  752.052089
53   3d4z   4.89  752.152106
54   3dx2   6.82  752.151545
55   3ejr   8.57  752.152213
56   3l7b   2.40  752.152213
57   4eky   3.52  752.152213
58   3g2n   4.09  752.152213
59   3syr   5.10  752.152213
60   3ebp   5.91  752.152213
61   2w66   4.05  752.152213
62   2w4x   4.85  752.152213
63   2wca   5.60  752.152213
64   2xj7   6.66  752.152213
65   2vvn   7.30  752.152213
66   3aru   3.22  752.152211
67   3arv   5.64  752.152211
68   3ary   6.00  752.138255
69   3arq   6.40  752.152213
70   3arp   7.15  752.152213
71   4ih5   4.11  752.152210
72   4ih7   5.24  752.152213
73   3cj4   6.51  752.152213
74   4eo8   8.15  752.152213
75   3gnw   9.10  752.152213
76   1gpk   5.37  752.152213
77   1gpn   6.48  752.152213
78   1h23   8.35  752.152213
79   1h22   9.10  752.152213
80   1e66   9.89  752.152213
81   3f3a   4.19  752.152213
82   3f3c   6.02  752.152213
83   4mme   6.50  752.152213
84   3f3d   7.16  752.152211
85   3f3e   7.70  752.152213
86   2wbg   4.45  752.152213
87   2cbv   5.48  752.152117
88   2j78   6.42  752.152188
89   2j7h   7.19  752.151942
90   2cet   8.02  752.152213
91   3udh   2.85  752.152178
92   3rsx   4.41  752.152186
93   4djv   6.72  752.152213
94   2vkm   8.74  752.152213
95   4gid  10.77  752.152213
96   4jfs   5.27  752.152213
97   4j28   5.70  752.152182
98   2wvt   6.12  752.152206
99   2xii   7.20  752.152213
100  4pcs   7.85  752.152206
101  3rr4   4.55  752.152213
102  1s38   5.15  752.152206
103  1r5y   6.46  752.151943
104  3gc5   7.26  752.152213
105  3ge7   8.70  752.152213
106  4dli   5.62  752.152213
107  2zb1   6.32  752.152213
108  4f9w   6.94  752.152213
109  3e92   8.00  752.152213
110  3e93   8.85  752.152213
111  4owm   2.96  752.008963
112  3twp   3.92  751.873014
113  3r88   4.82  752.151933
114  4gkm   5.17  752.152213
115  3qqs   5.82  752.152213
116  3gv9   2.12  751.888188
117  3gr2   2.52  751.877019
118  4kz6   3.10  752.151997
119  4jxs   4.74  752.152213
120  2r9w   5.10  752.152213
121  2hb1   3.80  752.152120
122  1bzc   4.92  752.152213
123  2qbr   6.33  752.152213
124  2qbq   7.44  752.152213
125  2qbp   8.40  752.152213
126  1q8t   4.76  752.152213
127  1ydr   5.52  752.152213
128  1q8u   5.96  752.152213
129  1ydt   7.32  752.152213
130  3ag9   8.05  752.152213
131  3fcq   2.77  752.152031
132  1z9g   5.64  752.152213
133  1qf1   7.32  752.152213
134  5tmn   8.04  752.152213
135  4tmn  10.17  752.152213
136  4ddk   2.29  752.152053
137  4ddh   3.32  752.152213
138  3ivg   4.30  752.152213
139  3coz   5.57  752.152213
140  3coy   6.02  752.152213
141  3pxf   4.43  752.152213
142  4eor   6.30  752.152213
143  2xnb   6.83  752.152213
144  1pxn   7.15  752.152213
145  2fvd   8.52  752.152213
146  4k77   6.63  752.152213
147  4e5w   7.66  752.152213
148  4ivb   8.72  752.152213
149  4ivd   9.52  752.152213
150  4ivc  10.00  752.152213
151  4f09   6.70  752.152213
152  4gfm   7.22  752.152213
153  4hge   7.92  752.152213
154  4e6q   8.36  752.152213
155  4jia   9.22  752.152213
156  2brb   4.86  752.152213
157  2br1   5.14  752.152213
158  3jvr   5.72  752.152213
159  3jvs   6.54  752.152213
160  1nvq   8.25  752.152213
161  3acw   4.76  752.152213
162  4ea2   6.44  752.152213
163  2zcr   6.87  752.152213
164  2zy1   7.40  752.152213
165  2zcq   8.82  752.152213
166  1bcu   3.28  752.152202
167  3bv9   5.36  752.152213
168  1oyt   7.24  752.152213
169  2zda   8.40  752.152213
170  3utu  10.92  752.152213
171  3u9q   4.38  752.152213
172  2yfe   6.63  752.152213
173  3fur   8.00  752.152213
174  3b1m   8.48  752.152213
175  2p4y   9.00  752.152213
176  3uo4   6.52  752.152213
177  3up2   7.40  752.152213
178  3e5a   8.23  752.152213
179  2wtv   8.74  752.152213
180  3myg  10.70  752.152213
181  3kgp   2.57  752.142401
182  1c5z   4.01  752.149238
183  1o5b   5.77  752.152139
184  1owh   7.40  752.152213
185  1sqa   9.21  752.152213
186  4jsz   2.30  751.973875
187  3kwa   4.08  752.152211
188  2weg   6.50  752.139753
189  3ryj   7.80  752.152201
190  3dd0   9.00  752.152199
191  2xdl   3.10  752.152213
192  3b27   5.16  752.152212
193  1yc1   6.17  752.152213
194  3rlr   7.52  752.152213
195  2yki   9.46  752.152213
196  1z95   7.12  752.152213
197  3b68   8.40  752.152213
198  3b5r   8.77  752.152213
199  3b65   9.27  752.152213
200  3g0w   9.52  752.152213
201  4u4s   2.92  752.152212
202  1p1q   4.89  752.149980
203  1syi   5.44  752.152213
204  1p1n   6.80  752.152213
205  2al5   8.40  752.152211
206  3g2z   2.36  750.682117
207  3g31   2.89  751.955663
208  4de2   4.12  752.152213
209  4de3   5.52  752.152213
210  4de1   5.96  752.152213
211  1vso   4.72  752.152213
212  4dld   5.82  752.152213
213  3gbb   6.90  752.152213
214  3fv2   8.11  752.152213
215  3fv1   9.30  752.152213
216  4mgd   4.69  752.152213
217  2qe4   7.96  752.152213
218  1qkt   9.04  752.152213
219  2pog   9.54  752.152213
220  2p15  10.30  752.152213
221  2y5h   5.79  752.152213
222  1lpg   7.09  752.152213
223  2xbv   8.43  752.152213
224  1z6e   9.72  752.152213
225  1mq6  11.15  752.152213
226  1nc3   5.00  752.152213
227  1nc1   6.12  752.152213
228  1y6r  10.11  752.152213
229  4f2w  11.30  752.152213
230  4f3c  11.82  752.152213
231  1uto   2.27  752.147501
232  4abg   3.57  752.152212
233  3gy4   5.10  752.151030
234  1k1i   6.58  752.152213
235  1o3f   7.96  752.152213
236  2yge   5.06  752.152213
237  2fxs   6.06  752.152213
238  2iwx   6.68  752.152213
239  2wer   7.05  752.152213
240  2vw5   8.52  752.152213
241  4kzq   6.10  752.152213
242  4kzu   6.50  752.152213
243  4j21   7.41  752.152213
244  4j3l   7.80  752.152213
245  3kr8   8.10  752.152213
246  2ymd   3.16  752.152213
247  2wnc   6.32  752.152213
248  2xys   7.42  752.152213
249  2wn9   8.52  752.152213
250  2x00  11.33  752.152213
251  3ozt   4.13  752.152213
252  3ozs   5.33  752.152213
253  3oe5   6.88  752.152213
254  3oe4   7.47  752.152213
255  3nw9   9.00  752.152213
256  3ao4   2.07  752.152212
257  3zt2   2.84  752.152213
258  3zsx   3.28  752.152213
259  4cig   3.67  752.152213
260  3zso   5.12  752.152213
261  3n7a   3.70  752.152106
262  4ciw   4.82  752.152213
263  3n86   5.64  752.152213
264  3n76   6.85  752.152213
265  2xb8   7.59  752.152213
266  4bkt   3.62  752.152209
267  4w9c   4.65  752.152213
268  4w9l   5.02  752.152213
269  4w9i   5.96  752.152213
270  4w9h   6.73  752.152213
271  3nq9   4.03  752.152113
272  3ueu   5.24  752.152213
273  3uev   5.89  752.152213
274  3uew   6.31  752.152213
275  3uex   6.92  752.152213
276  3lka   2.82  752.152089
277  3ehy   5.85  752.152213
278  3tsk   7.17  752.152213
279  3nx7   8.10  752.152213
280  4gr0   9.55  752.152213
281  3dxg   2.40  752.144275
282  3d6q   3.76  752.147949
283  1w4o   5.22  752.152161
284  1o0h   5.92  752.152212
285  1u1b   7.80  752.152213

Summary of the scoring power: ===================================
The regression equation: logKa = 4.76 + -3576.52 * Score
Number of favorable sample (N) = 285
Pearson correlation coefficient (R) = 0.204
Confidence interval of 90% Pearson R = [0.108 ~ 0.296] 
Standard deviation in fitting (SD) = 2.13
=================================================================

Template command for running the bootstrap in R program==========

rm(list=ls());
require(boot);
data_all<-read.table("GAP_processed_score",header=TRUE);
aa<-c(1:nrow(data_all));

mycore<-function(x,indices)
{
data_1<-matrix(NA,285,2);
for(i in 1:285);
    {
        data_1[i,1]=data_all[x[indices][i],2];
        data_1[i,2]=data_all[x[indices][i],3];
    }
        data_2<-data.frame(data_1);
        names(data_2)<-c("a","b");
        cor(data_2$a,data_2$b);
};

data.boot<-boot(aa,mycore,R=10000,stype="i",sim="ordinary");
sink("GAP-ci.results");
a<-boot.ci(data.boot,conf=0.9,type=c("bca"));
print(a);
sink();

=================================================================
