     code  logKa      score
1    4llx   2.89   0.303030
2    5c28   5.66   0.033333
3    3uuo   7.96   1.190476
4    3ui7   9.00   1.190476
5    5c2h  11.09   0.250000
6    2v00   3.66   0.653595
7    3wz8   5.82   0.250000
8    3pww   7.32   2.000000
9    3prs   7.82   0.250000
10   3uri   9.00   2.000000
11   4m0z   5.19   0.250000
12   4m0y   6.46   0.250000
13   3qgy   7.80   0.250000
14   4qd6   8.64   0.250000
15   4rfm  10.05   0.250000
16   4cr9   4.10   0.303030
17   4cra   7.22   0.250000
18   4x6p   8.30   0.250000
19   4crc   8.72   0.250000
20   4ty7   9.52  41.666667
21   5aba   2.98   0.653595
22   5a7b   3.57   0.653595
23   4agn   3.97   0.653595
24   4agp   4.69   0.653595
25   4agq   5.01   0.653595
26   3bgz   6.26   0.250000
27   3jya   6.89   0.653595
28   2c3i   7.60   0.033333
29   4k18   8.96   0.250000
30   5dwr  11.22   1.428571
31   3mss   4.66   0.653595
32   3k5v   6.30   0.250000
33   3pyy   6.86   0.250000
34   2v7a   8.30  41.666667
35   4twp  10.00   0.250000
36   3wtj   6.53   0.003226
37   3zdg   7.10   8.333333
38   3u8k   8.66   0.003226
39   4qac   9.40   0.303030
40   3u8n  10.17   0.003226
41   1a30   4.30  41.666667
42   2qnq   6.11  41.666667
43   1g2k   7.96   0.250000
44   1eby   9.70   0.250000
45   3o9i  11.82   0.250000
46   4lzs   4.80   0.303030
47   3u5j   5.61   0.083333
48   4wiv   6.26   0.033333
49   4ogj   6.79   2.000000
50   3p5o   7.30   0.250000
51   1ps3   2.28   1.984127
52   3dx1   3.58   0.031847
53   3d4z   4.89   1.984127
54   3dx2   6.82   8.333333
55   3ejr   8.57   0.653595
56   3l7b   2.40  41.666667
57   4eky   3.52   0.303030
58   3g2n   4.09   0.303030
59   3syr   5.10   0.303030
60   3ebp   5.91   1.428571
61   2w66   4.05   1.428571
62   2w4x   4.85   0.303030
63   2wca   5.60   0.303030
64   2xj7   6.66  41.666667
65   2vvn   7.30  41.666667
66   3aru   3.22   0.000008
67   3arv   5.64  10.000000
68   3ary   6.00   0.142857
69   3arq   6.40   2.000000
70   3arp   7.15   0.033333
71   4ih5   4.11   0.250000
72   4ih7   5.24  17.241379
73   3cj4   6.51   0.033333
74   4eo8   8.15   0.000008
75   3gnw   9.10   0.250000
76   1gpk   5.37   0.653595
77   1h23   8.35  41.666667
78   1h22   9.10   0.970874
79   3f3a   4.19  55.555556
80   3f3c   6.02   2.173913
81   4mme   6.50   0.003226
82   3f3d   7.16   0.653595
83   3f3e   7.70   0.653595
84   2wbg   4.45  41.666667
85   2cbv   5.48  41.666667
86   2j78   6.42   1.428571
87   2j7h   7.19   1.984127
88   2cet   8.02   0.303030
89   3udh   2.85   0.653595
90   3rsx   4.41   0.250000
91   4djv   6.72   1.190476
92   2vkm   8.74   2.000000
93   4gid  10.77   2.000000
94   4jfs   5.27  41.666667
95   4j28   5.70   1.428571
96   2wvt   6.12  41.666667
97   2xii   7.20  41.666667
98   4pcs   7.85   0.003226
99   3rr4   4.55   0.003226
100  1s38   5.15   0.003226
101  1r5y   6.46   0.003226
102  3gc5   7.26   2.000000
103  3ge7   8.70   0.003226
104  4dli   5.62   0.250000
105  2zb1   6.32   0.250000
106  4f9w   6.94  10.000000
107  3e92   8.00   0.250000
108  3e93   8.85   0.142857
109  4owm   2.96   0.033333
110  3twp   3.92   0.071429
111  3r88   4.82   0.303030
112  4gkm   5.17   0.033333
113  3qqs   5.82   0.033333
114  3gv9   2.12   0.303030
115  3gr2   2.52   0.033333
116  4kz6   3.10   0.033333
117  4jxs   4.74   0.071429
118  2r9w   5.10   0.000008
119  2hb1   3.80   0.083333
120  1bzc   4.92   0.071429
121  2qbr   6.33   0.250000
122  2qbq   7.44   0.033333
123  2qbp   8.40   0.250000
124  1q8t   4.76   0.653595
125  1ydr   5.52   2.000000
126  1q8u   5.96   0.653595
127  1ydt   7.32   0.653595
128  3ag9   8.05  41.666667
129  3fcq   2.77   0.000008
130  1z9g   5.64   0.303030
131  1qf1   7.32   0.303030
132  5tmn   8.04   0.303030
133  4tmn  10.17   0.303030
134  4ddk   2.29   0.000008
135  4ddh   3.32  10.000000
136  3ivg   4.30   0.003846
137  3coz   5.57  41.666667
138  3coy   6.02  41.666667
139  3pxf   4.43   0.250000
140  4eor   6.30   0.250000
141  2xnb   6.83  41.666667
142  1pxn   7.15   0.250000
143  2fvd   8.52   0.303030
144  4k77   6.63   0.071429
145  4e5w   7.66   0.653595
146  4ivb   8.72   0.250000
147  4ivd   9.52   0.250000
148  4ivc  10.00   0.250000
149  4f09   6.70   0.653595
150  4gfm   7.22   0.033333
151  4hge   7.92   0.653595
152  4e6q   8.36   0.653595
153  4jia   9.22   0.653595
154  2brb   4.86   0.250000
155  2br1   5.14   0.250000
156  3jvr   5.72   0.250000
157  3jvs   6.54   0.250000
158  1nvq   8.25   0.653595
159  3acw   4.76   2.000000
160  4ea2   6.44   0.653595
161  2zcr   6.87   0.000008
162  2zy1   7.40   0.071429
163  2zcq   8.82   0.000008
164  1bcu   3.28   0.250000
165  3bv9   5.36   0.653595
166  1oyt   7.24   0.653595
167  2zda   8.40   2.000000
168  3utu  10.92   1.428571
169  3u9q   4.38   0.000008
170  2yfe   6.63   0.033333
171  3fur   8.00   0.250000
172  3b1m   8.48   0.250000
173  2p4y   9.00   0.083333
174  3uo4   6.52   0.250000
175  3up2   7.40   0.250000
176  3e5a   8.23   2.000000
177  2wtv   8.74   0.250000
178  3myg  10.70   0.653595
179  3kgp   2.57   0.653595
180  1c5z   4.01   0.653595
181  1o5b   5.77   0.653595
182  1owh   7.40   0.653595
183  1sqa   9.21   0.653595
184  4jsz   2.30   5.000000
185  3kwa   4.08   8.333333
186  2weg   6.50   0.303030
187  3ryj   7.80   0.303030
188  3dd0   9.00   0.303030
189  2xdl   3.10   0.033333
190  3b27   5.16   0.303030
191  1yc1   6.17   0.250000
192  3rlr   7.52   0.250000
193  2yki   9.46   0.250000
194  1z95   7.12   0.303030
195  3b68   8.40   0.303030
196  3b5r   8.77   0.303030
197  3b65   9.27   0.303030
198  3g0w   9.52   0.653595
199  4u4s   2.92   0.071429
200  1p1q   4.89  41.666667
201  1syi   5.44  41.666667
202  1p1n   6.80  41.666667
203  2al5   8.40  41.666667
204  3g2z   2.36   0.071429
205  3g31   2.89   3.225806
206  4de2   4.12   1.428571
207  4de3   5.52   0.250000
208  4de1   5.96   0.250000
209  1vso   4.72   0.003226
210  4dld   5.82   0.003226
211  3gbb   6.90  41.666667
212  3fv2   8.11  41.666667
213  3fv1   9.30  41.666667
214  4mgd   4.69   0.303030
215  2qe4   7.96   0.303030
216  1qkt   9.04   0.303030
217  2pog   9.54   0.303030
218  2p15  10.30   0.303030
219  2y5h   5.79   0.653595
220  1lpg   7.09   1.428571
221  2xbv   8.43   2.000000
222  1z6e   9.72  55.555556
223  1mq6  11.15   0.003226
224  1nc3   5.00   1.428571
225  1nc1   6.12   0.303030
226  1y6r  10.11  41.666667
227  4f2w  11.30   2.000000
228  4f3c  11.82   0.653595
229  1uto   2.27   0.653595
230  4abg   3.57   0.653595
231  3gy4   5.10   0.653595
232  1k1i   6.58  41.666667
233  1o3f   7.96   0.653595
234  2yge   5.06   0.303030
235  2fxs   6.06   0.071429
236  2iwx   6.68   0.071429
237  2wer   7.05   0.071429
238  2vw5   8.52   0.303030
239  4kzq   6.10   0.033333
240  4kzu   6.50   0.083333
241  4j21   7.41   0.303030
242  4j3l   7.80   0.303030
243  3kr8   8.10   1.428571
244  2ymd   3.16   0.003226
245  2wnc   6.32   0.003226
246  2xys   7.42   0.653595
247  2wn9   8.52   0.303030
248  2x00  11.33   0.033333
249  3ozt   4.13   0.303030
250  3ozs   5.33   0.303030
251  3oe5   6.88   0.303030
252  3oe4   7.47   0.250000
253  3nw9   9.00   0.250000
254  3ao4   2.07   0.303030
255  3zt2   2.84   0.000008
256  3zsx   3.28  41.666667
257  4cig   3.67  41.666667
258  3zso   5.12  41.666667
259  3n7a   3.70   0.303030
260  4ciw   4.82   0.303030
261  3n86   5.64   0.303030
262  3n76   6.85   0.303030
263  2xb8   7.59   0.303030
264  4bkt   3.62   0.303030
265  4w9c   4.65   0.303030
266  4w9l   5.02   0.303030
267  4w9i   5.96   0.303030
268  4w9h   6.73   0.303030
269  3nq9   4.03   3.225806
270  3ueu   5.24   3.225806
271  3uev   5.89   3.225806
272  3uew   6.31   3.225806
273  3uex   6.92  17.241379
274  3lka   2.82   0.303030
275  3ehy   5.85   0.033333
276  3tsk   7.17   0.250000
277  3nx7   8.10   0.303030
278  4gr0   9.55   0.250000
279  3dxg   2.40   0.303030
280  3d6q   3.76   8.333333
281  1w4o   5.22   0.303030
282  1o0h   5.92   0.303030
283  1u1b   7.80   0.303030

Summary of the scoring power: ===================================
The regression equation: logKa = -0.00 + 6.48 * Score
Number of favorable sample (N) = 283
Pearson correlation coefficient (R) = -0.010
Standard deviation in fitting (SD) = 2.17
=================================================================

Template command for running the bootstrap in R program==========

rm(list=ls());
require(boot);
data_all<-read.table("X-Score_processed_score",header=TRUE);
aa<-c(1:nrow(data_all));

mycore<-function(x,indices)
{
data_1<-matrix(NA,283,2);
for(i in 1:283);
    {
        data_1[i,1]=data_all[x[indices][i],2];
        data_1[i,2]=data_all[x[indices][i],3];
    }
        data_2<-data.frame(data_1);
        names(data_2)<-c("a","b");
        cor(data_2$a,data_2$b);
};

data.boot<-boot(aa,mycore,R=10000,stype="i",sim="ordinary");
sink("X-Score-ci.results");
a<-boot.ci(data.boot,conf=0.9,type=c("bca"));
print(a);
sink();

=================================================================
