     code  logKa      score
1    4llx   2.89  37.905219
2    5c28   5.66  19.590110
3    3uuo   7.96  25.854125
4    3ui7   9.00  25.854125
5    5c2h  11.09  19.590110
6    2v00   3.66  26.231972
7    3wz8   5.82  37.905219
8    3pww   7.32  37.905219
9    3prs   7.82  37.905219
10   3uri   9.00  37.905219
11   4m0z   5.19  37.905219
12   4m0y   6.46  29.380637
13   3qgy   7.80  37.905219
14   4qd6   8.64  37.905219
15   4rfm  10.05  37.905219
16   4cr9   4.10  26.231972
17   4cra   7.22  37.905219
18   4x6p   8.30  19.590110
19   4crc   8.72  19.590110
20   4ty7   9.52  25.629867
21   5aba   2.98  19.590110
22   5a7b   3.57  26.231972
23   4agn   3.97  19.590110
24   4agp   4.69  19.590110
25   4agq   5.01  19.590110
26   3bgz   6.26  37.905219
27   3jya   6.89  30.591996
28   2c3i   7.60  29.380637
29   4k18   8.96  29.380637
30   5dwr  11.22  29.380637
31   3mss   4.66  26.231972
32   3k5v   6.30  26.231972
33   3pyy   6.86  26.231972
34   2v7a   8.30  37.905219
35   4twp  10.00  37.905219
36   3wtj   6.53  30.591996
37   3zdg   7.10  30.591996
38   3u8k   8.66  30.591996
39   4qac   9.40  26.231972
40   3u8n  10.17  30.591996
41   1a30   4.30  22.223253
42   2qnq   6.11  19.590110
43   1g2k   7.96  29.380637
44   1eby   9.70  25.629867
45   3o9i  11.82  37.905219
46   4lzs   4.80  37.905219
47   3u5j   5.61  19.590110
48   4wiv   6.26  37.905219
49   4ogj   6.79  37.905219
50   3p5o   7.30  19.590110
51   1ps3   2.28  22.370569
52   3dx1   3.58  18.222501
53   3d4z   4.89  22.370569
54   3dx2   6.82  26.231972
55   3ejr   8.57  30.591996
56   3l7b   2.40  37.905219
57   4eky   3.52  37.905219
58   3g2n   4.09  29.380637
59   3syr   5.10  37.905219
60   3ebp   5.91  19.590110
61   2w66   4.05  18.222501
62   2w4x   4.85  37.905219
63   2wca   5.60  37.905219
64   2xj7   6.66  37.905219
65   2vvn   7.30  30.591996
66   3aru   3.22  37.905219
67   3arv   5.64  25.629867
68   3ary   6.00  30.591996
69   3arq   6.40  26.231972
70   3arp   7.15  29.380637
71   4ih5   4.11  37.905219
72   4ih7   5.24  37.905219
73   3cj4   6.51  19.590110
74   4eo8   8.15  37.905219
75   3gnw   9.10  25.629867
76   1gpk   5.37  30.591996
77   1h23   8.35  30.591996
78   1h22   9.10  30.591996
79   3f3a   4.19  30.591996
80   3f3c   6.02  30.591996
81   4mme   6.50  30.591996
82   3f3d   7.16  37.905219
83   3f3e   7.70  37.905219
84   2wbg   4.45  30.591996
85   2cbv   5.48  30.591996
86   2j78   6.42  29.202819
87   2j7h   7.19  22.370569
88   2cet   8.02  29.380637
89   3udh   2.85  26.231972
90   3rsx   4.41  26.231972
91   4djv   6.72  26.231972
92   2vkm   8.74  37.905219
93   4gid  10.77  37.905219
94   4jfs   5.27  30.591996
95   4j28   5.70  30.591996
96   2wvt   6.12  29.202819
97   2xii   7.20  30.591996
98   4pcs   7.85  30.591996
99   3rr4   4.55  30.591996
100  1s38   5.15  30.591996
101  1r5y   6.46  30.591996
102  3gc5   7.26  37.905219
103  3ge7   8.70  30.591996
104  4dli   5.62  26.231972
105  2zb1   6.32  25.629867
106  4f9w   6.94  25.629867
107  3e92   8.00  29.380637
108  3e93   8.85  29.380637
109  4owm   2.96  37.905219
110  3twp   3.92  37.905219
111  3r88   4.82  37.905219
112  4gkm   5.17  37.905219
113  3qqs   5.82  37.905219
114  3gv9   2.12  37.905219
115  3gr2   2.52  37.905219
116  4kz6   3.10  37.905219
117  4jxs   4.74  37.905219
118  2r9w   5.10  37.905219
119  2hb1   3.80  19.590110
120  1bzc   4.92  29.380637
121  2qbr   6.33  19.590110
122  2qbq   7.44  19.590110
123  2qbp   8.40  19.590110
124  1q8t   4.76  37.905219
125  1ydr   5.52  37.905219
126  1q8u   5.96  37.905219
127  1ydt   7.32  19.590110
128  3ag9   8.05  30.591996
129  3fcq   2.77  29.380637
130  1z9g   5.64  25.629867
131  1qf1   7.32  25.629867
132  5tmn   8.04  37.905219
133  4tmn  10.17  37.905219
134  4ddk   2.29  29.380637
135  4ddh   3.32  25.629867
136  3ivg   4.30  25.629867
137  3coz   5.57  25.629867
138  3coy   6.02  25.629867
139  3pxf   4.43  29.380637
140  4eor   6.30  37.905219
141  2xnb   6.83  37.905219
142  1pxn   7.15  29.380637
143  2fvd   8.52  37.905219
144  4k77   6.63  37.905219
145  4e5w   7.66  37.905219
146  4ivb   8.72  37.905219
147  4ivd   9.52  37.905219
148  4ivc  10.00  37.905219
149  4f09   6.70  37.905219
150  4gfm   7.22  19.590110
151  4hge   7.92  19.590110
152  4e6q   8.36  29.380637
153  4jia   9.22  30.591996
154  2brb   4.86  37.905219
155  2br1   5.14  37.905219
156  3jvr   5.72  19.590110
157  3jvs   6.54  26.231972
158  1nvq   8.25  29.380637
159  3acw   4.76  26.231972
160  4ea2   6.44  30.591996
161  2zcr   6.87  37.905219
162  2zy1   7.40  37.905219
163  2zcq   8.82  29.380637
164  1bcu   3.28  26.231972
165  3bv9   5.36  26.231972
166  1oyt   7.24  37.905219
167  2zda   8.40  37.905219
168  3utu  10.92  19.590110
169  3u9q   4.38  37.905219
170  2yfe   6.63  37.905219
171  3fur   8.00  19.590110
172  3b1m   8.48  26.231972
173  2p4y   9.00  19.590110
174  3uo4   6.52  29.380637
175  3up2   7.40  37.905219
176  3e5a   8.23  37.905219
177  2wtv   8.74  19.590110
178  3myg  10.70  25.629867
179  3kgp   2.57  26.231972
180  1c5z   4.01  26.231972
181  1o5b   5.77  19.590110
182  1owh   7.40  25.629867
183  1sqa   9.21  25.629867
184  4jsz   2.30  29.380637
185  3kwa   4.08  30.591996
186  2weg   6.50  29.380637
187  3ryj   7.80  29.380637
188  3dd0   9.00  29.380637
189  2xdl   3.10  37.905219
190  3b27   5.16  19.590110
191  1yc1   6.17  37.905219
192  3rlr   7.52  19.590110
193  2yki   9.46  21.825954
194  1z95   7.12  26.231972
195  3b68   8.40  26.231972
196  3b5r   8.77  19.590110
197  3b65   9.27  19.590110
198  3g0w   9.52  19.590110
199  4u4s   2.92  26.231972
200  1p1q   4.89  30.591996
201  1syi   5.44  30.591996
202  1p1n   6.80  30.591996
203  2al5   8.40  30.591996
204  3g2z   2.36  29.380637
205  3g31   2.89  26.231972
206  4de2   4.12  25.629867
207  4de3   5.52  25.629867
208  4de1   5.96  25.629867
209  1vso   4.72  30.591996
210  4dld   5.82  30.591996
211  3gbb   6.90  30.591996
212  3fv2   8.11  18.237706
213  3fv1   9.30   2.742833
214  4mgd   4.69  19.590110
215  2qe4   7.96  37.905219
216  1qkt   9.04  37.905219
217  2pog   9.54  29.380637
218  2p15  10.30  37.905219
219  2y5h   5.79  30.591996
220  1lpg   7.09  30.591996
221  2xbv   8.43  19.590110
222  1z6e   9.72  21.825954
223  1mq6  11.15  30.591996
224  1nc3   5.00  22.370569
225  1nc1   6.12  37.905219
226  1y6r  10.11  30.591996
227  4f2w  11.30  37.905219
228  4f3c  11.82  37.905219
229  1uto   2.27  26.231972
230  4abg   3.57  26.231972
231  3gy4   5.10  26.231972
232  1k1i   6.58  37.905219
233  1o3f   7.96  29.380637
234  2yge   5.06  37.905219
235  2fxs   6.06  19.590110
236  2iwx   6.68  19.590110
237  2wer   7.05  19.590110
238  2vw5   8.52  29.380637
239  4kzq   6.10  29.380637
240  4kzu   6.50  19.590110
241  4j21   7.41  19.590110
242  4j3l   7.80  19.590110
243  3kr8   8.10  30.591996
244  2ymd   3.16  30.591996
245  2wnc   6.32  30.591996
246  2xys   7.42  30.591996
247  2wn9   8.52  26.231972
248  2x00  11.33  26.231972
249  3ozt   4.13  29.380637
250  3ozs   5.33  29.380637
251  3oe5   6.88  29.380637
252  3oe4   7.47  29.380637
253  3nw9   9.00  29.380637
254  3ao4   2.07  26.231972
255  3zt2   2.84  37.905219
256  3zsx   3.28  37.905219
257  4cig   3.67  37.905219
258  3zso   5.12  37.905219
259  3n7a   3.70  37.905219
260  4ciw   4.82  37.905219
261  3n86   5.64  37.905219
262  3n76   6.85  37.905219
263  2xb8   7.59  37.905219
264  4bkt   3.62  29.380637
265  4w9c   4.65  37.905219
266  4w9l   5.02  37.905219
267  4w9i   5.96  37.905219
268  4w9h   6.73  37.905219
269  3nq9   4.03  26.231972
270  3ueu   5.24  26.231972
271  3uev   5.89  26.231972
272  3uew   6.31  26.231972
273  3uex   6.92  37.905219
274  3lka   2.82  29.380637
275  3ehy   5.85  29.380637
276  3tsk   7.17  29.380637
277  3nx7   8.10  29.380637
278  4gr0   9.55  25.629867
279  3dxg   2.40  37.905219
280  3d6q   3.76  37.905219
281  1w4o   5.22  37.905219
282  1o0h   5.92  25.629867
283  1u1b   7.80  29.380637

Summary of the scoring power: ===================================
The regression equation: logKa = -0.02 + 7.03 * Score
Number of favorable sample (N) = 283
Pearson correlation coefficient (R) = -0.057
Standard deviation in fitting (SD) = 2.17
=================================================================

Template command for running the bootstrap in R program==========

rm(list=ls());
require(boot);
data_all<-read.table("X-Score_processed_score",header=TRUE);
aa<-c(1:nrow(data_all));

mycore<-function(x,indices)
{
data_1<-matrix(NA,283,2);
for(i in 1:283);
    {
        data_1[i,1]=data_all[x[indices][i],2];
        data_1[i,2]=data_all[x[indices][i],3];
    }
        data_2<-data.frame(data_1);
        names(data_2)<-c("a","b");
        cor(data_2$a,data_2$b);
};

data.boot<-boot(aa,mycore,R=10000,stype="i",sim="ordinary");
sink("X-Score-ci.results");
a<-boot.ci(data.boot,conf=0.9,type=c("bca"));
print(a);
sink();

=================================================================
