     code  logKa      score
1    4llx   2.89  20.822171
2    5c28   5.66  20.822171
3    3uuo   7.96  20.822171
4    3ui7   9.00  20.822171
5    5c2h  11.09  20.822171
6    2v00   3.66  19.642179
7    3wz8   5.82  20.822171
8    3pww   7.32  19.642179
9    3prs   7.82  16.758613
10   3uri   9.00  19.642179
11   4m0z   5.19  16.758613
12   4m0y   6.46  20.822171
13   3qgy   7.80  20.822171
14   4qd6   8.64   9.836967
15   4rfm  10.05  20.822171
16   4cr9   4.10  20.822171
17   4cra   7.22  16.758613
18   4x6p   8.30  16.758613
19   4crc   8.72  16.758613
20   4ty7   9.52  16.758613
21   5aba   2.98  20.822171
22   5a7b   3.57  20.822171
23   4agn   3.97  20.822171
24   4agp   4.69  20.822171
25   4agq   5.01  20.822171
26   3bgz   6.26  16.758613
27   3jya   6.89  20.822171
28   2c3i   7.60  20.822171
29   4k18   8.96  16.758613
30   5dwr  11.22  19.642179
31   3mss   4.66  20.822171
32   3k5v   6.30  20.822171
33   3pyy   6.86  20.822171
34   2v7a   8.30  16.758613
35   4twp  10.00  16.758613
36   3wtj   6.53  20.822171
37   3zdg   7.10  20.822171
38   3u8k   8.66  20.822171
39   4qac   9.40  20.822171
40   3u8n  10.17  20.822171
41   1a30   4.30  35.137363
42   2qnq   6.11  16.758613
43   1g2k   7.96  16.758613
44   1eby   9.70  16.758613
45   3o9i  11.82  16.758613
46   4lzs   4.80  20.822171
47   3u5j   5.61  20.822171
48   4wiv   6.26  20.822171
49   4ogj   6.79  20.822171
50   3p5o   7.30  16.758613
51   1ps3   2.28   6.675999
52   3dx1   3.58  19.642179
53   3d4z   4.89   6.675999
54   3dx2   6.82  19.642179
55   3ejr   8.57  19.642179
56   3l7b   2.40  16.758613
57   4eky   3.52  16.758613
58   3g2n   4.09  16.758613
59   3syr   5.10  16.758613
60   3ebp   5.91  20.822171
61   2w66   4.05  19.642179
62   2w4x   4.85  16.758613
63   2wca   5.60  16.758613
64   2xj7   6.66  16.758613
65   2vvn   7.30  16.758613
66   3aru   3.22  20.822171
67   3arv   5.64  20.822171
68   3ary   6.00  20.822171
69   3arq   6.40  20.822171
70   3arp   7.15  20.822171
71   4ih5   4.11  20.822171
72   4ih7   5.24  20.822171
73   3cj4   6.51  16.758613
74   4eo8   8.15  16.758613
75   3gnw   9.10   9.836967
76   1gpk   5.37  20.822171
77   1h23   8.35  16.758613
78   1h22   9.10  16.758613
79   3f3a   4.19  20.822171
80   3f3c   6.02  16.758613
81   4mme   6.50  19.642179
82   3f3d   7.16  16.758613
83   3f3e   7.70  16.758613
84   2wbg   4.45  16.758613
85   2cbv   5.48  16.758613
86   2j78   6.42  16.758613
87   2j7h   7.19   6.675999
88   2cet   8.02  16.758613
89   3udh   2.85  19.642179
90   3rsx   4.41  20.822171
91   4djv   6.72  19.642179
92   2vkm   8.74   9.836967
93   4gid  10.77  16.758613
94   4jfs   5.27  16.758613
95   4j28   5.70  16.758613
96   2wvt   6.12  40.584167
97   2xii   7.20  16.758613
98   4pcs   7.85  16.758613
99   3rr4   4.55   9.836967
100  1s38   5.15  16.758613
101  1r5y   6.46  16.758613
102  3gc5   7.26   9.836967
103  3ge7   8.70  19.642179
104  4dli   5.62  20.822171
105  2zb1   6.32   9.836967
106  4f9w   6.94  20.822171
107  3e92   8.00  16.758613
108  3e93   8.85   9.836967
109  4owm   2.96  20.822171
110  3twp   3.92  16.758613
111  3r88   4.82  16.758613
112  4gkm   5.17  16.758613
113  3qqs   5.82  16.758613
114  3gv9   2.12  16.758613
115  3gr2   2.52  16.758613
116  4kz6   3.10  16.758613
117  4jxs   4.74  16.758613
118  2r9w   5.10  16.758613
119  2hb1   3.80  16.758613
120  1bzc   4.92   9.836967
121  2qbr   6.33   9.836967
122  2qbq   7.44   9.836967
123  2qbp   8.40   9.836967
124  1q8t   4.76  20.822171
125  1ydr   5.52  19.642179
126  1q8u   5.96  19.642179
127  1ydt   7.32  19.642179
128  3ag9   8.05  16.758613
129  3fcq   2.77  16.758613
130  1z9g   5.64  16.758613
131  1qf1   7.32  16.758613
132  5tmn   8.04  16.758613
133  4tmn  10.17  16.758613
134  4ddk   2.29  16.758613
135  4ddh   3.32  16.758613
136  3ivg   4.30  16.758613
137  3coz   5.57  16.758613
138  3coy   6.02  16.758613
139  3pxf   4.43  20.822171
140  4eor   6.30  16.758613
141  2xnb   6.83  16.758613
142  1pxn   7.15  20.822171
143  2fvd   8.52  16.758613
144  4k77   6.63  20.822171
145  4e5w   7.66  20.822171
146  4ivb   8.72  20.822171
147  4ivd   9.52  20.822171
148  4ivc  10.00  20.822171
149  4f09   6.70  19.642179
150  4gfm   7.22  20.822171
151  4hge   7.92  20.822171
152  4e6q   8.36  19.642179
153  4jia   9.22  20.822171
154  2brb   4.86  20.822171
155  2br1   5.14  20.822171
156  3jvr   5.72  20.822171
157  3jvs   6.54  20.822171
158  1nvq   8.25  19.642179
159  3acw   4.76  20.822171
160  4ea2   6.44  20.822171
161  2zcr   6.87  16.758613
162  2zy1   7.40  16.758613
163  2zcq   8.82  16.758613
164  1bcu   3.28  20.822171
165  3bv9   5.36  19.642179
166  1oyt   7.24  19.642179
167  2zda   8.40  19.642179
168  3utu  10.92  19.642179
169  3u9q   4.38  16.758613
170  2yfe   6.63  20.822171
171  3fur   8.00  20.822171
172  3b1m   8.48  20.822171
173  2p4y   9.00  20.822171
174  3uo4   6.52  16.758613
175  3up2   7.40  16.758613
176  3e5a   8.23  16.758613
177  2wtv   8.74  20.822171
178  3myg  10.70  20.822171
179  3kgp   2.57  19.642179
180  1c5z   4.01  19.642179
181  1o5b   5.77  19.642179
182  1owh   7.40  19.642179
183  1sqa   9.21  19.642179
184  4jsz   2.30  16.758613
185  3kwa   4.08  20.822171
186  2weg   6.50  16.758613
187  3ryj   7.80  20.822171
188  3dd0   9.00  20.822171
189  2xdl   3.10  16.758613
190  3b27   5.16  20.822171
191  1yc1   6.17  16.758613
192  3rlr   7.52  20.822171
193  2yki   9.46  20.822171
194  1z95   7.12  20.822171
195  3b68   8.40  20.822171
196  3b5r   8.77  20.822171
197  3b65   9.27  20.822171
198  3g0w   9.52  20.822171
199  4u4s   2.92  20.822171
200  1p1q   4.89  16.758613
201  1syi   5.44  16.758613
202  1p1n   6.80  35.137363
203  2al5   8.40  16.758613
204  3g2z   2.36  16.758613
205  3g31   2.89  20.822171
206  4de2   4.12  16.758613
207  4de3   5.52  16.758613
208  4de1   5.96  16.758613
209  1vso   4.72  16.758613
210  4dld   5.82  35.137363
211  3gbb   6.90  35.137363
212  3fv2   8.11  35.137363
213  3fv1   9.30  35.137363
214  4mgd   4.69  20.822171
215  2qe4   7.96  16.758613
216  1qkt   9.04  20.822171
217  2pog   9.54  20.822171
218  2p15  10.30  16.758613
219  2y5h   5.79  20.822171
220  1lpg   7.09  19.642179
221  2xbv   8.43  20.822171
222  1z6e   9.72  20.822171
223  1mq6  11.15  20.822171
224  1nc3   5.00  16.758613
225  1nc1   6.12  16.758613
226  1y6r  10.11  16.758613
227  4f2w  11.30  19.642179
228  4f3c  11.82  19.642179
229  1uto   2.27  19.642179
230  4abg   3.57  19.642179
231  3gy4   5.10  19.642179
232  1k1i   6.58  16.758613
233  1o3f   7.96  16.758613
234  2yge   5.06  20.822171
235  2fxs   6.06  16.758613
236  2iwx   6.68  16.758613
237  2wer   7.05  16.758613
238  2vw5   8.52  16.758613
239  4kzq   6.10  20.822171
240  4kzu   6.50  20.822171
241  4j21   7.41  20.822171
242  4j3l   7.80  20.822171
243  3kr8   8.10  20.822171
244  2ymd   3.16  20.822171
245  2wnc   6.32  20.822171
246  2xys   7.42  20.822171
247  2wn9   8.52  20.822171
248  2x00  11.33  20.822171
249  3ozt   4.13  16.758613
250  3ozs   5.33   9.836967
251  3oe5   6.88   9.836967
252  3oe4   7.47   9.836967
253  3nw9   9.00   9.836967
254  3ao4   2.07  20.822171
255  3zt2   2.84  16.758613
256  3zsx   3.28  16.758613
257  4cig   3.67  16.758613
258  3zso   5.12  16.758613
259  3n7a   3.70  16.758613
260  4ciw   4.82  16.758613
261  3n86   5.64  16.758613
262  3n76   6.85  16.758613
263  2xb8   7.59  16.758613
264  4bkt   3.62  20.822171
265  4w9c   4.65  20.822171
266  4w9l   5.02  20.822171
267  4w9i   5.96  20.822171
268  4w9h   6.73  20.822171
269  3nq9   4.03  20.822171
270  3ueu   5.24  20.822171
271  3uev   5.89  20.822171
272  3uew   6.31  20.822171
273  3uex   6.92  20.822171
274  3lka   2.82  20.822171
275  3ehy   5.85  16.758613
276  3tsk   7.17  16.758613
277  3nx7   8.10  16.758613
278  4gr0   9.55  16.758613
279  3dxg   2.40  20.822171
280  3d6q   3.76  20.822171
281  1w4o   5.22  16.758613
282  1o0h   5.92  16.758613
283  1u1b   7.80  16.758613

Summary of the scoring power: ===================================
The regression equation: logKa = 0.01 + 6.33 * Score
Number of favorable sample (N) = 283
Pearson correlation coefficient (R) = 0.015
Standard deviation in fitting (SD) = 2.17
=================================================================

Template command for running the bootstrap in R program==========

rm(list=ls());
require(boot);
data_all<-read.table("X-Score_processed_score",header=TRUE);
aa<-c(1:nrow(data_all));

mycore<-function(x,indices)
{
data_1<-matrix(NA,283,2);
for(i in 1:283);
    {
        data_1[i,1]=data_all[x[indices][i],2];
        data_1[i,2]=data_all[x[indices][i],3];
    }
        data_2<-data.frame(data_1);
        names(data_2)<-c("a","b");
        cor(data_2$a,data_2$b);
};

data.boot<-boot(aa,mycore,R=10000,stype="i",sim="ordinary");
sink("X-Score-ci.results");
a<-boot.ci(data.boot,conf=0.9,type=c("bca"));
print(a);
sink();

=================================================================
