     code  logKa      score
1    4llx   2.89  14.987386
2    5c28   5.66  19.284943
3    3uuo   7.96  24.744348
4    3ui7   9.00  28.242988
5    5c2h  11.09  34.388662
6    2v00   3.66  21.975373
7    3wz8   5.82  36.619066
8    3pww   7.32  45.379866
9    3prs   7.82  41.912596
10   3uri   9.00  35.506518
11   4m0z   5.19  29.560426
12   4m0y   6.46  22.182024
13   3qgy   7.80  33.355307
14   4qd6   8.64  37.172734
15   4rfm  10.05  30.390252
16   4cr9   4.10  17.492644
17   4cra   7.22  34.037209
18   4x6p   8.30  35.740280
19   4crc   8.72  34.045117
20   4ty7   9.52  34.610385
21   5aba   2.98  24.637999
22   5a7b   3.57  33.395021
23   4agn   3.97  25.687762
24   4agp   4.69  32.854199
25   4agq   5.01  30.979116
26   3bgz   6.26  43.748059
27   3jya   6.89  25.780183
28   2c3i   7.60  32.550767
29   4k18   8.96  38.799194
30   5dwr  11.22  44.149567
31   3mss   4.66  27.528829
32   3k5v   6.30  34.593540
33   3pyy   6.86  31.683595
34   2v7a   8.30  30.841974
35   4twp  10.00  34.894928
36   3wtj   6.53  22.753489
37   3zdg   7.10  17.652974
38   3u8k   8.66  17.208528
39   4qac   9.40  41.816739
40   3u8n  10.17  19.612411
41   1a30   4.30  26.992809
42   2qnq   6.11  49.544258
43   1g2k   7.96  47.552691
44   1eby   9.70  47.334518
45   3o9i  11.82  40.730348
46   4lzs   4.80  17.760360
47   3u5j   5.61  30.415080
48   4wiv   6.26  35.302423
49   4ogj   6.79  38.853443
50   3p5o   7.30  31.441762
51   1ps3   2.28  14.722577
52   3dx1   3.58  17.529428
53   3d4z   4.89  14.117082
54   3dx2   6.82  20.866637
55   3ejr   8.57  26.109887
56   3l7b   2.40  15.251926
57   4eky   3.52  20.073715
58   3g2n   4.09  18.170313
59   3syr   5.10  14.113927
60   3ebp   5.91  28.653730
61   2w66   4.05  11.227570
62   2w4x   4.85  14.310201
63   2wca   5.60  25.639603
64   2xj7   6.66  14.184544
65   2vvn   7.30  14.555813
66   3aru   3.22  15.625090
67   3arv   5.64  29.252624
68   3ary   6.00  14.656482
69   3arq   6.40  21.760631
70   3arp   7.15  38.508414
71   4ih5   4.11  23.412158
72   4ih7   5.24  26.394595
73   3cj4   6.51  25.377435
74   4eo8   8.15  33.223733
75   3gnw   9.10  39.583694
76   1gpk   5.37  18.692878
77   1h23   8.35  37.490116
78   1h22   9.10  33.314846
79   3f3a   4.19  23.093826
80   3f3c   6.02  26.257154
81   4mme   6.50  28.505763
82   3f3d   7.16  22.956636
83   3f3e   7.70  24.252177
84   2wbg   4.45  25.150274
85   2cbv   5.48  15.741186
86   2j78   6.42  15.499075
87   2j7h   7.19  12.696090
88   2cet   8.02  21.262738
89   3udh   2.85  18.688877
90   3rsx   4.41  21.967925
91   4djv   6.72  39.655683
92   2vkm   8.74  47.888442
93   4gid  10.77  46.302790
94   4jfs   5.27  22.030305
95   4j28   5.70  19.649280
96   2wvt   6.12  14.531318
97   2xii   7.20  29.393856
98   4pcs   7.85  23.754354
99   3rr4   4.55  17.608465
100  1s38   5.15  20.920417
101  1r5y   6.46  19.029085
102  3gc5   7.26  21.840147
103  3ge7   8.70  28.799348
104  4dli   5.62  28.146463
105  2zb1   6.32  35.886600
106  4f9w   6.94  36.120206
107  3e92   8.00  38.283740
108  3e93   8.85  40.089188
109  4owm   2.96  16.387981
110  3twp   3.92  16.962736
111  3r88   4.82  17.164917
112  4gkm   5.17  26.367058
113  3qqs   5.82  24.723955
114  3gv9   2.12  12.601837
115  3gr2   2.52  15.052542
116  4kz6   3.10  16.842090
117  4jxs   4.74  21.288583
118  2r9w   5.10  30.332389
119  2hb1   3.80  23.188852
120  1bzc   4.92  29.813874
121  2qbr   6.33  36.593752
122  2qbq   7.44  36.209136
123  2qbp   8.40  40.306364
124  1q8t   4.76  18.180598
125  1ydr   5.52  24.411026
126  1q8u   5.96  26.503459
127  1ydt   7.32  32.875045
128  3ag9   8.05  32.177809
129  3fcq   2.77  18.337998
130  1z9g   5.64  23.804255
131  1qf1   7.32  31.815397
132  5tmn   8.04  32.367448
133  4tmn  10.17  34.600453
134  4ddk   2.29  18.108791
135  4ddh   3.32  17.588362
136  3ivg   4.30  29.115046
137  3coz   5.57  23.347983
138  3coy   6.02  24.162557
139  3pxf   4.43  33.530813
140  4eor   6.30  31.629086
141  2xnb   6.83  22.749933
142  1pxn   7.15  21.240178
143  2fvd   8.52  32.446712
144  4k77   6.63  17.725742
145  4e5w   7.66  23.064158
146  4ivb   8.72  22.667950
147  4ivd   9.52  25.076547
148  4ivc  10.00  23.913843
149  4f09   6.70  19.734320
150  4gfm   7.22  20.358094
151  4hge   7.92  22.672299
152  4e6q   8.36  26.139590
153  4jia   9.22  39.853382
154  2brb   4.86  30.562539
155  2br1   5.14  30.979407
156  3jvr   5.72  28.676201
157  3jvs   6.54  34.019565
158  1nvq   8.25  34.529653
159  3acw   4.76  36.555347
160  4ea2   6.44  34.421096
161  2zcr   6.87  42.154432
162  2zy1   7.40  29.226323
163  2zcq   8.82  32.525460
164  1bcu   3.28  18.244755
165  3bv9   5.36  35.470307
166  1oyt   7.24  35.185227
167  2zda   8.40  34.015865
168  3utu  10.92  44.985687
169  3u9q   4.38  31.599836
170  2yfe   6.63  36.947687
171  3fur   8.00  45.340941
172  3b1m   8.48  42.362842
173  2p4y   9.00  51.970912
174  3uo4   6.52  39.818978
175  3up2   7.40  38.542796
176  3e5a   8.23  34.060179
177  2wtv   8.74  41.363886
178  3myg  10.70  22.483074
179  3kgp   2.57  16.231273
180  1c5z   4.01  19.624681
181  1o5b   5.77  20.671829
182  1owh   7.40  28.217196
183  1sqa   9.21  32.075305
184  4jsz   2.30  12.236006
185  3kwa   4.08  18.004978
186  2weg   6.50  22.704175
187  3ryj   7.80  24.969950
188  3dd0   9.00  21.781489
189  2xdl   3.10  17.522561
190  3b27   5.16  26.647871
191  1yc1   6.17  30.455509
192  3rlr   7.52  33.226675
193  2yki   9.46  44.154724
194  1z95   7.12  43.158080
195  3b68   8.40  41.989361
196  3b5r   8.77  47.547128
197  3b65   9.27  43.036577
198  3g0w   9.52  39.576318
199  4u4s   2.92  13.122240
200  1p1q   4.89  17.988724
201  1syi   5.44  18.324351
202  1p1n   6.80  18.580103
203  2al5   8.40  18.173409
204  3g2z   2.36  11.951946
205  3g31   2.89  18.233776
206  4de2   4.12  20.984624
207  4de3   5.52  20.982460
208  4de1   5.96  19.432006
209  1vso   4.72  24.692964
210  4dld   5.82  27.069492
211  3gbb   6.90  24.140136
212  3fv2   8.11  23.609052
213  3fv1   9.30  23.435840
214  4mgd   4.69  34.240333
215  2qe4   7.96  34.800548
216  1qkt   9.04  33.742068
217  2pog   9.54  36.651285
218  2p15  10.30  56.010568
219  2y5h   5.79  19.854153
220  1lpg   7.09  42.114640
221  2xbv   8.43  33.497033
222  1z6e   9.72  33.191270
223  1mq6  11.15  33.608560
224  1nc3   5.00  14.999666
225  1nc1   6.12  26.634888
226  1y6r  10.11  23.459218
227  4f2w  11.30  24.958874
228  4f3c  11.82  31.090557
229  1uto   2.27  15.823245
230  4abg   3.57  17.705405
231  3gy4   5.10  19.316087
232  1k1i   6.58  34.300093
233  1o3f   7.96  33.142283
234  2yge   5.06  25.660960
235  2fxs   6.06  21.895391
236  2iwx   6.68  24.414552
237  2wer   7.05  25.236337
238  2vw5   8.52  32.026688
239  4kzq   6.10  25.369493
240  4kzu   6.50  29.098978
241  4j21   7.41  26.959660
242  4j3l   7.80  30.144800
243  3kr8   8.10  25.738093
244  2ymd   3.16  19.626490
245  2wnc   6.32  26.142977
246  2xys   7.42  26.032661
247  2wn9   8.52  22.930245
248  2x00  11.33  30.490999
249  3ozt   4.13  26.925336
250  3ozs   5.33  29.190738
251  3oe5   6.88  29.010873
252  3oe4   7.47  25.709749
253  3nw9   9.00  36.258554
254  3ao4   2.07  20.663422
255  3zt2   2.84  28.665463
256  3zsx   3.28  36.179352
257  4cig   3.67  37.107608
258  3zso   5.12  43.052021
259  3n7a   3.70  18.990122
260  4ciw   4.82  17.752576
261  3n86   5.64  24.785088
262  3n76   6.85  29.312413
263  2xb8   7.59  26.311207
264  4bkt   3.62  14.079946
265  4w9c   4.65  22.799591
266  4w9l   5.02  28.822380
267  4w9i   5.96  23.260805
268  4w9h   6.73  25.390694
269  3nq9   4.03  29.275938
270  3ueu   5.24  40.780878
271  3uev   5.89  43.981347
272  3uew   6.31  44.964814
273  3uex   6.92  51.325296
274  3lka   2.82  16.533655
275  3ehy   5.85  17.805380
276  3tsk   7.17  31.328919
277  3nx7   8.10  21.179316
278  4gr0   9.55  40.524630
279  3dxg   2.40  13.511489
280  3d6q   3.76  15.039109
281  1w4o   5.22  13.675840
282  1o0h   5.92  18.830362
283  1u1b   7.80  28.145211

Summary of the scoring power: ===================================
The regression equation: logKa = 0.13 + 2.88 * Score
Number of favorable sample (N) = 283
Pearson correlation coefficient (R) = 0.548
Standard deviation in fitting (SD) = 1.82
=================================================================

Template command for running the bootstrap in R program==========

rm(list=ls());
require(boot);
data_all<-read.table("X-Score_processed_score",header=TRUE);
aa<-c(1:nrow(data_all));

mycore<-function(x,indices)
{
data_1<-matrix(NA,283,2);
for(i in 1:283);
    {
        data_1[i,1]=data_all[x[indices][i],2];
        data_1[i,2]=data_all[x[indices][i],3];
    }
        data_2<-data.frame(data_1);
        names(data_2)<-c("a","b");
        cor(data_2$a,data_2$b);
};

data.boot<-boot(aa,mycore,R=10000,stype="i",sim="ordinary");
sink("X-Score-ci.results");
a<-boot.ci(data.boot,conf=0.9,type=c("bca"));
print(a);
sink();

=================================================================
