     code  logKa       score
1    4llx   2.89   47.947789
2    5c28   5.66   69.111143
3    3uuo   7.96   91.592119
4    3ui7   9.00  108.378295
5    5c2h  11.09  128.318798
6    2v00   3.66   51.907102
7    3wz8   5.82  109.032349
8    3pww   7.32  135.458838
9    3prs   7.82  119.755094
10   3uri   9.00  100.891820
11   4m0z   5.19  114.703678
12   4m0y   6.46   54.369790
13   3qgy   7.80  111.143554
14   4qd6   8.64  111.024770
15   4rfm  10.05   96.979429
16   4cr9   4.10   40.192875
17   4cra   7.22   85.264144
18   4x6p   8.30   90.739608
19   4crc   8.72   86.523077
20   4ty7   9.52   84.278689
21   5aba   2.98   56.625766
22   5a7b   3.57   92.129569
23   4agn   3.97   61.943236
24   4agp   4.69   84.710945
25   4agq   5.01   78.291240
26   3bgz   6.26  162.330235
27   3jya   6.89   83.719220
28   2c3i   7.60  132.072282
29   4k18   8.96  129.169626
30   5dwr  11.22  155.822515
31   3mss   4.66  110.107414
32   3k5v   6.30  128.292138
33   3pyy   6.86  115.633487
34   2v7a   8.30   73.467486
35   4twp  10.00  136.369577
36   3wtj   6.53   84.692429
37   3zdg   7.10   65.817361
38   3u8k   8.66   52.717064
39   4qac   9.40  192.542535
40   3u8n  10.17   64.948492
41   1a30   4.30   53.585300
42   2qnq   6.11  163.065461
43   1g2k   7.96  157.893380
44   1eby   9.70  164.640257
45   3o9i  11.82  127.050743
46   4lzs   4.80   54.434592
47   3u5j   5.61  101.997646
48   4wiv   6.26  125.342066
49   4ogj   6.79  119.932040
50   3p5o   7.30  104.128184
51   1ps3   2.28   13.887822
52   3dx1   3.58   25.417854
53   3d4z   4.89   13.358155
54   3dx2   6.82   48.417394
55   3ejr   8.57   64.148553
56   3l7b   2.40   21.965277
57   4eky   3.52   34.323222
58   3g2n   4.09   33.004635
59   3syr   5.10   18.095763
60   3ebp   5.91  104.952868
61   2w66   4.05   18.546543
62   2w4x   4.85   27.987908
63   2wca   5.60   69.280384
64   2xj7   6.66   33.704018
65   2vvn   7.30   30.228531
66   3aru   3.22   39.118011
67   3arv   5.64  101.499430
68   3ary   6.00   36.905574
69   3arq   6.40   52.254343
70   3arp   7.15  155.969002
71   4ih5   4.11   76.984006
72   4ih7   5.24   87.149581
73   3cj4   6.51   94.974807
74   4eo8   8.15  106.803728
75   3gnw   9.10  127.602734
76   1gpk   5.37   56.090432
77   1h23   8.35  146.642240
78   1h22   9.10  127.320387
79   3f3a   4.19   66.721846
80   3f3c   6.02   73.567664
81   4mme   6.50  106.137403
82   3f3d   7.16   59.183528
83   3f3e   7.70   65.006066
84   2wbg   4.45   73.820395
85   2cbv   5.48   27.661775
86   2j78   6.42   19.305687
87   2j7h   7.19   12.133017
88   2cet   8.02   47.953337
89   3udh   2.85   59.006755
90   3rsx   4.41   61.148516
91   4djv   6.72  123.609178
92   2vkm   8.74  146.707618
93   4gid  10.77  139.125650
94   4jfs   5.27   60.406934
95   4j28   5.70   44.295569
96   2wvt   6.12   13.821844
97   2xii   7.20   60.804256
98   4pcs   7.85   66.103319
99   3rr4   4.55   47.541397
100  1s38   5.15   62.858817
101  1r5y   6.46   48.193711
102  3gc5   7.26   56.707932
103  3ge7   8.70   79.239944
104  4dli   5.62  105.960881
105  2zb1   6.32  138.253337
106  4f9w   6.94  132.690241
107  3e92   8.00  153.017393
108  3e93   8.85  153.108261
109  4owm   2.96   43.375191
110  3twp   3.92   37.530111
111  3r88   4.82   39.713121
112  4gkm   5.17   78.168585
113  3qqs   5.82   72.517723
114  3gv9   2.12   21.248885
115  3gr2   2.52   25.091890
116  4kz6   3.10   37.459766
117  4jxs   4.74   47.575654
118  2r9w   5.10   78.475699
119  2hb1   3.80   52.594441
120  1bzc   4.92  107.776744
121  2qbr   6.33   99.687600
122  2qbq   7.44   96.604586
123  2qbp   8.40  107.783082
124  1q8t   4.76   45.582413
125  1ydr   5.52   87.057687
126  1q8u   5.96   94.208097
127  1ydt   7.32  104.418976
128  3ag9   8.05   71.841721
129  3fcq   2.77   48.303040
130  1z9g   5.64   64.094610
131  1qf1   7.32   97.908518
132  5tmn   8.04  102.002114
133  4tmn  10.17  105.860826
134  4ddk   2.29   48.540398
135  4ddh   3.32   43.772246
136  3ivg   4.30   95.937622
137  3coz   5.57   51.859474
138  3coy   6.02   52.374891
139  3pxf   4.43  115.275100
140  4eor   6.30   96.567604
141  2xnb   6.83   76.323765
142  1pxn   7.15   68.920059
143  2fvd   8.52  103.529586
144  4k77   6.63   44.998332
145  4e5w   7.66   62.199172
146  4ivb   8.72   59.745094
147  4ivd   9.52   67.362112
148  4ivc  10.00   64.743542
149  4f09   6.70   52.638697
150  4gfm   7.22   51.422840
151  4hge   7.92   51.015521
152  4e6q   8.36   67.038827
153  4jia   9.22  121.733806
154  2brb   4.86   95.841153
155  2br1   5.14   91.842631
156  3jvr   5.72   83.080658
157  3jvs   6.54   85.523627
158  1nvq   8.25  111.987190
159  3acw   4.76  154.437751
160  4ea2   6.44  133.443955
161  2zcr   6.87  166.853529
162  2zy1   7.40  116.208937
163  2zcq   8.82  118.523358
164  1bcu   3.28   34.694488
165  3bv9   5.36   85.142965
166  1oyt   7.24   93.067845
167  2zda   8.40   92.326913
168  3utu  10.92  113.029774
169  3u9q   4.38  102.860919
170  2yfe   6.63  137.152870
171  3fur   8.00  178.803895
172  3b1m   8.48  170.715462
173  2p4y   9.00  208.094671
174  3uo4   6.52  117.237608
175  3up2   7.40  118.311660
176  3e5a   8.23  116.321649
177  2wtv   8.74  135.491743
178  3myg  10.70   59.150221
179  3kgp   2.57   30.272480
180  1c5z   4.01   32.569401
181  1o5b   5.77   37.202235
182  1owh   7.40   49.962121
183  1sqa   9.21   55.967877
184  4jsz   2.30    8.327533
185  3kwa   4.08   36.591324
186  2weg   6.50   54.353969
187  3ryj   7.80   71.141745
188  3dd0   9.00   46.301242
189  2xdl   3.10   41.795401
190  3b27   5.16   75.039685
191  1yc1   6.17   61.271078
192  3rlr   7.52   99.940518
193  2yki   9.46  177.482087
194  1z95   7.12  191.784356
195  3b68   8.40  173.774653
196  3b5r   8.77  206.261320
197  3b65   9.27  175.243480
198  3g0w   9.52  166.028977
199  4u4s   2.92   25.179279
200  1p1q   4.89   35.601333
201  1syi   5.44   33.914936
202  1p1n   6.80   34.787976
203  2al5   8.40   33.248358
204  3g2z   2.36   17.596690
205  3g31   2.89   42.050504
206  4de2   4.12   33.192629
207  4de3   5.52   32.105383
208  4de1   5.96   28.962516
209  1vso   4.72   48.445722
210  4dld   5.82   62.124614
211  3gbb   6.90   45.698844
212  3fv2   8.11   35.881524
213  3fv1   9.30   35.396430
214  4mgd   4.69  139.784610
215  2qe4   7.96  134.622359
216  1qkt   9.04  132.451677
217  2pog   9.54  150.368251
218  2p15  10.30  258.963235
219  2y5h   5.79   44.202019
220  1lpg   7.09  107.113407
221  2xbv   8.43  112.230408
222  1z6e   9.72   84.038993
223  1mq6  11.15  101.108466
224  1nc3   5.00   22.164753
225  1nc1   6.12   93.978545
226  1y6r  10.11   75.833731
227  4f2w  11.30   94.300178
228  4f3c  11.82  130.353975
229  1uto   2.27   25.282950
230  4abg   3.57   31.481436
231  3gy4   5.10   30.928259
232  1k1i   6.58   55.726059
233  1o3f   7.96   65.015639
234  2yge   5.06   54.174986
235  2fxs   6.06   44.643216
236  2iwx   6.68   54.381945
237  2wer   7.05   59.260015
238  2vw5   8.52   81.684049
239  4kzq   6.10   96.613082
240  4kzu   6.50  113.766842
241  4j21   7.41  102.451690
242  4j3l   7.80  115.750225
243  3kr8   8.10   88.928380
244  2ymd   3.16   61.998735
245  2wnc   6.32  101.986660
246  2xys   7.42  100.637941
247  2wn9   8.52   65.892282
248  2x00  11.33  113.476356
249  3ozt   4.13   72.147325
250  3ozs   5.33   74.132991
251  3oe5   6.88   79.971114
252  3oe4   7.47   58.930078
253  3nw9   9.00  107.890097
254  3ao4   2.07   55.008394
255  3zt2   2.84   83.947929
256  3zsx   3.28   88.685303
257  4cig   3.67   81.749357
258  3zso   5.12  101.512704
259  3n7a   3.70   34.162965
260  4ciw   4.82   29.269971
261  3n86   5.64   63.297970
262  3n76   6.85   83.913209
263  2xb8   7.59   71.938688
264  4bkt   3.62   30.591885
265  4w9c   4.65   65.869474
266  4w9l   5.02   88.567906
267  4w9i   5.96   68.741465
268  4w9h   6.73   79.131430
269  3nq9   4.03   77.929531
270  3ueu   5.24  139.270898
271  3uev   5.89  156.027539
272  3uew   6.31  165.580492
273  3uex   6.92  194.151523
274  3lka   2.82   40.587215
275  3ehy   5.85   45.012177
276  3tsk   7.17   98.512355
277  3nx7   8.10   46.809576
278  4gr0   9.55  121.236112
279  3dxg   2.40   21.568619
280  3d6q   3.76   20.206385
281  1w4o   5.22   22.521695
282  1o0h   5.92   25.272560
283  1u1b   7.80   44.979494

Summary of the scoring power: ===================================
The regression equation: logKa = 0.03 + 4.33 * Score
Number of favorable sample (N) = 283
Pearson correlation coefficient (R) = 0.526
Standard deviation in fitting (SD) = 1.85
=================================================================

Template command for running the bootstrap in R program==========

rm(list=ls());
require(boot);
data_all<-read.table("X-Score_processed_score",header=TRUE);
aa<-c(1:nrow(data_all));

mycore<-function(x,indices)
{
data_1<-matrix(NA,283,2);
for(i in 1:283);
    {
        data_1[i,1]=data_all[x[indices][i],2];
        data_1[i,2]=data_all[x[indices][i],3];
    }
        data_2<-data.frame(data_1);
        names(data_2)<-c("a","b");
        cor(data_2$a,data_2$b);
};

data.boot<-boot(aa,mycore,R=10000,stype="i",sim="ordinary");
sink("X-Score-ci.results");
a<-boot.ci(data.boot,conf=0.9,type=c("bca"));
print(a);
sink();

=================================================================
