     code  logKa       score
1    4llx   2.89  106.832283
2    5c28   5.66  159.298121
3    3uuo   7.96  223.982946
4    3ui7   9.00  269.538059
5    5c2h  11.09  325.889660
6    2v00   3.66  118.793089
7    3wz8   5.82  281.108093
8    3pww   7.32  353.052675
9    3prs   7.82  313.151656
10   3uri   9.00  245.755985
11   4m0z   5.19  270.762245
12   4m0y   6.46  130.397633
13   3qgy   7.80  285.281472
14   4qd6   8.64  294.947324
15   4rfm  10.05  247.387579
16   4cr9   4.10   88.212907
17   4cra   7.22  224.017315
18   4x6p   8.30  241.892931
19   4crc   8.72  235.385680
20   4ty7   9.52  207.660053
21   5aba   2.98  139.091781
22   5a7b   3.57  242.860443
23   4agn   3.97  153.471483
24   4agp   4.69  222.988050
25   4agq   5.01  202.041407
26   3bgz   6.26  406.846491
27   3jya   6.89  195.996330
28   2c3i   7.60  333.438329
29   4k18   8.96  334.022801
30   5dwr  11.22  396.090272
31   3mss   4.66  269.739968
32   3k5v   6.30  326.774832
33   3pyy   6.86  292.249808
34   2v7a   8.30  195.309159
35   4twp  10.00  348.806232
36   3wtj   6.53  202.505065
37   3zdg   7.10  154.629421
38   3u8k   8.66  119.481839
39   4qac   9.40  477.756145
40   3u8n  10.17  148.845534
41   1a30   4.30  113.184352
42   2qnq   6.11  432.489192
43   1g2k   7.96  420.264091
44   1eby   9.70  424.388223
45   3o9i  11.82  337.141468
46   4lzs   4.80  124.961116
47   3u5j   5.61  259.482473
48   4wiv   6.26  323.912784
49   4ogj   6.79  309.478666
50   3p5o   7.30  267.412960
51   1ps3   2.28    4.910205
52   3dx1   3.58   26.708481
53   3d4z   4.89    5.940412
54   3dx2   6.82   84.767619
55   3ejr   8.57  149.879975
56   3l7b   2.40   45.500834
57   4eky   3.52   71.112726
58   3g2n   4.09   71.970674
59   3syr   5.10   32.762293
60   3ebp   5.91  262.391230
61   2w66   4.05   25.880262
62   2w4x   4.85   55.104742
63   2wca   5.60  168.958781
64   2xj7   6.66   70.865654
65   2vvn   7.30   61.058966
66   3aru   3.22   95.270216
67   3arv   5.64  265.134867
68   3ary   6.00   79.593151
69   3arq   6.40  130.811682
70   3arp   7.15  401.278285
71   4ih5   4.11  185.895665
72   4ih7   5.24  218.422529
73   3cj4   6.51  233.298938
74   4eo8   8.15  261.606430
75   3gnw   9.10  338.527424
76   1gpk   5.37  125.907180
77   1h23   8.35  367.858241
78   1h22   9.10  318.628936
79   3f3a   4.19  140.659097
80   3f3c   6.02  160.768522
81   4mme   6.50  263.835226
82   3f3d   7.16  120.533930
83   3f3e   7.70  131.733355
84   2wbg   4.45  172.757977
85   2cbv   5.48   43.552661
86   2j78   6.42   19.500457
87   2j7h   7.19    2.882344
88   2cet   8.02  104.282016
89   3udh   2.85  135.139312
90   3rsx   4.41  144.332252
91   4djv   6.72  314.377043
92   2vkm   8.74  386.762375
93   4gid  10.77  361.787005
94   4jfs   5.27  141.028946
95   4j28   5.70   87.849979
96   2wvt   6.12    0.948731
97   2xii   7.20  140.566122
98   4pcs   7.85  149.616909
99   3rr4   4.55   99.343777
100  1s38   5.15  139.331700
101  1r5y   6.46   92.814755
102  3gc5   7.26  109.487891
103  3ge7   8.70  174.985750
104  4dli   5.62  259.686001
105  2zb1   6.32  353.437937
106  4f9w   6.94  339.018846
107  3e92   8.00  388.235605
108  3e93   8.85  389.006254
109  4owm   2.96   97.004218
110  3twp   3.92   84.188444
111  3r88   4.82   87.906443
112  4gkm   5.17  189.428558
113  3qqs   5.82  175.602883
114  3gv9   2.12   36.550464
115  3gr2   2.52   59.062342
116  4kz6   3.10   85.979441
117  4jxs   4.74  111.189053
118  2r9w   5.10  205.528895
119  2hb1   3.80  110.164164
120  1bzc   4.92  266.028594
121  2qbr   6.33  244.212425
122  2qbq   7.44  233.275499
123  2qbp   8.40  272.646466
124  1q8t   4.76  108.473348
125  1ydr   5.52  213.492284
126  1q8u   5.96  237.112807
127  1ydt   7.32  265.955771
128  3ag9   8.05  137.788498
129  3fcq   2.77  118.844616
130  1z9g   5.64  147.724935
131  1qf1   7.32  234.558117
132  5tmn   8.04  255.394755
133  4tmn  10.17  272.720395
134  4ddk   2.29  115.682385
135  4ddh   3.32  100.324520
136  3ivg   4.30  239.088597
137  3coz   5.57  111.918880
138  3coy   6.02  112.611752
139  3pxf   4.43  291.235943
140  4eor   6.30  246.410804
141  2xnb   6.83  187.742278
142  1pxn   7.15  163.887729
143  2fvd   8.52  270.983550
144  4k77   6.63  110.023458
145  4e5w   7.66  157.430641
146  4ivb   8.72  148.749538
147  4ivd   9.52  171.552077
148  4ivc  10.00  163.048033
149  4f09   6.70  124.106174
150  4gfm   7.22  129.494569
151  4hge   7.92  128.168030
152  4e6q   8.36  173.025458
153  4jia   9.22  312.711726
154  2brb   4.86  247.789298
155  2br1   5.14  240.875785
156  3jvr   5.72  206.894610
157  3jvs   6.54  221.843405
158  1nvq   8.25  285.106521
159  3acw   4.76  387.752493
160  4ea2   6.44  337.219154
161  2zcr   6.87  429.504614
162  2zy1   7.40  291.598472
163  2zcq   8.82  304.141907
164  1bcu   3.28   77.453229
165  3bv9   5.36  196.442691
166  1oyt   7.24  229.271237
167  2zda   8.40  213.389645
168  3utu  10.92  282.597654
169  3u9q   4.38  241.426149
170  2yfe   6.63  348.471550
171  3fur   8.00  451.137304
172  3b1m   8.48  437.508184
173  2p4y   9.00  537.515148
174  3uo4   6.52  299.873781
175  3up2   7.40  302.297959
176  3e5a   8.23  296.085318
177  2wtv   8.74  357.556376
178  3myg  10.70  144.007239
179  3kgp   2.57   62.657954
180  1c5z   4.01   57.689435
181  1o5b   5.77   72.033697
182  1owh   7.40  116.012341
183  1sqa   9.21  127.953454
184  4jsz   2.30    6.519814
185  3kwa   4.08   62.063992
186  2weg   6.50  123.643276
187  3ryj   7.80  174.029522
188  3dd0   9.00  101.202587
189  2xdl   3.10  102.093466
190  3b27   5.16  182.127452
191  1yc1   6.17  153.013416
192  3rlr   7.52  254.629631
193  2yki   9.46  441.650112
194  1z95   7.12  486.189154
195  3b68   8.40  433.562708
196  3b5r   8.77  519.202330
197  3b65   9.27  433.211873
198  3g0w   9.52  419.324340
199  4u4s   2.92   55.993715
200  1p1q   4.89   63.411600
201  1syi   5.44   60.714198
202  1p1n   6.80   65.507154
203  2al5   8.40   60.816523
204  3g2z   2.36   36.217942
205  3g31   2.89   99.336337
206  4de2   4.12   87.709326
207  4de3   5.52   81.265279
208  4de1   5.96   71.537892
209  1vso   4.72  109.120469
210  4dld   5.82  135.680984
211  3gbb   6.90   92.508766
212  3fv2   8.11   60.176948
213  3fv1   9.30   58.591440
214  4mgd   4.69  339.997498
215  2qe4   7.96  334.348111
216  1qkt   9.04  326.983799
217  2pog   9.54  369.138616
218  2p15  10.30  657.704683
219  2y5h   5.79  109.564894
220  1lpg   7.09  271.792932
221  2xbv   8.43  293.824982
222  1z6e   9.72  217.125488
223  1mq6  11.15  255.518735
224  1nc3   5.00   31.234364
225  1nc1   6.12  219.631618
226  1y6r  10.11  166.077824
227  4f2w  11.30  219.276960
228  4f3c  11.82  311.194416
229  1uto   2.27   51.703626
230  4abg   3.57   69.876238
231  3gy4   5.10   45.569355
232  1k1i   6.58  129.308116
233  1o3f   7.96  152.351028
234  2yge   5.06  144.890796
235  2fxs   6.06  110.763605
236  2iwx   6.68  136.896070
237  2wer   7.05  154.711490
238  2vw5   8.52  216.822711
239  4kzq   6.10  242.922680
240  4kzu   6.50  287.534594
241  4j21   7.41  249.486711
242  4j3l   7.80  287.823999
243  3kr8   8.10  225.748347
244  2ymd   3.16  131.879958
245  2wnc   6.32  254.127761
246  2xys   7.42  253.113911
247  2wn9   8.52  163.910634
248  2x00  11.33  294.829687
249  3ozt   4.13  174.865601
250  3ozs   5.33  179.202350
251  3oe5   6.88  192.885458
252  3oe4   7.47  136.439902
253  3nw9   9.00  272.426734
254  3ao4   2.07  131.981247
255  3zt2   2.84  216.796658
256  3zsx   3.28  243.473347
257  4cig   3.67  230.676870
258  3zso   5.12  289.925731
259  3n7a   3.70   65.065886
260  4ciw   4.82   50.554803
261  3n86   5.64  142.424461
262  3n76   6.85  200.742335
263  2xb8   7.59  165.690421
264  4bkt   3.62   64.778546
265  4w9c   4.65  160.066987
266  4w9l   5.02  223.649851
267  4w9i   5.96  170.122137
268  4w9h   6.73  196.517017
269  3nq9   4.03  179.492465
270  3ueu   5.24  331.372624
271  3uev   5.89  374.647733
272  3uew   6.31  400.403148
273  3uex   6.92  471.716789
274  3lka   2.82   95.249029
275  3ehy   5.85  106.099805
276  3tsk   7.17  244.682803
277  3nx7   8.10  106.418961
278  4gr0   9.55  319.196784
279  3dxg   2.40   49.233744
280  3d6q   3.76   43.601494
281  1w4o   5.22   51.223062
282  1o0h   5.92   51.850698
283  1u1b   7.80  123.950464

Summary of the scoring power: ===================================
The regression equation: logKa = 0.01 + 4.53 * Score
Number of favorable sample (N) = 283
Pearson correlation coefficient (R) = 0.522
Standard deviation in fitting (SD) = 1.85
=================================================================

Template command for running the bootstrap in R program==========

rm(list=ls());
require(boot);
data_all<-read.table("X-Score_processed_score",header=TRUE);
aa<-c(1:nrow(data_all));

mycore<-function(x,indices)
{
data_1<-matrix(NA,283,2);
for(i in 1:283);
    {
        data_1[i,1]=data_all[x[indices][i],2];
        data_1[i,2]=data_all[x[indices][i],3];
    }
        data_2<-data.frame(data_1);
        names(data_2)<-c("a","b");
        cor(data_2$a,data_2$b);
};

data.boot<-boot(aa,mycore,R=10000,stype="i",sim="ordinary");
sink("X-Score-ci.results");
a<-boot.ci(data.boot,conf=0.9,type=c("bca"));
print(a);
sink();

=================================================================
