     code  logKa          score
1    4llx   2.89   45638.187391
2    5c28   5.66   78443.637061
3    3uuo   7.96  128058.585699
4    3ui7   9.00  161217.793278
5    5c2h  11.09  222893.165102
6    2v00   3.66   78886.527470
7    3wz8   5.82  194324.003833
8    3pww   7.32  263174.630408
9    3prs   7.82  252535.763174
10   3uri   9.00  240860.904325
11   4m0z   5.19  200554.745838
12   4m0y   6.46  100496.408850
13   3qgy   7.80  183773.174136
14   4qd6   8.64  184884.332555
15   4rfm  10.05  175904.887567
16   4cr9   4.10   58645.752979
17   4cra   7.22  176718.743511
18   4x6p   8.30  205140.768691
19   4crc   8.72  192290.712116
20   4ty7   9.52  176708.518988
21   5aba   2.98   79024.813771
22   5a7b   3.57  167712.391088
23   4agn   3.97  101831.151942
24   4agp   4.69  144264.449868
25   4agq   5.01  138406.731800
26   3bgz   6.26  224611.162012
27   3jya   6.89  104142.248802
28   2c3i   7.60  192382.888296
29   4k18   8.96  203523.276322
30   5dwr  11.22  239015.904303
31   3mss   4.66  143284.809537
32   3k5v   6.30  178437.407113
33   3pyy   6.86  178518.493350
34   2v7a   8.30  149778.578251
35   4twp  10.00  250420.510855
36   3wtj   6.53  131486.104871
37   3zdg   7.10  109998.097616
38   3u8k   8.66   97317.106773
39   4qac   9.40  273190.712753
40   3u8n  10.17  118843.895944
41   1a30   4.30  107550.621991
42   2qnq   6.11  303030.546216
43   1g2k   7.96  302305.789615
44   1eby   9.70  320887.282212
45   3o9i  11.82  262382.581764
46   4lzs   4.80   76081.013337
47   3u5j   5.61  139796.919933
48   4wiv   6.26  173818.446845
49   4ogj   6.79  178549.487900
50   3p5o   7.30  161686.694484
51   1ps3   2.28   40015.692914
52   3dx1   3.58   35518.367455
53   3d4z   4.89   40701.609516
54   3dx2   6.82   88163.700899
55   3ejr   8.57  133019.942850
56   3l7b   2.40   52244.737955
57   4eky   3.52  116559.176113
58   3g2n   4.09   75177.225970
59   3syr   5.10   56357.773682
60   3ebp   5.91  150239.345097
61   2w66   4.05   65394.417098
62   2w4x   4.85   58331.436104
63   2wca   5.60  130006.571994
64   2xj7   6.66   75435.414797
65   2vvn   7.30   84245.999200
66   3aru   3.22   60253.836388
67   3arv   5.64  142589.116091
68   3ary   6.00   50851.326949
69   3arq   6.40  111135.534130
70   3arp   7.15  242191.869177
71   4ih5   4.11  117269.155744
72   4ih7   5.24  132986.438767
73   3cj4   6.51  136595.948259
74   4eo8   8.15  160358.666996
75   3gnw   9.10  244857.824126
76   1gpk   5.37   92248.107552
77   1h23   8.35  255582.567644
78   1h22   9.10  227670.659592
79   3f3a   4.19  112840.841021
80   3f3c   6.02  110275.483892
81   4mme   6.50  165165.267649
82   3f3d   7.16   90472.898329
83   3f3e   7.70   87834.122569
84   2wbg   4.45  144474.011921
85   2cbv   5.48   57665.982699
86   2j78   6.42   54052.063369
87   2j7h   7.19   30810.365217
88   2cet   8.02  110708.922571
89   3udh   2.85   79821.258947
90   3rsx   4.41   91478.791189
91   4djv   6.72  206616.444684
92   2vkm   8.74  340777.276023
93   4gid  10.77  330843.579048
94   4jfs   5.27   93065.661055
95   4j28   5.70   74319.994146
96   2wvt   6.12   41721.960106
97   2xii   7.20  139554.783836
98   4pcs   7.85   94730.562807
99   3rr4   4.55  103729.133300
100  1s38   5.15   98528.019011
101  1r5y   6.46   84718.393466
102  3gc5   7.26  129568.710695
103  3ge7   8.70  184062.162583
104  4dli   5.62  163387.447867
105  2zb1   6.32  226449.597008
106  4f9w   6.94  206571.847389
107  3e92   8.00  250863.926647
108  3e93   8.85  278812.366311
109  4owm   2.96   46149.142538
110  3twp   3.92   37088.015430
111  3r88   4.82   57368.923152
112  4gkm   5.17  130338.155483
113  3qqs   5.82  117527.986141
114  3gv9   2.12   25000.762686
115  3gr2   2.52   37159.879230
116  4kz6   3.10   56587.546166
117  4jxs   4.74   96054.092119
118  2r9w   5.10  135001.034860
119  2hb1   3.80   69518.803139
120  1bzc   4.92  182074.222778
121  2qbr   6.33  160033.164908
122  2qbq   7.44  163167.891595
123  2qbp   8.40  193478.239362
124  1q8t   4.76   79668.553801
125  1ydr   5.52  142699.417032
126  1q8u   5.96  149648.499466
127  1ydt   7.32  186442.618451
128  3ag9   8.05  194259.211534
129  3fcq   2.77   68151.523765
130  1z9g   5.64  107871.783823
131  1qf1   7.32  179782.091757
132  5tmn   8.04  170491.538489
133  4tmn  10.17  205855.133438
134  4ddk   2.29   63143.533542
135  4ddh   3.32   72032.611269
136  3ivg   4.30  191743.147418
137  3coz   5.57  143977.942265
138  3coy   6.02  151064.765728
139  3pxf   4.43  145746.860446
140  4eor   6.30  180391.058209
141  2xnb   6.83  142006.520513
142  1pxn   7.15  133377.523869
143  2fvd   8.52  179056.596858
144  4k77   6.63   77179.599080
145  4e5w   7.66  143736.785142
146  4ivb   8.72  113744.025516
147  4ivd   9.52  139176.299696
148  4ivc  10.00  132359.908141
149  4f09   6.70   92534.553674
150  4gfm   7.22   77485.175416
151  4hge   7.92  106498.250037
152  4e6q   8.36  131850.629627
153  4jia   9.22  189286.722166
154  2brb   4.86  153660.368016
155  2br1   5.14  155207.002333
156  3jvr   5.72  122695.471290
157  3jvs   6.54  161400.823215
158  1nvq   8.25  208039.425750
159  3acw   4.76  217595.141929
160  4ea2   6.44  239855.077569
161  2zcr   6.87  253383.401204
162  2zy1   7.40  170631.312252
163  2zcq   8.82  187733.698238
164  1bcu   3.28   51190.789982
165  3bv9   5.36  167958.578174
166  1oyt   7.24  162516.759228
167  2zda   8.40  172427.708684
168  3utu  10.92  234268.394510
169  3u9q   4.38  142094.032429
170  2yfe   6.63  209176.157352
171  3fur   8.00  271542.047982
172  3b1m   8.48  277753.876149
173  2p4y   9.00  326986.790763
174  3uo4   6.52  210283.699890
175  3up2   7.40  188913.110852
176  3e5a   8.23  891498.718356
177  2wtv   8.74  218530.704836
178  3myg  10.70  135607.772029
179  3kgp   2.57   41524.028293
180  1c5z   4.01   46065.637921
181  1o5b   5.77   64086.618986
182  1owh   7.40   98814.469996
183  1sqa   9.21  130921.344218
184  4jsz   2.30    8364.928203
185  3kwa   4.08   95102.611037
186  2weg   6.50   60955.586894
187  3ryj   7.80   94491.376662
188  3dd0   9.00   68704.440143
189  2xdl   3.10   74078.313279
190  3b27   5.16  103908.843763
191  1yc1   6.17  127183.209019
192  3rlr   7.52  162060.628009
193  2yki   9.46  304235.553564
194  1z95   7.12  292433.800432
195  3b68   8.40  289772.853889
196  3b5r   8.77  300897.608727
197  3b65   9.27  271398.099406
198  3g0w   9.52  235602.521339
199  4u4s   2.92   53152.020610
200  1p1q   4.89   83016.809869
201  1syi   5.44   88109.317130
202  1p1n   6.80   65554.894399
203  2al5   8.40   72198.826333
204  3g2z   2.36   24032.331851
205  3g31   2.89   35144.992882
206  4de2   4.12   86121.568446
207  4de3   5.52   83142.341380
208  4de1   5.96   88742.630330
209  1vso   4.72   86068.174292
210  4dld   5.82  115437.850272
211  3gbb   6.90   95964.386025
212  3fv2   8.11   93628.098355
213  3fv1   9.30  104985.983629
214  4mgd   4.69  176550.895031
215  2qe4   7.96  204979.261836
216  1qkt   9.04  186899.665489
217  2pog   9.54  209453.822505
218  2p15  10.30  369102.838604
219  2y5h   5.79  102473.115365
220  1lpg   7.09  239316.496001
221  2xbv   8.43  204052.570801
222  1z6e   9.72  179743.402627
223  1mq6  11.15  186842.622135
224  1nc3   5.00   93804.736487
225  1nc1   6.12  197321.598210
226  1y6r  10.11  161556.680008
227  4f2w  11.30  181649.286470
228  4f3c  11.82  245219.110032
229  1uto   2.27   25645.925886
230  4abg   3.57   50647.627733
231  3gy4   5.10   43377.471512
232  1k1i   6.58  123007.226229
233  1o3f   7.96  148146.371864
234  2yge   5.06  120801.878282
235  2fxs   6.06   86893.375395
236  2iwx   6.68   91947.754322
237  2wer   7.05  105383.759691
238  2vw5   8.52  165205.139369
239  4kzq   6.10  147428.640837
240  4kzu   6.50  168063.316761
241  4j21   7.41  154185.046511
242  4j3l   7.80  178407.274957
243  3kr8   8.10  153118.277136
244  2ymd   3.16  103160.236939
245  2wnc   6.32  156259.915252
246  2xys   7.42  161027.156211
247  2wn9   8.52  106506.407612
248  2x00  11.33  199481.161604
249  3ozt   4.13  173159.128206
250  3ozs   5.33  166957.442162
251  3oe5   6.88  193154.357139
252  3oe4   7.47  170279.131083
253  3nw9   9.00  249587.090302
254  3ao4   2.07   96874.420412
255  3zt2   2.84  132420.347656
256  3zsx   3.28  156041.193225
257  4cig   3.67  159531.221353
258  3zso   5.12  197336.542912
259  3n7a   3.70   59156.317759
260  4ciw   4.82   66404.007438
261  3n86   5.64  144423.387354
262  3n76   6.85  178247.001091
263  2xb8   7.59  141950.686132
264  4bkt   3.62   50056.634819
265  4w9c   4.65  118080.215916
266  4w9l   5.02  183482.719368
267  4w9i   5.96  134832.731473
268  4w9h   6.73  160308.113154
269  3nq9   4.03   81668.387454
270  3ueu   5.24  175080.981580
271  3uev   5.89  205376.511425
272  3uew   6.31  219952.443097
273  3uex   6.92  263349.561920
274  3lka   2.82   65118.383019
275  3ehy   5.85   77971.813187
276  3tsk   7.17  200109.490020
277  3nx7   8.10   79819.574844
278  4gr0   9.55  245135.515571
279  3dxg   2.40   21305.667497
280  3d6q   3.76   25919.825307
281  1w4o   5.22   42469.813423
282  1o0h   5.92   59617.992692
283  1u1b   7.80  108125.189719

Summary of the scoring power: ===================================
The regression equation: logKa = 0.00 + 4.35 * Score
Number of favorable sample (N) = 283
Pearson correlation coefficient (R) = 0.559
Standard deviation in fitting (SD) = 1.80
=================================================================

Template command for running the bootstrap in R program==========

rm(list=ls());
require(boot);
data_all<-read.table("X-Score_processed_score",header=TRUE);
aa<-c(1:nrow(data_all));

mycore<-function(x,indices)
{
data_1<-matrix(NA,283,2);
for(i in 1:283);
    {
        data_1[i,1]=data_all[x[indices][i],2];
        data_1[i,2]=data_all[x[indices][i],3];
    }
        data_2<-data.frame(data_1);
        names(data_2)<-c("a","b");
        cor(data_2$a,data_2$b);
};

data.boot<-boot(aa,mycore,R=10000,stype="i",sim="ordinary");
sink("X-Score-ci.results");
a<-boot.ci(data.boot,conf=0.9,type=c("bca"));
print(a);
sink();

=================================================================
