     code  logKa       score
1    4llx   2.89   27.297971
2    5c28   5.66   38.992379
3    3uuo   7.96   61.267651
4    3ui7   9.00   75.706611
5    5c2h  11.09   96.245533
6    2v00   3.66   43.926574
7    3wz8   5.82  101.739746
8    3pww   7.32  130.031708
9    3prs   7.82  119.956382
10   3uri   9.00   81.399415
11   4m0z   5.19   64.718934
12   4m0y   6.46   49.373446
13   3qgy   7.80   91.496847
14   4qd6   8.64  109.042440
15   4rfm  10.05   87.598878
16   4cr9   4.10   29.341458
17   4cra   7.22   92.401704
18   4x6p   8.30  101.258008
19   4crc   8.72  101.274418
20   4ty7   9.52   79.979033
21   5aba   2.98   61.869329
22   5a7b   3.57   97.582166
23   4agn   3.97   65.021772
24   4agp   4.69   94.356527
25   4agq   5.01   84.528520
26   3bgz   6.26  117.572135
27   3jya   6.89   56.295266
28   2c3i   7.60   91.431887
29   4k18   8.96  113.774271
30   5dwr  11.22  124.879265
31   3mss   4.66   68.224042
32   3k5v   6.30   97.210486
33   3pyy   6.86   86.741171
34   2v7a   8.30   89.198208
35   4twp  10.00   99.928699
36   3wtj   6.53   52.766899
37   3zdg   7.10   38.585510
38   3u8k   8.66   33.100043
39   4qac   9.40  113.090430
40   3u8n  10.17   38.788900
41   1a30   4.30   46.714210
42   2qnq   6.11  149.109402
43   1g2k   7.96  145.526718
44   1eby   9.70  134.523063
45   3o9i  11.82  121.956624
46   4lzs   4.80   36.496485
47   3u5j   5.61   85.190060
48   4wiv   6.26  103.714875
49   4ogj   6.79  112.435253
50   3p5o   7.30   89.520759
51   1ps3   2.28    6.298888
52   3dx1   3.58    6.516014
53   3d4z   4.89    7.317771
54   3dx2   6.82   17.126900
55   3ejr   8.57   52.689598
56   3l7b   2.40   26.823965
57   4eky   3.52   33.347062
58   3g2n   4.09   33.191711
59   3syr   5.10   21.974651
60   3ebp   5.91   75.679548
61   2w66   4.05    7.916963
62   2w4x   4.85   21.742774
63   2wca   5.60   59.589613
64   2xj7   6.66   23.222764
65   2vvn   7.30   22.930824
66   3aru   3.22   37.011430
67   3arv   5.64   85.134929
68   3ary   6.00   23.937655
69   3arq   6.40   53.508448
70   3arp   7.15  110.113731
71   4ih5   4.11   54.044262
72   4ih7   5.24   68.568536
73   3cj4   6.51   61.537721
74   4eo8   8.15   81.489028
75   3gnw   9.10  118.939521
76   1gpk   5.37   34.018167
77   1h23   8.35   99.753811
78   1h22   9.10   87.535076
79   3f3a   4.19   32.740548
80   3f3c   6.02   43.573868
81   4mme   6.50   73.444816
82   3f3d   7.16   31.033889
83   3f3e   7.70   31.678452
84   2wbg   4.45   50.304655
85   2cbv   5.48   13.676311
86   2j78   6.42    9.123725
87   2j7h   7.19    3.631612
88   2cet   8.02   37.384129
89   3udh   2.85   37.332792
90   3rsx   4.41   46.586394
91   4djv   6.72  108.066403
92   2vkm   8.74  141.046001
93   4gid  10.77  131.176655
94   4jfs   5.27   44.741950
95   4j28   5.70   25.676742
96   2wvt   6.12    1.261905
97   2xii   7.20   56.702879
98   4pcs   7.85   43.050811
99   3rr4   4.55   25.499274
100  1s38   5.15   36.064970
101  1r5y   6.46   20.438367
102  3gc5   7.26   22.710757
103  3ge7   8.70   48.941449
104  4dli   5.62   69.136410
105  2zb1   6.32  102.841772
106  4f9w   6.94  102.318805
107  3e92   8.00  108.540954
108  3e93   8.85  112.071094
109  4owm   2.96   29.375082
110  3twp   3.92   32.626764
111  3r88   4.82   31.686211
112  4gkm   5.17   60.147161
113  3qqs   5.82   56.513853
114  3gv9   2.12   14.315145
115  3gr2   2.52   31.859797
116  4kz6   3.10   33.416064
117  4jxs   4.74   43.193505
118  2r9w   5.10   81.403116
119  2hb1   3.80   38.540642
120  1bzc   4.92   73.596223
121  2qbr   6.33   88.156433
122  2qbq   7.44   81.640583
123  2qbp   8.40  104.047987
124  1q8t   4.76   39.097274
125  1ydr   5.52   61.040094
126  1q8u   5.96   71.775865
127  1ydt   7.32   88.384063
128  3ag9   8.05   37.703055
129  3fcq   2.77   41.892096
130  1z9g   5.64   48.138844
131  1qf1   7.32   70.707096
132  5tmn   8.04   79.385410
133  4tmn  10.17   91.014906
134  4ddk   2.29   39.609822
135  4ddh   3.32   33.300793
136  3ivg   4.30   73.533952
137  3coz   5.57   40.304613
138  3coy   6.02   42.072330
139  3pxf   4.43   92.523153
140  4eor   6.30   85.081823
141  2xnb   6.83   56.440972
142  1pxn   7.15   46.809973
143  2fvd   8.52   95.462840
144  4k77   6.63   41.042537
145  4e5w   7.66   59.012189
146  4ivb   8.72   56.335982
147  4ivd   9.52   65.733996
148  4ivc  10.00   61.466317
149  4f09   6.70   44.052923
150  4gfm   7.22   50.872667
151  4hge   7.92   55.544424
152  4e6q   8.36   70.611467
153  4jia   9.22  113.916441
154  2brb   4.86   84.764560
155  2br1   5.14   88.348454
156  3jvr   5.72   70.290311
157  3jvs   6.54   89.127922
158  1nvq   8.25   93.672734
159  3acw   4.76  102.690243
160  4ea2   6.44   94.575601
161  2zcr   6.87  124.696663
162  2zy1   7.40   80.012763
163  2zcq   8.82   94.203000
164  1bcu   3.28   32.805704
165  3bv9   5.36   72.347223
166  1oyt   7.24   81.636464
167  2zda   8.40   66.089470
168  3utu  10.92  107.235312
169  3u9q   4.38   69.316665
170  2yfe   6.63  102.407315
171  3fur   8.00  125.282933
172  3b1m   8.48  124.090792
173  2p4y   9.00  156.712293
174  3uo4   6.52  108.681377
175  3up2   7.40  107.572426
176  3e5a   8.23   94.177243
177  2wtv   8.74  122.840923
178  3myg  10.70   52.091273
179  3kgp   2.57   24.342599
180  1c5z   4.01   21.806950
181  1o5b   5.77   26.061593
182  1owh   7.40   53.042858
183  1sqa   9.21   58.848777
184  4jsz   2.30   20.746114
185  3kwa   4.08   15.522456
186  2weg   6.50   45.368218
187  3ryj   7.80   61.087015
188  3dd0   9.00   40.325486
189  2xdl   3.10   40.752287
190  3b27   5.16   63.448556
191  1yc1   6.17   76.840337
192  3rlr   7.52   91.333332
193  2yki   9.46  119.589633
194  1z95   7.12  127.407021
195  3b68   8.40  117.226862
196  3b5r   8.77  137.870684
197  3b65   9.27  115.975229
198  3g0w   9.52  115.130454
199  4u4s   2.92   25.542802
200  1p1q   4.89   19.672170
201  1syi   5.44   21.852280
202  1p1n   6.80   24.281404
203  2al5   8.40   23.149382
204  3g2z   2.36   20.783818
205  3g31   2.89   40.698778
206  4de2   4.12   54.813832
207  4de3   5.52   50.933057
208  4de1   5.96   46.347126
209  1vso   4.72   48.811950
210  4dld   5.82   47.067108
211  3gbb   6.90   38.606299
212  3fv2   8.11   29.296284
213  3fv1   9.30   28.030858
214  4mgd   4.69   84.380912
215  2qe4   7.96   91.617522
216  1qkt   9.04   86.912405
217  2pog   9.54   93.736331
218  2p15  10.30  166.269096
219  2y5h   5.79   47.304491
220  1lpg   7.09  101.384334
221  2xbv   8.43   98.470446
222  1z6e   9.72   88.177790
223  1mq6  11.15   87.323723
224  1nc3   5.00   13.627974
225  1nc1   6.12   57.145654
226  1y6r  10.11   39.845535
227  4f2w  11.30   52.013568
228  4f3c  11.82   71.841602
229  1uto   2.27   25.521948
230  4abg   3.57   33.175074
231  3gy4   5.10   13.300956
232  1k1i   6.58   74.306362
233  1o3f   7.96   64.258683
234  2yge   5.06   75.969764
235  2fxs   6.06   56.747441
236  2iwx   6.68   63.124299
237  2wer   7.05   69.151204
238  2vw5   8.52   92.475316
239  4kzq   6.10   68.057378
240  4kzu   6.50   79.881122
241  4j21   7.41   63.870386
242  4j3l   7.80   77.939261
243  3kr8   8.10   70.631505
244  2ymd   3.16   29.036669
245  2wnc   6.32   68.568067
246  2xys   7.42   70.435142
247  2wn9   8.52   57.043430
248  2x00  11.33   89.647298
249  3ozt   4.13   63.672996
250  3ozs   5.33   69.423329
251  3oe5   6.88   67.943516
252  3oe4   7.47   54.986457
253  3nw9   9.00   95.758008
254  3ao4   2.07   46.452447
255  3zt2   2.84   78.718739
256  3zsx   3.28  107.243584
257  4cig   3.67  111.587305
258  3zso   5.12  136.240029
259  3n7a   3.70   27.113543
260  4ciw   4.82   21.753951
261  3n86   5.64   46.772700
262  3n76   6.85   65.750404
263  2xb8   7.59   53.680219
264  4bkt   3.62   24.080651
265  4w9c   4.65   52.371091
266  4w9l   5.02   74.103067
267  4w9i   5.96   57.199963
268  4w9h   6.73   62.938390
269  3nq9   4.03   64.063784
270  3ueu   5.24   94.969478
271  3uev   5.89  105.277312
272  3uew   6.31  108.740725
273  3uex   6.92  126.945348
274  3lka   2.82   35.790246
275  3ehy   5.85   36.878023
276  3tsk   7.17   77.750927
277  3nx7   8.10   42.315390
278  4gr0   9.55  117.148112
279  3dxg   2.40   29.269366
280  3d6q   3.76   33.996279
281  1w4o   5.22   28.385293
282  1o0h   5.92   33.008165
283  1u1b   7.80   79.227899

Summary of the scoring power: ===================================
The regression equation: logKa = 0.03 + 4.32 * Score
Number of favorable sample (N) = 283
Pearson correlation coefficient (R) = 0.507
Standard deviation in fitting (SD) = 1.87
=================================================================

Template command for running the bootstrap in R program==========

rm(list=ls());
require(boot);
data_all<-read.table("X-Score_processed_score",header=TRUE);
aa<-c(1:nrow(data_all));

mycore<-function(x,indices)
{
data_1<-matrix(NA,283,2);
for(i in 1:283);
    {
        data_1[i,1]=data_all[x[indices][i],2];
        data_1[i,2]=data_all[x[indices][i],3];
    }
        data_2<-data.frame(data_1);
        names(data_2)<-c("a","b");
        cor(data_2$a,data_2$b);
};

data.boot<-boot(aa,mycore,R=10000,stype="i",sim="ordinary");
sink("X-Score-ci.results");
a<-boot.ci(data.boot,conf=0.9,type=c("bca"));
print(a);
sink();

=================================================================
