     code  logKa         score
1    4llx   2.89  7.170334e+05
2    5c28   5.66  1.106090e+06
3    3uuo   7.96  1.512951e+06
4    3ui7   9.00  1.813635e+06
5    5c2h  11.09  2.174947e+06
6    2v00   3.66  8.448077e+05
7    3wz8   5.82  1.857814e+06
8    3pww   7.32  2.370801e+06
9    3prs   7.82  2.085902e+06
10   3uri   9.00  1.876701e+06
11   4m0z   5.19  1.977160e+06
12   4m0y   6.46  8.648126e+05
13   3qgy   7.80  1.897502e+06
14   4qd6   8.64  1.927497e+06
15   4rfm  10.05  1.654099e+06
16   4cr9   4.10  6.198706e+05
17   4cra   7.22  1.485016e+06
18   4x6p   8.30  1.589081e+06
19   4crc   8.72  1.527878e+06
20   4ty7   9.52  1.516600e+06
21   5aba   2.98  9.148407e+05
22   5a7b   3.57  1.561899e+06
23   4agn   3.97  1.015144e+06
24   4agp   4.69  1.429311e+06
25   4agq   5.01  1.311546e+06
26   3bgz   6.26  2.814086e+06
27   3jya   6.89  1.365877e+06
28   2c3i   7.60  2.223411e+06
29   4k18   8.96  2.215422e+06
30   5dwr  11.22  2.698176e+06
31   3mss   4.66  1.840489e+06
32   3k5v   6.30  2.191034e+06
33   3pyy   6.86  1.950805e+06
34   2v7a   8.30  1.234325e+06
35   4twp  10.00  2.341584e+06
36   3wtj   6.53  1.397005e+06
37   3zdg   7.10  1.044113e+06
38   3u8k   8.66  8.403804e+05
39   4qac   9.40  3.281134e+06
40   3u8n  10.17  1.059435e+06
41   1a30   4.30  9.739277e+05
42   2qnq   6.11  2.848957e+06
43   1g2k   7.96  2.769120e+06
44   1eby   9.70  2.878564e+06
45   3o9i  11.82  2.217115e+06
46   4lzs   4.80  8.435705e+05
47   3u5j   5.61  1.692332e+06
48   4wiv   6.26  2.140145e+06
49   4ogj   6.79  2.062474e+06
50   3p5o   7.30  1.769557e+06
51   1ps3   2.28  2.200541e+05
52   3dx1   3.58  4.538224e+05
53   3d4z   4.89  1.984941e+05
54   3dx2   6.82  8.570142e+05
55   3ejr   8.57  1.135702e+06
56   3l7b   2.40  3.725844e+05
57   4eky   3.52  6.303705e+05
58   3g2n   4.09  5.395456e+05
59   3syr   5.10  2.975914e+05
60   3ebp   5.91  1.752376e+06
61   2w66   4.05  2.448588e+05
62   2w4x   4.85  4.257230e+05
63   2wca   5.60  1.186321e+06
64   2xj7   6.66  5.052960e+05
65   2vvn   7.30  4.928446e+05
66   3aru   3.22  5.741206e+05
67   3arv   5.64  1.642577e+06
68   3ary   6.00  5.250931e+05
69   3arq   6.40  8.561112e+05
70   3arp   7.15  2.668225e+06
71   4ih5   4.11  1.273586e+06
72   4ih7   5.24  1.432910e+06
73   3cj4   6.51  1.616642e+06
74   4eo8   8.15  1.842974e+06
75   3gnw   9.10  2.224497e+06
76   1gpk   5.37  8.939331e+05
77   1h23   8.35  2.544635e+06
78   1h22   9.10  2.194203e+06
79   3f3a   4.19  1.141600e+06
80   3f3c   6.02  1.305753e+06
81   4mme   6.50  1.786681e+06
82   3f3d   7.16  1.049834e+06
83   3f3e   7.70  1.151141e+06
84   2wbg   4.45  1.314382e+06
85   2cbv   5.48  4.793878e+05
86   2j78   6.42  3.509113e+05
87   2j7h   7.19  1.845585e+05
88   2cet   8.02  8.332718e+05
89   3udh   2.85  9.228949e+05
90   3rsx   4.41  9.800599e+05
91   4djv   6.72  2.106374e+06
92   2vkm   8.74  2.580833e+06
93   4gid  10.77  2.479426e+06
94   4jfs   5.27  1.039783e+06
95   4j28   5.70  7.903032e+05
96   2wvt   6.12  3.009524e+05
97   2xii   7.20  1.141303e+06
98   4pcs   7.85  1.167026e+06
99   3rr4   4.55  7.842024e+05
100  1s38   5.15  1.054440e+06
101  1r5y   6.46  8.194153e+05
102  3gc5   7.26  1.005453e+06
103  3ge7   8.70  1.419920e+06
104  4dli   5.62  1.749485e+06
105  2zb1   6.32  2.354897e+06
106  4f9w   6.94  2.229930e+06
107  3e92   8.00  2.628634e+06
108  3e93   8.85  2.649582e+06
109  4owm   2.96  6.820335e+05
110  3twp   3.92  5.791689e+05
111  3r88   4.82  6.196361e+05
112  4gkm   5.17  1.344092e+06
113  3qqs   5.82  1.233431e+06
114  3gv9   2.12  3.069818e+05
115  3gr2   2.52  3.829897e+05
116  4kz6   3.10  6.116965e+05
117  4jxs   4.74  8.502366e+05
118  2r9w   5.10  1.397314e+06
119  2hb1   3.80  9.137861e+05
120  1bzc   4.92  1.926373e+06
121  2qbr   6.33  1.756852e+06
122  2qbq   7.44  1.739404e+06
123  2qbp   8.40  1.933865e+06
124  1q8t   4.76  7.032217e+05
125  1ydr   5.52  1.438420e+06
126  1q8u   5.96  1.559733e+06
127  1ydt   7.32  1.770035e+06
128  3ag9   8.05  1.507624e+06
129  3fcq   2.77  7.433053e+05
130  1z9g   5.64  1.109428e+06
131  1qf1   7.32  1.742316e+06
132  5tmn   8.04  1.819145e+06
133  4tmn  10.17  1.891660e+06
134  4ddk   2.29  7.528609e+05
135  4ddh   3.32  6.888369e+05
136  3ivg   4.30  1.640355e+06
137  3coz   5.57  9.500784e+05
138  3coy   6.02  9.615099e+05
139  3pxf   4.43  1.930860e+06
140  4eor   6.30  1.652040e+06
141  2xnb   6.83  1.254466e+06
142  1pxn   7.15  1.121950e+06
143  2fvd   8.52  1.759561e+06
144  4k77   6.63  6.898117e+05
145  4e5w   7.66  1.016945e+06
146  4ivb   8.72  9.772861e+05
147  4ivd   9.52  1.118836e+06
148  4ivc  10.00  1.063322e+06
149  4f09   6.70  8.345882e+05
150  4gfm   7.22  8.002874e+05
151  4hge   7.92  8.285014e+05
152  4e6q   8.36  1.091572e+06
153  4jia   9.22  2.074344e+06
154  2brb   4.86  1.619792e+06
155  2br1   5.14  1.558779e+06
156  3jvr   5.72  1.384581e+06
157  3jvs   6.54  1.466155e+06
158  1nvq   8.25  1.918419e+06
159  3acw   4.76  2.606099e+06
160  4ea2   6.44  2.245627e+06
161  2zcr   6.87  2.904811e+06
162  2zy1   7.40  1.971471e+06
163  2zcq   8.82  2.037846e+06
164  1bcu   3.28  5.175841e+05
165  3bv9   5.36  1.577962e+06
166  1oyt   7.24  1.673564e+06
167  2zda   8.40  1.663032e+06
168  3utu  10.92  2.085527e+06
169  3u9q   4.38  1.739985e+06
170  2yfe   6.63  2.359623e+06
171  3fur   8.00  3.065286e+06
172  3b1m   8.48  2.941695e+06
173  2p4y   9.00  3.648199e+06
174  3uo4   6.52  2.033913e+06
175  3up2   7.40  2.050474e+06
176  3e5a   8.23  1.991532e+06
177  2wtv   8.74  2.353888e+06
178  3myg  10.70  9.660749e+05
179  3kgp   2.57  4.754303e+05
180  1c5z   4.01  5.618349e+05
181  1o5b   5.77  6.381058e+05
182  1owh   7.40  8.981620e+05
183  1sqa   9.21  1.056651e+06
184  4jsz   2.30  4.662342e+04
185  3kwa   4.08  6.101485e+05
186  2weg   6.50  9.071301e+05
187  3ryj   7.80  1.176980e+06
188  3dd0   9.00  7.652562e+05
189  2xdl   3.10  6.425140e+05
190  3b27   5.16  1.244228e+06
191  1yc1   6.17  1.067433e+06
192  3rlr   7.52  1.688329e+06
193  2yki   9.46  3.043246e+06
194  1z95   7.12  3.297858e+06
195  3b68   8.40  2.983272e+06
196  3b5r   8.77  3.560255e+06
197  3b65   9.27  2.991475e+06
198  3g0w   9.52  2.824566e+06
199  4u4s   2.92  3.130406e+05
200  1p1q   4.89  6.370464e+05
201  1syi   5.44  6.122918e+05
202  1p1n   6.80  6.316611e+05
203  2al5   8.40  6.033959e+05
204  3g2z   2.36  2.092895e+05
205  3g31   2.89  6.429226e+05
206  4de2   4.12  5.323084e+05
207  4de3   5.52  5.148133e+05
208  4de1   5.96  4.550906e+05
209  1vso   4.72  8.821374e+05
210  4dld   5.82  1.163755e+06
211  3gbb   6.90  8.521425e+05
212  3fv2   8.11  7.247026e+05
213  3fv1   9.30  7.289091e+05
214  4mgd   4.69  2.363305e+06
215  2qe4   7.96  2.304057e+06
216  1qkt   9.04  2.250578e+06
217  2pog   9.54  2.572753e+06
218  2p15  10.30  4.505645e+06
219  2y5h   5.79  7.094452e+05
220  1lpg   7.09  1.961300e+06
221  2xbv   8.43  1.903728e+06
222  1z6e   9.72  1.461201e+06
223  1mq6  11.15  1.748959e+06
224  1nc3   5.00  3.573636e+05
225  1nc1   6.12  1.610877e+06
226  1y6r  10.11  1.303765e+06
227  4f2w  11.30  1.595524e+06
228  4f3c  11.82  2.236964e+06
229  1uto   2.27  3.564911e+05
230  4abg   3.57  4.664554e+05
231  3gy4   5.10  5.467554e+05
232  1k1i   6.58  1.102200e+06
233  1o3f   7.96  1.213750e+06
234  2yge   5.06  8.981378e+05
235  2fxs   6.06  7.178228e+05
236  2iwx   6.68  8.917296e+05
237  2wer   7.05  9.700173e+05
238  2vw5   8.52  1.389479e+06
239  4kzq   6.10  1.590034e+06
240  4kzu   6.50  1.889993e+06
241  4j21   7.41  1.705148e+06
242  4j3l   7.80  1.946981e+06
243  3kr8   8.10  1.471593e+06
244  2ymd   3.16  1.031816e+06
245  2wnc   6.32  1.709334e+06
246  2xys   7.42  1.667454e+06
247  2wn9   8.52  1.068026e+06
248  2x00  11.33  1.901770e+06
249  3ozt   4.13  1.254930e+06
250  3ozs   5.33  1.298194e+06
251  3oe5   6.88  1.391115e+06
252  3oe4   7.47  1.038679e+06
253  3nw9   9.00  1.911263e+06
254  3ao4   2.07  8.718475e+05
255  3zt2   2.84  1.427165e+06
256  3zsx   3.28  1.550651e+06
257  4cig   3.67  1.429449e+06
258  3zso   5.12  1.803439e+06
259  3n7a   3.70  5.960421e+05
260  4ciw   4.82  5.138433e+05
261  3n86   5.64  1.138088e+06
262  3n76   6.85  1.488620e+06
263  2xb8   7.59  1.279000e+06
264  4bkt   3.62  4.233583e+05
265  4w9c   4.65  1.092250e+06
266  4w9l   5.02  1.513277e+06
267  4w9i   5.96  1.137916e+06
268  4w9h   6.73  1.328525e+06
269  3nq9   4.03  1.272489e+06
270  3ueu   5.24  2.376858e+06
271  3uev   5.89  2.672168e+06
272  3uew   6.31  2.854964e+06
273  3uex   6.92  3.370751e+06
274  3lka   2.82  5.945621e+05
275  3ehy   5.85  7.019078e+05
276  3tsk   7.17  1.708189e+06
277  3nx7   8.10  7.555230e+05
278  4gr0   9.55  2.102187e+06
279  3dxg   2.40  2.761736e+05
280  3d6q   3.76  2.641991e+05
281  1w4o   5.22  3.449952e+05
282  1o0h   5.92  5.003107e+05
283  1u1b   7.80  8.507550e+05

Summary of the scoring power: ===================================
The regression equation: logKa = 0.00 + 4.31 * Score
Number of favorable sample (N) = 283
Pearson correlation coefficient (R) = 0.543
Standard deviation in fitting (SD) = 1.82
=================================================================

Template command for running the bootstrap in R program==========

rm(list=ls());
require(boot);
data_all<-read.table("X-Score_processed_score",header=TRUE);
aa<-c(1:nrow(data_all));

mycore<-function(x,indices)
{
data_1<-matrix(NA,283,2);
for(i in 1:283);
    {
        data_1[i,1]=data_all[x[indices][i],2];
        data_1[i,2]=data_all[x[indices][i],3];
    }
        data_2<-data.frame(data_1);
        names(data_2)<-c("a","b");
        cor(data_2$a,data_2$b);
};

data.boot<-boot(aa,mycore,R=10000,stype="i",sim="ordinary");
sink("X-Score-ci.results");
a<-boot.ci(data.boot,conf=0.9,type=c("bca"));
print(a);
sink();

=================================================================
