     code  logKa         score
1    4llx   2.89    102.268562
2    5c28   5.66    128.917969
3    3uuo   7.96    197.673846
4    3ui7   9.00    244.836978
5    5c2h  11.09    352.032050
6    2v00   3.66    178.886374
7    3wz8   5.82    323.445218
8    3pww   7.32    431.142550
9    3prs   7.82    449.705283
10   3uri   9.00    335.179278
11   4m0z   5.19    316.478221
12   4m0y   6.46    218.477684
13   3qgy   7.80    283.890730
14   4qd6   8.64    275.659377
15   4rfm  10.05    310.533183
16   4cr9   4.10    153.410229
17   4cra   7.22    337.388307
18   4x6p   8.30    396.895983
19   4crc   8.72    379.432186
20   4ty7   9.52    335.500967
21   5aba   2.98    164.304272
22   5a7b   3.57    290.320629
23   4agn   3.97    206.651943
24   4agp   4.69    261.168387
25   4agq   5.01    258.255593
26   3bgz   6.26    258.856812
27   3jya   6.89    162.777086
28   2c3i   7.60    259.555320
29   4k18   8.96    304.741221
30   5dwr  11.22    316.447197
31   3mss   4.66    185.524438
32   3k5v   6.30    241.051666
33   3pyy   6.86    271.899944
34   2v7a   8.30    303.764769
35   4twp  10.00    174.882885
36   3wtj   6.53    223.135411
37   3zdg   7.10    206.969792
38   3u8k   8.66    222.254115
39   4qac   9.40    301.817505
40   3u8n  10.17    235.558557
41   1a30   4.30    204.664827
42   2qnq   6.11    411.885867
43   1g2k   7.96    476.256458
44   1eby   9.70    462.528924
45   3o9i  11.82    461.646094
46   4lzs   4.80    149.163580
47   3u5j   5.61    219.358991
48   4wiv   6.26    241.671141
49   4ogj   6.79    262.295420
50   3p5o   7.30    263.433419
51   1ps3   2.28    158.021676
52   3dx1   3.58    117.035607
53   3d4z   4.89    143.313630
54   3dx2   6.82    175.080323
55   3ejr   8.57    256.120925
56   3l7b   2.40    189.893846
57   4eky   3.52    148.522983
58   3g2n   4.09    212.924724
59   3syr   5.10    203.607567
60   3ebp   5.91    222.344336
61   2w66   4.05    194.213919
62   2w4x   4.85    170.394626
63   2wca   5.60    223.291037
64   2xj7   6.66    202.499214
65   2vvn   7.30    224.557435
66   3aru   3.22    176.625541
67   3arv   5.64    213.833861
68   3ary   6.00    136.507708
69   3arq   6.40    142.860819
70   3arp   7.15    322.401560
71   4ih5   4.11    146.792522
72   4ih7   5.24    218.710439
73   3cj4   6.51    186.714662
74   4eo8   8.15    236.070518
75   3gnw   9.10    411.884031
76   1gpk   5.37    203.491757
77   1h23   8.35    381.246889
78   1h22   9.10    358.487061
79   3f3a   4.19    187.190997
80   3f3c   6.02    178.019527
81   4mme   6.50    237.601129
82   3f3d   7.16    174.152096
83   3f3e   7.70    152.474568
84   2wbg   4.45    238.550372
85   2cbv   5.48    130.495602
86   2j78   6.42    145.695582
87   2j7h   7.19     97.254110
88   2cet   8.02    225.190144
89   3udh   2.85    154.620012
90   3rsx   4.41    180.781134
91   4djv   6.72    310.238247
92   2vkm   8.74    500.208300
93   4gid  10.77    545.244083
94   4jfs   5.27    178.247242
95   4j28   5.70    157.840077
96   2wvt   6.12    128.591941
97   2xii   7.20    258.713068
98   4pcs   7.85    159.616316
99   3rr4   4.55    234.766461
100  1s38   5.15    193.190572
101  1r5y   6.46    181.723082
102  3gc5   7.26    239.385252
103  3ge7   8.70    311.424824
104  4dli   5.62    248.874555
105  2zb1   6.32    308.568045
106  4f9w   6.94    298.572313
107  3e92   8.00    353.169260
108  3e93   8.85    414.258366
109  4owm   2.96    100.831349
110  3twp   3.92     99.978506
111  3r88   4.82    145.295780
112  4gkm   5.17    207.003267
113  3qqs   5.82    196.067149
114  3gv9   2.12    103.136276
115  3gr2   2.52     91.691426
116  4kz6   3.10    145.702013
117  4jxs   4.74    198.273554
118  2r9w   5.10    220.792748
119  2hb1   3.80    137.779169
120  1bzc   4.92    247.692979
121  2qbr   6.33    248.874205
122  2qbq   7.44    253.038206
123  2qbp   8.40    322.881214
124  1q8t   4.76    179.408849
125  1ydr   5.52    225.379781
126  1q8u   5.96    254.841134
127  1ydt   7.32    307.882134
128  3ag9   8.05    329.455236
129  3fcq   2.77    151.119898
130  1z9g   5.64    134.385887
131  1qf1   7.32    296.550740
132  5tmn   8.04    273.113058
133  4tmn  10.17    327.877236
134  4ddk   2.29    146.349819
135  4ddh   3.32    171.854245
136  3ivg   4.30    300.614568
137  3coz   5.57    309.860434
138  3coy   6.02    352.807363
139  3pxf   4.43    189.315120
140  4eor   6.30    301.483102
141  2xnb   6.83    269.656768
142  1pxn   7.15    252.795726
143  2fvd   8.52    314.130115
144  4k77   6.63    197.400243
145  4e5w   7.66    306.872867
146  4ivb   8.72    246.541754
147  4ivd   9.52    281.194158
148  4ivc  10.00    283.026161
149  4f09   6.70    203.481373
150  4gfm   7.22    180.478033
151  4hge   7.92    253.723910
152  4e6q   8.36    271.904044
153  4jia   9.22    297.099711
154  2brb   4.86    252.732970
155  2br1   5.14    272.675805
156  3jvr   5.72    169.595563
157  3jvs   6.54    264.328184
158  1nvq   8.25    336.548879
159  3acw   4.76    272.143753
160  4ea2   6.44   -406.000473
161  2zcr   6.87    334.422990
162  2zy1   7.40    254.562438
163  2zcq   8.82    283.097844
164  1bcu   3.28    151.217389
165  3bv9   5.36    300.641895
166  1oyt   7.24    282.013747
167  2zda   8.40    284.664834
168  3utu  10.92    385.503987
169  3u9q   4.38    192.302967
170  2yfe   6.63    280.567570
171  3fur   8.00    338.077292
172  3b1m   8.48    381.949875
173  2p4y   9.00    391.824398
174  3uo4   6.52    248.546879
175  3up2   7.40    284.970231
176  3e5a   8.23 -25872.087528
177  2wtv   8.74    313.767696
178  3myg  10.70    290.193788
179  3kgp   2.57    116.399822
180  1c5z   4.01    121.023530
181  1o5b   5.77    154.770496
182  1owh   7.40    210.241119
183  1sqa   9.21    274.528120
184  4jsz   2.30    110.379723
185  3kwa   4.08   -129.549099
186  2weg   6.50    138.122657
187  3ryj   7.80    177.054548
188  3dd0   9.00    179.127454
189  2xdl   3.10    196.534857
190  3b27   5.16    189.875697
191  1yc1   6.17    272.260138
192  3rlr   7.52    136.353886
193  2yki   9.46    360.593244
194  1z95   7.12    361.254093
195  3b68   8.40    392.906534
196  3b5r   8.77    337.205948
197  3b65   9.27    326.086457
198  3g0w   9.52    295.615185
199  4u4s   2.92    188.509713
200  1p1q   4.89    143.949194
201  1syi   5.44    218.119740
202  1p1n   6.80    162.436049
203  2al5   8.40    192.759727
204  3g2z   2.36     84.086024
205  3g31   2.89     85.987465
206  4de2   4.12    240.464968
207  4de3   5.52    149.455993
208  4de1   5.96    165.298878
209  1vso   4.72    183.310472
210  4dld   5.82    198.160555
211  3gbb   6.90    207.154080
212  3fv2   8.11    230.139206
213  3fv1   9.30    253.149578
214  4mgd   4.69    195.232822
215  2qe4   7.96    275.146151
216  1qkt   9.04    239.263874
217  2pog   9.54    248.650200
218  2p15  10.30    384.778080
219  2y5h   5.79    271.884565
220  1lpg   7.09    401.429326
221  2xbv   8.43    359.952511
222  1z6e   9.72    354.089062
223  1mq6  11.15    329.550122
224  1nc3   5.00    196.992550
225  1nc1   6.12    182.264336
226  1y6r  10.11    273.078985
227  4f2w  11.30    291.241641
228  4f3c  11.82    323.619107
229  1uto   2.27    115.366560
230  4abg   3.57    162.409381
231  3gy4   5.10    123.557894
232  1k1i   6.58    259.803783
233  1o3f   7.96    -18.235726
234  2yge   5.06    294.859698
235  2fxs   6.06    189.100906
236  2iwx   6.68    211.632030
237  2wer   7.05    235.723002
238  2vw5   8.52    317.169324
239  4kzq   6.10    240.812970
240  4kzu   6.50    246.110380
241  4j21   7.41    231.533675
242  4j3l   7.80    265.079862
243  3kr8   8.10    277.127103
244  2ymd   3.16    176.417979
245  2wnc   6.32    245.575804
246  2xys   7.42    206.429489
247  2wn9   8.52    214.088001
248  2x00  11.33    329.689211
249  3ozt   4.13    354.166619
250  3ozs   5.33    330.374423
251  3oe5   6.88    375.821674
252  3oe4   7.47    369.611221
253  3nw9   9.00    438.169069
254  3ao4   2.07    214.701953
255  3zt2   2.84    230.715301
256  3zsx   3.28    277.393317
257  4cig   3.67    304.448491
258  3zso   5.12    354.556766
259  3n7a   3.70    144.567617
260  4ciw   4.82    176.927499
261  3n86   5.64    290.388892
262  3n76   6.85     12.989948
263  2xb8   7.59    266.009701
264  4bkt   3.62    158.020015
265  4w9c   4.65    229.048208
266  4w9l   5.02    329.126087
267  4w9i   5.96    271.860071
268  4w9h   6.73    301.488439
269  3nq9   4.03    115.748959
270  3ueu   5.24    184.315549
271  3uev   5.89    216.408479
272  3uew   6.31    228.315656
273  3uex   6.92    260.131490
274  3lka   2.82     53.492766
275  3ehy   5.85    178.339122
276  3tsk   7.17    345.646185
277  3nx7   8.10    205.454414
278  4gr0   9.55    419.918325
279  3dxg   2.40    118.828391
280  3d6q   3.76    130.189239
281  1w4o   5.22    151.210292
282  1o0h   5.92    181.378317
283  1u1b   7.80    295.826395

Summary of the scoring power: ===================================
The regression equation: logKa = 0.02 + 2.64 * Score
Number of favorable sample (N) = 279
Pearson correlation coefficient (R) = 0.627
Standard deviation in fitting (SD) = 1.70
=================================================================

Template command for running the bootstrap in R program==========

rm(list=ls());
require(boot);
data_all<-read.table("X-Score_processed_score",header=TRUE);
aa<-c(1:nrow(data_all));

mycore<-function(x,indices)
{
data_1<-matrix(NA,279,2);
for(i in 1:279);
    {
        data_1[i,1]=data_all[x[indices][i],2];
        data_1[i,2]=data_all[x[indices][i],3];
    }
        data_2<-data.frame(data_1);
        names(data_2)<-c("a","b");
        cor(data_2$a,data_2$b);
};

data.boot<-boot(aa,mycore,R=10000,stype="i",sim="ordinary");
sink("X-Score-ci.results");
a<-boot.ci(data.boot,conf=0.9,type=c("bca"));
print(a);
sink();

=================================================================
