     code  logKa         score
1    4llx   2.89  7.303719e+05
2    5c28   5.66  1.127827e+06
3    3uuo   7.96  1.540580e+06
4    3ui7   9.00  1.849662e+06
5    5c2h  11.09  2.214905e+06
6    2v00   3.66  8.553591e+05
7    3wz8   5.82  1.887741e+06
8    3pww   7.32  2.409131e+06
9    3prs   7.82  2.117422e+06
10   3uri   9.00  1.900118e+06
11   4m0z   5.19  2.006980e+06
12   4m0y   6.46  8.764309e+05
13   3qgy   7.80  1.927821e+06
14   4qd6   8.64  1.958566e+06
15   4rfm  10.05  1.681211e+06
16   4cr9   4.10  6.260844e+05
17   4cra   7.22  1.504417e+06
18   4x6p   8.30  1.608026e+06
19   4crc   8.72  1.547762e+06
20   4ty7   9.52  1.531381e+06
21   5aba   2.98  9.293050e+05
22   5a7b   3.57  1.587418e+06
23   4agn   3.97  1.031430e+06
24   4agp   4.69  1.452007e+06
25   4agq   5.01  1.332422e+06
26   3bgz   6.26  2.869746e+06
27   3jya   6.89  1.391913e+06
28   2c3i   7.60  2.266503e+06
29   4k18   8.96  2.254681e+06
30   5dwr  11.22  2.745614e+06
31   3mss   4.66  1.875638e+06
32   3k5v   6.30  2.230698e+06
33   3pyy   6.86  1.985371e+06
34   2v7a   8.30  1.250633e+06
35   4twp  10.00  2.381058e+06
36   3wtj   6.53  1.420862e+06
37   3zdg   7.10  1.065355e+06
38   3u8k   8.66  8.540283e+05
39   4qac   9.40  3.348056e+06
40   3u8n  10.17  1.077852e+06
41   1a30   4.30  9.898126e+05
42   2qnq   6.11  2.894665e+06
43   1g2k   7.96  2.811456e+06
44   1eby   9.70  2.923228e+06
45   3o9i  11.82  2.249794e+06
46   4lzs   4.80  8.583770e+05
47   3u5j   5.61  1.722953e+06
48   4wiv   6.26  2.179125e+06
49   4ogj   6.79  2.097164e+06
50   3p5o   7.30  1.799018e+06
51   1ps3   2.28  2.107319e+05
52   3dx1   3.58  4.473784e+05
53   3d4z   4.89  1.911600e+05
54   3dx2   6.82  8.595131e+05
55   3ejr   8.57  1.142468e+06
56   3l7b   2.40  3.704130e+05
57   4eky   3.52  6.292177e+05
58   3g2n   4.09  5.401780e+05
59   3syr   5.10  2.949143e+05
60   3ebp   5.91  1.785388e+06
61   2w66   4.05  2.458445e+05
62   2w4x   4.85  4.285502e+05
63   2wca   5.60  1.203111e+06
64   2xj7   6.66  5.118254e+05
65   2vvn   7.30  4.959633e+05
66   3aru   3.22  5.847322e+05
67   3arv   5.64  1.675393e+06
68   3ary   6.00  5.361757e+05
69   3arq   6.40  8.669300e+05
70   3arp   7.15  2.716689e+06
71   4ih5   4.11  1.297018e+06
72   4ih7   5.24  1.456539e+06
73   3cj4   6.51  1.648116e+06
74   4eo8   8.15  1.877890e+06
75   3gnw   9.10  2.259105e+06
76   1gpk   5.37  9.075647e+05
77   1h23   8.35  2.591457e+06
78   1h22   9.10  2.235124e+06
79   3f3a   4.19  1.159813e+06
80   3f3c   6.02  1.319933e+06
81   4mme   6.50  1.817252e+06
82   3f3d   7.16  1.058017e+06
83   3f3e   7.70  1.162244e+06
84   2wbg   4.45  1.327106e+06
85   2cbv   5.48  4.784261e+05
86   2j78   6.42  3.438315e+05
87   2j7h   7.19  1.780208e+05
88   2cet   8.02  8.374101e+05
89   3udh   2.85  9.405494e+05
90   3rsx   4.41  9.955737e+05
91   4djv   6.72  2.141073e+06
92   2vkm   8.74  2.622183e+06
93   4gid  10.77  2.516317e+06
94   4jfs   5.27  1.049521e+06
95   4j28   5.70  7.931207e+05
96   2wvt   6.12  2.893568e+05
97   2xii   7.20  1.143826e+06
98   4pcs   7.85  1.177080e+06
99   3rr4   4.55  7.913141e+05
100  1s38   5.15  1.067829e+06
101  1r5y   6.46  8.246576e+05
102  3gc5   7.26  1.007794e+06
103  3ge7   8.70  1.431238e+06
104  4dli   5.62  1.783474e+06
105  2zb1   6.32  2.396313e+06
106  4f9w   6.94  2.271277e+06
107  3e92   8.00  2.675360e+06
108  3e93   8.85  2.695068e+06
109  4owm   2.96  6.972433e+05
110  3twp   3.92  5.925354e+05
111  3r88   4.82  6.322438e+05
112  4gkm   5.17  1.375788e+06
113  3qqs   5.82  1.262970e+06
114  3gv9   2.12  3.117865e+05
115  3gr2   2.52  3.834382e+05
116  4kz6   3.10  6.208229e+05
117  4jxs   4.74  8.622556e+05
118  2r9w   5.10  1.418764e+06
119  2hb1   3.80  9.327268e+05
120  1bzc   4.92  1.959366e+06
121  2qbr   6.33  1.794145e+06
122  2qbq   7.44  1.774105e+06
123  2qbp   8.40  1.971167e+06
124  1q8t   4.76  7.134063e+05
125  1ydr   5.52  1.463219e+06
126  1q8u   5.96  1.589055e+06
127  1ydt   7.32  1.797248e+06
128  3ag9   8.05  1.507616e+06
129  3fcq   2.77  7.548496e+05
130  1z9g   5.64  1.123100e+06
131  1qf1   7.32  1.765433e+06
132  5tmn   8.04  1.844216e+06
133  4tmn  10.17  1.916537e+06
134  4ddk   2.29  7.691671e+05
135  4ddh   3.32  7.022415e+05
136  3ivg   4.30  1.671374e+06
137  3coz   5.57  9.535275e+05
138  3coy   6.02  9.683275e+05
139  3pxf   4.43  1.965873e+06
140  4eor   6.30  1.678374e+06
141  2xnb   6.83  1.276761e+06
142  1pxn   7.15  1.140753e+06
143  2fvd   8.52  1.787939e+06
144  4k77   6.63  7.016603e+05
145  4e5w   7.66  1.030666e+06
146  4ivb   8.72  9.905980e+05
147  4ivd   9.52  1.134423e+06
148  4ivc  10.00  1.079923e+06
149  4f09   6.70  8.490878e+05
150  4gfm   7.22  8.115613e+05
151  4hge   7.92  8.382317e+05
152  4e6q   8.36  1.107755e+06
153  4jia   9.22  2.110738e+06
154  2brb   4.86  1.646897e+06
155  2br1   5.14  1.582718e+06
156  3jvr   5.72  1.406223e+06
157  3jvs   6.54  1.487302e+06
158  1nvq   8.25  1.948080e+06
159  3acw   4.76  2.657613e+06
160  4ea2   6.44  2.289810e+06
161  2zcr   6.87  2.952678e+06
162  2zy1   7.40  2.008337e+06
163  2zcq   8.82  2.071377e+06
164  1bcu   3.28  5.220195e+05
165  3bv9   5.36  1.587969e+06
166  1oyt   7.24  1.684787e+06
167  2zda   8.40  1.674609e+06
168  3utu  10.92  2.099806e+06
169  3u9q   4.38  1.775148e+06
170  2yfe   6.63  2.403965e+06
171  3fur   8.00  3.123308e+06
172  3b1m   8.48  2.995893e+06
173  2p4y   9.00  3.716262e+06
174  3uo4   6.52  2.068789e+06
175  3up2   7.40  2.088292e+06
176  3e5a   8.23  2.025268e+06
177  2wtv   8.74  2.393546e+06
178  3myg  10.70  9.798683e+05
179  3kgp   2.57  4.792645e+05
180  1c5z   4.01  5.573104e+05
181  1o5b   5.77  6.360609e+05
182  1owh   7.40  8.964135e+05
183  1sqa   9.21  1.052582e+06
184  4jsz   2.30  4.380176e+04
185  3kwa   4.08  6.126971e+05
186  2weg   6.50  9.144737e+05
187  3ryj   7.80  1.193628e+06
188  3dd0   9.00  7.696890e+05
189  2xdl   3.10  6.510259e+05
190  3b27   5.16  1.263444e+06
191  1yc1   6.17  1.079553e+06
192  3rlr   7.52  1.716002e+06
193  2yki   9.46  3.103070e+06
194  1z95   7.12  3.361708e+06
195  3b68   8.40  3.041639e+06
196  3b5r   8.77  3.629337e+06
197  3b65   9.27  3.050583e+06
198  3g0w   9.52  2.880397e+06
199  4u4s   2.92  3.197873e+05
200  1p1q   4.89  6.404439e+05
201  1syi   5.44  6.148452e+05
202  1p1n   6.80  6.412955e+05
203  2al5   8.40  6.053842e+05
204  3g2z   2.36  2.086199e+05
205  3g31   2.89  6.553277e+05
206  4de2   4.12  5.361094e+05
207  4de3   5.52  5.170526e+05
208  4de1   5.96  4.554653e+05
209  1vso   4.72  8.898176e+05
210  4dld   5.82  1.177028e+06
211  3gbb   6.90  8.591635e+05
212  3fv2   8.11  7.271473e+05
213  3fv1   9.30  7.286760e+05
214  4mgd   4.69  2.408146e+06
215  2qe4   7.96  2.345114e+06
216  1qkt   9.04  2.292468e+06
217  2pog   9.54  2.619907e+06
218  2p15  10.30  4.592112e+06
219  2y5h   5.79  7.176689e+05
220  1lpg   7.09  1.977035e+06
221  2xbv   8.43  1.936989e+06
222  1z6e   9.72  1.480663e+06
223  1mq6  11.15  1.774280e+06
224  1nc3   5.00  3.567014e+05
225  1nc1   6.12  1.636669e+06
226  1y6r  10.11  1.323039e+06
227  4f2w  11.30  1.623127e+06
228  4f3c  11.82  2.278054e+06
229  1uto   2.27  3.572515e+05
230  4abg   3.57  4.702269e+05
231  3gy4   5.10  5.423077e+05
232  1k1i   6.58  1.102287e+06
233  1o3f   7.96  1.216665e+06
234  2yge   5.06  9.111109e+05
235  2fxs   6.06  7.250599e+05
236  2iwx   6.68  9.037998e+05
237  2wer   7.05  9.819815e+05
238  2vw5   8.52  1.409744e+06
239  4kzq   6.10  1.620464e+06
240  4kzu   6.50  1.925704e+06
241  4j21   7.41  1.737060e+06
242  4j3l   7.80  1.981046e+06
243  3kr8   8.10  1.497107e+06
244  2ymd   3.16  1.046669e+06
245  2wnc   6.32  1.741618e+06
246  2xys   7.42  1.699188e+06
247  2wn9   8.52  1.083682e+06
248  2x00  11.33  1.937065e+06
249  3ozt   4.13  1.268216e+06
250  3ozs   5.33  1.314596e+06
251  3oe5   6.88  1.408159e+06
252  3oe4   7.47  1.049937e+06
253  3nw9   9.00  1.937206e+06
254  3ao4   2.07  8.855247e+05
255  3zt2   2.84  1.450595e+06
256  3zsx   3.28  1.574005e+06
257  4cig   3.67  1.448918e+06
258  3zso   5.12  1.828252e+06
259  3n7a   3.70  6.036468e+05
260  4ciw   4.82  5.199120e+05
261  3n86   5.64  1.154208e+06
262  3n76   6.85  1.511928e+06
263  2xb8   7.59  1.296539e+06
264  4bkt   3.62  4.281197e+05
265  4w9c   4.65  1.107976e+06
266  4w9l   5.02  1.536303e+06
267  4w9i   5.96  1.155048e+06
268  4w9h   6.73  1.349494e+06
269  3nq9   4.03  1.297961e+06
270  3ueu   5.24  2.423712e+06
271  3uev   5.89  2.725585e+06
272  3uew   6.31  2.910611e+06
273  3uex   6.92  3.437347e+06
274  3lka   2.82  6.038999e+05
275  3ehy   5.85  7.161376e+05
276  3tsk   7.17  1.736091e+06
277  3nx7   8.10  7.649341e+05
278  4gr0   9.55  2.136070e+06
279  3dxg   2.40  2.793100e+05
280  3d6q   3.76  2.664060e+05
281  1w4o   5.22  3.451475e+05
282  1o0h   5.92  4.907801e+05
283  1u1b   7.80  8.497492e+05

Summary of the scoring power: ===================================
The regression equation: logKa = 0.00 + 4.33 * Score
Number of favorable sample (N) = 283
Pearson correlation coefficient (R) = 0.541
Standard deviation in fitting (SD) = 1.83
=================================================================

Template command for running the bootstrap in R program==========

rm(list=ls());
require(boot);
data_all<-read.table("X-Score_processed_score",header=TRUE);
aa<-c(1:nrow(data_all));

mycore<-function(x,indices)
{
data_1<-matrix(NA,283,2);
for(i in 1:283);
    {
        data_1[i,1]=data_all[x[indices][i],2];
        data_1[i,2]=data_all[x[indices][i],3];
    }
        data_2<-data.frame(data_1);
        names(data_2)<-c("a","b");
        cor(data_2$a,data_2$b);
};

data.boot<-boot(aa,mycore,R=10000,stype="i",sim="ordinary");
sink("X-Score-ci.results");
a<-boot.ci(data.boot,conf=0.9,type=c("bca"));
print(a);
sink();

=================================================================
