     code  logKa         score
1    4llx   2.89    149.740539
2    5c28   5.66    187.664058
3    3uuo   7.96    260.799703
4    3ui7   9.00    320.267366
5    5c2h  11.09    456.532737
6    2v00   3.66    254.199598
7    3wz8   5.82    410.957834
8    3pww   7.32    545.297018
9    3prs   7.82    580.191484
10   3uri   9.00    508.868528
11   4m0z   5.19    446.546775
12   4m0y   6.46    296.180841
13   3qgy   7.80    360.037099
14   4qd6   8.64    333.798849
15   4rfm  10.05    402.252977
16   4cr9   4.10    215.932236
17   4cra   7.22    424.569856
18   4x6p   8.30    504.756108
19   4crc   8.72    476.958142
20   4ty7   9.52    450.418577
21   5aba   2.98    211.189753
22   5a7b   3.57    356.500149
23   4agn   3.97    269.015193
24   4agp   4.69    319.473601
25   4agq   5.01    322.422586
26   3bgz   6.26    350.166158
27   3jya   6.89    237.002331
28   2c3i   7.60    338.149540
29   4k18   8.96    388.539325
30   5dwr  11.22    410.474106
31   3mss   4.66    246.218982
32   3k5v   6.30    302.036385
33   3pyy   6.86    352.932556
34   2v7a   8.30    389.119976
35   4twp  10.00    312.376302
36   3wtj   6.53    314.821598
37   3zdg   7.10    299.336361
38   3u8k   8.66    316.977694
39   4qac   9.40    400.548032
40   3u8n  10.17    341.608246
41   1a30   4.30    350.189079
42   2qnq   6.11    533.460633
43   1g2k   7.96    595.382230
44   1eby   9.70    613.206806
45   3o9i  11.82    589.815931
46   4lzs   4.80    220.812993
47   3u5j   5.61    278.174060
48   4wiv   6.26    292.046786
49   4ogj   6.79    320.050451
50   3p5o   7.30    337.021857
51   1ps3   2.28    278.781857
52   3dx1   3.58    231.380859
53   3d4z   4.89    263.296781
54   3dx2   6.82    310.512895
55   3ejr   8.57    373.530196
56   3l7b   2.40    269.733595
57   4eky   3.52    310.902189
58   3g2n   4.09    304.827680
59   3syr   5.10    301.455106
60   3ebp   5.91    282.754393
61   2w66   4.05    305.749881
62   2w4x   4.85    263.516849
63   2wca   5.60    323.703796
64   2xj7   6.66    297.484406
65   2vvn   7.30    339.292775
66   3aru   3.22    237.053562
67   3arv   5.64    254.429424
68   3ary   6.00    197.769848
69   3arq   6.40    238.236120
70   3arp   7.15    394.180476
71   4ih5   4.11    227.555096
72   4ih7   5.24    293.115798
73   3cj4   6.51    266.095052
74   4eo8   8.15    342.675689
75   3gnw   9.10    511.055517
76   1gpk   5.37    290.388429
77   1h23   8.35    501.928061
78   1h22   9.10    472.198166
79   3f3a   4.19    309.859715
80   3f3c   6.02    293.980600
81   4mme   6.50    319.674753
82   3f3d   7.16    297.164023
83   3f3e   7.70    274.021318
84   2wbg   4.45    361.209732
85   2cbv   5.48    242.700975
86   2j78   6.42    270.987974
87   2j7h   7.19    206.484230
88   2cet   8.02    352.514374
89   3udh   2.85    223.170411
90   3rsx   4.41    247.497981
91   4djv   6.72    400.048046
92   2vkm   8.74    680.495497
93   4gid  10.77    731.162295
94   4jfs   5.27    260.889545
95   4j28   5.70    259.945739
96   2wvt   6.12    254.694458
97   2xii   7.20    390.971138
98   4pcs   7.85    244.023326
99   3rr4   4.55    347.396489
100  1s38   5.15    282.195562
101  1r5y   6.46    289.125186
102  3gc5   7.26    385.142040
103  3ge7   8.70    474.166539
104  4dli   5.62    328.218579
105  2zb1   6.32    404.911451
106  4f9w   6.94    385.364772
107  3e92   8.00    462.417377
108  3e93   8.85    544.974361
109  4owm   2.96    154.197027
110  3twp   3.92    155.823113
111  3r88   4.82    218.347819
112  4gkm   5.17    306.437601
113  3qqs   5.82    288.454949
114  3gv9   2.12    175.618149
115  3gr2   2.52    157.814554
116  4kz6   3.10    214.638031
117  4jxs   4.74    299.043652
118  2r9w   5.10    297.578597
119  2hb1   3.80    247.005729
120  1bzc   4.92    352.201289
121  2qbr   6.33    358.922968
122  2qbq   7.44    377.022243
123  2qbp   8.40    443.913001
124  1q8t   4.76    250.136996
125  1ydr   5.52    317.497913
126  1q8u   5.96    334.090737
127  1ydt   7.32    406.312081
128  3ag9   8.05    511.767087
129  3fcq   2.77    210.821912
130  1z9g   5.64    241.746385
131  1qf1   7.32    427.229847
132  5tmn   8.04    371.645965
133  4tmn  10.17    441.856480
134  4ddk   2.29    210.753879
135  4ddh   3.32    254.368974
136  3ivg   4.30    434.255048
137  3coz   5.57    467.846279
138  3coy   6.02    517.937099
139  3pxf   4.43    243.392598
140  4eor   6.30    403.942278
141  2xnb   6.83    366.503316
142  1pxn   7.15    358.002853
143  2fvd   8.52    395.788336
144  4k77   6.63    261.995105
145  4e5w   7.66    418.204392
146  4ivb   8.72    335.029967
147  4ivd   9.52    380.554793
148  4ivc  10.00    379.176765
149  4f09   6.70    289.165216
150  4gfm   7.22    233.112151
151  4hge   7.92    341.064218
152  4e6q   8.36    358.496945
153  4jia   9.22    373.706116
154  2brb   4.86    320.584828
155  2br1   5.14    343.272811
156  3jvr   5.72    240.922942
157  3jvs   6.54    356.938371
158  1nvq   8.25    448.706640
159  3acw   4.76    346.265539
160  4ea2   6.44   -212.417249
161  2zcr   6.87    426.761013
162  2zy1   7.40    331.843935
163  2zcq   8.82    366.453006
164  1bcu   3.28    207.416596
165  3bv9   5.36    429.103272
166  1oyt   7.24    386.814495
167  2zda   8.40    417.759036
168  3utu  10.92    536.488904
169  3u9q   4.38    308.570138
170  2yfe   6.63    369.624483
171  3fur   8.00    442.993134
172  3b1m   8.48    486.907862
173  2p4y   9.00    511.756656
174  3uo4   6.52    364.289301
175  3up2   7.40    377.849470
176  3e5a   8.23 -22276.122725
177  2wtv   8.74    392.006344
178  3myg  10.70    405.147890
179  3kgp   2.57    185.844571
180  1c5z   4.01    210.918200
181  1o5b   5.77    250.224079
182  1owh   7.40    298.471030
183  1sqa   9.21    396.793622
184  4jsz   2.30    152.726802
185  3kwa   4.08     41.394073
186  2weg   6.50    202.858707
187  3ryj   7.80    239.182391
188  3dd0   9.00    265.223864
189  2xdl   3.10    266.560988
190  3b27   5.16    260.885533
191  1yc1   6.17    378.175003
192  3rlr   7.52    236.391079
193  2yki   9.46    507.423036
194  1z95   7.12    472.474310
195  3b68   8.40    531.287805
196  3b5r   8.77    446.489412
197  3b65   9.27    457.023305
198  3g0w   9.52    381.593534
199  4u4s   2.92    262.036227
200  1p1q   4.89    283.875036
201  1syi   5.44    357.648980
202  1p1n   6.80    277.242694
203  2al5   8.40    313.820065
204  3g2z   2.36    145.472899
205  3g31   2.89    130.227785
206  4de2   4.12    312.662395
207  4de3   5.52    235.165284
208  4de1   5.96    262.531575
209  1vso   4.72    294.817902
210  4dld   5.82    336.743848
211  3gbb   6.90    347.217920
212  3fv2   8.11    392.561275
213  3fv1   9.30    426.241665
214  4mgd   4.69    270.530612
215  2qe4   7.96    374.391797
216  1qkt   9.04    323.499530
217  2pog   9.54    342.866405
218  2p15  10.30    487.288341
219  2y5h   5.79    366.162567
220  1lpg   7.09    548.543911
221  2xbv   8.43    449.511607
222  1z6e   9.72    469.107062
223  1mq6  11.15    433.072540
224  1nc3   5.00    353.723636
225  1nc1   6.12    360.111157
226  1y6r  10.11    429.733116
227  4f2w  11.30    432.382002
228  4f3c  11.82    488.654731
229  1uto   2.27    167.703217
230  4abg   3.57    227.651039
231  3gy4   5.10    222.367828
232  1k1i   6.58    365.037693
233  1o3f   7.96    141.954533
234  2yge   5.06    364.491017
235  2fxs   6.06    270.313605
236  2iwx   6.68    275.376688
237  2wer   7.05    301.962523
238  2vw5   8.52    394.274083
239  4kzq   6.10    309.130185
240  4kzu   6.50    316.516868
241  4j21   7.41    308.809959
242  4j3l   7.80    348.378019
243  3kr8   8.10    362.782310
244  2ymd   3.16    283.931855
245  2wnc   6.32    320.523660
246  2xys   7.42    290.430685
247  2wn9   8.52    284.052220
248  2x00  11.33    419.044419
249  3ozt   4.13    497.336865
250  3ozs   5.33    471.451300
251  3oe5   6.88    531.798689
252  3oe4   7.47    535.672920
253  3nw9   9.00    603.055948
254  3ao4   2.07    297.316273
255  3zt2   2.84    302.736276
256  3zsx   3.28    340.365633
257  4cig   3.67    368.943929
258  3zso   5.12    420.125487
259  3n7a   3.70    251.935096
260  4ciw   4.82    298.582177
261  3n86   5.64    437.350396
262  3n76   6.85    192.319320
263  2xb8   7.59    400.627749
264  4bkt   3.62    231.818033
265  4w9c   4.65    319.011519
266  4w9l   5.02    441.952305
267  4w9i   5.96    365.793644
268  4w9h   6.73    408.170403
269  3nq9   4.03    199.008330
270  3ueu   5.24    304.383972
271  3uev   5.89    346.286135
272  3uew   6.31    356.357538
273  3uex   6.92    405.356349
274  3lka   2.82    130.406577
275  3ehy   5.85    257.946940
276  3tsk   7.17    461.118047
277  3nx7   8.10    291.296600
278  4gr0   9.55    532.610204
279  3dxg   2.40    164.635759
280  3d6q   3.76    172.633285
281  1w4o   5.22    219.671985
282  1o0h   5.92    282.618455
283  1u1b   7.80    389.742059

Summary of the scoring power: ===================================
The regression equation: logKa = 0.01 + 1.97 * Score
Number of favorable sample (N) = 281
Pearson correlation coefficient (R) = 0.637
Standard deviation in fitting (SD) = 1.68
=================================================================

Template command for running the bootstrap in R program==========

rm(list=ls());
require(boot);
data_all<-read.table("X-Score_processed_score",header=TRUE);
aa<-c(1:nrow(data_all));

mycore<-function(x,indices)
{
data_1<-matrix(NA,281,2);
for(i in 1:281);
    {
        data_1[i,1]=data_all[x[indices][i],2];
        data_1[i,2]=data_all[x[indices][i],3];
    }
        data_2<-data.frame(data_1);
        names(data_2)<-c("a","b");
        cor(data_2$a,data_2$b);
};

data.boot<-boot(aa,mycore,R=10000,stype="i",sim="ordinary");
sink("X-Score-ci.results");
a<-boot.ci(data.boot,conf=0.9,type=c("bca"));
print(a);
sink();

=================================================================
