     code  logKa          score
1    4llx   2.89   98621.111334
2    5c28   5.66  183839.134997
3    3uuo   7.96  232639.817886
4    3ui7   9.00  302428.216749
5    5c2h  11.09  363811.080752
6    2v00   3.66  265703.759711
7    3wz8   5.82  382664.182415
8    3pww   7.32  561863.473258
9    3prs   7.82  518856.803205
10   3uri   9.00  627552.031989
11   4m0z   5.19  414734.384059
12   4m0y   6.46  195116.643997
13   3qgy   7.80  330892.626620
14   4qd6   8.64  364471.540350
15   4rfm  10.05  344841.082510
16   4cr9   4.10  138610.755836
17   4cra   7.22  389930.482822
18   4x6p   8.30  445378.285969
19   4crc   8.72  448194.996165
20   4ty7   9.52  522936.050390
21   5aba   2.98  208704.453196
22   5a7b   3.57  274906.415204
23   4agn   3.97  223040.336326
24   4agp   4.69  285115.922808
25   4agq   5.01  253178.900271
26   3bgz   6.26  562943.991589
27   3jya   6.89  280617.053319
28   2c3i   7.60  329429.316588
29   4k18   8.96  482376.084971
30   5dwr  11.22  576849.275820
31   3mss   4.66  265648.821344
32   3k5v   6.30  389469.482783
33   3pyy   6.86  333524.244312
34   2v7a   8.30  340289.043991
35   4twp  10.00  369854.617832
36   3wtj   6.53  258183.618096
37   3zdg   7.10  165588.211541
38   3u8k   8.66  198265.931659
39   4qac   9.40  412889.196328
40   3u8n  10.17  236388.688234
41   1a30   4.30  526442.176671
42   2qnq   6.11  551556.165230
43   1g2k   7.96  555059.081906
44   1eby   9.70  568481.098967
45   3o9i  11.82  488443.901966
46   4lzs   4.80  160503.473971
47   3u5j   5.61  310722.737159
48   4wiv   6.26  397308.575168
49   4ogj   6.79  432408.533401
50   3p5o   7.30  374206.466210
51   1ps3   2.28  323455.761979
52   3dx1   3.58  417929.334928
53   3d4z   4.89  295851.073172
54   3dx2   6.82  441010.033505
55   3ejr   8.57  383917.863999
56   3l7b   2.40  285002.850092
57   4eky   3.52  408965.819344
58   3g2n   4.09  267822.263201
59   3syr   5.10  283471.425178
60   3ebp   5.91  252459.322294
61   2w66   4.05  144900.495349
62   2w4x   4.85  202722.497887
63   2wca   5.60  336444.006525
64   2xj7   6.66  159910.767938
65   2vvn   7.30  256151.561896
66   3aru   3.22  120700.356878
67   3arv   5.64  132705.031087
68   3ary   6.00   77197.173998
69   3arq   6.40  236853.436458
70   3arp   7.15  324171.043528
71   4ih5   4.11  240628.163774
72   4ih7   5.24  229803.696046
73   3cj4   6.51  289246.146887
74   4eo8   8.15  458105.070234
75   3gnw   9.10  428849.656065
76   1gpk   5.37  183509.089212
77   1h23   8.35  442218.300512
78   1h22   9.10  379712.977693
79   3f3a   4.19  331097.788189
80   3f3c   6.02  477791.763291
81   4mme   6.50  282085.908523
82   3f3d   7.16  459502.783474
83   3f3e   7.70  481713.606437
84   2wbg   4.45  419372.623910
85   2cbv   5.48  339904.588258
86   2j78   6.42  377281.931273
87   2j7h   7.19  282812.968560
88   2cet   8.02  380606.383937
89   3udh   2.85  163815.035305
90   3rsx   4.41  184989.477802
91   4djv   6.72  418520.138359
92   2vkm   8.74  582064.552135
93   4gid  10.77  634227.658660
94   4jfs   5.27  339716.446068
95   4j28   5.70  408157.759860
96   2wvt   6.12  465551.337379
97   2xii   7.20  589175.082270
98   4pcs   7.85  402284.286115
99   3rr4   4.55  257534.736070
100  1s38   5.15  289142.601997
101  1r5y   6.46  315619.352437
102  3gc5   7.26  404105.014924
103  3ge7   8.70  489155.977847
104  4dli   5.62  213019.000496
105  2zb1   6.32  373488.505755
106  4f9w   6.94  347018.589141
107  3e92   8.00  446657.217299
108  3e93   8.85  472258.494000
109  4owm   2.96  170915.574405
110  3twp   3.92  181721.444967
111  3r88   4.82  191923.529880
112  4gkm   5.17  359273.291310
113  3qqs   5.82  314227.907746
114  3gv9   2.12  180120.973818
115  3gr2   2.52  195062.325946
116  4kz6   3.10  240153.348676
117  4jxs   4.74  373878.980552
118  2r9w   5.10  411508.666545
119  2hb1   3.80  470251.291709
120  1bzc   4.92  524949.367460
121  2qbr   6.33  574455.666881
122  2qbq   7.44  617802.284180
123  2qbp   8.40  659736.696987
124  1q8t   4.76  138315.505725
125  1ydr   5.52  257030.413351
126  1q8u   5.96  260190.985249
127  1ydt   7.32  347748.440222
128  3ag9   8.05  748815.753773
129  3fcq   2.77  107682.462443
130  1z9g   5.64  403951.779082
131  1qf1   7.32  531330.539869
132  5tmn   8.04  469036.088871
133  4tmn  10.17  460198.058688
134  4ddk   2.29  160723.247411
135  4ddh   3.32  220083.112634
136  3ivg   4.30  398143.470618
137  3coz   5.57  523711.883163
138  3coy   6.02  539434.422480
139  3pxf   4.43  356527.002567
140  4eor   6.30  365777.256894
141  2xnb   6.83  230535.835933
142  1pxn   7.15  215302.493199
143  2fvd   8.52  359797.461489
144  4k77   6.63  129294.018314
145  4e5w   7.66  239645.106978
146  4ivb   8.72  251332.501195
147  4ivd   9.52  276568.231406
148  4ivc  10.00  257530.440028
149  4f09   6.70  225745.257891
150  4gfm   7.22  146749.654280
151  4hge   7.92  248595.104407
152  4e6q   8.36  258662.247362
153  4jia   9.22  456967.023306
154  2brb   4.86  303067.739576
155  2br1   5.14  327178.880684
156  3jvr   5.72  277854.033340
157  3jvs   6.54  360775.232051
158  1nvq   8.25  405842.243474
159  3acw   4.76  362223.851443
160  4ea2   6.44  305995.421785
161  2zcr   6.87  538297.847200
162  2zy1   7.40  338197.222867
163  2zcq   8.82  426975.295248
164  1bcu   3.28  122826.058027
165  3bv9   5.36  604973.893615
166  1oyt   7.24  532236.594183
167  2zda   8.40  537297.263364
168  3utu  10.92  718530.819253
169  3u9q   4.38  439582.682352
170  2yfe   6.63  416787.892631
171  3fur   8.00  486399.322774
172  3b1m   8.48  479734.551890
173  2p4y   9.00  689321.748510
174  3uo4   6.52  517538.244038
175  3up2   7.40  536555.613616
176  3e5a   8.23  384911.359771
177  2wtv   8.74  464549.997335
178  3myg  10.70  261737.384888
179  3kgp   2.57  183597.518394
180  1c5z   4.01  321972.837194
181  1o5b   5.77  298029.477574
182  1owh   7.40  395667.176869
183  1sqa   9.21  535720.661174
184  4jsz   2.30   38948.950831
185  3kwa   4.08  319906.523501
186  2weg   6.50  329076.849597
187  3ryj   7.80  307273.390703
188  3dd0   9.00  331240.327926
189  2xdl   3.10  153629.340830
190  3b27   5.16  316777.082839
191  1yc1   6.17  428896.225254
192  3rlr   7.52  390110.507430
193  2yki   9.46  503197.982589
194  1z95   7.12  528788.723474
195  3b68   8.40  545364.876601
196  3b5r   8.77  624078.702651
197  3b65   9.27  530212.864297
198  3g0w   9.52  471548.672401
199  4u4s   2.92   66084.452029
200  1p1q   4.89  422553.106885
201  1syi   5.44  430586.332089
202  1p1n   6.80  432084.336818
203  2al5   8.40  435631.572390
204  3g2z   2.36  100735.810291
205  3g31   2.89  190307.176322
206  4de2   4.12  205014.242768
207  4de3   5.52  203865.414221
208  4de1   5.96  195446.241080
209  1vso   4.72  509063.198294
210  4dld   5.82  587986.385355
211  3gbb   6.90  558558.872878
212  3fv2   8.11  655349.180918
213  3fv1   9.30  663229.879685
214  4mgd   4.69  371485.123931
215  2qe4   7.96  418409.883423
216  1qkt   9.04  373174.526413
217  2pog   9.54  443787.914182
218  2p15  10.30  673381.732086
219  2y5h   5.79  228626.877547
220  1lpg   7.09  590120.056616
221  2xbv   8.43  342785.248261
222  1z6e   9.72  434473.306579
223  1mq6  11.15  391758.951363
224  1nc3   5.00  299791.217683
225  1nc1   6.12  412564.745063
226  1y6r  10.11  396409.408415
227  4f2w  11.30  347004.149969
228  4f3c  11.82  430160.983875
229  1uto   2.27  143269.086251
230  4abg   3.57  169040.696636
231  3gy4   5.10  351387.992669
232  1k1i   6.58  558503.023736
233  1o3f   7.96  535580.135459
234  2yge   5.06  244526.139118
235  2fxs   6.06  257881.798898
236  2iwx   6.68  242023.412278
237  2wer   7.05  246253.790863
238  2vw5   8.52  297316.943417
239  4kzq   6.10  202311.156404
240  4kzu   6.50  238142.750888
241  4j21   7.41  230379.347795
242  4j3l   7.80  290110.503102
243  3kr8   8.10  255720.835534
244  2ymd   3.16  276559.181978
245  2wnc   6.32  259678.263763
246  2xys   7.42  225606.210212
247  2wn9   8.52  215204.615327
248  2x00  11.33  259846.132791
249  3ozt   4.13  431812.468813
250  3ozs   5.33  502603.515282
251  3oe5   6.88  452986.016960
252  3oe4   7.47  461047.008668
253  3nw9   9.00  545952.966478
254  3ao4   2.07  198915.787997
255  3zt2   2.84  338913.026231
256  3zsx   3.28  416592.387204
257  4cig   3.67  405406.874762
258  3zso   5.12  496725.682051
259  3n7a   3.70  395839.345691
260  4ciw   4.82  395626.955147
261  3n86   5.64  485508.997054
262  3n76   6.85  508061.942553
263  2xb8   7.59  501627.399349
264  4bkt   3.62  113131.486076
265  4w9c   4.65  249235.292753
266  4w9l   5.02  311021.277376
267  4w9i   5.96  250871.182463
268  4w9h   6.73  268775.538212
269  3nq9   4.03  393296.374468
270  3ueu   5.24  567459.715438
271  3uev   5.89  606274.722578
272  3uew   6.31  614701.483110
273  3uex   6.92  723621.024152
274  3lka   2.82  118325.935825
275  3ehy   5.85  170469.832118
276  3tsk   7.17  379788.112512
277  3nx7   8.10  279307.860190
278  4gr0   9.55  459390.401518
279  3dxg   2.40  130293.443086
280  3d6q   3.76  108856.219637
281  1w4o   5.22  223488.800377
282  1o0h   5.92  500958.063663
283  1u1b   7.80  577707.223725

Summary of the scoring power: ===================================
The regression equation: logKa = 0.00 + 3.87 * Score
Number of favorable sample (N) = 283
Pearson correlation coefficient (R) = 0.480
Standard deviation in fitting (SD) = 1.91
=================================================================

Template command for running the bootstrap in R program==========

rm(list=ls());
require(boot);
data_all<-read.table("X-Score_processed_score",header=TRUE);
aa<-c(1:nrow(data_all));

mycore<-function(x,indices)
{
data_1<-matrix(NA,283,2);
for(i in 1:283);
    {
        data_1[i,1]=data_all[x[indices][i],2];
        data_1[i,2]=data_all[x[indices][i],3];
    }
        data_2<-data.frame(data_1);
        names(data_2)<-c("a","b");
        cor(data_2$a,data_2$b);
};

data.boot<-boot(aa,mycore,R=10000,stype="i",sim="ordinary");
sink("X-Score-ci.results");
a<-boot.ci(data.boot,conf=0.9,type=c("bca"));
print(a);
sink();

=================================================================
