     code  logKa        score
1    4llx   2.89    32.984333
2    5c28   5.66    40.755569
3    3uuo   7.96    57.147777
4    3ui7   9.00    68.349164
5    5c2h  11.09    94.823760
6    2v00   3.66    53.639327
7    3wz8   5.82    88.371032
8    3pww   7.32   116.264288
9    3prs   7.82   119.063251
10   3uri   9.00    86.877724
11   4m0z   5.19    88.803068
12   4m0y   6.46    61.764430
13   3qgy   7.80    78.268847
14   4qd6   8.64    74.838487
15   4rfm  10.05    82.337878
16   4cr9   4.10    47.322987
17   4cra   7.22    91.408100
18   4x6p   8.30   104.888854
19   4crc   8.72    98.891323
20   4ty7   9.52    94.703648
21   5aba   2.98    48.342866
22   5a7b   3.57    77.084533
23   4agn   3.97    58.763701
24   4agp   4.69    71.710216
25   4agq   5.01    71.575334
26   3bgz   6.26    76.801279
27   3jya   6.89    51.268109
28   2c3i   7.60    71.548063
29   4k18   8.96    83.371107
30   5dwr  11.22    88.466379
31   3mss   4.66    55.087719
32   3k5v   6.30    68.901407
33   3pyy   6.86    75.180976
34   2v7a   8.30    80.153468
35   4twp  10.00    32.091561
36   3wtj   6.53    62.677192
37   3zdg   7.10    55.836583
38   3u8k   8.66    61.817456
39   4qac   9.40    86.063308
40   3u8n  10.17    65.378736
41   1a30   4.30    63.592062
42   2qnq   6.11   106.031259
43   1g2k   7.96   124.176150
44   1eby   9.70   120.618959
45   3o9i  11.82   120.520505
46   4lzs   4.80    43.175651
47   3u5j   5.61    62.517672
48   4wiv   6.26    68.030483
49   4ogj   6.79    74.199714
50   3p5o   7.30    72.486858
51   1ps3   2.28    48.909306
52   3dx1   3.58    42.423939
53   3d4z   4.89    42.937187
54   3dx2   6.82    55.885360
55   3ejr   8.57    71.891413
56   3l7b   2.40    53.849121
57   4eky   3.52    32.897088
58   3g2n   4.09    60.363416
59   3syr   5.10    56.443344
60   3ebp   5.91    63.439291
61   2w66   4.05    52.921069
62   2w4x   4.85    48.316504
63   2wca   5.60    61.254841
64   2xj7   6.66    55.486069
65   2vvn   7.30    60.449761
66   3aru   3.22    49.126455
67   3arv   5.64    59.453133
68   3ary   6.00    41.370296
69   3arq   6.40    32.484337
70   3arp   7.15    88.987319
71   4ih5   4.11    40.302494
72   4ih7   5.24    61.127306
73   3cj4   6.51    53.672157
74   4eo8   8.15    70.048651
75   3gnw   9.10   108.495959
76   1gpk   5.37    59.241632
77   1h23   8.35   104.272126
78   1h22   9.10    97.312606
79   3f3a   4.19    58.062264
80   3f3c   6.02    56.698217
81   4mme   6.50    65.805502
82   3f3d   7.16    56.272938
83   3f3e   7.70    52.641554
84   2wbg   4.45    65.733011
85   2cbv   5.48    38.855910
86   2j78   6.42    43.971707
87   2j7h   7.19    29.660259
88   2cet   8.02    61.575225
89   3udh   2.85    45.967419
90   3rsx   4.41    53.669972
91   4djv   6.72    86.148360
92   2vkm   8.74   122.723868
93   4gid  10.77   139.010177
94   4jfs   5.27    52.143109
95   4j28   5.70    49.113010
96   2wvt   6.12    40.524550
97   2xii   7.20    72.489762
98   4pcs   7.85    49.776133
99   3rr4   4.55    66.353415
100  1s38   5.15    57.840229
101  1r5y   6.46    56.269041
102  3gc5   7.26    70.001514
103  3ge7   8.70    86.439467
104  4dli   5.62    71.017482
105  2zb1   6.32    81.895073
106  4f9w   6.94    82.079882
107  3e92   8.00    95.246432
108  3e93   8.85   110.125683
109  4owm   2.96    33.087934
110  3twp   3.92    32.886897
111  3r88   4.82    44.104714
112  4gkm   5.17    59.422883
113  3qqs   5.82    56.802924
114  3gv9   2.12    32.983223
115  3gr2   2.52    24.715865
116  4kz6   3.10    42.903307
117  4jxs   4.74    56.529525
118  2r9w   5.10    61.559589
119  2hb1   3.80    46.590531
120  1bzc   4.92    67.633892
121  2qbr   6.33    74.642513
122  2qbq   7.44    76.785709
123  2qbp   8.40    92.380981
124  1q8t   4.76    50.021153
125  1ydr   5.52    60.816804
126  1q8u   5.96    69.704827
127  1ydt   7.32    83.583261
128  3ag9   8.05   100.287303
129  3fcq   2.77    43.552387
130  1z9g   5.64    36.892148
131  1qf1   7.32    84.405653
132  5tmn   8.04    78.404418
133  4tmn  10.17    88.318078
134  4ddk   2.29    43.564137
135  4ddh   3.32    49.836560
136  3ivg   4.30    78.393883
137  3coz   5.57    84.460568
138  3coy   6.02    97.471577
139  3pxf   4.43    55.974708
140  4eor   6.30    81.017155
141  2xnb   6.83    72.292992
142  1pxn   7.15    68.413572
143  2fvd   8.52    84.192393
144  4k77   6.63    55.101489
145  4e5w   7.66    80.252996
146  4ivb   8.72    67.320660
147  4ivd   9.52    74.583171
148  4ivc  10.00    76.050105
149  4f09   6.70    56.634405
150  4gfm   7.22    50.919751
151  4hge   7.92    69.341133
152  4e6q   8.36    72.705530
153  4jia   9.22    83.484860
154  2brb   4.86    69.705636
155  2br1   5.14    74.157969
156  3jvr   5.72    48.645960
157  3jvs   6.54    72.245528
158  1nvq   8.25    90.292131
159  3acw   4.76    76.553102
160  4ea2   6.44  -154.927954
161  2zcr   6.87    91.504002
162  2zy1   7.40    70.712763
163  2zcq   8.82    75.909229
164  1bcu   3.28    46.816708
165  3bv9   5.36    90.349893
166  1oyt   7.24    82.812933
167  2zda   8.40    85.084419
168  3utu  10.92   108.708005
169  3u9q   4.38    60.020939
170  2yfe   6.63    78.482148
171  3fur   8.00    95.261936
172  3b1m   8.48   103.000658
173  2p4y   9.00   105.541667
174  3uo4   6.52    64.048601
175  3up2   7.40    79.781950
176  3e5a   8.23 -8629.122652
177  2wtv   8.74    85.826253
178  3myg  10.70    77.718911
179  3kgp   2.57    37.214969
180  1c5z   4.01    42.493489
181  1o5b   5.77    51.101094
182  1owh   7.40    65.284182
183  1sqa   9.21    82.760631
184  4jsz   2.30    33.199377
185  3kwa   4.08   -50.178611
186  2weg   6.50    45.049218
187  3ryj   7.80    52.578800
188  3dd0   9.00    55.195919
189  2xdl   3.10    54.369510
190  3b27   5.16    56.904148
191  1yc1   6.17    76.176885
192  3rlr   7.52    31.105654
193  2yki   9.46    95.271302
194  1z95   7.12    97.433338
195  3b68   8.40   106.037932
196  3b5r   8.77    93.003225
197  3b65   9.27    90.233075
198  3g0w   9.52    82.004446
199  4u4s   2.92    51.867801
200  1p1q   4.89    40.435543
201  1syi   5.44    62.671689
202  1p1n   6.80    50.511607
203  2al5   8.40    57.315623
204  3g2z   2.36    22.882263
205  3g31   2.89    28.735809
206  4de2   4.12    63.791480
207  4de3   5.52    35.602153
208  4de1   5.96    38.391279
209  1vso   4.72    54.816232
210  4dld   5.82    60.457540
211  3gbb   6.90    62.407187
212  3fv2   8.11    70.095150
213  3fv1   9.30    75.260177
214  4mgd   4.69    60.322688
215  2qe4   7.96    76.937274
216  1qkt   9.04    69.181087
217  2pog   9.54    72.483601
218  2p15  10.30   107.256327
219  2y5h   5.79    73.579221
220  1lpg   7.09   110.487779
221  2xbv   8.43    95.649520
222  1z6e   9.72    95.623483
223  1mq6  11.15    91.128832
224  1nc3   5.00    50.225304
225  1nc1   6.12    39.208774
226  1y6r  10.11    74.621893
227  4f2w  11.30    78.350701
228  4f3c  11.82    84.169816
229  1uto   2.27    37.450722
230  4abg   3.57    48.231393
231  3gy4   5.10    45.864099
232  1k1i   6.58    77.810456
233  1o3f   7.96   -15.608440
234  2yge   5.06    77.401933
235  2fxs   6.06    49.451603
236  2iwx   6.68    59.664985
237  2wer   7.05    64.349798
238  2vw5   8.52    84.114729
239  4kzq   6.10    66.303444
240  4kzu   6.50    68.116419
241  4j21   7.41    66.572772
242  4j3l   7.80    74.321088
243  3kr8   8.10    74.226055
244  2ymd   3.16    52.065894
245  2wnc   6.32    67.894909
246  2xys   7.42    52.645938
247  2wn9   8.52    59.701041
248  2x00  11.33    86.672700
249  3ozt   4.13    94.104205
250  3ozs   5.33    89.301823
251  3oe5   6.88   100.011231
252  3oe4   7.47    98.422427
253  3nw9   9.00   114.052737
254  3ao4   2.07    59.943227
255  3zt2   2.84    64.128638
256  3zsx   3.28    75.645288
257  4cig   3.67    81.751575
258  3zso   5.12    93.631753
259  3n7a   3.70    44.858203
260  4ciw   4.82    52.787706
261  3n86   5.64    80.829992
262  3n76   6.85   -13.286346
263  2xb8   7.59    75.019638
264  4bkt   3.62    45.601773
265  4w9c   4.65    63.964223
266  4w9l   5.02    87.600029
267  4w9i   5.96    73.389138
268  4w9h   6.73    80.621366
269  3nq9   4.03    41.544312
270  3ueu   5.24    61.473857
271  3uev   5.89    69.724789
272  3uew   6.31    73.070376
273  3uex   6.92    82.213000
274  3lka   2.82     9.763634
275  3ehy   5.85    50.361430
276  3tsk   7.17    94.447784
277  3nx7   8.10    60.151904
278  4gr0   9.55   111.548415
279  3dxg   2.40    34.859665
280  3d6q   3.76    37.605059
281  1w4o   5.22    41.125688
282  1o0h   5.92    51.837615
283  1u1b   7.80    79.357777

Summary of the scoring power: ===================================
The regression equation: logKa = 0.06 + 2.12 * Score
Number of favorable sample (N) = 278
Pearson correlation coefficient (R) = 0.633
Standard deviation in fitting (SD) = 1.69
=================================================================

Template command for running the bootstrap in R program==========

rm(list=ls());
require(boot);
data_all<-read.table("X-Score_processed_score",header=TRUE);
aa<-c(1:nrow(data_all));

mycore<-function(x,indices)
{
data_1<-matrix(NA,278,2);
for(i in 1:278);
    {
        data_1[i,1]=data_all[x[indices][i],2];
        data_1[i,2]=data_all[x[indices][i],3];
    }
        data_2<-data.frame(data_1);
        names(data_2)<-c("a","b");
        cor(data_2$a,data_2$b);
};

data.boot<-boot(aa,mycore,R=10000,stype="i",sim="ordinary");
sink("X-Score-ci.results");
a<-boot.ci(data.boot,conf=0.9,type=c("bca"));
print(a);
sink();

=================================================================
