     code  logKa         score
1    4llx   2.89  1.464733e+06
2    5c28   5.66  1.895105e+06
3    3uuo   7.96  2.918444e+06
4    3ui7   9.00  3.305026e+06
5    5c2h  11.09  4.620425e+06
6    2v00   3.66  2.153573e+06
7    3wz8   5.82  3.740108e+06
8    3pww   7.32  5.986718e+06
9    3prs   7.82  6.098470e+06
10   3uri   9.00  6.512352e+06
11   4m0z   5.19  3.942788e+06
12   4m0y   6.46  2.492566e+06
13   3qgy   7.80  3.160855e+06
14   4qd6   8.64  2.266229e+06
15   4rfm  10.05  4.327762e+06
16   4cr9   4.10  2.134872e+06
17   4cra   7.22  4.394841e+06
18   4x6p   8.30  4.820971e+06
19   4crc   8.72  4.573831e+06
20   4ty7   9.52  4.429835e+06
21   5aba   2.98  2.272370e+06
22   5a7b   3.57  2.933918e+16
23   4agn   3.97  2.883840e+06
24   4agp   4.69  3.339574e+06
25   4agq   5.01  3.442271e+06
26   3bgz   6.26  2.876049e+06
27   3jya   6.89  2.374954e+06
28   2c3i   7.60  3.473085e+06
29   4k18   8.96  3.601975e+06
30   5dwr  11.22  3.960198e+06
31   3mss   4.66  2.377970e+06
32   3k5v   6.30  3.015167e+06
33   3pyy   6.86  2.942988e+06
34   2v7a   8.30  4.473696e+06
35   4twp  10.00  3.977815e+06
36   3wtj   6.53  2.623822e+06
37   3zdg   7.10  2.960871e+06
38   3u8k   8.66  3.415017e+06
39   4qac   9.40  3.683424e+06
40   3u8n  10.17  3.532826e+06
41   1a30   4.30  3.169628e+06
42   2qnq   6.11  4.594545e+06
43   1g2k   7.96  6.223360e+06
44   1eby   9.70  6.602704e+06
45   3o9i  11.82  6.607600e+06
46   4lzs   4.80  2.497216e+06
47   3u5j   5.61  2.687740e+06
48   4wiv   6.26  2.810270e+06
49   4ogj   6.79  2.918861e+06
50   3p5o   7.30  3.425467e+06
51   1ps3   2.28  2.253739e+06
52   3dx1   3.58  1.396755e+06
53   3d4z   4.89  1.982187e+06
54   3dx2   6.82  1.819652e+06
55   3ejr   8.57  3.012491e+06
56   3l7b   2.40  3.336887e+06
57   4eky   3.52  3.922462e+06
58   3g2n   4.09  3.474892e+06
59   3syr   5.10  3.298514e+06
60   3ebp   5.91  2.724095e+06
61   2w66   4.05  2.845152e+06
62   2w4x   4.85  2.488889e+06
63   2wca   5.60  2.600576e+06
64   2xj7   6.66  3.218574e+06
65   2vvn   7.30  3.292942e+06
66   3aru   3.22  2.482685e+06
67   3arv   5.64  1.888899e+06
68   3ary   6.00  1.639484e+06
69   3arq   6.40  2.629190e+06
70   3arp   7.15  3.958927e+06
71   4ih5   4.11  2.032256e+06
72   4ih7   5.24  2.581337e+06
73   3cj4   6.51  2.788877e+06
74   4eo8   8.15  3.522017e+06
75   3gnw   9.10  4.461188e+06
76   1gpk   5.37  3.410392e+06
77   1gpn   6.48  3.563695e+06
78   1h23   8.35  5.935402e+06
79   1h22   9.10  5.642720e+06
80   1e66   9.89  3.724293e+06
81   3f3a   4.19  2.421249e+06
82   3f3c   6.02  2.429745e+06
83   4mme   6.50  2.788974e+06
84   3f3d   7.16  2.312965e+06
85   3f3e   7.70  2.442088e+06
86   2wbg   4.45  3.235955e+06
87   2cbv   5.48  2.114149e+06
88   2j78   6.42  2.137573e+06
89   2j7h   7.19  2.147515e+06
90   2cet   8.02  3.518275e+06
91   3udh   2.85  1.992812e+06
92   3rsx   4.41  1.978299e+06
93   4djv   6.72  3.135713e+06
94   2vkm   8.74  6.738771e+06
95   4gid  10.77  7.588906e+06
96   4jfs   5.27  2.313287e+06
97   4j28   5.70  2.073896e+06
98   2wvt   6.12  2.292018e+06
99   2xii   7.20  3.315763e+06
100  4pcs   7.85  2.003163e+06
101  3rr4   4.55  2.798925e+06
102  1s38   5.15  2.220058e+06
103  1r5y   6.46  1.968790e+06
104  3gc5   7.26  3.241023e+06
105  3ge7   8.70  4.357546e+06
106  4dli   5.62  3.407215e+06
107  2zb1   6.32  4.323581e+06
108  4f9w   6.94  3.539750e+06
109  3e92   8.00  4.664082e+06
110  3e93   8.85  6.088303e+06
111  4owm   2.96  1.244751e+06
112  3twp   3.92  1.264954e+06
113  3r88   4.82  2.022327e+06
114  4gkm   5.17  2.187951e+06
115  3qqs   5.82  2.271198e+06
116  3gv9   2.12  1.434090e+06
117  3gr2   2.52  1.437971e+06
118  4kz6   3.10  2.156864e+06
119  4jxs   4.74  2.587834e+06
120  2r9w   5.10  2.247765e+06
121  2hb1   3.80  1.896730e+06
122  1bzc   4.92  3.109586e+06
123  2qbr   6.33  2.850766e+06
124  2qbq   7.44  3.236463e+06
125  2qbp   8.40  3.742203e+06
126  1q8t   4.76  3.148412e+06
127  1ydr   5.52  3.178938e+06
128  1q8u   5.96  3.472285e+06
129  1ydt   7.32  4.248791e+06
130  3ag9   8.05  5.752799e+06
131  3fcq   2.77  1.718014e+06
132  1z9g   5.64  2.361466e+06
133  1qf1   7.32  3.745390e+06
134  5tmn   8.04  4.258579e+06
135  4tmn  10.17  4.656678e+06
136  4ddk   2.29  1.929228e+06
137  4ddh   3.32  2.671526e+06
138  3ivg   4.30  4.291920e+06
139  3coz   5.57  4.870815e+06
140  3coy   6.02  5.308084e+06
141  3pxf   4.43  1.876510e+06
142  4eor   6.30  4.085490e+06
143  2xnb   6.83  4.205391e+06
144  1pxn   7.15  3.527827e+06
145  2fvd   8.52  3.807973e+06
146  4k77   6.63  3.136684e+06
147  4e5w   7.66  4.848394e+06
148  4ivb   8.72  3.815326e+06
149  4ivd   9.52  4.036340e+06
150  4ivc  10.00  4.105106e+06
151  4f09   6.70  3.229282e+06
152  4gfm   7.22  2.581237e+06
153  4hge   7.92  3.618983e+06
154  4e6q   8.36  4.129829e+06
155  4jia   9.22  3.454415e+06
156  2brb   4.86  2.994137e+06
157  2br1   5.14  3.336627e+06
158  3jvr   5.72  2.301429e+06
159  3jvs   6.54  2.600917e+06
160  1nvq   8.25  4.572285e+06
161  3acw   4.76  3.733634e+06
162  4ea2   6.44  4.516438e+06
163  2zcr   6.87  3.896916e+06
164  2zy1   7.40  3.705976e+06
165  2zcq   8.82  2.856755e+06
166  1bcu   3.28  2.154138e+06
167  3bv9   5.36  4.935567e+06
168  1oyt   7.24  4.031064e+06
169  2zda   8.40  4.203154e+06
170  3utu  10.92  5.356905e+06
171  3u9q   4.38  2.391842e+06
172  2yfe   6.63  3.890323e+06
173  3fur   8.00  3.989311e+06
174  3b1m   8.48  5.022588e+06
175  2p4y   9.00  5.111303e+06
176  3uo4   6.52  3.092155e+06
177  3up2   7.40  3.201313e+06
178  3e5a   8.23  4.396347e+06
179  2wtv   8.74  3.758000e+06
180  3myg  10.70  3.903088e+06
181  3kgp   2.57  1.682839e+06
182  1c5z   4.01  1.885518e+06
183  1o5b   5.77  2.119215e+06
184  1owh   7.40  2.762387e+06
185  1sqa   9.21  3.389190e+06
186  4jsz   2.30  1.394426e+06
187  3kwa   4.08  2.330155e+06
188  2weg   6.50  1.526940e+06
189  3ryj   7.80  1.999251e+06
190  3dd0   9.00  2.178990e+06
191  2xdl   3.10  2.937445e+06
192  3b27   5.16  2.127761e+06
193  1yc1   6.17  3.454013e+06
194  3rlr   7.52  3.041586e+06
195  2yki   9.46  5.046722e+06
196  1z95   7.12  4.199109e+06
197  3b68   8.40  5.038051e+06
198  3b5r   8.77  3.908625e+06
199  3b65   9.27  3.989559e+06
200  3g0w   9.52  3.798809e+06
201  4u4s   2.92  2.583536e+06
202  1p1q   4.89  1.924046e+06
203  1syi   5.44  3.267582e+06
204  1p1n   6.80  2.607246e+06
205  2al5   8.40  2.633476e+06
206  3g2z   2.36  1.076920e+06
207  3g31   2.89  1.348876e+06
208  4de2   4.12  2.764163e+06
209  4de3   5.52  2.339553e+06
210  4de1   5.96  2.418440e+06
211  1vso   4.72  2.474029e+06
212  4dld   5.82  2.281295e+06
213  3gbb   6.90  3.211406e+06
214  3fv2   8.11  3.495168e+06
215  3fv1   9.30  3.965430e+06
216  4mgd   4.69  3.004166e+06
217  2qe4   7.96  4.000486e+06
218  1qkt   9.04  3.684939e+06
219  2pog   9.54  3.617629e+06
220  2p15  10.30  5.319718e+06
221  2y5h   5.79  4.383203e+06
222  1lpg   7.09  4.410323e+06
223  2xbv   8.43  4.791125e+06
224  1z6e   9.72  4.647655e+06
225  1mq6  11.15  4.427896e+06
226  1nc3   5.00  3.655503e+06
227  1nc1   6.12  3.609706e+06
228  1y6r  10.11  4.095466e+06
229  4f2w  11.30  4.494487e+06
230  4f3c  11.82  5.005646e+06
231  1uto   2.27  1.768144e+06
232  4abg   3.57  2.485345e+06
233  3gy4   5.10  1.971191e+06
234  1k1i   6.58  3.252688e+06
235  1o3f   7.96  2.688541e+06
236  2yge   5.06  4.173712e+06
237  2fxs   6.06  2.670071e+06
238  2iwx   6.68  3.055586e+06
239  2wer   7.05  3.091698e+06
240  2vw5   8.52  4.324276e+06
241  4kzq   6.10  3.092361e+06
242  4kzu   6.50  3.113416e+06
243  4j21   7.41  3.066164e+06
244  4j3l   7.80  3.480716e+06
245  3kr8   8.10  3.478317e+06
246  2ymd   3.16  4.975647e+05
247  2wnc   6.32  3.028431e+06
248  2xys   7.42  3.457898e+06
249  2wn9   8.52  2.669949e+06
250  2x00  11.33  5.297422e+06
251  3ozt   4.13  4.555487e+06
252  3ozs   5.33  4.390085e+06
253  3oe5   6.88  4.481478e+06
254  3oe4   7.47  4.624146e+06
255  3nw9   9.00  5.198502e+06
256  3ao4   2.07  2.368832e+06
257  3zt2   2.84  2.796479e+06
258  3zsx   3.28  3.245526e+06
259  4cig   3.67  3.495169e+06
260  3zso   5.12  3.856721e+06
261  3n7a   3.70  1.967059e+06
262  4ciw   4.82  2.863324e+06
263  3n86   5.64  4.451031e+06
264  3n76   6.85  3.874581e+06
265  2xb8   7.59  3.611030e+06
266  4bkt   3.62  2.369892e+06
267  4w9c   4.65  3.313889e+06
268  4w9l   5.02  4.519586e+06
269  4w9i   5.96  3.732731e+06
270  4w9h   6.73  3.882386e+06
271  3nq9   4.03  1.380201e+06
272  3ueu   5.24  2.396667e+06
273  3uev   5.89  2.817950e+06
274  3uew   6.31  3.048782e+06
275  3uex   6.92  3.511521e+06
276  3lka   2.82  1.946703e+06
277  3ehy   5.85  2.565759e+06
278  3tsk   7.17  5.336499e+06
279  3nx7   8.10  2.807427e+06
280  4gr0   9.55  5.917205e+06
281  3dxg   2.40  1.650131e+06
282  3d6q   3.76  1.735704e+06
283  1w4o   5.22  2.204448e+06
284  1o0h   5.92  2.526974e+06
285  1u1b   7.80  4.084044e+06

Summary of the scoring power: ===================================
The regression equation: logKa = -0.00 + 6.50 * Score
Number of favorable sample (N) = 285
Pearson correlation coefficient (R) = -0.080
Confidence interval of 90% Pearson R = [-0.176 ~ 0.018] 
Standard deviation in fitting (SD) = 2.17
=================================================================

Template command for running the bootstrap in R program==========

rm(list=ls());
require(boot);
data_all<-read.table("X-Score_processed_score",header=TRUE);
aa<-c(1:nrow(data_all));

mycore<-function(x,indices)
{
data_1<-matrix(NA,285,2);
for(i in 1:285);
    {
        data_1[i,1]=data_all[x[indices][i],2];
        data_1[i,2]=data_all[x[indices][i],3];
    }
        data_2<-data.frame(data_1);
        names(data_2)<-c("a","b");
        cor(data_2$a,data_2$b);
};

data.boot<-boot(aa,mycore,R=10000,stype="i",sim="ordinary");
sink("X-Score-ci.results");
a<-boot.ci(data.boot,conf=0.9,type=c("bca"));
print(a);
sink();

=================================================================
