     code  logKa        score
1    4llx   2.89   204.435878
2    5c28   5.66   298.047568
3    3uuo   7.96   396.135766
4    3ui7   9.00   471.232039
5    5c2h  11.09   558.968586
6    2v00   3.66   222.473677
7    3wz8   5.82   470.740209
8    3pww   7.32   585.191660
9    3prs   7.82   519.596708
10   3uri   9.00   432.937489
11   4m0z   5.19   503.258400
12   4m0y   6.46   231.518864
13   3qgy   7.80   480.605107
14   4qd6   8.64   472.301711
15   4rfm  10.05   409.332713
16   4cr9   4.10   168.818081
17   4cra   7.22   364.705371
18   4x6p   8.30   390.543372
19   4crc   8.72   372.390841
20   4ty7   9.52   364.551599
21   5aba   2.98   226.487209
22   5a7b   3.57   380.686903
23   4agn   3.97   250.635144
24   4agp   4.69   349.309863
25   4agq   5.01   320.851632
26   3bgz   6.26   709.922129
27   3jya   6.89   363.200368
28   2c3i   7.60   576.346319
29   4k18   8.96   562.856554
30   5dwr  11.22   680.757260
31   3mss   4.66   477.980108
32   3k5v   6.30   558.098764
33   3pyy   6.86   503.450651
34   2v7a   8.30   312.171003
35   4twp  10.00   594.522894
36   3wtj   6.53   368.415590
37   3zdg   7.10   285.651353
38   3u8k   8.66   228.359038
39   4qac   9.40   843.502571
40   3u8n  10.17   282.580492
41   1a30   4.30   231.409413
42   2qnq   6.11   708.778040
43   1g2k   7.96   687.859485
44   1eby   9.70   718.997153
45   3o9i  11.82   552.102455
46   4lzs   4.80   233.304897
47   3u5j   5.61   443.033619
48   4wiv   6.26   544.113959
49   4ogj   6.79   510.727383
50   3p5o   7.30   452.788708
51   1ps3   2.28    61.061872
52   3dx1   3.58   113.019911
53   3d4z   4.89    58.374772
54   3dx2   6.82   213.640720
55   3ejr   8.57   273.964131
56   3l7b   2.40    90.910458
57   4eky   3.52   146.662370
58   3g2n   4.09   139.619859
59   3syr   5.10    75.611469
60   3ebp   5.91   450.438417
61   2w66   4.05    75.453493
62   2w4x   4.85   118.749811
63   2wca   5.60   298.013748
64   2xj7   6.66   142.562218
65   2vvn   7.30   129.055930
66   3aru   3.22   165.142533
67   3arv   5.64   436.286036
68   3ary   6.00   155.209304
69   3arq   6.40   219.477760
70   3arp   7.15   676.183817
71   4ih5   4.11   332.135141
72   4ih7   5.24   375.545153
73   3cj4   6.51   412.137822
74   4eo8   8.15   465.630153
75   3gnw   9.10   549.209138
76   1gpk   5.37   240.899901
77   1h23   8.35   638.889410
78   1h22   9.10   553.489619
79   3f3a   4.19   290.651059
80   3f3c   6.02   323.158282
81   4mme   6.50   460.547862
82   3f3d   7.16   260.769387
83   3f3e   7.70   286.643989
84   2wbg   4.45   319.986201
85   2cbv   5.48   119.089520
86   2j78   6.42    82.462483
87   2j7h   7.19    51.328207
88   2cet   8.02   208.828739
89   3udh   2.85   252.822692
90   3rsx   4.41   261.304370
91   4djv   6.72   534.346105
92   2vkm   8.74   635.549524
93   4gid  10.77   603.581896
94   4jfs   5.27   261.326933
95   4j28   5.70   192.220678
96   2wvt   6.12    59.944683
97   2xii   7.20   264.187552
98   4pcs   7.85   286.206510
99   3rr4   4.55   203.717176
100  1s38   5.15   271.214988
101  1r5y   6.46   208.017156
102  3gc5   7.26   245.181639
103  3ge7   8.70   343.680130
104  4dli   5.62   457.785387
105  2zb1   6.32   602.580187
106  4f9w   6.94   578.974532
107  3e92   8.00   668.887479
108  3e93   8.85   668.729101
109  4owm   2.96   182.977389
110  3twp   3.92   158.991833
111  3r88   4.82   168.367983
112  4gkm   5.17   337.706036
113  3qqs   5.82   313.132581
114  3gv9   2.12    88.445731
115  3gr2   2.52   104.413632
116  4kz6   3.10   157.654205
117  4jxs   4.74   203.307682
118  2r9w   5.10   337.424079
119  2hb1   3.80   228.084307
120  1bzc   4.92   468.428277
121  2qbr   6.33   431.997677
122  2qbq   7.44   417.316563
123  2qbp   8.40   466.912896
124  1q8t   4.76   191.968929
125  1ydr   5.52   377.741601
126  1q8u   5.96   408.540042
127  1ydt   7.32   452.300347
128  3ag9   8.05   284.679231
129  3fcq   2.77   205.833634
130  1z9g   5.64   278.701526
131  1qf1   7.32   427.905311
132  5tmn   8.04   443.144045
133  4tmn  10.17   458.362888
134  4ddk   2.29   208.200311
135  4ddh   3.32   187.725258
136  3ivg   4.30   418.732496
137  3coz   5.57   227.276262
138  3coy   6.02   229.748594
139  3pxf   4.43   501.538705
140  4eor   6.30   417.790122
141  2xnb   6.83   329.864164
142  1pxn   7.15   297.806351
143  2fvd   8.52   448.812048
144  4k77   6.63   189.681741
145  4e5w   7.66   267.335465
146  4ivb   8.72   256.997748
147  4ivd   9.52   289.962629
148  4ivc  10.00   278.362658
149  4f09   6.70   226.118349
150  4gfm   7.22   217.563489
151  4hge   7.92   217.233648
152  4e6q   8.36   288.018164
153  4jia   9.22   523.860784
154  2brb   4.86   413.766270
155  2br1   5.14   396.154091
156  3jvr   5.72   358.409524
157  3jvs   6.54   366.534893
158  1nvq   8.25   487.670970
159  3acw   4.76   673.571863
160  4ea2   6.44   578.719093
161  2zcr   6.87   729.696567
162  2zy1   7.40   506.952921
163  2zcq   8.82   516.236155
164  1bcu   3.28   144.228124
165  3bv9   5.36   360.155027
166  1oyt   7.24   405.131592
167  2zda   8.40   402.273747
168  3utu  10.92   493.425722
169  3u9q   4.38   448.985178
170  2yfe   6.63   597.482735
171  3fur   8.00   782.095609
172  3b1m   8.48   745.647650
173  2p4y   9.00   914.607682
174  3uo4   6.52   508.008690
175  3up2   7.40   515.166668
176  3e5a   8.23   503.421792
177  2wtv   8.74   588.898777
178  3myg  10.70   254.863308
179  3kgp   2.57   127.114085
180  1c5z   4.01   139.438932
181  1o5b   5.77   158.301683
182  1owh   7.40   211.871775
183  1sqa   9.21   241.100618
184  4jsz   2.30     6.082281
185  3kwa   4.08   156.916705
186  2weg   6.50   236.694862
187  3ryj   7.80   307.985245
188  3dd0   9.00   201.804923
189  2xdl   3.10   176.535565
190  3b27   5.16   325.016829
191  1yc1   6.17   255.961525
192  3rlr   7.52   433.811918
193  2yki   9.46   777.234776
194  1z95   7.12   842.027648
195  3b68   8.40   761.433083
196  3b5r   8.77   905.640999
197  3b65   9.27   768.088785
198  3g0w   9.52   727.716342
199  4u4s   2.92   103.441113
200  1p1q   4.89   154.004120
201  1syi   5.44   146.833491
202  1p1n   6.80   149.292608
203  2al5   8.40   143.836531
204  3g2z   2.36    71.062090
205  3g31   2.89   177.811780
206  4de2   4.12   128.842167
207  4de3   5.52   124.033845
208  4de1   5.96   110.782477
209  1vso   4.72   211.036194
210  4dld   5.82   272.121772
211  3gbb   6.90   199.085155
212  3fv2   8.11   158.289020
213  3fv1   9.30   155.351308
214  4mgd   4.69   611.423060
215  2qe4   7.96   588.707161
216  1qkt   9.04   577.874855
217  2pog   9.54   659.370329
218  2p15  10.30  1137.456492
219  2y5h   5.79   189.518260
220  1lpg   7.09   465.339240
221  2xbv   8.43   486.848732
222  1z6e   9.72   364.604016
223  1mq6  11.15   435.160960
224  1nc3   5.00    95.810616
225  1nc1   6.12   412.671457
226  1y6r  10.11   332.463889
227  4f2w  11.30   412.354913
228  4f3c  11.82   571.889437
229  1uto   2.27   104.477373
230  4abg   3.57   131.636598
231  3gy4   5.10   133.277299
232  1k1i   6.58   215.879694
233  1o3f   7.96   281.311335
234  2yge   5.06   214.439606
235  2fxs   6.06   182.108174
236  2iwx   6.68   222.504338
237  2wer   7.05   249.120286
238  2vw5   8.52   340.135541
239  4kzq   6.10   418.039225
240  4kzu   6.50   494.085685
241  4j21   7.41   443.693442
242  4j3l   7.80   503.352177
243  3kr8   8.10   385.221014
244  2ymd   3.16   270.369090
245  2wnc   6.32   443.607238
246  2xys   7.42   436.369628
247  2wn9   8.52   282.925649
248  2x00  11.33   490.832348
249  3ozt   4.13   314.422028
250  3ozs   5.33   323.870054
251  3oe5   6.88   348.338350
252  3oe4   7.47   256.791607
253  3nw9   9.00   471.744807
254  3ao4   2.07   236.305122
255  3zt2   2.84   362.305620
256  3zsx   3.28   379.764657
257  4cig   3.67   347.710601
258  3zso   5.12   434.520100
259  3n7a   3.70   146.879937
260  4ciw   4.82   125.504657
261  3n86   5.64   275.342085
262  3n76   6.85   365.682070
263  2xb8   7.59   313.695783
264  4bkt   3.62   128.833375
265  4w9c   4.65   282.907010
266  4w9l   5.02   379.893821
267  4w9i   5.96   295.548336
268  4w9h   6.73   340.165501
269  3nq9   4.03   338.057480
270  3ueu   5.24   610.360897
271  3uev   5.89   683.973043
272  3uew   6.31   725.830577
273  3uex   6.92   852.687397
274  3lka   2.82   171.329617
275  3ehy   5.85   191.557890
276  3tsk   7.17   425.200475
277  3nx7   8.10   202.100521
278  4gr0   9.55   524.533052
279  3dxg   2.40    87.541837
280  3d6q   3.76    66.695119
281  1w4o   5.22    93.246312
282  1o0h   5.92   110.046112
283  1u1b   7.80   193.824717

Summary of the scoring power: ===================================
The regression equation: logKa = 0.01 + 4.36 * Score
Number of favorable sample (N) = 283
Pearson correlation coefficient (R) = 0.528
Standard deviation in fitting (SD) = 1.84
=================================================================

Template command for running the bootstrap in R program==========

rm(list=ls());
require(boot);
data_all<-read.table("X-Score_processed_score",header=TRUE);
aa<-c(1:nrow(data_all));

mycore<-function(x,indices)
{
data_1<-matrix(NA,283,2);
for(i in 1:283);
    {
        data_1[i,1]=data_all[x[indices][i],2];
        data_1[i,2]=data_all[x[indices][i],3];
    }
        data_2<-data.frame(data_1);
        names(data_2)<-c("a","b");
        cor(data_2$a,data_2$b);
};

data.boot<-boot(aa,mycore,R=10000,stype="i",sim="ordinary");
sink("X-Score-ci.results");
a<-boot.ci(data.boot,conf=0.9,type=c("bca"));
print(a);
sink();

=================================================================
