     code  logKa          score
1    4llx   2.89   24443.125400
2    5c28   5.66   35157.757715
3    3uuo   7.96   39354.859410
4    3ui7   9.00   36323.105010
5    5c2h  11.09  101396.305630
6    2v00   3.66   49683.293210
7    3wz8   5.82  117991.889960
8    3pww   7.32   51168.616390
9    3prs   7.82  100204.096130
10   3uri   9.00   66831.924210
11   4m0z   5.19   47734.058950
12   4m0y   6.46   35304.130720
13   3qgy   7.80   99001.229740
14   4qd6   8.64   99485.975570
15   4rfm  10.05   30537.081170
16   4cr9   4.10   37446.664010
17   4cra   7.22  100297.595685
18   4x6p   8.30  101538.031740
19   4crc   8.72  100617.643319
20   4ty7   9.52  101777.298900
21   5aba   2.98   28893.841855
22   5a7b   3.57   30945.762020
23   4agn   3.97   27407.616155
24   4agp   4.69   30537.574570
25   4agq   5.01   30110.314420
26   3bgz   6.26   88819.592170
27   3jya   6.89   29751.498510
28   2c3i   7.60   31746.329385
29   4k18   8.96   31253.194355
30   5dwr  11.22   51772.003590
31   3mss   4.66   32768.409950
32   3k5v   6.30   34143.362200
33   3pyy   6.86   35052.357900
34   2v7a   8.30   29822.216294
35   4twp  10.00   98658.401629
36   3wtj   6.53   26243.361350
37   3zdg   7.10   24973.319700
38   3u8k   8.66   43558.407420
39   4qac   9.40   75633.501850
40   3u8n  10.17   36718.658260
41   1a30   4.30   38393.227449
42   2qnq   6.11  112070.628270
43   1g2k   7.96   97970.460089
44   1eby   9.70  100388.120470
45   3o9i  11.82   30485.413619
46   4lzs   4.80   28255.359110
47   3u5j   5.61   30727.566800
48   4wiv   6.26   32150.272905
49   4ogj   6.79   33162.230620
50   3p5o   7.30   30276.001195
51   1ps3   2.28   16819.294200
52   3dx1   3.58   32749.872830
53   3d4z   4.89   20673.623090
54   3dx2   6.82   46091.256670
55   3ejr   8.57   43790.117130
56   3l7b   2.40   17043.399499
57   4eky   3.52   26470.974174
58   3g2n   4.09   24831.101429
59   3syr   5.10   17130.113039
60   3ebp   5.91   34708.151060
61   2w66   4.05   16810.250865
62   2w4x   4.85   25020.938025
63   2wca   5.60   25400.486504
64   2xj7   6.66   22104.674825
65   2vvn   7.30   45050.628250
66   3aru   3.22   27837.051090
67   3arv   5.64   59498.110315
68   3ary   6.00   38179.025000
69   3arq   6.40   51122.188190
70   3arp   7.15   32833.664000
71   4ih5   4.11   34085.342650
72   4ih7   5.24   23796.564885
73   3cj4   6.51   26217.823879
74   4eo8   8.15   26040.999810
75   3gnw   9.10  130546.104495
76   1gpk   5.37   26815.600790
77   1h23   8.35   22391.556635
78   1h22   9.10   21731.754795
79   3f3a   4.19   54610.406950
80   3f3c   6.02   46055.294860
81   4mme   6.50   28323.828450
82   3f3d   7.16   26502.723055
83   3f3e   7.70   26991.497995
84   2wbg   4.45   44529.548330
85   2cbv   5.48   49413.338245
86   2j78   6.42   35287.680650
87   2j7h   7.19   18114.537970
88   2cet   8.02   29501.269689
89   3udh   2.85   50905.844640
90   3rsx   4.41   58694.086800
91   4djv   6.72   75365.344570
92   2vkm   8.74  116349.481440
93   4gid  10.77   66043.872315
94   4jfs   5.27   41022.369870
95   4j28   5.70   65507.762995
96   2wvt   6.12   38937.365925
97   2xii   7.20   55466.224525
98   4pcs   7.85   58623.406700
99   3rr4   4.55   40285.830550
100  1s38   5.15   56936.642630
101  1r5y   6.46   58555.748130
102  3gc5   7.26   54903.289000
103  3ge7   8.70   59286.406860
104  4dli   5.62   44425.878330
105  2zb1   6.32   33490.068590
106  4f9w   6.94   98571.667615
107  3e92   8.00   29864.423124
108  3e93   8.85   98308.819189
109  4owm   2.96   28020.111325
110  3twp   3.92   20295.047370
111  3r88   4.82   50080.596330
112  4gkm   5.17   36431.487674
113  3qqs   5.82   26502.802799
114  3gv9   2.12   20132.774220
115  3gr2   2.52   30788.221044
116  4kz6   3.10   27142.647945
117  4jxs   4.74   26681.871474
118  2r9w   5.10   29690.002275
119  2hb1   3.80   34121.160044
120  1bzc   4.92   33838.471459
121  2qbr   6.33   27475.683374
122  2qbq   7.44   27581.479274
123  2qbp   8.40   28195.901494
124  1q8t   4.76   27971.327110
125  1ydr   5.52   30576.765860
126  1q8u   5.96   24571.134055
127  1ydt   7.32   29290.787760
128  3ag9   8.05   41953.444534
129  3fcq   2.77   34830.124575
130  1z9g   5.64   24154.337390
131  1qf1   7.32   24805.219389
132  5tmn   8.04   25312.094554
133  4tmn  10.17   44338.443114
134  4ddk   2.29   27455.253810
135  4ddh   3.32   43365.825694
136  3ivg   4.30   84974.312444
137  3coz   5.57   29643.145209
138  3coy   6.02   34117.166280
139  3pxf   4.43   31313.743985
140  4eor   6.30   32376.218700
141  2xnb   6.83   27207.232250
142  1pxn   7.15   32848.128420
143  2fvd   8.52   29474.447070
144  4k77   6.63   27190.089960
145  4e5w   7.66   29559.261875
146  4ivb   8.72   29099.470010
147  4ivd   9.52   30391.113200
148  4ivc  10.00   29401.598360
149  4f09   6.70   32603.990435
150  4gfm   7.22   25070.716260
151  4hge   7.92   25998.355900
152  4e6q   8.36   95956.173755
153  4jia   9.22   25864.974445
154  2brb   4.86   99718.660920
155  2br1   5.14  100022.395670
156  3jvr   5.72   56871.803880
157  3jvs   6.54   56398.955800
158  1nvq   8.25  102187.369760
159  3acw   4.76   33793.935930
160  4ea2   6.44   29708.398125
161  2zcr   6.87   28153.903500
162  2zy1   7.40   23602.408084
163  2zcq   8.82   31081.493405
164  1bcu   3.28   44090.278230
165  3bv9   5.36   30375.349860
166  1oyt   7.24   26418.712780
167  2zda   8.40   43534.020460
168  3utu  10.92   34481.750360
169  3u9q   4.38   28725.375895
170  2yfe   6.63   31646.387155
171  3fur   8.00  104644.284000
172  3b1m   8.48   35143.146950
173  2p4y   9.00   95086.649090
174  3uo4   6.52   84888.471915
175  3up2   7.40   25171.510780
176  3e5a   8.23   46007.660255
177  2wtv   8.74   86576.131045
178  3myg  10.70   29662.228420
179  3kgp   2.57   32011.983515
180  1c5z   4.01   30305.576675
181  1o5b   5.77   35230.547140
182  1owh   7.40   46107.541600
183  1sqa   9.21  105889.174350
184  4jsz   2.30   14164.339610
185  3kwa   4.08   24796.878520
186  2weg   6.50   25865.653560
187  3ryj   7.80   25691.517315
188  3dd0   9.00   35166.017950
189  2xdl   3.10   30194.055300
190  3b27   5.16   31802.920200
191  1yc1   6.17   27168.844499
192  3rlr   7.52   26409.112070
193  2yki   9.46  134798.018480
194  1z95   7.12   28101.523350
195  3b68   8.40   35758.724630
196  3b5r   8.77   29884.918650
197  3b65   9.27   29041.820480
198  3g0w   9.52   26090.385235
199  4u4s   2.92   23849.212070
200  1p1q   4.89   27907.376105
201  1syi   5.44   28341.416830
202  1p1n   6.80   26680.163015
203  2al5   8.40   28947.999589
204  3g2z   2.36   11962.608865
205  3g31   2.89   30531.272705
206  4de2   4.12   29684.461710
207  4de3   5.52   29622.673390
208  4de1   5.96   87289.703450
209  1vso   4.72   26361.075485
210  4dld   5.82   27516.427559
211  3gbb   6.90   23181.093395
212  3fv2   8.11   24847.197339
213  3fv1   9.30   44646.650149
214  4mgd   4.69   59882.211400
215  2qe4   7.96   46490.516250
216  1qkt   9.04   46941.011635
217  2pog   9.54   45266.820510
218  2p15  10.30   46346.238900
219  2y5h   5.79   32298.508075
220  1lpg   7.09  125017.603430
221  2xbv   8.43   53261.431230
222  1z6e   9.72  129940.110650
223  1mq6  11.15   55212.425450
224  1nc3   5.00   19985.007725
225  1nc1   6.12   32731.593905
226  1y6r  10.11   25205.924135
227  4f2w  11.30   43588.873835
228  4f3c  11.82   43809.491375
229  1uto   2.27   24413.987840
230  4abg   3.57   27285.836590
231  3gy4   5.10   31463.657960
232  1k1i   6.58   27379.455255
233  1o3f   7.96  100526.973680
234  2yge   5.06   21117.755800
235  2fxs   6.06   21653.480150
236  2iwx   6.68   20686.108280
237  2wer   7.05   18004.138530
238  2vw5   8.52   25201.716789
239  4kzq   6.10   33309.805560
240  4kzu   6.50   30361.657445
241  4j21   7.41   30289.691830
242  4j3l   7.80   26450.501230
243  3kr8   8.10   21479.530370
244  2ymd   3.16   47307.266370
245  2wnc   6.32   33112.917500
246  2xys   7.42   28383.059585
247  2wn9   8.52   56386.439580
248  2x00  11.33   28258.963000
249  3ozt   4.13   44314.410859
250  3ozs   5.33   46942.594660
251  3oe5   6.88   47378.193479
252  3oe4   7.47   57355.711709
253  3nw9   9.00  124621.962389
254  3ao4   2.07   38042.001170
255  3zt2   2.84   28053.602095
256  3zsx   3.28   22613.417619
257  4cig   3.67   83471.343685
258  3zso   5.12   83198.172004
259  3n7a   3.70   24054.883839
260  4ciw   4.82   23977.319989
261  3n86   5.64   22920.714274
262  3n76   6.85   22938.917074
263  2xb8   7.59   39283.594644
264  4bkt   3.62   43237.431190
265  4w9c   4.65   48001.786930
266  4w9l   5.02   49097.404970
267  4w9i   5.96   52207.867880
268  4w9h   6.73   48087.932230
269  3nq9   4.03   25517.865155
270  3ueu   5.24   27268.900105
271  3uev   5.89   25724.845155
272  3uew   6.31   25398.235550
273  3uex   6.92   25926.909025
274  3lka   2.82   26365.231960
275  3ehy   5.85   39647.760870
276  3tsk   7.17   52497.214490
277  3nx7   8.10   39620.459760
278  4gr0   9.55   98117.108195
279  3dxg   2.40   17307.692525
280  3d6q   3.76   16397.901795
281  1w4o   5.22   13284.562919
282  1o0h   5.92   20780.622510
283  1u1b   7.80   28964.165269

Summary of the scoring power: ===================================
The regression equation: logKa = 0.00 + 5.33 * Score
Number of favorable sample (N) = 283
Pearson correlation coefficient (R) = 0.319
Standard deviation in fitting (SD) = 2.06
=================================================================

Template command for running the bootstrap in R program==========

rm(list=ls());
require(boot);
data_all<-read.table("X-Score_processed_score",header=TRUE);
aa<-c(1:nrow(data_all));

mycore<-function(x,indices)
{
data_1<-matrix(NA,283,2);
for(i in 1:283);
    {
        data_1[i,1]=data_all[x[indices][i],2];
        data_1[i,2]=data_all[x[indices][i],3];
    }
        data_2<-data.frame(data_1);
        names(data_2)<-c("a","b");
        cor(data_2$a,data_2$b);
};

data.boot<-boot(aa,mycore,R=10000,stype="i",sim="ordinary");
sink("X-Score-ci.results");
a<-boot.ci(data.boot,conf=0.9,type=c("bca"));
print(a);
sink();

=================================================================
