     code  logKa      score
1    4llx   2.89  12.638009
2    5c28   5.66   7.126812
3    3uuo   7.96   7.309595
4    3ui7   9.00   7.039424
5    5c2h  11.09   9.347590
6    2v00   3.66   3.458127
7    3wz8   5.82   7.697586
8    3pww   7.32   6.055181
9    3prs   7.82  11.470607
10   3uri   9.00   9.769997
11   4m0z   5.19   9.872179
12   4m0y   6.46   6.508274
13   3qgy   7.80   6.616752
14   4qd6   8.64   8.678435
15   4rfm  10.05   6.601072
16   4cr9   4.10   3.523490
17   4cra   7.22  10.440653
18   4x6p   8.30  12.193761
19   4crc   8.72  10.402200
20   4ty7   9.52  11.473872
21   5aba   2.98   4.659591
22   5a7b   3.57   3.984111
23   4agn   3.97   4.719195
24   4agp   4.69   5.057338
25   4agq   5.01   4.483984
26   3bgz   6.26  11.443565
27   3jya   6.89   7.741416
28   2c3i   7.60   7.028044
29   4k18   8.96   8.724116
30   5dwr  11.22   6.386283
31   3mss   4.66   4.843238
32   3k5v   6.30   5.096729
33   3pyy   6.86   6.003098
34   2v7a   8.30  11.532360
35   4twp  10.00  11.864395
36   3wtj   6.53   4.718731
37   3zdg   7.10   8.342786
38   3u8k   8.66   3.932777
39   4qac   9.40   6.192903
40   3u8n  10.17   3.754480
41   1a30   4.30  11.067916
42   2qnq   6.11  10.816831
43   1g2k   7.96  12.095904
44   1eby   9.70  12.914386
45   3o9i  11.82  11.577286
46   4lzs   4.80   3.637149
47   3u5j   5.61   7.032484
48   4wiv   6.26   7.504278
49   4ogj   6.79   6.441394
50   3p5o   7.30   8.958130
51   1ps3   2.28   4.839019
52   3dx1   3.58   3.787857
53   3d4z   4.89   4.966067
54   3dx2   6.82  13.380951
55   3ejr   8.57   4.187894
56   3l7b   2.40  18.731308
57   4eky   3.52  10.171895
58   3g2n   4.09  10.243357
59   3syr   5.10  18.503528
60   3ebp   5.91   5.022869
61   2w66   4.05   3.381946
62   2w4x   4.85  17.919234
63   2wca   5.60  10.444690
64   2xj7   6.66  18.238209
65   2vvn   7.30  18.402245
66   3aru   3.22  10.768156
67   3arv   5.64  11.790195
68   3ary   6.00   6.583922
69   3arq   6.40   4.294997
70   3arp   7.15   3.849367
71   4ih5   4.11   6.611557
72   4ih7   5.24   7.062716
73   3cj4   6.51  11.697329
74   4eo8   8.15  13.552316
75   3gnw   9.10  13.583327
76   1gpk   5.37   4.340749
77   1h23   8.35   7.589134
78   1h22   9.10   7.313101
79   3f3a   4.19   6.084360
80   3f3c   6.02   7.245486
81   4mme   6.50   4.173613
82   3f3d   7.16   6.862533
83   3f3e   7.70   6.687049
84   2wbg   4.45  11.934684
85   2cbv   5.48  18.191387
86   2j78   6.42   7.590556
87   2j7h   7.19   2.675957
88   2cet   8.02  10.562015
89   3udh   2.85   3.384405
90   3rsx   4.41   5.394436
91   4djv   6.72   6.336336
92   2vkm   8.74  11.641958
93   4gid  10.77  11.726463
94   4jfs   5.27  10.077806
95   4j28   5.70  10.661988
96   2wvt   6.12   7.660016
97   2xii   7.20  11.204485
98   4pcs   7.85   9.864443
99   3rr4   4.55   6.928008
100  1s38   5.15   6.121281
101  1r5y   6.46   6.610658
102  3gc5   7.26   9.242957
103  3ge7   8.70   9.226915
104  4dli   5.62   5.727995
105  2zb1   6.32  15.484835
106  4f9w   6.94  12.842609
107  3e92   8.00  12.088485
108  3e93   8.85  12.537615
109  4owm   2.96   7.807180
110  3twp   3.92   9.289484
111  3r88   4.82   9.384357
112  4gkm   5.17  11.539918
113  3qqs   5.82  11.400865
114  3gv9   2.12   9.515124
115  3gr2   2.52  12.243574
116  4kz6   3.10  11.965536
117  4jxs   4.74  10.195800
118  2r9w   5.10  13.709693
119  2hb1   3.80  12.610873
120  1bzc   4.92  10.560197
121  2qbr   6.33  10.065968
122  2qbq   7.44  11.528823
123  2qbp   8.40  12.195750
124  1q8t   4.76   4.076718
125  1ydr   5.52   4.051477
126  1q8u   5.96   4.134411
127  1ydt   7.32   6.855677
128  3ag9   8.05  13.181783
129  3fcq   2.77  12.900640
130  1z9g   5.64  10.568292
131  1qf1   7.32  10.719026
132  5tmn   8.04  10.098633
133  4tmn  10.17  10.051675
134  4ddk   2.29  13.024646
135  4ddh   3.32  13.783873
136  3ivg   4.30  12.047741
137  3coz   5.57  10.470631
138  3coy   6.02  10.453053
139  3pxf   4.43   8.716065
140  4eor   6.30  10.502352
141  2xnb   6.83   9.320709
142  1pxn   7.15   7.460964
143  2fvd   8.52   8.665311
144  4k77   6.63   4.055694
145  4e5w   7.66   6.192296
146  4ivb   8.72   7.044242
147  4ivd   9.52   8.566211
148  4ivc  10.00   7.183722
149  4f09   6.70   5.942421
150  4gfm   7.22   8.038360
151  4hge   7.92   4.854616
152  4e6q   8.36   5.868965
153  4jia   9.22   4.279174
154  2brb   4.86   8.076978
155  2br1   5.14   8.034936
156  3jvr   5.72   6.299806
157  3jvs   6.54   6.199232
158  1nvq   8.25   5.699471
159  3acw   4.76   3.800815
160  4ea2   6.44   4.050030
161  2zcr   6.87  13.157245
162  2zy1   7.40  10.470875
163  2zcq   8.82  13.149291
164  1bcu   3.28   5.504764
165  3bv9   5.36   3.974007
166  1oyt   7.24   4.166354
167  2zda   8.40   3.616393
168  3utu  10.92   6.489761
169  3u9q   4.38  13.346704
170  2yfe   6.63   7.314339
171  3fur   8.00   7.665274
172  3b1m   8.48   5.519974
173  2p4y   9.00   9.986926
174  3uo4   6.52  10.229709
175  3up2   7.40   9.864805
176  3e5a   8.23  10.602703
177  2wtv   8.74   6.382165
178  3myg  10.70  10.052332
179  3kgp   2.57   3.436476
180  1c5z   4.01   3.583368
181  1o5b   5.77   4.246036
182  1owh   7.40   6.809370
183  1sqa   9.21   6.783762
184  4jsz   2.30   3.205904
185  3kwa   4.08   4.487543
186  2weg   6.50   6.966074
187  3ryj   7.80   4.183323
188  3dd0   9.00   3.924015
189  2xdl   3.10  10.016801
190  3b27   5.16   4.719602
191  1yc1   6.17  10.830514
192  3rlr   7.52   8.500452
193  2yki   9.46   7.733934
194  1z95   7.12   4.178577
195  3b68   8.40   5.118064
196  3b5r   8.77   5.212965
197  3b65   9.27   5.289368
198  3g0w   9.52   4.655855
199  4u4s   2.92   3.887899
200  1p1q   4.89   9.784062
201  1syi   5.44  10.131646
202  1p1n   6.80  10.408484
203  2al5   8.40  10.133968
204  3g2z   2.36  18.485968
205  3g31   2.89   5.266979
206  4de2   4.12  13.014452
207  4de3   5.52  13.374195
208  4de1   5.96  12.823708
209  1vso   4.72  10.125611
210  4dld   5.82   9.790141
211  3gbb   6.90  10.481632
212  3fv2   8.11  10.178327
213  3fv1   9.30  11.834041
214  4mgd   4.69   4.937656
215  2qe4   7.96   8.727095
216  1qkt   9.04   3.691826
217  2pog   9.54   4.824030
218  2p15  10.30   9.733447
219  2y5h   5.79   8.716186
220  1lpg   7.09   5.763341
221  2xbv   8.43   4.871640
222  1z6e   9.72   6.973093
223  1mq6  11.15   8.147610
224  1nc3   5.00   6.088245
225  1nc1   6.12   9.436453
226  1y6r  10.11   8.666446
227  4f2w  11.30   4.091271
228  4f3c  11.82   4.373389
229  1uto   2.27   3.245373
230  4abg   3.57   3.020581
231  3gy4   5.10   3.583368
232  1k1i   6.58  10.569630
233  1o3f   7.96   8.025081
234  2yge   5.06   7.156927
235  2fxs   6.06  10.379219
236  2iwx   6.68   9.616998
237  2wer   7.05   9.616998
238  2vw5   8.52  10.534597
239  4kzq   6.10   6.530440
240  4kzu   6.50   7.809906
241  4j21   7.41   4.134419
242  4j3l   7.80   4.419707
243  3kr8   8.10   4.227860
244  2ymd   3.16   3.797719
245  2wnc   6.32   3.864392
246  2xys   7.42   4.227611
247  2wn9   8.52   4.222665
248  2x00  11.33   4.662360
249  3ozt   4.13  10.889593
250  3ozs   5.33  10.982088
251  3oe5   6.88  10.996815
252  3oe4   7.47  11.851285
253  3nw9   9.00  11.667001
254  3ao4   2.07   3.588860
255  3zt2   2.84  12.585360
256  3zsx   3.28  10.801335
257  4cig   3.67   9.746194
258  3zso   5.12  10.814712
259  3n7a   3.70   9.853183
260  4ciw   4.82   9.877263
261  3n86   5.64   9.815778
262  3n76   6.85   9.920153
263  2xb8   7.59  10.162649
264  4bkt   3.62   9.630850
265  4w9c   4.65   4.523138
266  4w9l   5.02   4.317252
267  4w9i   5.96   4.643161
268  4w9h   6.73   4.566005
269  3nq9   4.03   5.656778
270  3ueu   5.24   5.424318
271  3uev   5.89   5.656778
272  3uew   6.31   5.520569
273  3uex   6.92   7.885844
274  3lka   2.82   3.847868
275  3ehy   5.85   9.002583
276  3tsk   7.17  11.218147
277  3nx7   8.10   6.364046
278  4gr0   9.55  13.385969
279  3dxg   2.40  13.080380
280  3d6q   3.76   4.815851
281  1w4o   5.22  19.111249
282  1o0h   5.92  10.461000
283  1u1b   7.80  10.487372

Summary of the scoring power: ===================================
The regression equation: logKa = -0.01 + 6.52 * Score
Number of favorable sample (N) = 283
Pearson correlation coefficient (R) = -0.010
Standard deviation in fitting (SD) = 2.17
=================================================================

Template command for running the bootstrap in R program==========

rm(list=ls());
require(boot);
data_all<-read.table("X-Score_processed_score",header=TRUE);
aa<-c(1:nrow(data_all));

mycore<-function(x,indices)
{
data_1<-matrix(NA,283,2);
for(i in 1:283);
    {
        data_1[i,1]=data_all[x[indices][i],2];
        data_1[i,2]=data_all[x[indices][i],3];
    }
        data_2<-data.frame(data_1);
        names(data_2)<-c("a","b");
        cor(data_2$a,data_2$b);
};

data.boot<-boot(aa,mycore,R=10000,stype="i",sim="ordinary");
sink("X-Score-ci.results");
a<-boot.ci(data.boot,conf=0.9,type=c("bca"));
print(a);
sink();

=================================================================
