     code  logKa      score
1    4llx   2.89  26.495808
2    5c28   5.66  26.882277
3    3uuo   7.96  27.172328
4    3ui7   9.00  26.177581
5    5c2h  11.09  26.462502
6    2v00   3.66  27.981394
7    3wz8   5.82  26.247702
8    3pww   7.32  27.553153
9    3prs   7.82  26.492592
10   3uri   9.00  26.927901
11   4m0z   5.19  26.168800
12   4m0y   6.46  26.645958
13   3qgy   7.80  26.744759
14   4qd6   8.64  26.117252
15   4rfm  10.05  27.081917
16   4cr9   4.10  26.967499
17   4cra   7.22  26.509998
18   4x6p   8.30  27.059362
19   4crc   8.72  25.349503
20   4ty7   9.52  27.507306
21   5aba   2.98  26.782985
22   5a7b   3.57  26.768243
23   4agn   3.97  27.221840
24   4agp   4.69  27.014872
25   4agq   5.01  27.107337
26   3bgz   6.26  25.850272
27   3jya   6.89  26.708084
28   2c3i   7.60  26.207522
29   4k18   8.96  25.586860
30   5dwr  11.22  27.451889
31   3mss   4.66  26.551461
32   3k5v   6.30  26.064977
33   3pyy   6.86  27.231399
34   2v7a   8.30  27.153955
35   4twp  10.00  27.484413
36   3wtj   6.53  25.772656
37   3zdg   7.10  27.584662
38   3u8k   8.66  26.104419
39   4qac   9.40  26.461880
40   3u8n  10.17  26.495422
41   1a30   4.30  27.342983
42   2qnq   6.11  27.190527
43   1g2k   7.96  27.198734
44   1eby   9.70  27.208570
45   3o9i  11.82  27.356019
46   4lzs   4.80  26.446350
47   3u5j   5.61  26.703435
48   4wiv   6.26  26.715018
49   4ogj   6.79  26.409119
50   3p5o   7.30  25.724324
51   1ps3   2.28  23.899126
52   3dx1   3.58  28.097368
53   3d4z   4.89  23.873312
54   3dx2   6.82  27.748478
55   3ejr   8.57  27.825829
56   3l7b   2.40  28.105654
57   4eky   3.52  27.558625
58   3g2n   4.09  27.812855
59   3syr   5.10  27.666558
60   3ebp   5.91  26.135475
61   2w66   4.05  28.459140
62   2w4x   4.85  26.959308
63   2wca   5.60  27.461894
64   2xj7   6.66  27.078203
65   2vvn   7.30  29.342404
66   3aru   3.22  27.091348
67   3arv   5.64  27.884809
68   3ary   6.00  28.602496
69   3arq   6.40  26.605310
70   3arp   7.15  25.695637
71   4ih5   4.11  26.996037
72   4ih7   5.24  26.998206
73   3cj4   6.51  26.056996
74   4eo8   8.15  26.115876
75   3gnw   9.10  28.319079
76   1gpk   5.37  27.624919
77   1h23   8.35  27.125880
78   1h22   9.10  27.261591
79   3f3a   4.19  26.570986
80   3f3c   6.02  26.288498
81   4mme   6.50  26.635245
82   3f3d   7.16  26.834741
83   3f3e   7.70  26.837198
84   2wbg   4.45  28.412281
85   2cbv   5.48  28.515661
86   2j78   6.42  28.763264
87   2j7h   7.19  24.227013
88   2cet   8.02  27.256660
89   3udh   2.85  27.521321
90   3rsx   4.41  27.319713
91   4djv   6.72  27.118661
92   2vkm   8.74  25.897080
93   4gid  10.77  28.134415
94   4jfs   5.27  27.933880
95   4j28   5.70  27.992209
96   2wvt   6.12  26.814926
97   2xii   7.20  28.849915
98   4pcs   7.85  27.441236
99   3rr4   4.55  26.197614
100  1s38   5.15  26.991532
101  1r5y   6.46  26.688890
102  3gc5   7.26  26.636085
103  3ge7   8.70  26.678311
104  4dli   5.62  27.242015
105  2zb1   6.32  27.469318
106  4f9w   6.94  27.805957
107  3e92   8.00  26.644047
108  3e93   8.85  27.142379
109  4owm   2.96  26.208412
110  3twp   3.92  26.489115
111  3r88   4.82  26.007041
112  4gkm   5.17  27.758482
113  3qqs   5.82  26.456651
114  3gv9   2.12  26.736528
115  3gr2   2.52  26.457952
116  4kz6   3.10  26.254006
117  4jxs   4.74  27.009348
118  2r9w   5.10  25.856000
119  2hb1   3.80  27.683194
120  1bzc   4.92  27.078648
121  2qbr   6.33  27.819677
122  2qbq   7.44  27.429906
123  2qbp   8.40  28.069949
124  1q8t   4.76  27.421942
125  1ydr   5.52  26.816292
126  1q8u   5.96  27.912561
127  1ydt   7.32  27.381974
128  3ag9   8.05  28.018603
129  3fcq   2.77  26.739017
130  1z9g   5.64  27.559794
131  1qf1   7.32  28.060001
132  5tmn   8.04  27.430414
133  4tmn  10.17  27.590384
134  4ddk   2.29  25.856830
135  4ddh   3.32  27.302304
136  3ivg   4.30  27.029537
137  3coz   5.57  28.909876
138  3coy   6.02  28.120798
139  3pxf   4.43  26.508549
140  4eor   6.30  26.717331
141  2xnb   6.83  26.733477
142  1pxn   7.15  27.010660
143  2fvd   8.52  26.917670
144  4k77   6.63  27.015334
145  4e5w   7.66  26.898376
146  4ivb   8.72  27.414474
147  4ivd   9.52  27.230396
148  4ivc  10.00  26.414247
149  4f09   6.70  28.006277
150  4gfm   7.22  27.207532
151  4hge   7.92  26.641925
152  4e6q   8.36  27.333773
153  4jia   9.22  26.617549
154  2brb   4.86  26.751285
155  2br1   5.14  26.519188
156  3jvr   5.72  27.615999
157  3jvs   6.54  27.239953
158  1nvq   8.25  27.285498
159  3acw   4.76  25.940366
160  4ea2   6.44  27.092983
161  2zcr   6.87  26.573326
162  2zy1   7.40  26.855067
163  2zcq   8.82  26.846326
164  1bcu   3.28  27.250480
165  3bv9   5.36  27.612953
166  1oyt   7.24  27.505373
167  2zda   8.40  26.660246
168  3utu  10.92  27.297116
169  3u9q   4.38  25.820539
170  2yfe   6.63  26.842966
171  3fur   8.00  26.993468
172  3b1m   8.48  27.260269
173  2p4y   9.00  26.098965
174  3uo4   6.52  26.957341
175  3up2   7.40  27.209751
176  3e5a   8.23  26.025234
177  2wtv   8.74  27.015694
178  3myg  10.70  27.780546
179  3kgp   2.57  28.198137
180  1c5z   4.01  28.449610
181  1o5b   5.77  27.794706
182  1owh   7.40  27.271818
183  1sqa   9.21  26.826191
184  4jsz   2.30  25.711670
185  3kwa   4.08  26.572638
186  2weg   6.50  26.508702
187  3ryj   7.80  26.748381
188  3dd0   9.00  26.643000
189  2xdl   3.10  26.433149
190  3b27   5.16  26.991259
191  1yc1   6.17  27.617747
192  3rlr   7.52  27.074804
193  2yki   9.46  26.718118
194  1z95   7.12  27.045515
195  3b68   8.40  26.758531
196  3b5r   8.77  27.115445
197  3b65   9.27  26.054669
198  3g0w   9.52  27.073105
199  4u4s   2.92  26.312286
200  1p1q   4.89  27.397410
201  1syi   5.44  28.167247
202  1p1n   6.80  27.199687
203  2al5   8.40  28.167247
204  3g2z   2.36  26.461300
205  3g31   2.89  27.146306
206  4de2   4.12  28.429928
207  4de3   5.52  28.897668
208  4de1   5.96  28.100233
209  1vso   4.72  27.833783
210  4dld   5.82  27.586456
211  3gbb   6.90  27.472804
212  3fv2   8.11  28.146870
213  3fv1   9.30  28.216426
214  4mgd   4.69  26.684279
215  2qe4   7.96  25.556957
216  1qkt   9.04  27.265985
217  2pog   9.54  25.882015
218  2p15  10.30  25.661367
219  2y5h   5.79  27.069035
220  1lpg   7.09  26.509929
221  2xbv   8.43  27.095734
222  1z6e   9.72  26.789353
223  1mq6  11.15  26.978664
224  1nc3   5.00  26.969771
225  1nc1   6.12  26.853020
226  1y6r  10.11  26.862336
227  4f2w  11.30  27.862046
228  4f3c  11.82  27.541211
229  1uto   2.27  27.986706
230  4abg   3.57  27.530398
231  3gy4   5.10  28.389541
232  1k1i   6.58  26.896499
233  1o3f   7.96  26.952341
234  2yge   5.06  27.345504
235  2fxs   6.06  26.871500
236  2iwx   6.68  26.838050
237  2wer   7.05  26.868048
238  2vw5   8.52  27.079939
239  4kzq   6.10  26.025790
240  4kzu   6.50  26.474456
241  4j21   7.41  26.691077
242  4j3l   7.80  26.499151
243  3kr8   8.10  25.840855
244  2ymd   3.16  26.590844
245  2wnc   6.32  26.194773
246  2xys   7.42  26.656775
247  2wn9   8.52  26.221678
248  2x00  11.33  26.712100
249  3ozt   4.13  27.655815
250  3ozs   5.33  26.082906
251  3oe5   6.88  26.961926
252  3oe4   7.47  28.301030
253  3nw9   9.00  27.794645
254  3ao4   2.07  26.257948
255  3zt2   2.84  25.816789
256  3zsx   3.28  27.323577
257  4cig   3.67  26.671756
258  3zso   5.12  26.892879
259  3n7a   3.70  27.624264
260  4ciw   4.82  27.890493
261  3n86   5.64  27.878657
262  3n76   6.85  27.861248
263  2xb8   7.59  27.539811
264  4bkt   3.62  26.609652
265  4w9c   4.65  26.124968
266  4w9l   5.02  26.430000
267  4w9i   5.96  26.449800
268  4w9h   6.73  26.316452
269  3nq9   4.03  27.349962
270  3ueu   5.24  26.941946
271  3uev   5.89  27.349962
272  3uew   6.31  27.032112
273  3uex   6.92  26.529061
274  3lka   2.82  27.414827
275  3ehy   5.85  26.843667
276  3tsk   7.17  26.883523
277  3nx7   8.10  27.090088
278  4gr0   9.55  27.997184
279  3dxg   2.40  26.717087
280  3d6q   3.76  27.375412
281  1w4o   5.22  27.255529
282  1o0h   5.92  28.667723
283  1u1b   7.80  28.315261

Summary of the scoring power: ===================================
The regression equation: logKa = 0.05 + 5.18 * Score
Number of favorable sample (N) = 283
Pearson correlation coefficient (R) = 0.017
Standard deviation in fitting (SD) = 2.17
=================================================================

Template command for running the bootstrap in R program==========

rm(list=ls());
require(boot);
data_all<-read.table("X-Score_processed_score",header=TRUE);
aa<-c(1:nrow(data_all));

mycore<-function(x,indices)
{
data_1<-matrix(NA,283,2);
for(i in 1:283);
    {
        data_1[i,1]=data_all[x[indices][i],2];
        data_1[i,2]=data_all[x[indices][i],3];
    }
        data_2<-data.frame(data_1);
        names(data_2)<-c("a","b");
        cor(data_2$a,data_2$b);
};

data.boot<-boot(aa,mycore,R=10000,stype="i",sim="ordinary");
sink("X-Score-ci.results");
a<-boot.ci(data.boot,conf=0.9,type=c("bca"));
print(a);
sink();

=================================================================
