     code  logKa      score
1    4llx   2.89  45.627298
2    5c28   5.66  32.062783
3    3uuo   7.96  19.268416
4    3ui7   9.00  22.780794
5    5c2h  11.09  26.445928
6    2v00   3.66  20.430844
7    3wz8   5.82  19.708773
8    3pww   7.32  21.921241
9    3prs   7.82  21.753401
10   3uri   9.00  25.597194
11   4m0z   5.19  20.474687
12   4m0y   6.46  18.610525
13   3qgy   7.80  18.367777
14   4qd6   8.64  22.265964
15   4rfm  10.05  18.462119
16   4cr9   4.10  16.561478
17   4cra   7.22  23.734945
18   4x6p   8.30  21.881794
19   4crc   8.72  29.381166
20   4ty7   9.52  25.532513
21   5aba   2.98  22.112568
22   5a7b   3.57  17.496835
23   4agn   3.97  18.501121
24   4agp   4.69  20.867678
25   4agq   5.01  17.417223
26   3bgz   6.26  27.081786
27   3jya   6.89  22.367041
28   2c3i   7.60  26.205020
29   4k18   8.96  26.495838
30   5dwr  11.22  21.894473
31   3mss   4.66  19.678899
32   3k5v   6.30  20.453308
33   3pyy   6.86  17.948207
34   2v7a   8.30  21.870602
35   4twp  10.00  21.513404
36   3wtj   6.53  20.354597
37   3zdg   7.10  43.101373
38   3u8k   8.66  32.635002
39   4qac   9.40  19.749691
40   3u8n  10.17  17.190194
41   1a30   4.30  28.193266
42   2qnq   6.11  24.655046
43   1g2k   7.96  21.651806
44   1eby   9.70  22.621668
45   3o9i  11.82  21.686309
46   4lzs   4.80  23.234222
47   3u5j   5.61  20.564070
48   4wiv   6.26  25.920346
49   4ogj   6.79  18.654521
50   3p5o   7.30  26.255989
51   1ps3   2.28   4.168006
52   3dx1   3.58  37.222679
53   3d4z   4.89   4.699327
54   3dx2   6.82  53.291767
55   3ejr   8.57  19.728289
56   3l7b   2.40  55.319949
57   4eky   3.52  31.588976
58   3g2n   4.09  27.603704
59   3syr   5.10  71.489280
60   3ebp   5.91  21.123562
61   2w66   4.05  30.824015
62   2w4x   4.85  70.721096
63   2wca   5.60  29.685434
64   2xj7   6.66  61.144982
65   2vvn   7.30  62.402024
66   3aru   3.22  50.360080
67   3arv   5.64  25.501384
68   3ary   6.00  33.096697
69   3arq   6.40  17.518991
70   3arp   7.15  19.563395
71   4ih5   4.11  17.756112
72   4ih7   5.24  27.690570
73   3cj4   6.51  33.384128
74   4eo8   8.15  33.672962
75   3gnw   9.10  23.393625
76   1gpk   5.37  26.355064
77   1h23   8.35  30.604001
78   1h22   9.10  32.328278
79   3f3a   4.19  18.675444
80   3f3c   6.02  27.613453
81   4mme   6.50  19.685357
82   3f3d   7.16  29.396813
83   3f3e   7.70  29.130283
84   2wbg   4.45  35.250113
85   2cbv   5.48  72.010952
86   2j78   6.42  43.219093
87   2j7h   7.19   3.361159
88   2cet   8.02  21.305467
89   3udh   2.85  20.901688
90   3rsx   4.41  18.021593
91   4djv   6.72  22.180794
92   2vkm   8.74  24.219930
93   4gid  10.77  20.873167
94   4jfs   5.27  23.976916
95   4j28   5.70  24.150788
96   2wvt   6.12   5.377443
97   2xii   7.20  21.935335
98   4pcs   7.85  23.527649
99   3rr4   4.55  34.666246
100  1s38   5.15  27.749705
101  1r5y   6.46  42.299545
102  3gc5   7.26  26.713504
103  3ge7   8.70  25.332701
104  4dli   5.62  17.769055
105  2zb1   6.32  29.491764
106  4f9w   6.94  29.670583
107  3e92   8.00  21.764335
108  3e93   8.85  21.561833
109  4owm   2.96  31.199487
110  3twp   3.92  26.501390
111  3r88   4.82  26.160396
112  4gkm   5.17  29.945655
113  3qqs   5.82  29.585414
114  3gv9   2.12  26.117424
115  3gr2   2.52  31.938358
116  4kz6   3.10  37.001814
117  4jxs   4.74  21.870369
118  2r9w   5.10  28.391413
119  2hb1   3.80  36.520943
120  1bzc   4.92  22.557191
121  2qbr   6.33  28.764564
122  2qbq   7.44  29.838444
123  2qbp   8.40  29.529004
124  1q8t   4.76  22.262766
125  1ydr   5.52  20.133420
126  1q8u   5.96  22.828541
127  1ydt   7.32  22.149131
128  3ag9   8.05  24.682695
129  3fcq   2.77  34.206451
130  1z9g   5.64  26.319966
131  1qf1   7.32  29.064125
132  5tmn   8.04  31.722396
133  4tmn  10.17  21.613732
134  4ddk   2.29  34.195331
135  4ddh   3.32  30.701956
136  3ivg   4.30  23.574001
137  3coz   5.57  22.549716
138  3coy   6.02  21.915913
139  3pxf   4.43  23.890323
140  4eor   6.30  21.064947
141  2xnb   6.83  23.706697
142  1pxn   7.15  18.566657
143  2fvd   8.52  20.576751
144  4k77   6.63  24.442345
145  4e5w   7.66  18.620373
146  4ivb   8.72  19.879370
147  4ivd   9.52  20.479055
148  4ivc  10.00  19.818658
149  4f09   6.70  24.087190
150  4gfm   7.22  27.530648
151  4hge   7.92  17.005129
152  4e6q   8.36  18.410257
153  4jia   9.22  13.660078
154  2brb   4.86  26.375411
155  2br1   5.14  23.749786
156  3jvr   5.72  17.909897
157  3jvs   6.54  17.978937
158  1nvq   8.25  21.803152
159  3acw   4.76  19.528374
160  4ea2   6.44  21.998109
161  2zcr   6.87  30.853942
162  2zy1   7.40  20.984890
163  2zcq   8.82  29.750649
164  1bcu   3.28  17.927543
165  3bv9   5.36  26.643286
166  1oyt   7.24  18.584650
167  2zda   8.40  22.793071
168  3utu  10.92  22.959419
169  3u9q   4.38  37.504917
170  2yfe   6.63  25.404883
171  3fur   8.00  18.837835
172  3b1m   8.48  17.923858
173  2p4y   9.00  26.042383
174  3uo4   6.52  20.066751
175  3up2   7.40  21.046375
176  3e5a   8.23  20.873708
177  2wtv   8.74  21.065402
178  3myg  10.70  20.950036
179  3kgp   2.57  22.920519
180  1c5z   4.01  21.656405
181  1o5b   5.77  21.203526
182  1owh   7.40  23.637966
183  1sqa   9.21  23.964593
184  4jsz   2.30  16.276805
185  3kwa   4.08  38.945456
186  2weg   6.50  25.765445
187  3ryj   7.80  20.498018
188  3dd0   9.00  16.787715
189  2xdl   3.10  32.576279
190  3b27   5.16  17.078115
191  1yc1   6.17  21.374818
192  3rlr   7.52  20.093593
193  2yki   9.46  22.321002
194  1z95   7.12  17.222891
195  3b68   8.40  17.693706
196  3b5r   8.77  17.350298
197  3b65   9.27  17.356237
198  3g0w   9.52  17.509951
199  4u4s   2.92  31.834469
200  1p1q   4.89  30.213022
201  1syi   5.44  30.570422
202  1p1n   6.80  31.904890
203  2al5   8.40  30.570422
204  3g2z   2.36  47.404957
205  3g31   2.89  27.182510
206  4de2   4.12  24.983589
207  4de3   5.52  25.900958
208  4de1   5.96  22.780922
209  1vso   4.72  29.305124
210  4dld   5.82  27.329999
211  3gbb   6.90  30.880409
212  3fv2   8.11  31.327690
213  3fv1   9.30  35.007285
214  4mgd   4.69  17.238494
215  2qe4   7.96  20.379473
216  1qkt   9.04  24.950221
217  2pog   9.54  18.529370
218  2p15  10.30  20.779477
219  2y5h   5.79  23.936132
220  1lpg   7.09  21.813597
221  2xbv   8.43  16.417392
222  1z6e   9.72  19.150721
223  1mq6  11.15  19.062722
224  1nc3   5.00  45.676836
225  1nc1   6.12  23.129413
226  1y6r  10.11  23.153912
227  4f2w  11.30  21.534645
228  4f3c  11.82  16.300031
229  1uto   2.27  20.891188
230  4abg   3.57  22.091005
231  3gy4   5.10  20.675954
232  1k1i   6.58  24.882060
233  1o3f   7.96  23.833884
234  2yge   5.06  34.390266
235  2fxs   6.06  25.418255
236  2iwx   6.68  26.944971
237  2wer   7.05  24.781453
238  2vw5   8.52  27.010059
239  4kzq   6.10  25.446900
240  4kzu   6.50  26.215755
241  4j21   7.41  16.706576
242  4j3l   7.80  16.821866
243  3kr8   8.10  18.897833
244  2ymd   3.16  28.635728
245  2wnc   6.32  19.188247
246  2xys   7.42  20.616784
247  2wn9   8.52  17.051491
248  2x00  11.33  25.517872
249  3ozt   4.13  27.528533
250  3ozs   5.33  20.772920
251  3oe5   6.88  21.327607
252  3oe4   7.47  22.462093
253  3nw9   9.00  21.917892
254  3ao4   2.07  16.977942
255  3zt2   2.84  27.811112
256  3zsx   3.28  21.492672
257  4cig   3.67  19.922580
258  3zso   5.12  20.742335
259  3n7a   3.70  31.794489
260  4ciw   4.82  32.235457
261  3n86   5.64  27.270436
262  3n76   6.85  27.375196
263  2xb8   7.59  26.792306
264  4bkt   3.62  41.236455
265  4w9c   4.65  17.018266
266  4w9l   5.02  16.934004
267  4w9i   5.96  16.948924
268  4w9h   6.73  16.758231
269  3nq9   4.03  27.987470
270  3ueu   5.24  27.867212
271  3uev   5.89  27.791670
272  3uew   6.31  33.927174
273  3uex   6.92  41.024714
274  3lka   2.82  23.393825
275  3ehy   5.85  32.036227
276  3tsk   7.17  20.205523
277  3nx7   8.10  24.843399
278  4gr0   9.55  24.865227
279  3dxg   2.40  55.362967
280  3d6q   3.76  41.593037
281  1w4o   5.22  56.255325
282  1o0h   5.92  30.498401
283  1u1b   7.80  22.101152

Summary of the scoring power: ===================================
The regression equation: logKa = -0.06 + 7.93 * Score
Number of favorable sample (N) = 283
Pearson correlation coefficient (R) = -0.248
Standard deviation in fitting (SD) = 2.10
=================================================================

Template command for running the bootstrap in R program==========

rm(list=ls());
require(boot);
data_all<-read.table("X-Score_processed_score",header=TRUE);
aa<-c(1:nrow(data_all));

mycore<-function(x,indices)
{
data_1<-matrix(NA,283,2);
for(i in 1:283);
    {
        data_1[i,1]=data_all[x[indices][i],2];
        data_1[i,2]=data_all[x[indices][i],3];
    }
        data_2<-data.frame(data_1);
        names(data_2)<-c("a","b");
        cor(data_2$a,data_2$b);
};

data.boot<-boot(aa,mycore,R=10000,stype="i",sim="ordinary");
sink("X-Score-ci.results");
a<-boot.ci(data.boot,conf=0.9,type=c("bca"));
print(a);
sink();

=================================================================
