     code  logKa          score
1    4llx   2.89   15384.654933
2    5c28   5.66   13521.320160
3    3uuo   7.96   19166.172800
4    3ui7   9.00   28879.416617
5    5c2h  11.09   89374.441077
6    2v00   3.66   15777.463980
7    3wz8   5.82   98868.420967
8    3pww   7.32   28957.052377
9    3prs   7.82  104250.522897
10   3uri   9.00   32112.234793
11   4m0z   5.19   21481.619547
12   4m0y   6.46   19579.214810
13   3qgy   7.80   90690.543083
14   4qd6   8.64  102815.300150
15   4rfm  10.05   26832.452817
16   4cr9   4.10   17625.971033
17   4cra   7.22   95562.214543
18   4x6p   8.30  108176.102060
19   4crc   8.72  101184.231030
20   4ty7   9.52  105269.026613
21   5aba   2.98    9251.277133
22   5a7b   3.57   12616.578450
23   4agn   3.97    9381.010717
24   4agp   4.69   11312.346123
25   4agq   5.01   10837.656033
26   3bgz   6.26   97685.950937
27   3jya   6.89   15851.259190
28   2c3i   7.60   14529.179017
29   4k18   8.96   26380.604780
30   5dwr  11.22   31225.857857
31   3mss   4.66   11621.391440
32   3k5v   6.30   21996.547633
33   3pyy   6.86   11959.514667
34   2v7a   8.30   26564.948100
35   4twp  10.00   93870.536250
36   3wtj   6.53   10889.424177
37   3zdg   7.10   11109.598053
38   3u8k   8.66   11896.174973
39   4qac   9.40   23799.610447
40   3u8n  10.17   11750.314060
41   1a30   4.30   45388.533127
42   2qnq   6.11   92036.255307
43   1g2k   7.96  107582.854760
44   1eby   9.70  105998.117813
45   3o9i  11.82   33467.289297
46   4lzs   4.80   13046.547933
47   3u5j   5.61   11585.208070
48   4wiv   6.26   24349.240890
49   4ogj   6.79   25319.994433
50   3p5o   7.30   24710.401357
51   1ps3   2.28   25965.668613
52   3dx1   3.58   15079.099890
53   3d4z   4.89   28468.892713
54   3dx2   6.82   17823.546820
55   3ejr   8.57   15545.422760
56   3l7b   2.40   31239.191463
57   4eky   3.52   33082.636530
58   3g2n   4.09   32100.881563
59   3syr   5.10   32319.061670
60   3ebp   5.91   20231.634900
61   2w66   4.05   24463.544547
62   2w4x   4.85   35095.124037
63   2wca   5.60   31263.651280
64   2xj7   6.66   20239.114827
65   2vvn   7.30   32260.209610
66   3aru   3.22   14192.942950
67   3arv   5.64   31014.752197
68   3ary   6.00   14205.963617
69   3arq   6.40   27058.283230
70   3arp   7.15   11246.650817
71   4ih5   4.11   15790.923350
72   4ih7   5.24   11723.231350
73   3cj4   6.51   25533.940997
74   4eo8   8.15   17831.577260
75   3gnw   9.10  102255.537867
76   1gpk   5.37   17587.040900
77   1h23   8.35   15155.160450
78   1h22   9.10   15411.190450
79   3f3a   4.19   20693.268297
80   3f3c   6.02   20997.186230
81   4mme   6.50   15909.498647
82   3f3d   7.16   20119.199363
83   3f3e   7.70   19756.090467
84   2wbg   4.45   30659.465060
85   2cbv   5.48   22347.618707
86   2j78   6.42   31067.421977
87   2j7h   7.19   17836.849820
88   2cet   8.02   30672.678330
89   3udh   2.85   15845.025713
90   3rsx   4.41   15653.378800
91   4djv   6.72   19375.599090
92   2vkm   8.74  104748.729897
93   4gid  10.77   31815.180477
94   4jfs   5.27   20116.460143
95   4j28   5.70   20363.473190
96   2wvt   6.12   27807.719790
97   2xii   7.20   30975.171477
98   4pcs   7.85   22354.567547
99   3rr4   4.55   24012.154997
100  1s38   5.15   21320.617947
101  1r5y   6.46   22837.164047
102  3gc5   7.26   22005.596557
103  3ge7   8.70   22415.245303
104  4dli   5.62   14976.109600
105  2zb1   6.32   16283.849690
106  4f9w   6.94   90217.483697
107  3e92   8.00   15013.819360
108  3e93   8.85   92729.441560
109  4owm   2.96   23922.876337
110  3twp   3.92   17090.705437
111  3r88   4.82   26726.111767
112  4gkm   5.17   19607.613473
113  3qqs   5.82   19631.112943
114  3gv9   2.12   20423.109157
115  3gr2   2.52   25035.485680
116  4kz6   3.10   17548.463713
117  4jxs   4.74   31297.283663
118  2r9w   5.10   29994.685343
119  2hb1   3.80   16925.245820
120  1bzc   4.92   28939.352630
121  2qbr   6.33   19233.161033
122  2qbq   7.44   19319.135686
123  2qbp   8.40   31378.015103
124  1q8t   4.76   13083.311567
125  1ydr   5.52   15090.691763
126  1q8u   5.96   14213.068197
127  1ydt   7.32   16110.389077
128  3ag9   8.05   33359.386973
129  3fcq   2.77   20618.808827
130  1z9g   5.64   26112.551157
131  1qf1   7.32   25909.369540
132  5tmn   8.04   35750.929930
133  4tmn  10.17   36884.069763
134  4ddk   2.29   26671.850877
135  4ddh   3.32   24750.956163
136  3ivg   4.30  106244.957233
137  3coz   5.57   32900.516413
138  3coy   6.02   35200.087480
139  3pxf   4.43   14360.065287
140  4eor   6.30   31042.262830
141  2xnb   6.83   15030.993483
142  1pxn   7.15   14275.022143
143  2fvd   8.52   33193.815963
144  4k77   6.63   11619.481133
145  4e5w   7.66   23689.332767
146  4ivb   8.72   25239.630900
147  4ivd   9.52   27082.735800
148  4ivc  10.00   25669.424800
149  4f09   6.70   13701.192113
150  4gfm   7.22   12152.819440
151  4hge   7.92   23616.464867
152  4e6q   8.36   88951.912143
153  4jia   9.22   14389.793700
154  2brb   4.86   90365.080090
155  2br1   5.14   98648.995040
156  3jvr   5.72   17879.162533
157  3jvs   6.54   17809.168030
158  1nvq   8.25  105834.796277
159  3acw   4.76   10923.673183
160  4ea2   6.44   10414.614967
161  2zcr   6.87   25484.504293
162  2zy1   7.40   15786.073383
163  2zcq   8.82   25449.742643
164  1bcu   3.28   15923.727567
165  3bv9   5.36   27539.196797
166  1oyt   7.24   27847.880193
167  2zda   8.40   17713.086707
168  3utu  10.92   30522.324977
169  3u9q   4.38   26494.923733
170  2yfe   6.63   14272.004690
171  3fur   8.00   90903.659067
172  3b1m   8.48   22329.599767
173  2p4y   9.00  101307.122087
174  3uo4   6.52  100514.285710
175  3up2   7.40   37107.566850
176  3e5a   8.23   28695.114867
177  2wtv   8.74  102495.281363
178  3myg  10.70   26341.393770
179  3kgp   2.57   16095.636733
180  1c5z   4.01   16011.291967
181  1o5b   5.77   18648.455613
182  1owh   7.40   18773.444487
183  1sqa   9.21   99979.414747
184  4jsz   2.30   10914.183027
185  3kwa   4.08   19482.805737
186  2weg   6.50   19688.541230
187  3ryj   7.80   28346.957827
188  3dd0   9.00   20473.586777
189  2xdl   3.10   15387.967397
190  3b27   5.16   20045.087930
191  1yc1   6.17   35128.657100
192  3rlr   7.52   14038.261433
193  2yki   9.46  107843.220130
194  1z95   7.12   23371.609417
195  3b68   8.40   23920.368283
196  3b5r   8.77   26736.132983
197  3b65   9.27   14416.090567
198  3g0w   9.52   19947.368283
199  4u4s   2.92    8921.511673
200  1p1q   4.89   23770.311530
201  1syi   5.44   27752.656197
202  1p1n   6.80   28674.814343
203  2al5   8.40   37450.648863
204  3g2z   2.36   13027.650637
205  3g31   2.89   15171.974357
206  4de2   4.12   30287.971613
207  4de3   5.52   22369.119080
208  4de1   5.96  105538.617750
209  1vso   4.72   40038.640113
210  4dld   5.82   38791.754150
211  3gbb   6.90   39281.573113
212  3fv2   8.11   37734.957860
213  3fv1   9.30   39250.979197
214  4mgd   4.69   17148.914633
215  2qe4   7.96   22738.383330
216  1qkt   9.04   18538.825000
217  2pog   9.54   20520.222293
218  2p15  10.30   21728.285113
219  2y5h   5.79   15394.070543
220  1lpg   7.09   85929.094063
221  2xbv   8.43   28211.016163
222  1z6e   9.72  104201.150530
223  1mq6  11.15   30053.028713
224  1nc3   5.00   28978.745437
225  1nc1   6.12   31227.119163
226  1y6r  10.11   32253.662030
227  4f2w  11.30   28441.272473
228  4f3c  11.82   28079.044773
229  1uto   2.27   15712.613000
230  4abg   3.57   15742.671500
231  3gy4   5.10   17287.620367
232  1k1i   6.58   37150.732697
233  1o3f   7.96   97616.149157
234  2yge   5.06   28312.637817
235  2fxs   6.06   23905.654083
236  2iwx   6.68   12884.177150
237  2wer   7.05   12051.394000
238  2vw5   8.52   21133.305243
239  4kzq   6.10   14239.517610
240  4kzu   6.50   14066.606330
241  4j21   7.41   15139.577947
242  4j3l   7.80   15200.058380
243  3kr8   8.10   21843.942880
244  2ymd   3.16   18324.839533
245  2wnc   6.32   11232.574383
246  2xys   7.42    9252.179217
247  2wn9   8.52   19659.525697
248  2x00  11.33    9559.851623
249  3ozt   4.13   32933.870813
250  3ozs   5.33   32870.809680
251  3oe5   6.88   31821.090413
252  3oe4   7.47   32702.024680
253  3nw9   9.00  105540.475613
254  3ao4   2.07   18529.295530
255  3zt2   2.84   21939.814000
256  3zsx   3.28   35322.439263
257  4cig   3.67  106882.444280
258  3zso   5.12  108067.034613
259  3n7a   3.70   29783.071660
260  4ciw   4.82   38266.670517
261  3n86   5.64   39737.738377
262  3n76   6.85   39608.159710
263  2xb8   7.59   40305.096980
264  4bkt   3.62   19056.330467
265  4w9c   4.65   18951.888147
266  4w9l   5.02   29737.511547
267  4w9i   5.96   29724.320613
268  4w9h   6.73   18893.727547
269  3nq9   4.03   14560.706640
270  3ueu   5.24    9284.255040
271  3uev   5.89   14663.457707
272  3uew   6.31   15363.708873
273  3uex   6.92   17961.391440
274  3lka   2.82   13158.250893
275  3ehy   5.85   23279.759783
276  3tsk   7.17   30099.452297
277  3nx7   8.10   35058.395997
278  4gr0   9.55  102228.548437
279  3dxg   2.40   28936.379203
280  3d6q   3.76   29075.256013
281  1w4o   5.22   25863.406390
282  1o0h   5.92   33763.622527
283  1u1b   7.80   34086.202027

Summary of the scoring power: ===================================
The regression equation: logKa = 0.00 + 5.76 * Score
Number of favorable sample (N) = 283
Pearson correlation coefficient (R) = 0.273
Standard deviation in fitting (SD) = 2.09
=================================================================

Template command for running the bootstrap in R program==========

rm(list=ls());
require(boot);
data_all<-read.table("X-Score_processed_score",header=TRUE);
aa<-c(1:nrow(data_all));

mycore<-function(x,indices)
{
data_1<-matrix(NA,283,2);
for(i in 1:283);
    {
        data_1[i,1]=data_all[x[indices][i],2];
        data_1[i,2]=data_all[x[indices][i],3];
    }
        data_2<-data.frame(data_1);
        names(data_2)<-c("a","b");
        cor(data_2$a,data_2$b);
};

data.boot<-boot(aa,mycore,R=10000,stype="i",sim="ordinary");
sink("X-Score-ci.results");
a<-boot.ci(data.boot,conf=0.9,type=c("bca"));
print(a);
sink();

=================================================================
