     code  logKa       score
1    4llx   2.89   48.923616
2    5c28   5.66   70.497942
3    3uuo   7.96   93.899140
4    3ui7   9.00  111.036557
5    5c2h  11.09  131.610172
6    2v00   3.66   53.571561
7    3wz8   5.82  112.437165
8    3pww   7.32  139.597302
9    3prs   7.82  123.570345
10   3uri   9.00  103.435856
11   4m0z   5.19  117.337404
12   4m0y   6.46   56.122698
13   3qgy   7.80  114.420743
14   4qd6   8.64  114.545044
15   4rfm  10.05   99.002162
16   4cr9   4.10   41.517927
17   4cra   7.22   88.537424
18   4x6p   8.30   94.045661
19   4crc   8.72   89.726077
20   4ty7   9.52   87.417625
21   5aba   2.98   57.841331
22   5a7b   3.57   94.721267
23   4agn   3.97   63.277115
24   4agp   4.69   86.996495
25   4agq   5.01   80.361135
26   3bgz   6.26  165.982403
27   3jya   6.89   85.470156
28   2c3i   7.60  135.188464
29   4k18   8.96  132.612425
30   5dwr  11.22  159.837637
31   3mss   4.66  112.700281
32   3k5v   6.30  131.603466
33   3pyy   6.86  118.632584
34   2v7a   8.30   75.899505
35   4twp  10.00  139.953226
36   3wtj   6.53   86.399708
37   3zdg   7.10   67.096903
38   3u8k   8.66   53.922435
39   4qac   9.40  197.012246
40   3u8n  10.17   66.335210
41   1a30   4.30   53.952429
42   2qnq   6.11  167.967401
43   1g2k   7.96  162.863213
44   1eby   9.70  169.349323
45   3o9i  11.82  130.887259
46   4lzs   4.80   55.553187
47   3u5j   5.61  104.617088
48   4wiv   6.26  128.773301
49   4ogj   6.79  122.984791
50   3p5o   7.30  106.905135
51   1ps3   2.28   14.376329
52   3dx1   3.58   26.274573
53   3d4z   4.89   13.805484
54   3dx2   6.82   49.722114
55   3ejr   8.57   66.059843
56   3l7b   2.40   22.834182
57   4eky   3.52   35.069289
58   3g2n   4.09   34.086959
59   3syr   5.10   18.661066
60   3ebp   5.91  107.597986
61   2w66   4.05   18.886205
62   2w4x   4.85   28.520077
63   2wca   5.60   71.178869
64   2xj7   6.66   34.503038
65   2vvn   7.30   30.790536
66   3aru   3.22   40.201198
67   3arv   5.64  104.729640
68   3ary   6.00   37.982258
69   3arq   6.40   53.859638
70   3arp   7.15  160.177987
71   4ih5   4.11   78.877507
72   4ih7   5.24   89.295384
73   3cj4   6.51   97.014058
74   4eo8   8.15  108.820207
75   3gnw   9.10  131.501218
76   1gpk   5.37   57.420837
77   1h23   8.35  150.210626
78   1h22   9.10  130.519695
79   3f3a   4.19   68.321079
80   3f3c   6.02   75.269002
81   4mme   6.50  108.760755
82   3f3d   7.16   60.296750
83   3f3e   7.70   66.097066
84   2wbg   4.45   75.710182
85   2cbv   5.48   28.329107
86   2j78   6.42   19.654168
87   2j7h   7.19   12.446182
88   2cet   8.02   49.352455
89   3udh   2.85   60.300899
90   3rsx   4.41   63.000338
91   4djv   6.72  127.365597
92   2vkm   8.74  151.378640
93   4gid  10.77  143.409045
94   4jfs   5.27   62.087754
95   4j28   5.70   45.400981
96   2wvt   6.12   14.127244
97   2xii   7.20   63.226025
98   4pcs   7.85   67.896272
99   3rr4   4.55   48.696874
100  1s38   5.15   64.461192
101  1r5y   6.46   49.452517
102  3gc5   7.26   58.139354
103  3ge7   8.70   81.498716
104  4dli   5.62  108.643478
105  2zb1   6.32  141.802277
106  4f9w   6.94  136.079699
107  3e92   8.00  156.661569
108  3e93   8.85  157.090472
109  4owm   2.96   44.281036
110  3twp   3.92   38.300182
111  3r88   4.82   40.533430
112  4gkm   5.17   79.853561
113  3qqs   5.82   74.050569
114  3gv9   2.12   21.496788
115  3gr2   2.52   25.781016
116  4kz6   3.10   38.219407
117  4jxs   4.74   48.525530
118  2r9w   5.10   80.743237
119  2hb1   3.80   52.957882
120  1bzc   4.92  110.232897
121  2qbr   6.33  101.850914
122  2qbq   7.44   98.454189
123  2qbp   8.40  110.386592
124  1q8t   4.76   46.936771
125  1ydr   5.52   89.093578
126  1q8u   5.96   96.554983
127  1ydt   7.32  107.375806
128  3ag9   8.05   72.473370
129  3fcq   2.77   49.674751
130  1z9g   5.64   65.673276
131  1qf1   7.32  100.277804
132  5tmn   8.04  104.662505
133  4tmn  10.17  108.958195
134  4ddk   2.29   49.643813
135  4ddh   3.32   44.908744
136  3ivg   4.30   98.370841
137  3coz   5.57   53.379684
138  3coy   6.02   53.885713
139  3pxf   4.43  118.168312
140  4eor   6.30   99.244121
141  2xnb   6.83   78.260234
142  1pxn   7.15   70.580950
143  2fvd   8.52  106.519237
144  4k77   6.63   46.345643
145  4e5w   7.66   63.989006
146  4ivb   8.72   61.394526
147  4ivd   9.52   69.321753
148  4ivc  10.00   66.600908
149  4f09   6.70   53.922250
150  4gfm   7.22   53.086270
151  4hge   7.92   52.695032
152  4e6q   8.36   69.176578
153  4jia   9.22  124.905269
154  2brb   4.86   98.717139
155  2br1   5.14   94.710044
156  3jvr   5.72   85.590099
157  3jvs   6.54   88.450865
158  1nvq   8.25  115.109927
159  3acw   4.76  158.046168
160  4ea2   6.44  136.783937
161  2zcr   6.87  170.803755
162  2zy1   7.40  118.908290
163  2zcq   8.82  121.508822
164  1bcu   3.28   36.106217
165  3bv9   5.36   87.103830
166  1oyt   7.24   96.016624
167  2zda   8.40   94.980383
168  3utu  10.92  116.936157
169  3u9q   4.38  104.403928
170  2yfe   6.63  140.415505
171  3fur   8.00  183.089337
172  3b1m   8.48  174.954535
173  2p4y   9.00  212.987475
174  3uo4   6.52  120.446915
175  3up2   7.40  121.305605
176  3e5a   8.23  119.425816
177  2wtv   8.74  139.337846
178  3myg  10.70   60.744180
179  3kgp   2.57   31.155259
180  1c5z   4.01   33.609808
181  1o5b   5.77   38.316507
182  1owh   7.40   52.278866
183  1sqa   9.21   58.602523
184  4jsz   2.30    7.648806
185  3kwa   4.08   37.668507
186  2weg   6.50   56.006617
187  3ryj   7.80   73.059330
188  3dd0   9.00   47.710104
189  2xdl   3.10   42.994131
190  3b27   5.16   77.015502
191  1yc1   6.17   62.650605
192  3rlr   7.52  102.634950
193  2yki   9.46  181.807433
194  1z95   7.12  195.970349
195  3b68   8.40  177.488947
196  3b5r   8.77  210.677607
197  3b65   9.27  178.857833
198  3g0w   9.52  169.747682
199  4u4s   2.92   25.883973
200  1p1q   4.89   36.051995
201  1syi   5.44   34.402463
202  1p1n   6.80   35.045929
203  2al5   8.40   33.751929
204  3g2z   2.36   18.129969
205  3g31   2.89   42.854396
206  4de2   4.12   34.374621
207  4de3   5.52   33.179686
208  4de1   5.96   29.798513
209  1vso   4.72   49.524281
210  4dld   5.82   63.222543
211  3gbb   6.90   46.316548
212  3fv2   8.11   36.287640
213  3fv1   9.30   35.742402
214  4mgd   4.69  142.836890
215  2qe4   7.96  137.796921
216  1qkt   9.04  135.530907
217  2pog   9.54  153.738485
218  2p15  10.30  264.796733
219  2y5h   5.79   45.590415
220  1lpg   7.09  111.049018
221  2xbv   8.43  115.686871
222  1z6e   9.72   87.091402
223  1mq6  11.15  103.913767
224  1nc3   5.00   22.691921
225  1nc1   6.12   95.936447
226  1y6r  10.11   77.384092
227  4f2w  11.30   96.270589
228  4f3c  11.82  133.041264
229  1uto   2.27   26.338104
230  4abg   3.57   32.794972
231  3gy4   5.10   31.888884
232  1k1i   6.58   56.912825
233  1o3f   7.96   67.761584
234  2yge   5.06   55.621050
235  2fxs   6.06   45.616292
236  2iwx   6.68   55.716522
237  2wer   7.05   61.118249
238  2vw5   8.52   84.264878
239  4kzq   6.10   99.107005
240  4kzu   6.50  116.612901
241  4j21   7.41  105.084661
242  4j3l   7.80  118.678932
243  3kr8   8.10   91.225940
244  2ymd   3.16   63.381701
245  2wnc   6.32  104.519190
246  2xys   7.42  103.187133
247  2wn9   8.52   67.872500
248  2x00  11.33  116.500706
249  3ozt   4.13   74.145879
250  3ozs   5.33   76.125439
251  3oe5   6.88   82.092157
252  3oe4   7.47   60.538257
253  3nw9   9.00  111.114971
254  3ao4   2.07   56.604730
255  3zt2   2.84   86.189293
256  3zsx   3.28   91.836883
257  4cig   3.67   85.051321
258  3zso   5.12  105.539589
259  3n7a   3.70   34.664017
260  4ciw   4.82   29.624296
261  3n86   5.64   64.625832
262  3n76   6.85   85.839249
263  2xb8   7.59   73.394227
264  4bkt   3.62   31.380052
265  4w9c   4.65   67.559764
266  4w9l   5.02   91.036819
267  4w9i   5.96   70.734215
268  4w9h   6.73   81.312612
269  3nq9   4.03   78.990663
270  3ueu   5.24  141.353783
271  3uev   5.89  158.441044
272  3uew   6.31  168.266560
273  3uex   6.92  197.336098
274  3lka   2.82   41.690023
275  3ehy   5.85   46.140311
276  3tsk   7.17  101.188975
277  3nx7   8.10   48.335022
278  4gr0   9.55  125.065940
279  3dxg   2.40   22.184124
280  3d6q   3.76   20.312859
281  1w4o   5.22   23.174896
282  1o0h   5.92   26.130892
283  1u1b   7.80   46.847453

Summary of the scoring power: ===================================
The regression equation: logKa = 0.03 + 4.32 * Score
Number of favorable sample (N) = 283
Pearson correlation coefficient (R) = 0.528
Standard deviation in fitting (SD) = 1.85
=================================================================

Template command for running the bootstrap in R program==========

rm(list=ls());
require(boot);
data_all<-read.table("X-Score_processed_score",header=TRUE);
aa<-c(1:nrow(data_all));

mycore<-function(x,indices)
{
data_1<-matrix(NA,283,2);
for(i in 1:283);
    {
        data_1[i,1]=data_all[x[indices][i],2];
        data_1[i,2]=data_all[x[indices][i],3];
    }
        data_2<-data.frame(data_1);
        names(data_2)<-c("a","b");
        cor(data_2$a,data_2$b);
};

data.boot<-boot(aa,mycore,R=10000,stype="i",sim="ordinary");
sink("X-Score-ci.results");
a<-boot.ci(data.boot,conf=0.9,type=c("bca"));
print(a);
sink();

=================================================================
