     code  logKa          score
1    4llx   2.89  102613.581632
2    5c28   5.66  188380.638538
3    3uuo   7.96  241786.158552
4    3ui7   9.00  308074.136519
5    5c2h  11.09  379114.808596
6    2v00   3.66  267079.587069
7    3wz8   5.82  398727.129253
8    3pww   7.32  578888.770798
9    3prs   7.82  534432.468601
10   3uri   9.00  642775.310743
11   4m0z   5.19  423624.733873
12   4m0y   6.46  203842.747127
13   3qgy   7.80  351933.256182
14   4qd6   8.64  389272.117105
15   4rfm  10.05  359666.247762
16   4cr9   4.10  147435.149371
17   4cra   7.22  402549.350806
18   4x6p   8.30  460115.112895
19   4crc   8.72  457957.169205
20   4ty7   9.52  530326.468696
21   5aba   2.98  221886.359805
22   5a7b   3.57  297254.505021
23   4agn   3.97  239150.552394
24   4agp   4.69  308521.950087
25   4agq   5.01  276240.294148
26   3bgz   6.26  583019.002086
27   3jya   6.89  289035.415621
28   2c3i   7.60  343997.517210
29   4k18   8.96  493182.585335
30   5dwr  11.22  589456.230859
31   3mss   4.66  277789.681928
32   3k5v   6.30  404117.447768
33   3pyy   6.86  347439.834575
34   2v7a   8.30  351631.829491
35   4twp  10.00  390695.882434
36   3wtj   6.53  267709.258433
37   3zdg   7.10  169866.658169
38   3u8k   8.66  200433.925475
39   4qac   9.40  435325.253008
40   3u8n  10.17  240758.850304
41   1a30   4.30  539349.963825
42   2qnq   6.11  584918.434645
43   1g2k   7.96  581497.733128
44   1eby   9.70  595832.742900
45   3o9i  11.82  512494.465170
46   4lzs   4.80  165247.999977
47   3u5j   5.61  321613.523602
48   4wiv   6.26  407415.369068
49   4ogj   6.79  450523.484671
50   3p5o   7.30  384516.825674
51   1ps3   2.28  315484.761422
52   3dx1   3.58  407797.860409
53   3d4z   4.89  287269.561360
54   3dx2   6.82  434814.055120
55   3ejr   8.57  398162.826106
56   3l7b   2.40  278866.195637
57   4eky   3.52  414057.579593
58   3g2n   4.09  269491.000545
59   3syr   5.10  275651.579719
60   3ebp   5.91  266621.754911
61   2w66   4.05  140885.540203
62   2w4x   4.85  203067.890485
63   2wca   5.60  346400.128605
64   2xj7   6.66  158674.421638
65   2vvn   7.30  254446.589748
66   3aru   3.22  122574.849846
67   3arv   5.64  154437.100204
68   3ary   6.00   80896.170159
69   3arq   6.40  244646.109388
70   3arp   7.15  355183.494464
71   4ih5   4.11  249333.457730
72   4ih7   5.24  249279.741761
73   3cj4   6.51  303595.084338
74   4eo8   8.15  477169.421966
75   3gnw   9.10  452866.195195
76   1gpk   5.37  190155.169186
77   1h23   8.35  464429.845461
78   1h22   9.10  396364.177158
79   3f3a   4.19  337565.098518
80   3f3c   6.02  482748.816784
81   4mme   6.50  300012.572237
82   3f3d   7.16  463438.888018
83   3f3e   7.70  487289.392092
84   2wbg   4.45  428705.621340
85   2cbv   5.48  332055.858575
86   2j78   6.42  371664.509731
87   2j7h   7.19  272987.098972
88   2cet   8.02  379390.041536
89   3udh   2.85  167356.442085
90   3rsx   4.41  193682.278146
91   4djv   6.72  435286.863698
92   2vkm   8.74  602861.930222
93   4gid  10.77  652023.398330
94   4jfs   5.27  344681.612141
95   4j28   5.70  404746.165388
96   2wvt   6.12  450872.521384
97   2xii   7.20  588133.251058
98   4pcs   7.85  407558.089817
99   3rr4   4.55  258749.280917
100  1s38   5.15  290606.568150
101  1r5y   6.46  314680.358936
102  3gc5   7.26  408276.058928
103  3ge7   8.70  496098.221858
104  4dli   5.62  230288.444030
105  2zb1   6.32  393766.169003
106  4f9w   6.94  367555.789634
107  3e92   8.00  466917.656925
108  3e93   8.85  493161.454192
109  4owm   2.96  172304.176467
110  3twp   3.92  184432.361675
111  3r88   4.82  194771.327530
112  4gkm   5.17  362874.171727
113  3qqs   5.82  319834.187125
114  3gv9   2.12  177820.017901
115  3gr2   2.52  200465.762746
116  4kz6   3.10  241401.490564
117  4jxs   4.74  378565.054010
118  2r9w   5.10  428585.349672
119  2hb1   3.80  468579.085075
120  1bzc   4.92  525388.891358
121  2qbr   6.33  580534.645548
122  2qbq   7.44  628983.079328
123  2qbp   8.40  667400.610446
124  1q8t   4.76  146685.811973
125  1ydr   5.52  267190.873763
126  1q8u   5.96  270553.270404
127  1ydt   7.32  367445.256254
128  3ag9   8.05  776932.156469
129  3fcq   2.77  123070.826738
130  1z9g   5.64  403266.256419
131  1qf1   7.32  540638.055586
132  5tmn   8.04  490053.117164
133  4tmn  10.17  486170.060223
134  4ddk   2.29  167053.598680
135  4ddh   3.32  219223.439194
136  3ivg   4.30  403817.605035
137  3coz   5.57  516500.866030
138  3coy   6.02  530179.521070
139  3pxf   4.43  369808.374054
140  4eor   6.30  382185.471595
141  2xnb   6.83  237697.134184
142  1pxn   7.15  223073.383923
143  2fvd   8.52  374214.143451
144  4k77   6.63  135534.975553
145  4e5w   7.66  251967.523550
146  4ivb   8.72  261025.624208
147  4ivd   9.52  288402.404821
148  4ivc  10.00  266105.640919
149  4f09   6.70  226969.404609
150  4gfm   7.22  156724.595504
151  4hge   7.92  257387.911921
152  4e6q   8.36  268913.451985
153  4jia   9.22  472213.657236
154  2brb   4.86  318984.762337
155  2br1   5.14  342890.437905
156  3jvr   5.72  294380.246661
157  3jvs   6.54  382713.827230
158  1nvq   8.25  423393.948582
159  3acw   4.76  377418.306872
160  4ea2   6.44  325632.284485
161  2zcr   6.87  564967.419535
162  2zy1   7.40  348184.775688
163  2zcq   8.82  436224.924025
164  1bcu   3.28  132927.098641
165  3bv9   5.36  627697.096015
166  1oyt   7.24  555706.978840
167  2zda   8.40  559434.681604
168  3utu  10.92  746425.438024
169  3u9q   4.38  455909.458624
170  2yfe   6.63  439128.675612
171  3fur   8.00  515265.314360
172  3b1m   8.48  501609.184185
173  2p4y   9.00  716086.952631
174  3uo4   6.52  529757.485422
175  3up2   7.40  543181.220294
176  3e5a   8.23  400748.912926
177  2wtv   8.74  491378.091240
178  3myg  10.70  269811.141630
179  3kgp   2.57  191628.565050
180  1c5z   4.01  331321.288987
181  1o5b   5.77  314374.405857
182  1owh   7.40  415713.345497
183  1sqa   9.21  554826.678616
184  4jsz   2.30   47363.478101
185  3kwa   4.08  315750.091433
186  2weg   6.50  330635.346165
187  3ryj   7.80  312058.717084
188  3dd0   9.00  331734.370365
189  2xdl   3.10  160862.357390
190  3b27   5.16  324729.223360
191  1yc1   6.17  444782.099679
192  3rlr   7.52  402724.039635
193  2yki   9.46  519562.835500
194  1z95   7.12  546878.314274
195  3b68   8.40  557579.732626
196  3b5r   8.77  639117.823083
197  3b65   9.27  547603.081672
198  3g0w   9.52  482176.251748
199  4u4s   2.92   66849.110436
200  1p1q   4.89  417030.945401
201  1syi   5.44  424735.776757
202  1p1n   6.80  426101.958069
203  2al5   8.40  428641.943853
204  3g2z   2.36  102755.319032
205  3g31   2.89  194357.349598
206  4de2   4.12  213919.283862
207  4de3   5.52  215098.614463
208  4de1   5.96  205710.025548
209  1vso   4.72  509305.425053
210  4dld   5.82  593140.625620
211  3gbb   6.90  557027.259591
212  3fv2   8.11  644898.935451
213  3fv1   9.30  656407.674742
214  4mgd   4.69  389443.173097
215  2qe4   7.96  433900.713284
216  1qkt   9.04  389374.837072
217  2pog   9.54  459906.186104
218  2p15  10.30  704757.104215
219  2y5h   5.79  236330.178147
220  1lpg   7.09  624684.150361
221  2xbv   8.43  355603.261765
222  1z6e   9.72  444845.689798
223  1mq6  11.15  413720.335901
224  1nc3   5.00  291392.636693
225  1nc1   6.12  416311.416203
226  1y6r  10.11  395853.982229
227  4f2w  11.30  350198.259563
228  4f3c  11.82  437527.132600
229  1uto   2.27  146943.001543
230  4abg   3.57  171134.705117
231  3gy4   5.10  356828.964969
232  1k1i   6.58  584477.159785
233  1o3f   7.96  551965.322709
234  2yge   5.06  253939.584703
235  2fxs   6.06  264476.434921
236  2iwx   6.68  255351.210370
237  2wer   7.05  259695.575293
238  2vw5   8.52  316231.425931
239  4kzq   6.10  214522.215468
240  4kzu   6.50  256136.818088
241  4j21   7.41  244203.921679
242  4j3l   7.80  307184.712488
243  3kr8   8.10  266343.393011
244  2ymd   3.16  278191.534358
245  2wnc   6.32  271073.238908
246  2xys   7.42  237492.703412
247  2wn9   8.52  224373.042722
248  2x00  11.33  279156.837758
249  3ozt   4.13  435355.431065
250  3ozs   5.33  501545.964035
251  3oe5   6.88  458738.527296
252  3oe4   7.47  459990.626575
253  3nw9   9.00  554933.757904
254  3ao4   2.07  204284.053792
255  3zt2   2.84  352746.314903
256  3zsx   3.28  436574.186273
257  4cig   3.67  427655.273186
258  3zso   5.12  522219.702242
259  3n7a   3.70  389204.474627
260  4ciw   4.82  386376.971565
261  3n86   5.64  483524.541721
262  3n76   6.85  510623.919898
263  2xb8   7.59  501731.425839
264  4bkt   3.62  115963.709193
265  4w9c   4.65  262140.124881
266  4w9l   5.02  328910.444728
267  4w9i   5.96  258394.683441
268  4w9h   6.73  280610.531457
269  3nq9   4.03  404358.630764
270  3ueu   5.24  594274.428147
271  3uev   5.89  635431.430947
272  3uew   6.31  648566.756981
273  3uex   6.92  760983.475088
274  3lka   2.82  122062.291824
275  3ehy   5.85  174417.242864
276  3tsk   7.17  392994.976581
277  3nx7   8.10  276601.303845
278  4gr0   9.55  478203.543249
279  3dxg   2.40  127775.667449
280  3d6q   3.76  112601.618744
281  1w4o   5.22  218128.850728
282  1o0h   5.92  491789.055643
283  1u1b   7.80  572541.970292

Summary of the scoring power: ===================================
The regression equation: logKa = 0.00 + 3.79 * Score
Number of favorable sample (N) = 283
Pearson correlation coefficient (R) = 0.492
Standard deviation in fitting (SD) = 1.89
=================================================================

Template command for running the bootstrap in R program==========

rm(list=ls());
require(boot);
data_all<-read.table("X-Score_processed_score",header=TRUE);
aa<-c(1:nrow(data_all));

mycore<-function(x,indices)
{
data_1<-matrix(NA,283,2);
for(i in 1:283);
    {
        data_1[i,1]=data_all[x[indices][i],2];
        data_1[i,2]=data_all[x[indices][i],3];
    }
        data_2<-data.frame(data_1);
        names(data_2)<-c("a","b");
        cor(data_2$a,data_2$b);
};

data.boot<-boot(aa,mycore,R=10000,stype="i",sim="ordinary");
sink("X-Score-ci.results");
a<-boot.ci(data.boot,conf=0.9,type=c("bca"));
print(a);
sink();

=================================================================
