     code  logKa          score
1    4llx   2.89  102320.066338
2    5c28   5.66  190380.719926
3    3uuo   7.96  240912.201434
4    3ui7   9.00  311610.011204
5    5c2h  11.09  380133.988622
6    2v00   3.66  266963.518345
7    3wz8   5.82  396715.409372
8    3pww   7.32  578498.177730
9    3prs   7.82  533090.259010
10   3uri   9.00  640799.894971
11   4m0z   5.19  420255.228250
12   4m0y   6.46  200720.577434
13   3qgy   7.80  347655.251450
14   4qd6   8.64  386500.530182
15   4rfm  10.05  358662.996227
16   4cr9   4.10  143049.551174
17   4cra   7.22  398841.894226
18   4x6p   8.30  454616.824870
19   4crc   8.72  455901.280309
20   4ty7   9.52  525672.080912
21   5aba   2.98  220864.358186
22   5a7b   3.57  294581.653845
23   4agn   3.97  238076.613293
24   4agp   4.69  306078.434077
25   4agq   5.01  273568.687448
26   3bgz   6.26  591100.048750
27   3jya   6.89  291960.095375
28   2c3i   7.60  346159.514766
29   4k18   8.96  495853.664653
30   5dwr  11.22  592051.665010
31   3mss   4.66  278375.185831
32   3k5v   6.30  404990.171501
33   3pyy   6.86  347171.104989
34   2v7a   8.30  348997.452883
35   4twp  10.00  387015.619432
36   3wtj   6.53  266977.249379
37   3zdg   7.10  171464.485145
38   3u8k   8.66  200071.140599
39   4qac   9.40  437657.591397
40   3u8n  10.17  241282.978814
41   1a30   4.30  548672.511654
42   2qnq   6.11  581101.024719
43   1g2k   7.96  576415.358442
44   1eby   9.70  590326.436343
45   3o9i  11.82  508310.122635
46   4lzs   4.80  165301.950526
47   3u5j   5.61  322605.895182
48   4wiv   6.26  409110.547566
49   4ogj   6.79  449713.827336
50   3p5o   7.30  384498.597257
51   1ps3   2.28  311734.798273
52   3dx1   3.58  404261.858490
53   3d4z   4.89  285347.289315
54   3dx2   6.82  431352.149089
55   3ejr   8.57  390618.886312
56   3l7b   2.40  276827.695194
57   4eky   3.52  410011.430598
58   3g2n   4.09  265273.582172
59   3syr   5.10  275092.193604
60   3ebp   5.91  266260.621041
61   2w66   4.05  140590.227930
62   2w4x   4.85  202070.807314
63   2wca   5.60  345841.823546
64   2xj7   6.66  158712.161167
65   2vvn   7.30  253246.123136
66   3aru   3.22  123694.195707
67   3arv   5.64  151907.264000
68   3ary   6.00   80495.394436
69   3arq   6.40  242496.133450
70   3arp   7.15  351317.107476
71   4ih5   4.11  250868.581235
72   4ih7   5.24  246172.370309
73   3cj4   6.51  307632.692789
74   4eo8   8.15  483740.057187
75   3gnw   9.10  449320.707602
76   1gpk   5.37  188906.752897
77   1h23   8.35  465154.309955
78   1h22   9.10  397725.546255
79   3f3a   4.19  339371.713203
80   3f3c   6.02  482066.024043
81   4mme   6.50  297132.227250
82   3f3d   7.16  461873.227086
83   3f3e   7.70  486901.806806
84   2wbg   4.45  423962.614310
85   2cbv   5.48  330776.022332
86   2j78   6.42  367824.977858
87   2j7h   7.19  271393.169005
88   2cet   8.02  376089.539369
89   3udh   2.85  168954.984325
90   3rsx   4.41  192328.703294
91   4djv   6.72  432321.458775
92   2vkm   8.74  602089.698500
93   4gid  10.77  650710.819299
94   4jfs   5.27  340372.571619
95   4j28   5.70  401325.952377
96   2wvt   6.12  446317.022077
97   2xii   7.20  581114.300697
98   4pcs   7.85  402412.809804
99   3rr4   4.55  255210.441522
100  1s38   5.15  288881.795371
101  1r5y   6.46  310849.749860
102  3gc5   7.26  398449.933661
103  3ge7   8.70  489057.673163
104  4dli   5.62  229213.523550
105  2zb1   6.32  391973.281064
106  4f9w   6.94  367920.450596
107  3e92   8.00  466169.012884
108  3e93   8.85  491720.823422
109  4owm   2.96  177787.685299
110  3twp   3.92  191118.090805
111  3r88   4.82  199831.110148
112  4gkm   5.17  376830.981038
113  3qqs   5.82  332572.657155
114  3gv9   2.12  181799.521962
115  3gr2   2.52  197880.539423
116  4kz6   3.10  243929.136904
117  4jxs   4.74  382666.202412
118  2r9w   5.10  430700.309484
119  2hb1   3.80  481701.016071
120  1bzc   4.92  529538.227502
121  2qbr   6.33  595979.149093
122  2qbq   7.44  643128.425112
123  2qbp   8.40  681043.191625
124  1q8t   4.76  144475.046596
125  1ydr   5.52  266603.851724
126  1q8u   5.96  272103.588805
127  1ydt   7.32  363681.828234
128  3ag9   8.05  759073.035758
129  3fcq   2.77  121719.216521
130  1z9g   5.64  403516.588042
131  1qf1   7.32  539479.028771
132  5tmn   8.04  487437.856401
133  4tmn  10.17  481109.658125
134  4ddk   2.29  172447.602371
135  4ddh   3.32  224414.929190
136  3ivg   4.30  409716.423997
137  3coz   5.57  512889.526137
138  3coy   6.02  530973.934597
139  3pxf   4.43  370652.746224
140  4eor   6.30  381090.039084
141  2xnb   6.83  238246.865619
142  1pxn   7.15  222256.899819
143  2fvd   8.52  372719.791632
144  4k77   6.63  135665.587703
145  4e5w   7.66  249135.140766
146  4ivb   8.72  259068.150926
147  4ivd   9.52  286215.917030
148  4ivc  10.00  266042.016721
149  4f09   6.70  229154.806344
150  4gfm   7.22  153790.279071
151  4hge   7.92  255364.591734
152  4e6q   8.36  267408.429140
153  4jia   9.22  473881.080084
154  2brb   4.86  317697.015988
155  2br1   5.14  340384.761458
156  3jvr   5.72  292669.785211
157  3jvs   6.54  380815.446579
158  1nvq   8.25  420467.405285
159  3acw   4.76  379809.331205
160  4ea2   6.44  327517.568404
161  2zcr   6.87  561270.798620
162  2zy1   7.40  350342.079529
163  2zcq   8.82  434867.886022
164  1bcu   3.28  128794.236985
165  3bv9   5.36  616771.296547
166  1oyt   7.24  543200.600714
167  2zda   8.40  547221.402351
168  3utu  10.92  733082.311627
169  3u9q   4.38  464532.078543
170  2yfe   6.63  441807.127810
171  3fur   8.00  517300.508194
172  3b1m   8.48  502225.306978
173  2p4y   9.00  721599.253373
174  3uo4   6.52  532897.194519
175  3up2   7.40  550547.621357
176  3e5a   8.23  399926.775455
177  2wtv   8.74  490703.557385
178  3myg  10.70  268968.693651
179  3kgp   2.57  190561.534426
180  1c5z   4.01  323180.587704
181  1o5b   5.77  305709.938561
182  1owh   7.40  402959.228562
183  1sqa   9.21  540601.662810
184  4jsz   2.30   43121.151157
185  3kwa   4.08  312914.379679
186  2weg   6.50  327606.062268
187  3ryj   7.80  310761.621650
188  3dd0   9.00  329037.552022
189  2xdl   3.10  159132.698174
190  3b27   5.16  324917.200447
191  1yc1   6.17  444042.821506
192  3rlr   7.52  403107.283282
193  2yki   9.46  522927.446749
194  1z95   7.12  551072.317185
195  3b68   8.40  563328.088982
196  3b5r   8.77  645002.576072
197  3b65   9.27  553188.719075
198  3g0w   9.52  487860.154300
199  4u4s   2.92   68985.980193
200  1p1q   4.89  418605.485200
201  1syi   5.44  426461.471924
202  1p1n   6.80  435362.144584
203  2al5   8.40  430213.627262
204  3g2z   2.36  100155.578076
205  3g31   2.89  198114.021921
206  4de2   4.12  211182.593905
207  4de3   5.52  211074.797749
208  4de1   5.96  200327.426656
209  1vso   4.72  512773.373849
210  4dld   5.82  598257.759182
211  3gbb   6.90  561655.090222
212  3fv2   8.11  651442.497743
213  3fv1   9.30  659736.324872
214  4mgd   4.69  391224.368822
215  2qe4   7.96  434823.647494
216  1qkt   9.04  391072.240595
217  2pog   9.54  461606.559538
218  2p15  10.30  708014.225998
219  2y5h   5.79  234020.083452
220  1lpg   7.09  610495.948645
221  2xbv   8.43  356292.773957
222  1z6e   9.72  443274.545087
223  1mq6  11.15  410064.091732
224  1nc3   5.00  292271.412792
225  1nc1   6.12  417945.971813
226  1y6r  10.11  397668.003247
227  4f2w  11.30  352108.496602
228  4f3c  11.82  440762.495744
229  1uto   2.27  144178.770857
230  4abg   3.57  169895.538207
231  3gy4   5.10  350427.554183
232  1k1i   6.58  575108.956183
233  1o3f   7.96  543032.273291
234  2yge   5.06  253243.900781
235  2fxs   6.06  262224.079291
236  2iwx   6.68  253546.297666
237  2wer   7.05  256114.255186
238  2vw5   8.52  312404.065550
239  4kzq   6.10  214827.345440
240  4kzu   6.50  255786.788173
241  4j21   7.41  243764.076118
242  4j3l   7.80  304883.871859
243  3kr8   8.10  265970.804351
244  2ymd   3.16  277524.516578
245  2wnc   6.32  270992.026803
246  2xys   7.42  237575.435067
247  2wn9   8.52  222174.450071
248  2x00  11.33  278754.244172
249  3ozt   4.13  432878.954350
250  3ozs   5.33  503839.706720
251  3oe5   6.88  457085.386273
252  3oe4   7.47  461202.714418
253  3nw9   9.00  552884.445838
254  3ao4   2.07  204384.528000
255  3zt2   2.84  353589.605275
256  3zsx   3.28  436875.104851
257  4cig   3.67  426153.899556
258  3zso   5.12  520295.696677
259  3n7a   3.70  396027.936320
260  4ciw   4.82  393558.700792
261  3n86   5.64  488858.582944
262  3n76   6.85  515773.324198
263  2xb8   7.59  505369.001771
264  4bkt   3.62  113815.339911
265  4w9c   4.65  260184.999694
266  4w9l   5.02  326202.132328
267  4w9i   5.96  257058.765124
268  4w9h   6.73  279231.897976
269  3nq9   4.03  411740.720904
270  3ueu   5.24  602498.477798
271  3uev   5.89  644662.134224
272  3uew   6.31  656101.803866
273  3uex   6.92  770975.964035
274  3lka   2.82  121142.158153
275  3ehy   5.85  179291.005213
276  3tsk   7.17  392307.021702
277  3nx7   8.10  278688.687177
278  4gr0   9.55  477146.987234
279  3dxg   2.40  128903.638074
280  3d6q   3.76  111582.641177
281  1w4o   5.22  217115.833027
282  1o0h   5.92  485221.623418
283  1u1b   7.80  569928.581622

Summary of the scoring power: ===================================
The regression equation: logKa = 0.00 + 3.82 * Score
Number of favorable sample (N) = 283
Pearson correlation coefficient (R) = 0.488
Standard deviation in fitting (SD) = 1.90
=================================================================

Template command for running the bootstrap in R program==========

rm(list=ls());
require(boot);
data_all<-read.table("X-Score_processed_score",header=TRUE);
aa<-c(1:nrow(data_all));

mycore<-function(x,indices)
{
data_1<-matrix(NA,283,2);
for(i in 1:283);
    {
        data_1[i,1]=data_all[x[indices][i],2];
        data_1[i,2]=data_all[x[indices][i],3];
    }
        data_2<-data.frame(data_1);
        names(data_2)<-c("a","b");
        cor(data_2$a,data_2$b);
};

data.boot<-boot(aa,mycore,R=10000,stype="i",sim="ordinary");
sink("X-Score-ci.results");
a<-boot.ci(data.boot,conf=0.9,type=c("bca"));
print(a);
sink();

=================================================================
