     code  logKa      score
1    4llx   2.89  15.260963
2    5c28   5.66  19.578111
3    3uuo   7.96  25.478750
4    3ui7   9.00  29.058518
5    5c2h  11.09  35.378542
6    2v00   3.66  22.673767
7    3wz8   5.82  38.001803
8    3pww   7.32  47.004547
9    3prs   7.82  43.408052
10   3uri   9.00  36.093974
11   4m0z   5.19  30.262191
12   4m0y   6.46  22.941189
13   3qgy   7.80  34.484476
14   4qd6   8.64  38.600369
15   4rfm  10.05  31.228377
16   4cr9   4.10  18.018553
17   4cra   7.22  35.539693
18   4x6p   8.30  37.141600
19   4crc   8.72  35.404544
20   4ty7   9.52  35.915605
21   5aba   2.98  25.410891
22   5a7b   3.57  34.781198
23   4agn   3.97  26.401463
24   4agp   4.69  33.987793
25   4agq   5.01  32.031773
26   3bgz   6.26  44.351518
27   3jya   6.89  26.117301
28   2c3i   7.60  33.370993
29   4k18   8.96  39.928172
30   5dwr  11.22  45.426496
31   3mss   4.66  28.232959
32   3k5v   6.30  35.573344
33   3pyy   6.86  32.598968
34   2v7a   8.30  31.983456
35   4twp  10.00  36.013929
36   3wtj   6.53  23.057060
37   3zdg   7.10  17.916606
38   3u8k   8.66  17.557902
39   4qac   9.40  42.836998
40   3u8n  10.17  19.918293
41   1a30   4.30  26.094697
42   2qnq   6.11  51.169352
43   1g2k   7.96  49.370458
44   1eby   9.70  48.883136
45   3o9i  11.82  41.999481
46   4lzs   4.80  18.040183
47   3u5j   5.61  31.272750
48   4wiv   6.26  36.543522
49   4ogj   6.79  40.140806
50   3p5o   7.30  32.362356
51   1ps3   2.28  14.870591
52   3dx1   3.58  17.794710
53   3d4z   4.89  14.242315
54   3dx2   6.82  21.230065
55   3ejr   8.57  26.759063
56   3l7b   2.40  15.659835
57   4eky   3.52  20.014756
58   3g2n   4.09  18.590396
59   3syr   5.10  14.330392
60   3ebp   5.91  29.561463
61   2w66   4.05  11.343118
62   2w4x   4.85  14.371598
63   2wca   5.60  26.146041
64   2xj7   6.66  14.463192
65   2vvn   7.30  14.654732
66   3aru   3.22  15.982262
67   3arv   5.64  30.418980
68   3ary   6.00  15.022331
69   3arq   6.40  22.407496
70   3arp   7.15  39.784537
71   4ih5   4.11  23.920355
72   4ih7   5.24  26.930565
73   3cj4   6.51  25.615168
74   4eo8   8.15  33.126732
75   3gnw   9.10  41.081246
76   1gpk   5.37  19.053807
77   1h23   8.35  38.351711
78   1h22   9.10  34.197314
79   3f3a   4.19  23.235023
80   3f3c   6.02  26.414700
81   4mme   6.50  29.244538
82   3f3d   7.16  22.813509
83   3f3e   7.70  23.974887
84   2wbg   4.45  25.580090
85   2cbv   5.48  15.920820
86   2j78   6.42  15.465171
87   2j7h   7.19  12.771661
88   2cet   8.02  21.693849
89   3udh   2.85  19.082849
90   3rsx   4.41  22.682774
91   4djv   6.72  41.144572
92   2vkm   8.74  49.703054
93   4gid  10.77  47.899624
94   4jfs   5.27  22.539465
95   4j28   5.70  19.900688
96   2wvt   6.12  14.563066
97   2xii   7.20  30.292558
98   4pcs   7.85  24.250786
99   3rr4   4.55  17.945617
100  1s38   5.15  21.456197
101  1r5y   6.46  19.450994
102  3gc5   7.26  22.292001
103  3ge7   8.70  29.564003
104  4dli   5.62  28.934848
105  2zb1   6.32  36.929960
106  4f9w   6.94  37.063449
107  3e92   8.00  39.197618
108  3e93   8.85  41.245998
109  4owm   2.96  16.505011
110  3twp   3.92  16.981093
111  3r88   4.82  17.227484
112  4gkm   5.17  26.448837
113  3qqs   5.82  24.782971
114  3gv9   2.12  12.445569
115  3gr2   2.52  15.162425
116  4kz6   3.10  16.895879
117  4jxs   4.74  21.185783
118  2r9w   5.10  30.817481
119  2hb1   3.80  22.425546
120  1bzc   4.92  30.273399
121  2qbr   6.33  36.693832
122  2qbq   7.44  35.932050
123  2qbp   8.40  40.598105
124  1q8t   4.76  18.693207
125  1ydr   5.52  24.936342
126  1q8u   5.96  27.187554
127  1ydt   7.32  33.816954
128  3ag9   8.05  32.181762
129  3fcq   2.77  18.630515
130  1z9g   5.64  24.169755
131  1qf1   7.32  32.255866
132  5tmn   8.04  32.828271
133  4tmn  10.17  35.353605
134  4ddk   2.29  18.208279
135  4ddh   3.32  17.680611
136  3ivg   4.30  29.565551
137  3coz   5.57  23.730845
138  3coy   6.02  24.491596
139  3pxf   4.43  34.413924
140  4eor   6.30  32.432381
141  2xnb   6.83  23.342528
142  1pxn   7.15  21.684833
143  2fvd   8.52  33.486683
144  4k77   6.63  18.233469
145  4e5w   7.66  23.594906
146  4ivb   8.72  23.159077
147  4ivd   9.52  25.701809
148  4ivc  10.00  24.521300
149  4f09   6.70  20.112212
150  4gfm   7.22  21.067620
151  4hge   7.92  23.275631
152  4e6q   8.36  26.966210
153  4jia   9.22  41.035725
154  2brb   4.86  31.558187
155  2br1   5.14  32.010302
156  3jvr   5.72  29.489718
157  3jvs   6.54  34.996448
158  1nvq   8.25  35.497446
159  3acw   4.76  37.617371
160  4ea2   6.44  35.398202
161  2zcr   6.87  43.031501
162  2zy1   7.40  29.916301
163  2zcq   8.82  33.412257
164  1bcu   3.28  18.886827
165  3bv9   5.36  35.997340
166  1oyt   7.24  36.055229
167  2zda   8.40  34.688240
168  3utu  10.92  46.199708
169  3u9q   4.38  31.165076
170  2yfe   6.63  37.635977
171  3fur   8.00  46.334021
172  3b1m   8.48  43.528960
173  2p4y   9.00  52.970855
174  3uo4   6.52  40.826290
175  3up2   7.40  39.370348
176  3e5a   8.23  35.088159
177  2wtv   8.74  42.484396
178  3myg  10.70  22.898816
179  3kgp   2.57  16.368485
180  1c5z   4.01  19.832593
181  1o5b   5.77  20.800985
182  1owh   7.40  29.039699
183  1sqa   9.21  32.972707
184  4jsz   2.30  12.559125
185  3kwa   4.08  18.385814
186  2weg   6.50  23.311385
187  3ryj   7.80  25.637211
188  3dd0   9.00  22.265114
189  2xdl   3.10  17.921885
190  3b27   5.16  27.245290
191  1yc1   6.17  30.817789
192  3rlr   7.52  34.095004
193  2yki   9.46  45.349644
194  1z95   7.12  44.074441
195  3b68   8.40  42.802170
196  3b5r   8.77  48.551698
197  3b65   9.27  43.695579
198  3g0w   9.52  40.557418
199  4u4s   2.92  13.402976
200  1p1q   4.89  17.726029
201  1syi   5.44  18.110950
202  1p1n   6.80  18.059094
203  2al5   8.40  17.994825
204  3g2z   2.36  12.158139
205  3g31   2.89  18.330977
206  4de2   4.12  21.757451
207  4de3   5.52  21.682663
208  4de1   5.96  20.035994
209  1vso   4.72  24.612046
210  4dld   5.82  26.688483
211  3gbb   6.90  23.723093
212  3fv2   8.11  23.125588
213  3fv1   9.30  22.916075
214  4mgd   4.69  34.863207
215  2qe4   7.96  35.574301
216  1qkt   9.04  34.484871
217  2pog   9.54  37.389569
218  2p15  10.30  57.337785
219  2y5h   5.79  20.321694
220  1lpg   7.09  43.391032
221  2xbv   8.43  34.789437
222  1z6e   9.72  34.285332
223  1mq6  11.15  34.510419
224  1nc3   5.00  15.099361
225  1nc1   6.12  26.950831
226  1y6r  10.11  23.710521
227  4f2w  11.30  25.383396
228  4f3c  11.82  31.615038
229  1uto   2.27  16.313929
230  4abg   3.57  18.337902
231  3gy4   5.10  19.479613
232  1k1i   6.58  35.056941
233  1o3f   7.96  34.081210
234  2yge   5.06  26.732254
235  2fxs   6.06  22.437414
236  2iwx   6.68  25.057373
237  2wer   7.05  26.034055
238  2vw5   8.52  33.337352
239  4kzq   6.10  26.160071
240  4kzu   6.50  29.907142
241  4j21   7.41  27.766874
242  4j3l   7.80  30.998282
243  3kr8   8.10  26.453617
244  2ymd   3.16  19.966662
245  2wnc   6.32  26.919465
246  2xys   7.42  26.850632
247  2wn9   8.52  23.668712
248  2x00  11.33  31.404174
249  3ozt   4.13  27.558892
250  3ozs   5.33  29.747264
251  3oe5   6.88  29.607221
252  3oe4   7.47  26.095809
253  3nw9   9.00  37.332886
254  3ao4   2.07  21.219759
255  3zt2   2.84  29.233530
256  3zsx   3.28  37.300830
257  4cig   3.67  38.404177
258  3zso   5.12  44.648508
259  3n7a   3.70  18.763015
260  4ciw   4.82  17.487689
261  3n86   5.64  24.820235
262  3n76   6.85  29.570230
263  2xb8   7.59  26.367662
264  4bkt   3.62  14.320366
265  4w9c   4.65  23.198617
266  4w9l   5.02  29.599820
267  4w9i   5.96  23.970704
268  4w9h   6.73  26.102788
269  3nq9   4.03  28.958923
270  3ueu   5.24  40.230274
271  3uev   5.89  43.467255
272  3uew   6.31  44.487316
273  3uex   6.92  50.809283
274  3lka   2.82  16.990418
275  3ehy   5.85  17.986645
276  3tsk   7.17  32.214284
277  3nx7   8.10  21.752145
278  4gr0   9.55  41.976718
279  3dxg   2.40  13.822246
280  3d6q   3.76  15.533285
281  1w4o   5.22  13.937718
282  1o0h   5.92  19.051586
283  1u1b   7.80  28.962508

Summary of the scoring power: ===================================
The regression equation: logKa = 0.13 + 2.90 * Score
Number of favorable sample (N) = 283
Pearson correlation coefficient (R) = 0.551
Standard deviation in fitting (SD) = 1.81
=================================================================

Template command for running the bootstrap in R program==========

rm(list=ls());
require(boot);
data_all<-read.table("X-Score_processed_score",header=TRUE);
aa<-c(1:nrow(data_all));

mycore<-function(x,indices)
{
data_1<-matrix(NA,283,2);
for(i in 1:283);
    {
        data_1[i,1]=data_all[x[indices][i],2];
        data_1[i,2]=data_all[x[indices][i],3];
    }
        data_2<-data.frame(data_1);
        names(data_2)<-c("a","b");
        cor(data_2$a,data_2$b);
};

data.boot<-boot(aa,mycore,R=10000,stype="i",sim="ordinary");
sink("X-Score-ci.results");
a<-boot.ci(data.boot,conf=0.9,type=c("bca"));
print(a);
sink();

=================================================================
