     code  logKa       score
1    4llx   2.89   58.230920
2    5c28   5.66   76.668564
3    3uuo   7.96  108.314400
4    3ui7   9.00  122.861044
5    5c2h  11.09  173.846648
6    2v00   3.66   82.046925
7    3wz8   5.82  149.429074
8    3pww   7.32  220.018129
9    3prs   7.82  223.737071
10   3uri   9.00  225.051131
11   4m0z   5.19  144.647176
12   4m0y   6.46   94.648341
13   3qgy   7.80  128.698309
14   4qd6   8.64  108.701641
15   4rfm  10.05  160.623169
16   4cr9   4.10   80.159238
17   4cra   7.22  162.281391
18   4x6p   8.30  174.233241
19   4crc   8.72  167.730420
20   4ty7   9.52  163.059173
21   5aba   2.98   91.893607
22   5a7b   3.57  133.192875
23   4agn   3.97  110.726625
24   4agp   4.69  131.460445
25   4agq   5.01  133.301280
26   3bgz   6.26  131.686924
27   3jya   6.89   97.434478
28   2c3i   7.60  136.774089
29   4k18   8.96  143.289014
30   5dwr  11.22  157.205226
31   3mss   4.66  100.921077
32   3k5v   6.30  126.639358
33   3pyy   6.86  120.930722
34   2v7a   8.30  161.216733
35   4twp  10.00  152.643519
36   3wtj   6.53  101.849878
37   3zdg   7.10  107.589537
38   3u8k   8.66  116.418103
39   4qac   9.40  151.047378
40   3u8n  10.17  123.891546
41   1a30   4.30  122.810220
42   2qnq   6.11  190.951211
43   1g2k   7.96  228.732401
44   1eby   9.70  249.410453
45   3o9i  11.82  235.740258
46   4lzs   4.80   91.553813
47   3u5j   5.61  111.290997
48   4wiv   6.26  116.071308
49   4ogj   6.79  124.587393
50   3p5o   7.30  130.955316
51   1ps3   2.28   73.936950
52   3dx1   3.58   51.756609
53   3d4z   4.89   69.270311
54   3dx2   6.82   68.349453
55   3ejr   8.57  112.400254
56   3l7b   2.40  106.715005
57   4eky   3.52  131.893427
58   3g2n   4.09  117.464607
59   3syr   5.10  106.522527
60   3ebp   5.91  107.955649
61   2w66   4.05   95.640712
62   2w4x   4.85   87.914114
63   2wca   5.60  102.713648
64   2xj7   6.66  107.473961
65   2vvn   7.30  112.278160
66   3aru   3.22   87.658016
67   3arv   5.64   84.147505
68   3ary   6.00   63.219705
69   3arq   6.40  100.347037
70   3arp   7.15  156.192308
71   4ih5   4.11   86.508933
72   4ih7   5.24  104.906242
73   3cj4   6.51  107.905619
74   4eo8   8.15  139.927028
75   3gnw   9.10  176.741155
76   1gpk   5.37  119.463521
77   1gpn   6.48  123.646226
78   1h23   8.35  213.193911
79   1h22   9.10  200.067026
80   1e66   9.89  145.445242
81   3f3a   4.19   89.777271
82   3f3c   6.02   89.135970
83   4mme   6.50  114.957734
84   3f3d   7.16   83.843780
85   3f3e   7.70   87.940232
86   2wbg   4.45  115.904409
87   2cbv   5.48   72.720991
88   2j78   6.42   75.031412
89   2j7h   7.19   70.371818
90   2cet   8.02  121.375779
91   3udh   2.85   79.069052
92   3rsx   4.41   80.629072
93   4djv   6.72  131.587030
94   2vkm   8.74  248.920257
95   4gid  10.77  270.645875
96   4jfs   5.27   91.016278
97   4j28   5.70   79.588446
98   2wvt   6.12   76.911924
99   2xii   7.20  124.597113
100  4pcs   7.85   83.157035
101  3rr4   4.55   95.969095
102  1s38   5.15   83.471868
103  1r5y   6.46   72.750700
104  3gc5   7.26  111.452846
105  3ge7   8.70  148.809590
106  4dli   5.62  133.987468
107  2zb1   6.32  166.340122
108  4f9w   6.94  144.829446
109  3e92   8.00  179.579845
110  3e93   8.85  219.615193
111  4owm   2.96   55.283965
112  3twp   3.92   53.357857
113  3r88   4.82   75.550357
114  4gkm   5.17  100.548810
115  3qqs   5.82   98.779450
116  3gv9   2.12   54.044944
117  3gr2   2.52   54.044887
118  4kz6   3.10   76.391390
119  4jxs   4.74   91.833445
120  2r9w   5.10   94.736595
121  2hb1   3.80   74.800170
122  1bzc   4.92  115.642171
123  2qbr   6.33  119.531763
124  2qbq   7.44  129.195884
125  2qbp   8.40  150.275705
126  1q8t   4.76  111.319900
127  1ydr   5.52  116.720533
128  1q8u   5.96  129.191253
129  1ydt   7.32  158.876879
130  3ag9   8.05  200.566940
131  3fcq   2.77   72.645961
132  1z9g   5.64   89.270772
133  1qf1   7.32  140.024559
134  5tmn   8.04  156.492347
135  4tmn  10.17  171.885632
136  4ddk   2.29   76.376255
137  4ddh   3.32   91.084357
138  3ivg   4.30  153.710036
139  3coz   5.57  159.702299
140  3coy   6.02  173.331315
141  3pxf   4.43   89.814422
142  4eor   6.30  152.378385
143  2xnb   6.83  148.655036
144  1pxn   7.15  129.624233
145  2fvd   8.52  146.597802
146  4k77   6.63  109.572230
147  4e5w   7.66  166.533929
148  4ivb   8.72  135.120526
149  4ivd   9.52  143.549198
150  4ivc  10.00  144.979811
151  4f09   6.70  114.168531
152  4gfm   7.22   94.983893
153  4hge   7.92  128.773404
154  4e6q   8.36  145.935629
155  4jia   9.22  140.583467
156  2brb   4.86  122.202778
157  2br1   5.14  131.427094
158  3jvr   5.72   98.136544
159  3jvs   6.54  112.900723
160  1nvq   8.25  172.531045
161  3acw   4.76  147.752731
162  4ea2   6.44  171.833522
163  2zcr   6.87  166.537455
164  2zy1   7.40  141.682268
165  2zcq   8.82  117.879933
166  1bcu   3.28   82.265660
167  3bv9   5.36  177.622511
168  1oyt   7.24  148.016246
169  2zda   8.40  154.332386
170  3utu  10.92  198.724943
171  3u9q   4.38  113.875657
172  2yfe   6.63  153.165548
173  3fur   8.00  170.086253
174  3b1m   8.48  192.066745
175  2p4y   9.00  202.327674
176  3uo4   6.52  139.124940
177  3up2   7.40  134.360012
178  3e5a   8.23  166.976332
179  2wtv   8.74  154.784911
180  3myg  10.70  140.871556
181  3kgp   2.57   64.787707
182  1c5z   4.01   67.694841
183  1o5b   5.77   78.268196
184  1owh   7.40  104.073554
185  1sqa   9.21  124.109164
186  4jsz   2.30   54.570177
187  3kwa   4.08   84.903896
188  2weg   6.50   65.042048
189  3ryj   7.80   83.579081
190  3dd0   9.00   83.122692
191  2xdl   3.10  105.879172
192  3b27   5.16   89.185583
193  1yc1   6.17  129.523001
194  3rlr   7.52  122.234903
195  2yki   9.46  195.852158
196  1z95   7.12  172.813417
197  3b68   8.40  193.850842
198  3b5r   8.77  166.385059
199  3b65   9.27  166.461202
200  3g0w   9.52  154.517209
201  4u4s   2.92   88.123746
202  1p1q   4.89   66.563916
203  1syi   5.44  106.848909
204  1p1n   6.80   91.038703
205  2al5   8.40   87.003711
206  3g2z   2.36   45.142377
207  3g31   2.89   54.728990
208  4de2   4.12  103.575894
209  4de3   5.52   90.712840
210  4de1   5.96   92.853714
211  1vso   4.72   89.162547
212  4dld   5.82  100.005016
213  3gbb   6.90  110.094497
214  3fv2   8.11  113.733605
215  3fv1   9.30  128.223155
216  4mgd   4.69  129.539918
217  2qe4   7.96  154.490451
218  1qkt   9.04  144.825706
219  2pog   9.54  146.347599
220  2p15  10.30  219.210504
221  2y5h   5.79  146.414741
222  1lpg   7.09  167.950068
223  2xbv   8.43  169.808039
224  1z6e   9.72  166.666265
225  1mq6  11.15  165.095621
226  1nc3   5.00  117.514551
227  1nc1   6.12  130.171102
228  1y6r  10.11  141.407613
229  4f2w  11.30  153.056843
230  4f3c  11.82  175.925230
231  1uto   2.27   66.733260
232  4abg   3.57   87.149067
233  3gy4   5.10   69.905038
234  1k1i   6.58  123.023297
235  1o3f   7.96  104.807126
236  2yge   5.06  146.203560
237  2fxs   6.06   99.783129
238  2iwx   6.68  115.019109
239  2wer   7.05  114.775823
240  2vw5   8.52  158.871363
241  4kzq   6.10  117.032341
242  4kzu   6.50  122.679294
243  4j21   7.41  119.637015
244  4j3l   7.80  133.011238
245  3kr8   8.10  129.499933
246  2ymd   3.16  102.197022
247  2wnc   6.32  116.194813
248  2xys   7.42  126.092315
249  2wn9   8.52  101.223562
250  2x00  11.33  190.150627
251  3ozt   4.13  151.766632
252  3ozs   5.33  153.147197
253  3oe5   6.88  156.529083
254  3oe4   7.47  154.698952
255  3nw9   9.00  182.374617
256  3ao4   2.07   90.411744
257  3zt2   2.84  111.766366
258  3zsx   3.28  132.605802
259  4cig   3.67  140.917296
260  3zso   5.12  156.716296
261  3n7a   3.70   74.671832
262  4ciw   4.82   96.043365
263  3n86   5.64  153.807044
264  3n76   6.85  139.728738
265  2xb8   7.59  133.708203
266  4bkt   3.62   84.439802
267  4w9c   4.65  122.952115
268  4w9l   5.02  166.238825
269  4w9i   5.96  136.148267
270  4w9h   6.73  144.127866
271  3nq9   4.03   71.288632
272  3ueu   5.24  120.469622
273  3uev   5.89  136.981796
274  3uew   6.31  144.478600
275  3uex   6.92  165.270966
276  3lka   2.82   76.739393
277  3ehy   5.85   94.199598
278  3tsk   7.17  193.067985
279  3nx7   8.10  101.917212
280  4gr0   9.55  219.014756
281  3dxg   2.40   62.610506
282  3d6q   3.76   65.312798
283  1w4o   5.22   77.070351
284  1o0h   5.92   86.358916
285  1u1b   7.80  148.136885

Summary of the scoring power: ===================================
The regression equation: logKa = 0.03 + 2.16 * Score
Number of favorable sample (N) = 285
Pearson correlation coefficient (R) = 0.657
Confidence interval of 90% Pearson R = [0.597 ~ 0.709] 
Standard deviation in fitting (SD) = 1.64
=================================================================

Template command for running the bootstrap in R program==========

rm(list=ls());
require(boot);
data_all<-read.table("GAP_processed_score",header=TRUE);
aa<-c(1:nrow(data_all));

mycore<-function(x,indices)
{
data_1<-matrix(NA,285,2);
for(i in 1:285);
    {
        data_1[i,1]=data_all[x[indices][i],2];
        data_1[i,2]=data_all[x[indices][i],3];
    }
        data_2<-data.frame(data_1);
        names(data_2)<-c("a","b");
        cor(data_2$a,data_2$b);
};

data.boot<-boot(aa,mycore,R=10000,stype="i",sim="ordinary");
sink("GAP-ci.results");
a<-boot.ci(data.boot,conf=0.9,type=c("bca"));
print(a);
sink();

=================================================================
