     code  logKa     score
1    4llx   2.89  1.070435
2    5c28   5.66  1.070435
3    3uuo   7.96  1.070435
4    3ui7   9.00  1.070435
5    5c2h  11.09  1.070435
6    2v00   3.66  1.070435
7    3wz8   5.82  1.070435
8    3pww   7.32  1.070435
9    3prs   7.82  1.070435
10   3uri   9.00  1.070435
11   4m0z   5.19  1.070435
12   4m0y   6.46  1.070435
13   3qgy   7.80  1.070435
14   4qd6   8.64  1.070435
15   4rfm  10.05  1.070435
16   4cr9   4.10  1.070435
17   4cra   7.22  1.070435
18   4x6p   8.30  1.070435
19   4crc   8.72  1.070435
20   4ty7   9.52  1.070435
21   5aba   2.98  1.070435
22   5a7b   3.57  1.070435
23   4agn   3.97  1.070435
24   4agp   4.69  1.070435
25   4agq   5.01  1.070435
26   3bgz   6.26  1.070435
27   3jya   6.89  1.070435
28   2c3i   7.60  1.070435
29   4k18   8.96  1.070435
30   5dwr  11.22  1.070435
31   3mss   4.66  1.070435
32   3k5v   6.30  1.070435
33   3pyy   6.86  1.070435
34   2v7a   8.30  1.070435
35   4twp  10.00  1.070435
36   3wtj   6.53  1.070435
37   3zdg   7.10  1.070435
38   3u8k   8.66  1.070435
39   4qac   9.40  1.070435
40   3u8n  10.17  1.070435
41   1a30   4.30  1.070435
42   2qnq   6.11  1.070435
43   1g2k   7.96  1.070435
44   1eby   9.70  1.070435
45   3o9i  11.82  1.070435
46   4lzs   4.80  1.070435
47   3u5j   5.61  1.070435
48   4wiv   6.26  1.070435
49   4ogj   6.79  1.070435
50   3p5o   7.30  1.070435
51   1ps3   2.28  1.069821
52   3dx1   3.58  1.070435
53   3d4z   4.89  1.066948
54   3dx2   6.82  1.070435
55   3ejr   8.57  1.070435
56   3l7b   2.40  1.070440
57   4eky   3.52  1.070435
58   3g2n   4.09  1.070435
59   3syr   5.10  1.071695
60   3ebp   5.91  1.070435
61   2w66   4.05  1.070391
62   2w4x   4.85  1.070435
63   2wca   5.60  1.070435
64   2xj7   6.66  1.070435
65   2vvn   7.30  1.070435
66   3aru   3.22  1.070435
67   3arv   5.64  1.070435
68   3ary   6.00  1.070435
69   3arq   6.40  1.070435
70   3arp   7.15  1.070435
71   4ih5   4.11  1.070435
72   4ih7   5.24  1.070435
73   3cj4   6.51  1.070435
74   4eo8   8.15  1.070435
75   3gnw   9.10  1.070435
76   1gpk   5.37  1.070435
77   1h23   8.35  1.070435
78   1h22   9.10  1.070435
79   3f3a   4.19  1.070435
80   3f3c   6.02  1.070435
81   4mme   6.50  1.070435
82   3f3d   7.16  1.070435
83   3f3e   7.70  1.070435
84   2wbg   4.45  1.070435
85   2cbv   5.48  1.070435
86   2j78   6.42  1.070444
87   2j7h   7.19  1.063303
88   2cet   8.02  1.070435
89   3udh   2.85  1.070435
90   3rsx   4.41  1.070435
91   4djv   6.72  1.070435
92   2vkm   8.74  1.070435
93   4gid  10.77  1.070435
94   4jfs   5.27  1.070435
95   4j28   5.70  1.070435
96   2wvt   6.12  1.070247
97   2xii   7.20  1.070435
98   4pcs   7.85  1.070435
99   3rr4   4.55  1.070435
100  1s38   5.15  1.070435
101  1r5y   6.46  1.070435
102  3gc5   7.26  1.070435
103  3ge7   8.70  1.070435
104  4dli   5.62  1.070435
105  2zb1   6.32  1.070435
106  4f9w   6.94  1.070435
107  3e92   8.00  1.070435
108  3e93   8.85  1.070435
109  4owm   2.96  1.070435
110  3twp   3.92  1.070435
111  3r88   4.82  1.070435
112  4gkm   5.17  1.070435
113  3qqs   5.82  1.070435
114  3gv9   2.12  1.069916
115  3gr2   2.52  1.070428
116  4kz6   3.10  1.070435
117  4jxs   4.74  1.070435
118  2r9w   5.10  1.070435
119  2hb1   3.80  1.070435
120  1bzc   4.92  1.070435
121  2qbr   6.33  1.070435
122  2qbq   7.44  1.070435
123  2qbp   8.40  1.070435
124  1q8t   4.76  1.070435
125  1ydr   5.52  1.070435
126  1q8u   5.96  1.070435
127  1ydt   7.32  1.070435
128  3ag9   8.05  1.070435
129  3fcq   2.77  1.070435
130  1z9g   5.64  1.070435
131  1qf1   7.32  1.070435
132  5tmn   8.04  1.070435
133  4tmn  10.17  1.070435
134  4ddk   2.29  1.070435
135  4ddh   3.32  1.070435
136  3ivg   4.30  1.070435
137  3coz   5.57  1.070435
138  3coy   6.02  1.070435
139  3pxf   4.43  1.070435
140  4eor   6.30  1.070435
141  2xnb   6.83  1.070435
142  1pxn   7.15  1.070435
143  2fvd   8.52  1.070435
144  4k77   6.63  1.070435
145  4e5w   7.66  1.070435
146  4ivb   8.72  1.070435
147  4ivd   9.52  1.070435
148  4ivc  10.00  1.070435
149  4f09   6.70  1.070435
150  4gfm   7.22  1.070435
151  4hge   7.92  1.070435
152  4e6q   8.36  1.070435
153  4jia   9.22  1.070435
154  2brb   4.86  1.070435
155  2br1   5.14  1.070435
156  3jvr   5.72  1.070435
157  3jvs   6.54  1.070435
158  1nvq   8.25  1.070435
159  3acw   4.76  1.070435
160  4ea2   6.44  1.070435
161  2zcr   6.87  1.070435
162  2zy1   7.40  1.070435
163  2zcq   8.82  1.070435
164  1bcu   3.28  1.070435
165  3bv9   5.36  1.070435
166  1oyt   7.24  1.070435
167  2zda   8.40  1.070435
168  3utu  10.92  1.070435
169  3u9q   4.38  1.070435
170  2yfe   6.63  1.070435
171  3fur   8.00  1.070435
172  3b1m   8.48  1.070435
173  2p4y   9.00  1.070435
174  3uo4   6.52  1.070435
175  3up2   7.40  1.070435
176  3e5a   8.23  1.070435
177  2wtv   8.74  1.070435
178  3myg  10.70  1.070435
179  3kgp   2.57  1.070435
180  1c5z   4.01  1.070435
181  1o5b   5.77  1.070435
182  1owh   7.40  1.070435
183  1sqa   9.21  1.070435
184  4jsz   2.30  1.261173
185  3kwa   4.08  1.070435
186  2weg   6.50  1.070435
187  3ryj   7.80  1.070435
188  3dd0   9.00  1.070435
189  2xdl   3.10  1.070435
190  3b27   5.16  1.070435
191  1yc1   6.17  1.070435
192  3rlr   7.52  1.070435
193  2yki   9.46  1.070435
194  1z95   7.12  1.070435
195  3b68   8.40  1.070435
196  3b5r   8.77  1.070435
197  3b65   9.27  1.070435
198  3g0w   9.52  1.070435
199  4u4s   2.92  1.070434
200  1p1q   4.89  1.070435
201  1syi   5.44  1.070435
202  1p1n   6.80  1.070435
203  2al5   8.40  1.070435
204  3g2z   2.36  1.054858
205  3g31   2.89  1.070435
206  4de2   4.12  1.070435
207  4de3   5.52  1.070435
208  4de1   5.96  1.070435
209  1vso   4.72  1.070435
210  4dld   5.82  1.070435
211  3gbb   6.90  1.070435
212  3fv2   8.11  1.070435
213  3fv1   9.30  1.070435
214  4mgd   4.69  1.070435
215  2qe4   7.96  1.070435
216  1qkt   9.04  1.070435
217  2pog   9.54  1.070435
218  2p15  10.30  1.070435
219  2y5h   5.79  1.070435
220  1lpg   7.09  1.070435
221  2xbv   8.43  1.070435
222  1z6e   9.72  1.070435
223  1mq6  11.15  1.070435
224  1nc3   5.00  1.070435
225  1nc1   6.12  1.070435
226  1y6r  10.11  1.070435
227  4f2w  11.30  1.070435
228  4f3c  11.82  1.070435
229  1uto   2.27  1.070429
230  4abg   3.57  1.070435
231  3gy4   5.10  1.070435
232  1k1i   6.58  1.070435
233  1o3f   7.96  1.070435
234  2yge   5.06  1.070435
235  2fxs   6.06  1.070435
236  2iwx   6.68  1.070435
237  2wer   7.05  1.070435
238  2vw5   8.52  1.070435
239  4kzq   6.10  1.070435
240  4kzu   6.50  1.070435
241  4j21   7.41  1.070435
242  4j3l   7.80  1.070435
243  3kr8   8.10  1.070435
244  2ymd   3.16  1.070435
245  2wnc   6.32  1.070435
246  2xys   7.42  1.070435
247  2wn9   8.52  1.070435
248  2x00  11.33  1.070435
249  3ozt   4.13  1.070435
250  3ozs   5.33  1.070435
251  3oe5   6.88  1.070435
252  3oe4   7.47  1.070435
253  3nw9   9.00  1.070435
254  3ao4   2.07  1.070435
255  3zt2   2.84  1.070435
256  3zsx   3.28  1.070435
257  4cig   3.67  1.070435
258  3zso   5.12  1.070435
259  3n7a   3.70  1.070435
260  4ciw   4.82  1.070435
261  3n86   5.64  1.070435
262  3n76   6.85  1.070435
263  2xb8   7.59  1.070435
264  4bkt   3.62  1.070435
265  4w9c   4.65  1.070435
266  4w9l   5.02  1.070435
267  4w9i   5.96  1.070435
268  4w9h   6.73  1.070435
269  3nq9   4.03  1.070435
270  3ueu   5.24  1.070435
271  3uev   5.89  1.070435
272  3uew   6.31  1.070435
273  3uex   6.92  1.070435
274  3lka   2.82  1.070435
275  3ehy   5.85  1.070435
276  3tsk   7.17  1.070435
277  3nx7   8.10  1.070435
278  4gr0   9.55  1.070435
279  3dxg   2.40  1.070254
280  3d6q   3.76  1.069907
281  1w4o   5.22  1.070413
282  1o0h   5.92  1.070435
283  1u1b   7.80  1.070435

Summary of the scoring power: ===================================
The regression equation: logKa = -19.84 + 27.73 * Score
Number of favorable sample (N) = 283
Pearson correlation coefficient (R) = -0.104
Standard deviation in fitting (SD) = 2.16
=================================================================

Template command for running the bootstrap in R program==========

rm(list=ls());
require(boot);
data_all<-read.table("X-Score_processed_score",header=TRUE);
aa<-c(1:nrow(data_all));

mycore<-function(x,indices)
{
data_1<-matrix(NA,283,2);
for(i in 1:283);
    {
        data_1[i,1]=data_all[x[indices][i],2];
        data_1[i,2]=data_all[x[indices][i],3];
    }
        data_2<-data.frame(data_1);
        names(data_2)<-c("a","b");
        cor(data_2$a,data_2$b);
};

data.boot<-boot(aa,mycore,R=10000,stype="i",sim="ordinary");
sink("X-Score-ci.results");
a<-boot.ci(data.boot,conf=0.9,type=c("bca"));
print(a);
sink();

=================================================================
