     code  logKa      score
1    4llx   2.89  21.858840
2    5c28   5.66  21.830636
3    3uuo   7.96  21.830605
4    3ui7   9.00  21.830605
5    5c2h  11.09  21.830605
6    2v00   3.66  21.830606
7    3wz8   5.82  21.830605
8    3pww   7.32  21.830605
9    3prs   7.82  21.830605
10   3uri   9.00  21.830605
11   4m0z   5.19  21.830605
12   4m0y   6.46  21.830605
13   3qgy   7.80  21.830605
14   4qd6   8.64  21.830605
15   4rfm  10.05  21.830605
16   4cr9   4.10  21.830609
17   4cra   7.22  21.830605
18   4x6p   8.30  21.830605
19   4crc   8.72  21.830605
20   4ty7   9.52  21.830605
21   5aba   2.98  21.830605
22   5a7b   3.57  21.830605
23   4agn   3.97  21.830605
24   4agp   4.69  21.830605
25   4agq   5.01  21.830605
26   3bgz   6.26  21.830605
27   3jya   6.89  21.830605
28   2c3i   7.60  21.830605
29   4k18   8.96  21.830605
30   5dwr  11.22  21.830605
31   3mss   4.66  21.830605
32   3k5v   6.30  21.830605
33   3pyy   6.86  21.830605
34   2v7a   8.30  21.830605
35   4twp  10.00  21.830605
36   3wtj   6.53  21.830605
37   3zdg   7.10  21.830605
38   3u8k   8.66  21.830605
39   4qac   9.40  21.830605
40   3u8n  10.17  21.830605
41   1a30   4.30  21.830605
42   2qnq   6.11  21.830605
43   1g2k   7.96  21.830605
44   1eby   9.70  21.830605
45   3o9i  11.82  21.830605
46   4lzs   4.80  21.830605
47   3u5j   5.61  21.830605
48   4wiv   6.26  21.830605
49   4ogj   6.79  21.830605
50   3p5o   7.30  21.830605
51   1ps3   2.28  21.830606
52   3dx1   3.58  21.866726
53   3d4z   4.89  21.830637
54   3dx2   6.82  21.830780
55   3ejr   8.57  21.830605
56   3l7b   2.40  21.830605
57   4eky   3.52  21.830605
58   3g2n   4.09  21.830605
59   3syr   5.10  21.830605
60   3ebp   5.91  21.830605
61   2w66   4.05  21.830605
62   2w4x   4.85  21.830605
63   2wca   5.60  21.830605
64   2xj7   6.66  21.830605
65   2vvn   7.30  21.830605
66   3aru   3.22  21.830605
67   3arv   5.64  21.830605
68   3ary   6.00  21.834781
69   3arq   6.40  21.830605
70   3arp   7.15  21.830605
71   4ih5   4.11  21.830605
72   4ih7   5.24  21.830605
73   3cj4   6.51  21.830605
74   4eo8   8.15  21.830605
75   3gnw   9.10  21.830605
76   1gpk   5.37  21.830605
77   1gpn   6.48  21.830605
78   1h23   8.35  21.830605
79   1h22   9.10  21.830605
80   1e66   9.89  21.830605
81   3f3a   4.19  21.830605
82   3f3c   6.02  21.830605
83   4mme   6.50  21.830605
84   3f3d   7.16  21.830605
85   3f3e   7.70  21.830605
86   2wbg   4.45  21.830605
87   2cbv   5.48  21.830632
88   2j78   6.42  21.830611
89   2j7h   7.19  21.830697
90   2cet   8.02  21.830605
91   3udh   2.85  21.830610
92   3rsx   4.41  21.830609
93   4djv   6.72  21.830605
94   2vkm   8.74  21.830605
95   4gid  10.77  21.830605
96   4jfs   5.27  21.830605
97   4j28   5.70  21.830611
98   2wvt   6.12  21.830607
99   2xii   7.20  21.830605
100  4pcs   7.85  21.830605
101  3rr4   4.55  21.830605
102  1s38   5.15  21.830606
103  1r5y   6.46  21.830655
104  3gc5   7.26  21.830605
105  3ge7   8.70  21.830605
106  4dli   5.62  21.830605
107  2zb1   6.32  21.830605
108  4f9w   6.94  21.830605
109  3e92   8.00  21.830605
110  3e93   8.85  21.830605
111  4owm   2.96  21.862763
112  3twp   3.92  21.897352
113  3r88   4.82  21.830655
114  4gkm   5.17  21.830605
115  3qqs   5.82  21.830605
116  3gv9   2.12  21.904006
117  3gr2   2.52  21.920395
118  4kz6   3.10  21.830641
119  4jxs   4.74  21.830605
120  2r9w   5.10  21.830605
121  2hb1   3.80  21.830610
122  1bzc   4.92  21.830605
123  2qbr   6.33  21.830605
124  2qbq   7.44  21.830605
125  2qbp   8.40  21.830605
126  1q8t   4.76  21.830605
127  1ydr   5.52  21.830605
128  1q8u   5.96  21.830605
129  1ydt   7.32  21.830605
130  3ag9   8.05  21.830605
131  3fcq   2.77  21.830630
132  1z9g   5.64  21.830605
133  1qf1   7.32  21.830605
134  5tmn   8.04  21.830605
135  4tmn  10.17  21.830605
136  4ddk   2.29  21.830629
137  4ddh   3.32  21.830605
138  3ivg   4.30  21.830605
139  3coz   5.57  21.830605
140  3coy   6.02  21.830605
141  3pxf   4.43  21.830605
142  4eor   6.30  21.830605
143  2xnb   6.83  21.830605
144  1pxn   7.15  21.830605
145  2fvd   8.52  21.830605
146  4k77   6.63  21.830605
147  4e5w   7.66  21.830605
148  4ivb   8.72  21.830605
149  4ivd   9.52  21.830605
150  4ivc  10.00  21.830605
151  4f09   6.70  21.830605
152  4gfm   7.22  21.830605
153  4hge   7.92  21.830605
154  4e6q   8.36  21.830605
155  4jia   9.22  21.830605
156  2brb   4.86  21.830605
157  2br1   5.14  21.830605
158  3jvr   5.72  21.830605
159  3jvs   6.54  21.830605
160  1nvq   8.25  21.830605
161  3acw   4.76  21.830605
162  4ea2   6.44  21.830605
163  2zcr   6.87  21.830605
164  2zy1   7.40  21.830605
165  2zcq   8.82  21.830605
166  1bcu   3.28  21.830606
167  3bv9   5.36  21.830605
168  1oyt   7.24  21.830605
169  2zda   8.40  21.830605
170  3utu  10.92  21.830605
171  3u9q   4.38  21.830605
172  2yfe   6.63  21.830605
173  3fur   8.00  21.830605
174  3b1m   8.48  21.830605
175  2p4y   9.00  21.830605
176  3uo4   6.52  21.830605
177  3up2   7.40  21.830605
178  3e5a   8.23  21.830605
179  2wtv   8.74  21.830605
180  3myg  10.70  21.830605
181  3kgp   2.57  21.832711
182  1c5z   4.01  21.831207
183  1o5b   5.77  21.830614
184  1owh   7.40  21.830605
185  1sqa   9.21  21.830605
186  4jsz   2.30  21.887876
187  3kwa   4.08  21.830605
188  2weg   6.50  21.833497
189  3ryj   7.80  21.830606
190  3dd0   9.00  21.830607
191  2xdl   3.10  21.830605
192  3b27   5.16  21.830605
193  1yc1   6.17  21.830605
194  3rlr   7.52  21.830605
195  2yki   9.46  21.830605
196  1z95   7.12  21.830605
197  3b68   8.40  21.830605
198  3b5r   8.77  21.830605
199  3b65   9.27  21.830605
200  3g0w   9.52  21.830605
201  4u4s   2.92  21.830605
202  1p1q   4.89  21.830960
203  1syi   5.44  21.830605
204  1p1n   6.80  21.830605
205  2al5   8.40  21.830605
206  3g2z   2.36  22.471131
207  3g31   2.89  21.878155
208  4de2   4.12  21.830605
209  4de3   5.52  21.830605
210  4de1   5.96  21.830605
211  1vso   4.72  21.830605
212  4dld   5.82  21.830605
213  3gbb   6.90  21.830605
214  3fv2   8.11  21.830605
215  3fv1   9.30  21.830605
216  4mgd   4.69  21.830605
217  2qe4   7.96  21.830605
218  1qkt   9.04  21.830605
219  2pog   9.54  21.830605
220  2p15  10.30  21.830605
221  2y5h   5.79  21.830605
222  1lpg   7.09  21.830605
223  2xbv   8.43  21.830605
224  1z6e   9.72  21.830605
225  1mq6  11.15  21.830605
226  1nc3   5.00  21.830605
227  1nc1   6.12  21.830605
228  1y6r  10.11  21.830605
229  4f2w  11.30  21.830605
230  4f3c  11.82  21.830605
231  1uto   2.27  21.831800
232  4abg   3.57  21.830605
233  3gy4   5.10  21.830837
234  1k1i   6.58  21.830605
235  1o3f   7.96  21.830605
236  2yge   5.06  21.830605
237  2fxs   6.06  21.830605
238  2iwx   6.68  21.830605
239  2wer   7.05  21.830605
240  2vw5   8.52  21.830605
241  4kzq   6.10  21.830605
242  4kzu   6.50  21.830605
243  4j21   7.41  21.830605
244  4j3l   7.80  21.830605
245  3kr8   8.10  21.830605
246  2ymd   3.16  21.830605
247  2wnc   6.32  21.830605
248  2xys   7.42  21.830605
249  2wn9   8.52  21.830605
250  2x00  11.33  21.830605
251  3ozt   4.13  21.830605
252  3ozs   5.33  21.830605
253  3oe5   6.88  21.830605
254  3oe4   7.47  21.830605
255  3nw9   9.00  21.830605
256  3ao4   2.07  21.830605
257  3zt2   2.84  21.830605
258  3zsx   3.28  21.830605
259  4cig   3.67  21.830605
260  3zso   5.12  21.830605
261  3n7a   3.70  21.830620
262  4ciw   4.82  21.830605
263  3n86   5.64  21.830605
264  3n76   6.85  21.830605
265  2xb8   7.59  21.830605
266  4bkt   3.62  21.830605
267  4w9c   4.65  21.830605
268  4w9l   5.02  21.830605
269  4w9i   5.96  21.830605
270  4w9h   6.73  21.830605
271  3nq9   4.03  21.830608
272  3ueu   5.24  21.830605
273  3uev   5.89  21.830605
274  3uew   6.31  21.830605
275  3uex   6.92  21.830605
276  3lka   2.82  21.830630
277  3ehy   5.85  21.830605
278  3tsk   7.17  21.830605
279  3nx7   8.10  21.830605
280  4gr0   9.55  21.830605
281  3dxg   2.40  21.833285
282  3d6q   3.76  21.831901
283  1w4o   5.22  21.830618
284  1o0h   5.92  21.830605
285  1u1b   7.80  21.830605

Summary of the scoring power: ===================================
The regression equation: logKa = -9.83 + 221.15 * Score
Number of favorable sample (N) = 285
Pearson correlation coefficient (R) = -0.177
Confidence interval of 90% Pearson R = [-0.269 ~ -0.08] 
Standard deviation in fitting (SD) = 2.14
=================================================================

Template command for running the bootstrap in R program==========

rm(list=ls());
require(boot);
data_all<-read.table("X-Score_processed_score",header=TRUE);
aa<-c(1:nrow(data_all));

mycore<-function(x,indices)
{
data_1<-matrix(NA,285,2);
for(i in 1:285);
    {
        data_1[i,1]=data_all[x[indices][i],2];
        data_1[i,2]=data_all[x[indices][i],3];
    }
        data_2<-data.frame(data_1);
        names(data_2)<-c("a","b");
        cor(data_2$a,data_2$b);
};

data.boot<-boot(aa,mycore,R=10000,stype="i",sim="ordinary");
sink("X-Score-ci.results");
a<-boot.ci(data.boot,conf=0.9,type=c("bca"));
print(a);
sink();

=================================================================
