     code  logKa      score
1    4llx   2.89  21.890452
2    5c28   5.66  21.890452
3    3uuo   7.96  21.890452
4    3ui7   9.00  21.890452
5    5c2h  11.09  21.890452
6    2v00   3.66  21.890452
7    3wz8   5.82  21.890452
8    3pww   7.32  21.890452
9    3prs   7.82  21.890452
10   3uri   9.00  21.890452
11   4m0z   5.19  21.890452
12   4m0y   6.46  21.890452
13   3qgy   7.80  21.890452
14   4qd6   8.64  21.890452
15   4rfm  10.05  21.890452
16   4cr9   4.10  21.890452
17   4cra   7.22  21.890452
18   4x6p   8.30  21.890452
19   4crc   8.72  21.890452
20   4ty7   9.52  21.890452
21   5aba   2.98  21.890452
22   5a7b   3.57  21.890452
23   4agn   3.97  21.890452
24   4agp   4.69  21.890452
25   4agq   5.01  21.890452
26   3bgz   6.26  21.890452
27   3jya   6.89  21.890452
28   2c3i   7.60  21.890452
29   4k18   8.96  21.890452
30   5dwr  11.22  21.890452
31   3mss   4.66  21.890452
32   3k5v   6.30  21.890452
33   3pyy   6.86  21.890452
34   2v7a   8.30  21.890452
35   4twp  10.00  21.890452
36   3wtj   6.53  21.890452
37   3zdg   7.10  21.890452
38   3u8k   8.66  21.890452
39   4qac   9.40  21.890452
40   3u8n  10.17  21.890452
41   1a30   4.30  21.890452
42   2qnq   6.11  21.890452
43   1g2k   7.96  21.890452
44   1eby   9.70  21.890452
45   3o9i  11.82  21.890452
46   4lzs   4.80  21.890452
47   3u5j   5.61  21.890452
48   4wiv   6.26  21.890452
49   4ogj   6.79  21.890452
50   3p5o   7.30  21.890452
51   1ps3   2.28  21.890452
52   3dx1   3.58  21.890452
53   3d4z   4.89  21.890452
54   3dx2   6.82  21.890452
55   3ejr   8.57  21.890452
56   3l7b   2.40  21.890452
57   4eky   3.52  21.890452
58   3g2n   4.09  21.890452
59   3syr   5.10  21.890452
60   3ebp   5.91  21.890452
61   2w66   4.05  21.890452
62   2w4x   4.85  21.890452
63   2wca   5.60  21.890452
64   2xj7   6.66  21.890452
65   2vvn   7.30  21.890452
66   3aru   3.22  21.890452
67   3arv   5.64  21.890452
68   3ary   6.00  21.890452
69   3arq   6.40  21.890452
70   3arp   7.15  21.890452
71   4ih5   4.11  21.890452
72   4ih7   5.24  21.890452
73   3cj4   6.51  21.890452
74   4eo8   8.15  21.890452
75   3gnw   9.10  21.890452
76   1gpk   5.37  21.890452
77   1h23   8.35  21.890452
78   1h22   9.10  21.890452
79   3f3a   4.19  21.890452
80   3f3c   6.02  21.890452
81   4mme   6.50  21.890452
82   3f3d   7.16  21.890452
83   3f3e   7.70  21.890452
84   2wbg   4.45  21.890452
85   2cbv   5.48  21.890452
86   2j78   6.42  21.890452
87   2j7h   7.19  21.890452
88   2cet   8.02  21.890452
89   3udh   2.85  21.890452
90   3rsx   4.41  21.890452
91   4djv   6.72  21.890452
92   2vkm   8.74  21.890452
93   4gid  10.77  21.890452
94   4jfs   5.27  21.890452
95   4j28   5.70  21.890452
96   2wvt   6.12  21.890452
97   2xii   7.20  21.890452
98   4pcs   7.85  21.890452
99   3rr4   4.55  21.890452
100  1s38   5.15  21.890452
101  1r5y   6.46  21.890452
102  3gc5   7.26  21.890452
103  3ge7   8.70  21.890452
104  4dli   5.62  21.890452
105  2zb1   6.32  21.890452
106  4f9w   6.94  21.890452
107  3e92   8.00  21.890452
108  3e93   8.85  21.890452
109  4owm   2.96  21.890452
110  3twp   3.92  21.890452
111  3r88   4.82  21.890452
112  4gkm   5.17  21.890452
113  3qqs   5.82  21.890452
114  3gv9   2.12  21.890452
115  3gr2   2.52  21.890452
116  4kz6   3.10  21.890452
117  4jxs   4.74  21.890452
118  2r9w   5.10  21.890452
119  2hb1   3.80  21.890452
120  1bzc   4.92  21.890452
121  2qbr   6.33  21.890452
122  2qbq   7.44  21.890452
123  2qbp   8.40  21.890452
124  1q8t   4.76  21.890452
125  1ydr   5.52  21.890452
126  1q8u   5.96  21.890452
127  1ydt   7.32  21.890452
128  3ag9   8.05  21.890452
129  3fcq   2.77  21.890452
130  1z9g   5.64  21.890452
131  1qf1   7.32  21.890452
132  5tmn   8.04  21.890452
133  4tmn  10.17  21.890452
134  4ddk   2.29  21.890452
135  4ddh   3.32  21.890452
136  3ivg   4.30  21.890452
137  3coz   5.57  21.890452
138  3coy   6.02  21.890452
139  3pxf   4.43  21.890452
140  4eor   6.30  21.890452
141  2xnb   6.83  21.890452
142  1pxn   7.15  21.890452
143  2fvd   8.52  21.890452
144  4k77   6.63  21.890452
145  4e5w   7.66  21.890452
146  4ivb   8.72  21.890452
147  4ivd   9.52  21.890452
148  4ivc  10.00  21.890452
149  4f09   6.70  21.890452
150  4gfm   7.22  21.890452
151  4hge   7.92  21.890452
152  4e6q   8.36  21.890452
153  4jia   9.22  21.890452
154  2brb   4.86  21.890452
155  2br1   5.14  21.890452
156  3jvr   5.72  21.890452
157  3jvs   6.54  21.890452
158  1nvq   8.25  21.890452
159  3acw   4.76  21.890452
160  4ea2   6.44  21.890452
161  2zcr   6.87  21.890452
162  2zy1   7.40  21.890452
163  2zcq   8.82  21.890452
164  1bcu   3.28  21.890452
165  3bv9   5.36  21.890452
166  1oyt   7.24  21.890452
167  2zda   8.40  21.890452
168  3utu  10.92  21.890452
169  3u9q   4.38  21.890452
170  2yfe   6.63  21.890452
171  3fur   8.00  21.890452
172  3b1m   8.48  21.890452
173  2p4y   9.00  21.890452
174  3uo4   6.52  21.890452
175  3up2   7.40  21.890452
176  3e5a   8.23  21.890452
177  2wtv   8.74  21.890452
178  3myg  10.70  21.890452
179  3kgp   2.57  21.890452
180  1c5z   4.01  21.890452
181  1o5b   5.77  21.890452
182  1owh   7.40  21.890452
183  1sqa   9.21  21.890452
184  4jsz   2.30  21.890452
185  3kwa   4.08  21.890452
186  2weg   6.50  21.890452
187  3ryj   7.80  21.890452
188  3dd0   9.00  21.890452
189  2xdl   3.10  21.890452
190  3b27   5.16  21.890452
191  1yc1   6.17  21.890452
192  3rlr   7.52  21.890452
193  2yki   9.46  21.890452
194  1z95   7.12  21.890452
195  3b68   8.40  21.890452
196  3b5r   8.77  21.890452
197  3b65   9.27  21.890452
198  3g0w   9.52  21.890452
199  4u4s   2.92  21.890452
200  1p1q   4.89  21.890452
201  1syi   5.44  21.890452
202  1p1n   6.80  21.890452
203  2al5   8.40  21.890452
204  3g2z   2.36  21.890452
205  3g31   2.89  21.890452
206  4de2   4.12  21.890452
207  4de3   5.52  21.890452
208  4de1   5.96  21.890452
209  1vso   4.72  21.890452
210  4dld   5.82  21.890452
211  3gbb   6.90  21.890452
212  3fv2   8.11  21.890452
213  3fv1   9.30  21.890452
214  4mgd   4.69  21.890452
215  2qe4   7.96  21.890452
216  1qkt   9.04  21.890452
217  2pog   9.54  21.890452
218  2p15  10.30  21.890452
219  2y5h   5.79  21.890452
220  1lpg   7.09  21.890452
221  2xbv   8.43  21.890452
222  1z6e   9.72  21.890452
223  1mq6  11.15  21.890452
224  1nc3   5.00  21.890452
225  1nc1   6.12  21.890452
226  1y6r  10.11  21.890452
227  4f2w  11.30  21.890452
228  4f3c  11.82  21.890452
229  1uto   2.27  21.890452
230  4abg   3.57  21.890452
231  3gy4   5.10  21.890452
232  1k1i   6.58  21.890452
233  1o3f   7.96  21.890452
234  2yge   5.06  21.890452
235  2fxs   6.06  21.890452
236  2iwx   6.68  21.890452
237  2wer   7.05  21.890452
238  2vw5   8.52  21.890452
239  4kzq   6.10  21.890452
240  4kzu   6.50  21.890452
241  4j21   7.41  21.890452
242  4j3l   7.80  21.890452
243  3kr8   8.10  21.890452
244  2ymd   3.16  21.890452
245  2wnc   6.32  21.890452
246  2xys   7.42  21.890452
247  2wn9   8.52  21.890452
248  2x00  11.33  21.890452
249  3ozt   4.13  21.890452
250  3ozs   5.33  21.890452
251  3oe5   6.88  21.890452
252  3oe4   7.47  21.890452
253  3nw9   9.00  21.890452
254  3ao4   2.07  21.890452
255  3zt2   2.84  21.890452
256  3zsx   3.28  21.890452
257  4cig   3.67  21.890452
258  3zso   5.12  21.890452
259  3n7a   3.70  21.890452
260  4ciw   4.82  21.890452
261  3n86   5.64  21.890452
262  3n76   6.85  21.890452
263  2xb8   7.59  21.890452
264  4bkt   3.62  21.890452
265  4w9c   4.65  21.890452
266  4w9l   5.02  21.890452
267  4w9i   5.96  21.890452
268  4w9h   6.73  21.890452
269  3nq9   4.03  21.890452
270  3ueu   5.24  21.890452
271  3uev   5.89  21.890452
272  3uew   6.31  21.890452
273  3uex   6.92  21.890452
274  3lka   2.82  21.890452
275  3ehy   5.85  21.890452
276  3tsk   7.17  21.890452
277  3nx7   8.10  21.890452
278  4gr0   9.55  21.890452
279  3dxg   2.40  21.890452
280  3d6q   3.76  21.890452
281  1w4o   5.22  21.890452
282  1o0h   5.92  21.890452
283  1u1b   7.80  21.890452

Summary of the scoring power: ===================================
The regression equation: logKa = 16641379977.79 + -364287325937.39 * Score
Number of favorable sample (N) = 283
Pearson correlation coefficient (R) = 0.099
Standard deviation in fitting (SD) = 2.16
=================================================================

Template command for running the bootstrap in R program==========

rm(list=ls());
require(boot);
data_all<-read.table("X-Score_processed_score",header=TRUE);
aa<-c(1:nrow(data_all));

mycore<-function(x,indices)
{
data_1<-matrix(NA,283,2);
for(i in 1:283);
    {
        data_1[i,1]=data_all[x[indices][i],2];
        data_1[i,2]=data_all[x[indices][i],3];
    }
        data_2<-data.frame(data_1);
        names(data_2)<-c("a","b");
        cor(data_2$a,data_2$b);
};

data.boot<-boot(aa,mycore,R=10000,stype="i",sim="ordinary");
sink("X-Score-ci.results");
a<-boot.ci(data.boot,conf=0.9,type=c("bca"));
print(a);
sink();

=================================================================
