   Target Rank1 Rank2 Rank3 Rank4 Rank5
1    5c2h  5c2h  3ui7  5c28  3uuo  4llx
2    3uri  3uri  3pww  3wz8  3prs  2v00
3    4rfm  4rfm  4m0z  4m0y  3qgy  4qd6
4    4ty7  4crc  4ty7  4cra  4cr9  4x6p
5    4agq  5aba  5a7b  4agn  4agp  4agq
6    5dwr  3bgz  2c3i  4k18  5dwr  3jya
7    4twp  3k5v  3pyy  2v7a  4twp  3mss
8    3u8n  3u8k  3u8n  3zdg  3wtj  4qac
9    3o9i  1a30  1g2k  1eby  2qnq  3o9i
10   3p5o  3p5o  4lzs  3u5j  4wiv  4ogj
11   3ejr  3dx1  3dx2  3ejr  1ps3  3d4z
12   3ebp  3ebp  4eky  3g2n  3syr  3l7b
13   2vvn  2w66  2wca  2xj7  2w4x  2vvn
14   3arp  3arq  3aru  3arv  3ary  3arp
15   3gnw  4ih7  3cj4  4eo8  3gnw  4ih5
16   1e66  1h23  1h22  1e66  1gpk  1gpn
17   3f3e  4mme  3f3a  3f3c  3f3d  3f3e
18   2cet  2j7h  2cbv  2wbg  2j78  2cet
19   4gid  3udh  2vkm  4gid  3rsx  4djv
20   4pcs  4j28  2wvt  4pcs  2xii  4jfs
21   3ge7  3gc5  3ge7  3rr4  1s38  1r5y
22   3e93  4f9w  2zb1  3e92  3e93  4dli
23   3qqs  4owm  3twp  4gkm  3qqs  3r88
24   2r9w  4kz6  3gv9  3gr2  4jxs  2r9w
25   2qbp  2hb1  2qbr  2qbq  2qbp  1bzc
26   3ag9  1q8t  1ydr  1q8u  1ydt  3ag9
27   4tmn  3fcq  1z9g  1qf1  5tmn  4tmn
28   3coy  3coz  3coy  4ddk  4ddh  3ivg
29   2fvd  3pxf  2xnb  4eor  1pxn  2fvd
30   4ivc  4k77  4e5w  4ivb  4ivd  4ivc
31   4jia  4e6q  4gfm  4f09  4hge  4jia
32   1nvq  2brb  2br1  1nvq  3jvr  3jvs
33   2zcq  3acw  2zcr  2zy1  2zcq  4ea2
34   3utu  2zda  1bcu  3bv9  1oyt  3utu
35   2p4y  3u9q  2yfe  3b1m  2p4y  3fur
36   3myg  3uo4  3up2  3e5a  2wtv  3myg
37   1sqa  1owh  1sqa  3kgp  1c5z  1o5b
38   3dd0  2weg  3ryj  3dd0  3kwa  4jsz
39   2yki  2xdl  1yc1  3rlr  2yki  3b27
40   3g0w  1z95  3b68  3b5r  3b65  3g0w
41   2al5  1syi  2al5  1p1n  4u4s  1p1q
42   4de1  4de3  3g31  4de2  4de1  3g2z
43   3fv1  3fv2  3fv1  4dld  3gbb  1vso
44   2p15  4mgd  2qe4  1qkt  2pog  2p15
45   1mq6  1mq6  2y5h  2xbv  1z6e  1lpg
46   4f3c  1y6r  1nc3  1nc1  4f2w  4f3c
47   1o3f  1uto  4abg  3gy4  1k1i  1o3f
48   2vw5  2iwx  2wer  2fxs  2yge  2vw5
49   3kr8  4j21  4j3l  4kzq  4kzu  3kr8
50   2x00  2wnc  2xys  2wn9  2ymd  2x00
51   3nw9  3ozt  3ozs  3oe5  3oe4  3nw9
52   3zso  3zt2  3zsx  4cig  3zso  3ao4
53   2xb8  3n7a  4ciw  3n86  3n76  2xb8
54   4w9h  4w9c  4w9i  4w9h  4bkt  4w9l
55   3uex  3nq9  3ueu  3uev  3uew  3uex
56   4gr0  3lka  3ehy  3tsk  4gr0  3nx7
57   1u1b  3d6q  1w4o  1o0h  3dxg  1u1b

Summary of the ranking power: ===========================================
The Spearman correlation coefficient (SP) = 0.135
The Kendall correlation coefficient (tau) = 0.114
The Predictive index (PI) = 0.106
=========================================================================


Template command for running the bootstrap in R program==================

rm(list=ls());
require(boot);
data_all<-read.table("GAP_Spearman.results",header=TRUE);
data<-as.matrix(data_all[,2]);
mymean<-function(x,indices) sum(x[indices])/57;
data.boot<-boot(aa,mymean,R=10000,stype="i",sim="ordinary");
sink("GAP_Spearman-ci.results");
a<-boot.ci(data.boot,conf=0.9,type=c("bca"));
print(a);
sink();

=========================================================================

