   Target Rank1 Rank2 Rank3 Rank4 Rank5
1    5c2h  4llx  5c28  3uuo  3ui7  5c2h
2    3uri  3prs  2v00  3uri  3pww  3wz8
3    4rfm  4m0y  4m0z  4qd6  3qgy  4rfm
4    4ty7  4ty7  4x6p  4cra  4cr9  4crc
5    4agq  4agq  4agp  5aba  4agn  5a7b
6    5dwr  5dwr  3jya  4k18  3bgz  2c3i
7    4twp  3mss  2v7a  4twp  3pyy  3k5v
8    3u8n  4qac  3u8n  3u8k  3zdg  3wtj
9    3o9i  1a30  2qnq  3o9i  1eby  1g2k
10   3p5o  4ogj  4wiv  3p5o  3u5j  4lzs
11   3ejr  3d4z  3dx1  1ps3  3dx2  3ejr
12   3ebp  3syr  3l7b  4eky  3g2n  3ebp
13   2vvn  2w66  2xj7  2w4x  2vvn  2wca
14   3arp  3ary  3arp  3arq  3arv  3aru
15   3gnw  4ih5  4eo8  3gnw  3cj4  4ih7
16   1e66  1e66  1gpn  1gpk  1h23  1h22
17   3f3e  3f3e  3f3d  4mme  3f3a  3f3c
18   2cet  2j7h  2j78  2cbv  2wbg  2cet
19   4gid  3rsx  3udh  2vkm  4gid  4djv
20   4pcs  2wvt  4pcs  4jfs  2xii  4j28
21   3ge7  3ge7  1r5y  3gc5  3rr4  1s38
22   3e93  4dli  3e93  4f9w  3e92  2zb1
23   3qqs  3r88  4owm  3twp  3qqs  4gkm
24   2r9w  4kz6  3gr2  3gv9  4jxs  2r9w
25   2qbp  2qbq  2hb1  2qbr  2qbp  1bzc
26   3ag9  3ag9  1ydt  1ydr  1q8t  1q8u
27   4tmn  1qf1  3fcq  1z9g  5tmn  4tmn
28   3coy  3coz  3coy  3ivg  4ddh  4ddk
29   2fvd  1pxn  2fvd  2xnb  4eor  3pxf
30   4ivc  4e5w  4ivb  4ivd  4ivc  4k77
31   4jia  4jia  4f09  4e6q  4gfm  4hge
32   1nvq  3jvs  3jvr  1nvq  2br1  2brb
33   2zcq  4ea2  3acw  2zcq  2zcr  2zy1
34   3utu  1bcu  3bv9  3utu  2zda  1oyt
35   2p4y  3u9q  3fur  2yfe  2p4y  3b1m
36   3myg  3up2  3uo4  3myg  2wtv  3e5a
37   1sqa  1sqa  3kgp  1o5b  1owh  1c5z
38   3dd0  3kwa  4jsz  3dd0  2weg  3ryj
39   2yki  3b27  2yki  3rlr  2xdl  1yc1
40   3g0w  3g0w  3b65  3b5r  3b68  1z95
41   2al5  1p1q  2al5  1p1n  1syi  4u4s
42   4de1  3g31  3g2z  4de2  4de3  4de1
43   3fv1  3fv2  3fv1  3gbb  4dld  1vso
44   2p15  1qkt  4mgd  2p15  2pog  2qe4
45   1mq6  1z6e  1mq6  2y5h  2xbv  1lpg
46   4f3c  1y6r  1nc3  4f2w  4f3c  1nc1
47   1o3f  3gy4  4abg  1uto  1o3f  1k1i
48   2vw5  2yge  2vw5  2fxs  2iwx  2wer
49   3kr8  4j21  4j3l  3kr8  4kzq  4kzu
50   2x00  2ymd  2x00  2xys  2wnc  2wn9
51   3nw9  3ozs  3ozt  3oe5  3oe4  3nw9
52   3zso  3ao4  3zsx  3zso  4cig  3zt2
53   2xb8  4ciw  3n7a  3n86  2xb8  3n76
54   4w9h  4bkt  4w9i  4w9h  4w9l  4w9c
55   3uex  3ueu  3nq9  3uev  3uex  3uew
56   4gr0  3nx7  3lka  3ehy  4gr0  3tsk
57   1u1b  3dxg  3d6q  1o0h  1w4o  1u1b

Summary of the ranking power: ===========================================
The Spearman correlation coefficient (SP) = -0.046
Spearman Scipy = -0.062644088785523 
Confidence interval of 90% Spearman Scipy = [-0.162 ~ 0.038] 
The Kendall correlation coefficient (tau) = -0.011
The Predictive index (PI) = -0.033
=========================================================================


Template command for running the bootstrap in R program==================

rm(list=ls());
require(boot);
data_all<-read.table("GAP_Spearman.results",header=TRUE);
data<-as.matrix(data_all[,2]);
mymean<-function(x,indices) sum(x[indices])/57;
data.boot<-boot(aa,mymean,R=10000,stype="i",sim="ordinary");
sink("GAP_Spearman-ci.results");
a<-boot.ci(data.boot,conf=0.9,type=c("bca"));
print(a);
sink();

=========================================================================

