   Target Rank1 Rank2 Rank3 Rank4 Rank5
1    5c2h  3ui7  3uuo  5c2h  4llx  5c28
2    3uri  3prs  3wz8  2v00  3pww  3uri
3    4rfm  4m0z  4m0y  3qgy  4rfm  4qd6
4    4ty7  4cr9  4crc  4x6p  4cra  4ty7
5    4agq  4agn  4agp  5aba  5a7b  4agq
6    5dwr  4k18  3bgz  2c3i  5dwr  3jya
7    4twp  4twp  2v7a  3pyy  3k5v  3mss
8    3u8n  3wtj  4qac  3u8n  3u8k  3zdg
9    3o9i  3o9i  1g2k  1eby  2qnq  1a30
10   3p5o  4ogj  4lzs  3u5j  3p5o  4wiv
11   3ejr  3ejr  3dx2  3d4z  3dx1  1ps3
12   3ebp  3g2n  4eky  3ebp  3syr  3l7b
13   2vvn  2wca  2vvn  2w4x  2xj7  2w66
14   3arp  3arv  3arp  3ary  3arq  3aru
15   3gnw  3gnw  4ih5  4ih7  3cj4  4eo8
16   1e66  1e66  1h22  1h23  1gpk  1gpn
17   3f3e  4mme  3f3c  3f3a  3f3d  3f3e
18   2cet  2cet  2wbg  2j78  2cbv  2j7h
19   4gid  3rsx  4djv  2vkm  4gid  3udh
20   4pcs  4j28  2xii  4pcs  4jfs  2wvt
21   3ge7  3gc5  3rr4  3ge7  1r5y  1s38
22   3e93  3e93  4dli  3e92  2zb1  4f9w
23   3qqs  3twp  3r88  4owm  3qqs  4gkm
24   2r9w  3gr2  4jxs  2r9w  4kz6  3gv9
25   2qbp  2qbp  2qbr  2qbq  1bzc  2hb1
26   3ag9  1ydr  1q8t  3ag9  1q8u  1ydt
27   4tmn  4tmn  5tmn  1z9g  1qf1  3fcq
28   3coy  3coz  3coy  3ivg  4ddh  4ddk
29   2fvd  2fvd  4eor  1pxn  2xnb  3pxf
30   4ivc  4ivc  4ivb  4ivd  4e5w  4k77
31   4jia  4f09  4jia  4hge  4gfm  4e6q
32   1nvq  3jvs  2br1  2brb  3jvr  1nvq
33   2zcq  2zcr  2zcq  3acw  2zy1  4ea2
34   3utu  1bcu  3utu  1oyt  2zda  3bv9
35   2p4y  3fur  3b1m  2p4y  2yfe  3u9q
36   3myg  3myg  3e5a  2wtv  3uo4  3up2
37   1sqa  1sqa  1c5z  1o5b  1owh  3kgp
38   3dd0  3dd0  3kwa  2weg  4jsz  3ryj
39   2yki  1yc1  2yki  2xdl  3b27  3rlr
40   3g0w  3b5r  3b65  3b68  3g0w  1z95
41   2al5  4u4s  1p1q  2al5  1syi  1p1n
42   4de1  4de1  3g2z  4de3  3g31  4de2
43   3fv1  3fv2  3gbb  3fv1  1vso  4dld
44   2p15  2p15  1qkt  2pog  4mgd  2qe4
45   1mq6  1z6e  1lpg  2xbv  1mq6  2y5h
46   4f3c  1nc1  4f2w  1y6r  4f3c  1nc3
47   1o3f  1o3f  3gy4  1k1i  1uto  4abg
48   2vw5  2fxs  2wer  2iwx  2vw5  2yge
49   3kr8  4j3l  4kzq  4kzu  4j21  3kr8
50   2x00  2wn9  2ymd  2xys  2wnc  2x00
51   3nw9  3nw9  3oe5  3ozs  3oe4  3ozt
52   3zso  3ao4  3zso  3zsx  3zt2  4cig
53   2xb8  2xb8  3n76  3n86  3n7a  4ciw
54   4w9h  4w9h  4w9l  4w9i  4w9c  4bkt
55   3uex  3uev  3nq9  3ueu  3uew  3uex
56   4gr0  3nx7  3lka  3tsk  4gr0  3ehy
57   1u1b  1u1b  1o0h  1w4o  3d6q  3dxg

Summary of the ranking power: ===========================================
The Spearman correlation coefficient (SP) = 0.228
The Kendall correlation coefficient (tau) = 0.186
The Predictive index (PI) = 0.244
=========================================================================


Template command for running the bootstrap in R program==================

rm(list=ls());
require(boot);
data_all<-read.table("GAP_Spearman.results",header=TRUE);
data<-as.matrix(data_all[,2]);
mymean<-function(x,indices) sum(x[indices])/57;
data.boot<-boot(aa,mymean,R=10000,stype="i",sim="ordinary");
sink("GAP_Spearman-ci.results");
a<-boot.ci(data.boot,conf=0.9,type=c("bca"));
print(a);
sink();

=========================================================================

