   Target Rank1 Rank2 Rank3 Rank4 Rank5
1    5c2h  3uuo  3ui7  5c28  5c2h  4llx
2    3uri  3uri  2v00  3pww  3prs  3wz8
3    4rfm  3qgy  4qd6  4rfm  4m0y  4m0z
4    4ty7  4ty7  4cra  4cr9  4x6p  4crc
5    4agq  5aba  5a7b  4agp  4agq  4agn
6    5dwr  5dwr  3bgz  3jya  2c3i  4k18
7    4twp  3mss  2v7a  3k5v  3pyy  4twp
8    3u8n  3u8k  3zdg  3u8n  4qac  3wtj
9    3o9i  1a30  2qnq  1eby  1g2k  3o9i
10   3p5o  4ogj  3u5j  3p5o  4lzs  4wiv
11   3ejr  1ps3  3dx1  3d4z  3dx2  3ejr
12   3ebp  3l7b  3ebp  4eky  3g2n  3syr
13   2vvn  2w66  2xj7  2vvn  2wca  2w4x
14   3arp  3aru  3arq  3arv  3ary  3arp
15   3gnw  4eo8  3gnw  4ih5  4ih7  3cj4
16   1e66  1gpk  1gpn  1h23  1h22  1e66
17   3f3e  3f3a  3f3c  3f3d  3f3e  4mme
18   2cet  2wbg  2cbv  2j78  2cet  2j7h
19   4gid  3udh  4gid  2vkm  3rsx  4djv
20   4pcs  2xii  4jfs  4pcs  2wvt  4j28
21   3ge7  3gc5  3ge7  3rr4  1s38  1r5y
22   3e93  3e93  4dli  2zb1  4f9w  3e92
23   3qqs  3twp  4owm  4gkm  3qqs  3r88
24   2r9w  3gv9  4jxs  2r9w  3gr2  4kz6
25   2qbp  1bzc  2qbr  2qbq  2qbp  2hb1
26   3ag9  1ydr  1q8t  1q8u  1ydt  3ag9
27   4tmn  4tmn  3fcq  1z9g  1qf1  5tmn
28   3coy  4ddk  3coz  4ddh  3ivg  3coy
29   2fvd  4eor  1pxn  2fvd  3pxf  2xnb
30   4ivc  4e5w  4ivb  4ivd  4ivc  4k77
31   4jia  4f09  4e6q  4jia  4hge  4gfm
32   1nvq  1nvq  2brb  2br1  3jvr  3jvs
33   2zcq  3acw  4ea2  2zcr  2zy1  2zcq
34   3utu  3bv9  1oyt  2zda  3utu  1bcu
35   2p4y  2yfe  3fur  3b1m  2p4y  3u9q
36   3myg  3e5a  3myg  3uo4  3up2  2wtv
37   1sqa  3kgp  1c5z  1o5b  1owh  1sqa
38   3dd0  4jsz  3kwa  2weg  3ryj  3dd0
39   2yki  1yc1  3b27  3rlr  2yki  2xdl
40   3g0w  1z95  3b5r  3b68  3b65  3g0w
41   2al5  4u4s  1p1q  1syi  1p1n  2al5
42   4de1  4de2  4de3  4de1  3g31  3g2z
43   3fv1  1vso  4dld  3gbb  3fv2  3fv1
44   2p15  1qkt  2p15  4mgd  2qe4  2pog
45   1mq6  2y5h  1lpg  2xbv  1z6e  1mq6
46   4f3c  4f3c  1nc3  1nc1  1y6r  4f2w
47   1o3f  1uto  4abg  3gy4  1k1i  1o3f
48   2vw5  2fxs  2vw5  2iwx  2wer  2yge
49   3kr8  4kzq  4kzu  4j21  4j3l  3kr8
50   2x00  2wnc  2xys  2x00  2wn9  2ymd
51   3nw9  3ozt  3oe5  3oe4  3ozs  3nw9
52   3zso  3zsx  4cig  3zso  3ao4  3zt2
53   2xb8  3n7a  4ciw  3n86  3n76  2xb8
54   4w9h  4bkt  4w9i  4w9c  4w9l  4w9h
55   3uex  3uev  3uew  3nq9  3ueu  3uex
56   4gr0  3lka  3nx7  3tsk  4gr0  3ehy
57   1u1b  3dxg  3d6q  1w4o  1o0h  1u1b

Summary of the ranking power: ===========================================
The Spearman correlation coefficient (SP) = 0.012
The Kendall correlation coefficient (tau) = 0.009
The Predictive index (PI) = 0.012
=========================================================================


Template command for running the bootstrap in R program==================

rm(list=ls());
require(boot);
data_all<-read.table("GAP_Spearman.results",header=TRUE);
data<-as.matrix(data_all[,2]);
mymean<-function(x,indices) sum(x[indices])/57;
data.boot<-boot(aa,mymean,R=10000,stype="i",sim="ordinary");
sink("GAP_Spearman-ci.results");
a<-boot.ci(data.boot,conf=0.9,type=c("bca"));
print(a);
sink();

=========================================================================

