   Target Rank1 Rank2 Rank3 Rank4 Rank5
1    5c2h  4llx  5c28  3uuo  3ui7  5c2h
2    3uri  2v00  3wz8  3prs  3pww  3uri
3    4rfm  4m0y  4qd6  3qgy  4m0z  4rfm
4    4ty7  4cr9  4crc  4ty7  4cra  4x6p
5    4agq  5aba  4agn  5a7b  4agq  4agp
6    5dwr  3jya  2c3i  4k18  3bgz  5dwr
7    4twp  3mss  3pyy  3k5v  2v7a  4twp
8    3u8n  3zdg  3wtj  3u8k  3u8n  4qac
9    3o9i  1a30  2qnq  3o9i  1g2k  1eby
10   3p5o  4lzs  3u5j  4wiv  3p5o  4ogj
11   3ejr  3dx1  3dx2  3d4z  1ps3  3ejr
12   3ebp  3l7b  3syr  3g2n  3ebp  4eky
13   2vvn  2w4x  2w66  2xj7  2vvn  2wca
14   3arp  3ary  3aru  3arv  3arq  3arp
15   3gnw  4ih5  4ih7  3cj4  4eo8  3gnw
16   1e66  1gpn  1gpk  1e66  1h22  1h23
17   3f3e  3f3d  3f3a  3f3e  3f3c  4mme
18   2cet  2j7h  2cbv  2j78  2cet  2wbg
19   4gid  3udh  3rsx  4djv  2vkm  4gid
20   4pcs  2wvt  4j28  4jfs  4pcs  2xii
21   3ge7  1r5y  1s38  3rr4  3gc5  3ge7
22   3e93  4dli  4f9w  2zb1  3e92  3e93
23   3qqs  3twp  4owm  3r88  3qqs  4gkm
24   2r9w  3gr2  3gv9  4kz6  4jxs  2r9w
25   2qbp  2hb1  1bzc  2qbr  2qbq  2qbp
26   3ag9  1q8t  1ydr  1q8u  1ydt  3ag9
27   4tmn  3fcq  1z9g  1qf1  5tmn  4tmn
28   3coy  4ddk  4ddh  3coz  3ivg  3coy
29   2fvd  3pxf  1pxn  2xnb  2fvd  4eor
30   4ivc  4k77  4ivb  4ivd  4ivc  4e5w
31   4jia  4gfm  4f09  4hge  4e6q  4jia
32   1nvq  3jvr  2brb  3jvs  2br1  1nvq
33   2zcq  2zcq  2zy1  3acw  4ea2  2zcr
34   3utu  1bcu  1oyt  2zda  3bv9  3utu
35   2p4y  3u9q  2yfe  3fur  3b1m  2p4y
36   3myg  3myg  3up2  3uo4  3e5a  2wtv
37   1sqa  3kgp  1c5z  1o5b  1owh  1sqa
38   3dd0  4jsz  2weg  3kwa  3dd0  3ryj
39   2yki  3b27  2xdl  3rlr  1yc1  2yki
40   3g0w  3g0w  3b65  3b5r  1z95  3b68
41   2al5  4u4s  1p1q  2al5  1p1n  1syi
42   4de1  3g2z  3g31  4de1  4de3  4de2
43   3fv1  1vso  3gbb  3fv2  4dld  3fv1
44   2p15  4mgd  1qkt  2pog  2qe4  2p15
45   1mq6  2y5h  2xbv  1z6e  1mq6  1lpg
46   4f3c  1nc3  1nc1  1y6r  4f2w  4f3c
47   1o3f  1uto  3gy4  4abg  1o3f  1k1i
48   2vw5  2fxs  2wer  2iwx  2yge  2vw5
49   3kr8  4kzq  4kzu  4j21  3kr8  4j3l
50   2x00  2ymd  2wn9  2wnc  2xys  2x00
51   3nw9  3ozt  3oe4  3ozs  3oe5  3nw9
52   3zso  3ao4  3zt2  3zsx  4cig  3zso
53   2xb8  3n7a  4ciw  2xb8  3n76  3n86
54   4w9h  4bkt  4w9c  4w9i  4w9h  4w9l
55   3uex  3nq9  3ueu  3uev  3uew  3uex
56   4gr0  3lka  3ehy  3nx7  3tsk  4gr0
57   1u1b  3dxg  3d6q  1w4o  1o0h  1u1b

Summary of the ranking power: ===========================================
The Spearman correlation coefficient (SP) = -0.630
The Kendall correlation coefficient (tau) = -0.551
The Predictive index (PI) = -0.665
=========================================================================


Template command for running the bootstrap in R program==================

rm(list=ls());
require(boot);
data_all<-read.table("GAP_Spearman.results",header=TRUE);
data<-as.matrix(data_all[,2]);
mymean<-function(x,indices) sum(x[indices])/57;
data.boot<-boot(aa,mymean,R=10000,stype="i",sim="ordinary");
sink("GAP_Spearman-ci.results");
a<-boot.ci(data.boot,conf=0.9,type=c("bca"));
print(a);
sink();

=========================================================================

