   Target Rank1 Rank2 Rank3 Rank4 Rank5
1    5c2h  3uuo  5c28  5c2h  3ui7  4llx
2    3uri  2v00  3wz8  3prs  3uri  3pww
3    4rfm  4m0y  4rfm  4m0z  4qd6  3qgy
4    4ty7  4cr9  4crc  4x6p  4ty7  4cra
5    4agq  5aba  5a7b  4agn  4agq  4agp
6    5dwr  3jya  2c3i  3bgz  4k18  5dwr
7    4twp  3pyy  3mss  3k5v  2v7a  4twp
8    3u8n  3u8k  3wtj  3zdg  3u8n  4qac
9    3o9i  3o9i  1eby  1g2k  1a30  2qnq
10   3p5o  4lzs  3u5j  4wiv  3p5o  4ogj
11   3ejr  3ejr  3dx1  3dx2  3d4z  1ps3
12   3ebp  4eky  3ebp  3g2n  3l7b  3syr
13   2vvn  2wca  2vvn  2w4x  2w66  2xj7
14   3arp  3ary  3aru  3arv  3arp  3arq
15   3gnw  4eo8  4ih7  4ih5  3gnw  3cj4
16   1e66  1gpn  1e66  1gpk  1h23  1h22
17   3f3e  3f3d  4mme  3f3e  3f3a  3f3c
18   2cet  2wbg  2cet  2j78  2j7h  2cbv
19   4gid  3rsx  4djv  3udh  4gid  2vkm
20   4pcs  2xii  4pcs  4jfs  4j28  2wvt
21   3ge7  3gc5  1r5y  3ge7  1s38  3rr4
22   3e93  3e93  4dli  2zb1  4f9w  3e92
23   3qqs  3twp  4owm  4gkm  3qqs  3r88
24   2r9w  3gv9  3gr2  4kz6  2r9w  4jxs
25   2qbp  2qbp  2qbr  2qbq  2hb1  1bzc
26   3ag9  1ydr  1q8u  1ydt  1q8t  3ag9
27   4tmn  3fcq  1z9g  5tmn  1qf1  4tmn
28   3coy  4ddh  4ddk  3ivg  3coy  3coz
29   2fvd  1pxn  3pxf  4eor  2fvd  2xnb
30   4ivc  4k77  4ivb  4ivc  4e5w  4ivd
31   4jia  4hge  4gfm  4e6q  4jia  4f09
32   1nvq  2brb  3jvs  3jvr  2br1  1nvq
33   2zcq  4ea2  3acw  2zcr  2zy1  2zcq
34   3utu  1bcu  1oyt  2zda  3utu  3bv9
35   2p4y  3b1m  3fur  2p4y  3u9q  2yfe
36   3myg  3myg  2wtv  3e5a  3uo4  3up2
37   1sqa  3kgp  1sqa  1owh  1o5b  1c5z
38   3dd0  3dd0  2weg  3ryj  4jsz  3kwa
39   2yki  2xdl  3b27  3rlr  2yki  1yc1
40   3g0w  1z95  3g0w  3b65  3b68  3b5r
41   2al5  4u4s  1p1q  1syi  2al5  1p1n
42   4de1  3g2z  4de1  4de3  4de2  3g31
43   3fv1  3fv1  3gbb  1vso  4dld  3fv2
44   2p15  2p15  1qkt  4mgd  2qe4  2pog
45   1mq6  2y5h  1z6e  2xbv  1mq6  1lpg
46   4f3c  4f2w  1nc1  4f3c  1y6r  1nc3
47   1o3f  3gy4  4abg  1o3f  1uto  1k1i
48   2vw5  2fxs  2iwx  2wer  2yge  2vw5
49   3kr8  3kr8  4kzu  4kzq  4j21  4j3l
50   2x00  2wn9  2ymd  2xys  2wnc  2x00
51   3nw9  3ozs  3oe5  3nw9  3oe4  3ozt
52   3zso  3ao4  3zsx  3zso  4cig  3zt2
53   2xb8  3n7a  3n86  3n76  2xb8  4ciw
54   4w9h  4w9i  4w9c  4w9h  4bkt  4w9l
55   3uex  3uev  3uew  3nq9  3uex  3ueu
56   4gr0  3lka  3ehy  4gr0  3nx7  3tsk
57   1u1b  3d6q  3dxg  1u1b  1w4o  1o0h

Summary of the ranking power: ===========================================
The Spearman correlation coefficient (SP) = -0.153
Spearman Scipy = -0.035245890383163565 
Confidence interval of 90% Spearman Scipy = [-0.135 ~ 0.065] 
The Kendall correlation coefficient (tau) = -0.126
The Predictive index (PI) = -0.178
=========================================================================


Template command for running the bootstrap in R program==================

rm(list=ls());
require(boot);
data_all<-read.table("GAP_Spearman.results",header=TRUE);
data<-as.matrix(data_all[,2]);
mymean<-function(x,indices) sum(x[indices])/57;
data.boot<-boot(aa,mymean,R=10000,stype="i",sim="ordinary");
sink("GAP_Spearman-ci.results");
a<-boot.ci(data.boot,conf=0.9,type=c("bca"));
print(a);
sink();

=========================================================================

