   Target Rank1 Rank2 Rank3 Rank4 Rank5
1    5c2h  4llx  5c28  3uuo  3ui7  5c2h
2    3uri  3wz8  2v00  3prs  3pww  3uri
3    4rfm  4qd6  3qgy  4m0z  4m0y  4rfm
4    4ty7  4x6p  4ty7  4cra  4crc  4cr9
5    4agq  4agq  5aba  5a7b  4agn  4agp
6    5dwr  3bgz  3jya  4k18  5dwr  2c3i
7    4twp  3k5v  2v7a  4twp  3pyy  3mss
8    3u8n  3u8k  4qac  3u8n  3wtj  3zdg
9    3o9i  3o9i  1a30  2qnq  1g2k  1eby
10   3p5o  4wiv  3p5o  4lzs  3u5j  4ogj
11   3ejr  1ps3  3dx1  3d4z  3dx2  3ejr
12   3ebp  3l7b  4eky  3g2n  3syr  3ebp
13   2vvn  2wca  2w66  2w4x  2xj7  2vvn
14   3arp  3arv  3ary  3arq  3aru  3arp
15   3gnw  4ih5  4ih7  3cj4  4eo8  3gnw
16   1e66  1gpn  1e66  1gpk  1h23  1h22
17   3f3e  3f3e  3f3a  3f3c  4mme  3f3d
18   2cet  2wbg  2cet  2cbv  2j78  2j7h
19   4gid  4djv  2vkm  4gid  3udh  3rsx
20   4pcs  4jfs  4j28  2wvt  2xii  4pcs
21   3ge7  1s38  3rr4  1r5y  3gc5  3ge7
22   3e93  2zb1  3e92  3e93  4dli  4f9w
23   3qqs  3twp  4owm  3qqs  3r88  4gkm
24   2r9w  3gr2  4jxs  2r9w  3gv9  4kz6
25   2qbp  2qbr  2hb1  1bzc  2qbq  2qbp
26   3ag9  3ag9  1ydt  1q8t  1ydr  1q8u
27   4tmn  5tmn  4tmn  1z9g  1qf1  3fcq
28   3coy  3coz  3coy  3ivg  4ddk  4ddh
29   2fvd  3pxf  4eor  2xnb  1pxn  2fvd
30   4ivc  4ivd  4ivc  4k77  4e5w  4ivb
31   4jia  4f09  4gfm  4hge  4e6q  4jia
32   1nvq  3jvr  2br1  1nvq  3jvs  2brb
33   2zcq  2zcr  2zy1  2zcq  3acw  4ea2
34   3utu  1bcu  3bv9  1oyt  2zda  3utu
35   2p4y  3fur  2yfe  3u9q  3b1m  2p4y
36   3myg  3uo4  3up2  3e5a  2wtv  3myg
37   1sqa  1c5z  1sqa  3kgp  1o5b  1owh
38   3dd0  4jsz  2weg  3dd0  3kwa  3ryj
39   2yki  1yc1  3b27  3rlr  2yki  2xdl
40   3g0w  3g0w  1z95  3b68  3b5r  3b65
41   2al5  4u4s  1p1q  1syi  2al5  1p1n
42   4de1  4de3  4de1  3g2z  3g31  4de2
43   3fv1  1vso  4dld  3gbb  3fv2  3fv1
44   2p15  4mgd  2qe4  1qkt  2pog  2p15
45   1mq6  1z6e  2y5h  1lpg  2xbv  1mq6
46   4f3c  4f2w  4f3c  1nc3  1nc1  1y6r
47   1o3f  1k1i  1uto  4abg  3gy4  1o3f
48   2vw5  2yge  2iwx  2wer  2vw5  2fxs
49   3kr8  4j3l  4kzq  4kzu  4j21  3kr8
50   2x00  2xys  2wn9  2x00  2ymd  2wnc
51   3nw9  3ozt  3ozs  3oe5  3oe4  3nw9
52   3zso  3zt2  3zsx  4cig  3zso  3ao4
53   2xb8  3n86  3n76  2xb8  3n7a  4ciw
54   4w9h  4w9l  4bkt  4w9c  4w9i  4w9h
55   3uex  3nq9  3ueu  3uev  3uew  3uex
56   4gr0  3nx7  3ehy  3tsk  4gr0  3lka
57   1u1b  1o0h  1u1b  1w4o  3d6q  3dxg

Summary of the ranking power: ===========================================
The Spearman correlation coefficient (SP) = 0.135
Spearman Scipy = 0.02808164098312562 
Confidence interval of 90% Spearman Scipy = [-0.073 ~ 0.128] 
The Kendall correlation coefficient (tau) = 0.119
The Predictive index (PI) = 0.127
=========================================================================


Template command for running the bootstrap in R program==================

rm(list=ls());
require(boot);
data_all<-read.table("GAP_Spearman.results",header=TRUE);
data<-as.matrix(data_all[,2]);
mymean<-function(x,indices) sum(x[indices])/57;
data.boot<-boot(aa,mymean,R=10000,stype="i",sim="ordinary");
sink("GAP_Spearman-ci.results");
a<-boot.ci(data.boot,conf=0.9,type=c("bca"));
print(a);
sink();

=========================================================================

