   Target Rank1 Rank2 Rank3 Rank4 Rank5
1    5c2h  4llx  5c28  3uuo  3ui7  5c2h
2    3uri  2v00  3pww  3uri  3wz8  3prs
3    4rfm  4m0z  4m0y  3qgy  4qd6  4rfm
4    4ty7  4cr9  4cra  4x6p  4crc  4ty7
5    4agq  5aba  5a7b  4agn  4agp  4agq
6    5dwr  5dwr  3bgz  3jya  2c3i  4k18
7    4twp  3mss  3k5v  3pyy  2v7a  4twp
8    3u8n  3wtj  3u8k  4qac  3u8n  3zdg
9    3o9i  2qnq  1a30  1g2k  1eby  3o9i
10   3p5o  3u5j  4wiv  4lzs  4ogj  3p5o
11   3ejr  3ejr  1ps3  3dx1  3d4z  3dx2
12   3ebp  3syr  4eky  3ebp  3l7b  3g2n
13   2vvn  2wca  2w66  2w4x  2xj7  2vvn
14   3arp  3arv  3ary  3arp  3aru  3arq
15   3gnw  4ih5  3cj4  4ih7  4eo8  3gnw
16   1e66  1e66  1h23  1h22  1gpk  1gpn
17   3f3e  4mme  3f3a  3f3c  3f3d  3f3e
18   2cet  2wbg  2cbv  2j78  2j7h  2cet
19   4gid  3rsx  3udh  4djv  2vkm  4gid
20   4pcs  4jfs  4j28  4pcs  2xii  2wvt
21   3ge7  3rr4  1s38  3gc5  3ge7  1r5y
22   3e93  4dli  4f9w  2zb1  3e92  3e93
23   3qqs  4gkm  3qqs  4owm  3twp  3r88
24   2r9w  4jxs  2r9w  3gv9  3gr2  4kz6
25   2qbp  2hb1  1bzc  2qbr  2qbq  2qbp
26   3ag9  3ag9  1q8t  1ydr  1q8u  1ydt
27   4tmn  3fcq  1z9g  1qf1  5tmn  4tmn
28   3coy  4ddh  3ivg  4ddk  3coz  3coy
29   2fvd  1pxn  3pxf  4eor  2xnb  2fvd
30   4ivc  4ivb  4ivd  4ivc  4k77  4e5w
31   4jia  4f09  4e6q  4jia  4gfm  4hge
32   1nvq  2brb  2br1  1nvq  3jvr  3jvs
33   2zcq  3acw  4ea2  2zcr  2zcq  2zy1
34   3utu  1bcu  3bv9  1oyt  2zda  3utu
35   2p4y  3u9q  2yfe  3fur  3b1m  2p4y
36   3myg  3myg  3uo4  3up2  3e5a  2wtv
37   1sqa  1c5z  1o5b  1owh  1sqa  3kgp
38   3dd0  3kwa  3ryj  4jsz  2weg  3dd0
39   2yki  3b27  3rlr  2xdl  1yc1  2yki
40   3g0w  3g0w  1z95  3b68  3b5r  3b65
41   2al5  1p1q  1syi  1p1n  2al5  4u4s
42   4de1  3g2z  3g31  4de2  4de3  4de1
43   3fv1  1vso  4dld  3gbb  3fv2  3fv1
44   2p15  4mgd  2qe4  1qkt  2pog  2p15
45   1mq6  1lpg  2y5h  2xbv  1z6e  1mq6
46   4f3c  1nc1  4f3c  4f2w  1nc3  1y6r
47   1o3f  1uto  4abg  3gy4  1k1i  1o3f
48   2vw5  2yge  2fxs  2iwx  2wer  2vw5
49   3kr8  4kzq  4kzu  4j21  4j3l  3kr8
50   2x00  2ymd  2wnc  2xys  2wn9  2x00
51   3nw9  3ozt  3ozs  3oe5  3nw9  3oe4
52   3zso  3ao4  3zsx  4cig  3zso  3zt2
53   2xb8  3n7a  3n86  3n76  2xb8  4ciw
54   4w9h  4w9c  4w9l  4w9i  4w9h  4bkt
55   3uex  3nq9  3ueu  3uev  3uew  3uex
56   4gr0  3ehy  4gr0  3lka  3tsk  3nx7
57   1u1b  1w4o  1o0h  1u1b  3dxg  3d6q

Summary of the ranking power: ===========================================
The Spearman correlation coefficient (SP) = 0.054
Spearman Scipy = 0.07204650316766097 
Confidence interval of 90% Spearman Scipy = [-0.029 ~ 0.171] 
The Kendall correlation coefficient (tau) = 0.052
The Predictive index (PI) = 0.053
=========================================================================


Template command for running the bootstrap in R program==================

rm(list=ls());
require(boot);
data_all<-read.table("GAP_Spearman.results",header=TRUE);
data<-as.matrix(data_all[,2]);
mymean<-function(x,indices) sum(x[indices])/57;
data.boot<-boot(aa,mymean,R=10000,stype="i",sim="ordinary");
sink("GAP_Spearman-ci.results");
a<-boot.ci(data.boot,conf=0.9,type=c("bca"));
print(a);
sink();

=========================================================================

