   Target Rank1 Rank2 Rank3 Rank4 Rank5
1    5c2h  4llx  5c28  5c2h  3ui7  3uuo
2    3uri  3prs  2v00  3wz8  3uri  3pww
3    4rfm  4m0z  4qd6  4m0y  3qgy  4rfm
4    4ty7  4ty7  4x6p  4cra  4cr9  4crc
5    4agq  4agq  4agp  4agn  5a7b  5aba
6    5dwr  5dwr  3bgz  2c3i  4k18  3jya
7    4twp  3mss  3k5v  2v7a  4twp  3pyy
8    3u8n  4qac  3u8k  3wtj  3u8n  3zdg
9    3o9i  3o9i  1eby  2qnq  1g2k  1a30
10   3p5o  4ogj  4wiv  3u5j  3p5o  4lzs
11   3ejr  3d4z  3dx1  3dx2  1ps3  3ejr
12   3ebp  3l7b  3syr  3g2n  4eky  3ebp
13   2vvn  2vvn  2w66  2xj7  2w4x  2wca
14   3arp  3ary  3arp  3arq  3arv  3aru
15   3gnw  4ih5  3gnw  3cj4  4ih7  4eo8
16   1e66  1e66  1gpn  1gpk  1h22  1h23
17   3f3e  4mme  3f3a  3f3d  3f3e  3f3c
18   2cet  2j78  2j7h  2cbv  2cet  2wbg
19   4gid  3rsx  4djv  3udh  2vkm  4gid
20   4pcs  2wvt  4j28  2xii  4pcs  4jfs
21   3ge7  3rr4  1r5y  1s38  3ge7  3gc5
22   3e93  4dli  3e93  4f9w  2zb1  3e92
23   3qqs  3r88  4owm  3twp  3qqs  4gkm
24   2r9w  4jxs  4kz6  3gv9  3gr2  2r9w
25   2qbp  2qbp  2qbr  2qbq  2hb1  1bzc
26   3ag9  3ag9  1ydt  1q8u  1ydr  1q8t
27   4tmn  4tmn  1qf1  5tmn  3fcq  1z9g
28   3coy  3coz  3coy  3ivg  4ddk  4ddh
29   2fvd  1pxn  2fvd  4eor  2xnb  3pxf
30   4ivc  4ivc  4ivd  4ivb  4e5w  4k77
31   4jia  4jia  4hge  4e6q  4f09  4gfm
32   1nvq  3jvs  3jvr  2brb  2br1  1nvq
33   2zcq  3acw  4ea2  2zcq  2zcr  2zy1
34   3utu  1bcu  3bv9  3utu  2zda  1oyt
35   2p4y  3fur  2p4y  3u9q  3b1m  2yfe
36   3myg  3up2  3uo4  3myg  2wtv  3e5a
37   1sqa  1sqa  1owh  3kgp  1o5b  1c5z
38   3dd0  3kwa  3dd0  4jsz  3ryj  2weg
39   2yki  3b27  2yki  3rlr  2xdl  1yc1
40   3g0w  3g0w  3b68  1z95  3b5r  3b65
41   2al5  4u4s  1p1q  1p1n  1syi  2al5
42   4de1  4de1  4de2  4de3  3g31  3g2z
43   3fv1  3fv1  1vso  3fv2  4dld  3gbb
44   2p15  2p15  2qe4  2pog  4mgd  1qkt
45   1mq6  1z6e  1lpg  2xbv  2y5h  1mq6
46   4f3c  1y6r  1nc3  1nc1  4f2w  4f3c
47   1o3f  3gy4  1o3f  4abg  1uto  1k1i
48   2vw5  2yge  2vw5  2fxs  2wer  2iwx
49   3kr8  4j21  4j3l  4kzq  4kzu  3kr8
50   2x00  2ymd  2x00  2wn9  2xys  2wnc
51   3nw9  3oe5  3ozt  3nw9  3oe4  3ozs
52   3zso  3ao4  3zso  3zsx  4cig  3zt2
53   2xb8  3n7a  4ciw  3n76  3n86  2xb8
54   4w9h  4w9i  4bkt  4w9l  4w9c  4w9h
55   3uex  3ueu  3uev  3nq9  3uew  3uex
56   4gr0  3nx7  3lka  4gr0  3ehy  3tsk
57   1u1b  1o0h  1u1b  3dxg  3d6q  1w4o

Summary of the ranking power: ===========================================
The Spearman correlation coefficient (SP) = 0.039
Spearman Scipy = -0.007873084071316752 
Confidence interval of 90% Spearman Scipy = [-0.108 ~ 0.093] 
The Kendall correlation coefficient (tau) = 0.053
The Predictive index (PI) = 0.043
=========================================================================


Template command for running the bootstrap in R program==================

rm(list=ls());
require(boot);
data_all<-read.table("GAP_Spearman.results",header=TRUE);
data<-as.matrix(data_all[,2]);
mymean<-function(x,indices) sum(x[indices])/57;
data.boot<-boot(aa,mymean,R=10000,stype="i",sim="ordinary");
sink("GAP_Spearman-ci.results");
a<-boot.ci(data.boot,conf=0.9,type=c("bca"));
print(a);
sink();

=========================================================================

