   Target Rank1 Rank2 Rank3 Rank4 Rank5
1    5c2h  5c28  3ui7  3uuo  4llx  5c2h
2    3uri  3uri  3pww  3prs  2v00  3wz8
3    4rfm  4m0y  4qd6  4rfm  4m0z  3qgy
4    4ty7  4cra  4crc  4ty7  4cr9  4x6p
5    4agq  5a7b  5aba  4agn  4agp  4agq
6    5dwr  5dwr  3bgz  2c3i  3jya  4k18
7    4twp  3mss  3pyy  2v7a  3k5v  4twp
8    3u8n  3zdg  3u8k  3u8n  3wtj  4qac
9    3o9i  1eby  1a30  2qnq  1g2k  3o9i
10   3p5o  4wiv  3u5j  4ogj  3p5o  4lzs
11   3ejr  1ps3  3d4z  3dx1  3dx2  3ejr
12   3ebp  3syr  3l7b  3g2n  4eky  3ebp
13   2vvn  2w66  2xj7  2w4x  2wca  2vvn
14   3arp  3arq  3aru  3arp  3ary  3arv
15   3gnw  3gnw  4eo8  4ih5  3cj4  4ih7
16   1e66  1h23  1h22  1gpn  1gpk  1e66
17   3f3e  3f3a  3f3e  3f3d  3f3c  4mme
18   2cet  2j7h  2j78  2cbv  2cet  2wbg
19   4gid  2vkm  4gid  3udh  4djv  3rsx
20   4pcs  2wvt  2xii  4j28  4jfs  4pcs
21   3ge7  3ge7  1s38  3gc5  1r5y  3rr4
22   3e93  3e93  4f9w  4dli  3e92  2zb1
23   3qqs  3qqs  3twp  4gkm  4owm  3r88
24   2r9w  3gv9  4kz6  2r9w  4jxs  3gr2
25   2qbp  1bzc  2hb1  2qbr  2qbp  2qbq
26   3ag9  3ag9  1q8u  1q8t  1ydr  1ydt
27   4tmn  3fcq  1qf1  1z9g  5tmn  4tmn
28   3coy  4ddh  4ddk  3coy  3ivg  3coz
29   2fvd  3pxf  1pxn  2xnb  2fvd  4eor
30   4ivc  4k77  4e5w  4ivd  4ivb  4ivc
31   4jia  4f09  4jia  4gfm  4e6q  4hge
32   1nvq  1nvq  3jvs  2brb  2br1  3jvr
33   2zcq  2zy1  4ea2  3acw  2zcq  2zcr
34   3utu  3bv9  2zda  1oyt  3utu  1bcu
35   2p4y  3b1m  2p4y  3u9q  2yfe  3fur
36   3myg  3up2  3uo4  3myg  2wtv  3e5a
37   1sqa  1owh  3kgp  1c5z  1sqa  1o5b
38   3dd0  4jsz  3ryj  3dd0  3kwa  2weg
39   2yki  1yc1  2yki  3b27  2xdl  3rlr
40   3g0w  1z95  3b68  3g0w  3b5r  3b65
41   2al5  1syi  2al5  1p1n  1p1q  4u4s
42   4de1  3g31  3g2z  4de2  4de3  4de1
43   3fv1  3fv2  4dld  1vso  3fv1  3gbb
44   2p15  2p15  2pog  2qe4  1qkt  4mgd
45   1mq6  2xbv  1lpg  2y5h  1mq6  1z6e
46   4f3c  1nc3  1y6r  1nc1  4f2w  4f3c
47   1o3f  1uto  4abg  1k1i  3gy4  1o3f
48   2vw5  2fxs  2wer  2iwx  2vw5  2yge
49   3kr8  4kzq  4kzu  3kr8  4j3l  4j21
50   2x00  2x00  2wnc  2ymd  2xys  2wn9
51   3nw9  3ozs  3oe4  3ozt  3oe5  3nw9
52   3zso  3zsx  4cig  3zso  3zt2  3ao4
53   2xb8  4ciw  3n7a  3n86  3n76  2xb8
54   4w9h  4w9i  4bkt  4w9h  4w9l  4w9c
55   3uex  3nq9  3ueu  3uew  3uev  3uex
56   4gr0  3nx7  3tsk  4gr0  3ehy  3lka
57   1u1b  3dxg  3d6q  1w4o  1o0h  1u1b

Summary of the ranking power: ===========================================
The Spearman correlation coefficient (SP) = -0.139
Spearman Scipy = -0.23992909431965412 
Confidence interval of 90% Spearman Scipy = [-0.332 ~ -0.143] 
The Kendall correlation coefficient (tau) = -0.123
The Predictive index (PI) = -0.156
=========================================================================


Template command for running the bootstrap in R program==================

rm(list=ls());
require(boot);
data_all<-read.table("GAP_Spearman.results",header=TRUE);
data<-as.matrix(data_all[,2]);
mymean<-function(x,indices) sum(x[indices])/57;
data.boot<-boot(aa,mymean,R=10000,stype="i",sim="ordinary");
sink("GAP_Spearman-ci.results");
a<-boot.ci(data.boot,conf=0.9,type=c("bca"));
print(a);
sink();

=========================================================================

