   Target Rank1 Rank2 Rank3 Rank4 Rank5
1    5c2h  4llx  5c2h  5c28  3ui7  3uuo
2    3uri  3prs  3wz8  2v00  3uri  3pww
3    4rfm  4qd6  4m0z  3qgy  4m0y  4rfm
4    4ty7  4ty7  4x6p  4crc  4cra  4cr9
5    4agq  4agq  4agn  5aba  4agp  5a7b
6    5dwr  3bgz  5dwr  2c3i  4k18  3jya
7    4twp  4twp  2v7a  3pyy  3k5v  3mss
8    3u8n  4qac  3u8k  3zdg  3wtj  3u8n
9    3o9i  1eby  1g2k  2qnq  3o9i  1a30
10   3p5o  4ogj  4wiv  4lzs  3u5j  3p5o
11   3ejr  1ps3  3d4z  3dx2  3dx1  3ejr
12   3ebp  3syr  3l7b  4eky  3g2n  3ebp
13   2vvn  2vvn  2xj7  2w66  2wca  2w4x
14   3arp  3aru  3ary  3arv  3arq  3arp
15   3gnw  3gnw  3cj4  4eo8  4ih5  4ih7
16   1e66  1gpn  1h23  1h22  1e66  1gpk
17   3f3e  4mme  3f3a  3f3e  3f3c  3f3d
18   2cet  2j78  2j7h  2cbv  2wbg  2cet
19   4gid  3rsx  2vkm  4djv  4gid  3udh
20   4pcs  2xii  2wvt  4pcs  4jfs  4j28
21   3ge7  3rr4  1r5y  1s38  3ge7  3gc5
22   3e93  4dli  3e93  4f9w  3e92  2zb1
23   3qqs  3r88  4gkm  3qqs  3twp  4owm
24   2r9w  4jxs  2r9w  3gv9  4kz6  3gr2
25   2qbp  2qbq  2qbp  2qbr  1bzc  2hb1
26   3ag9  3ag9  1ydr  1q8u  1q8t  1ydt
27   4tmn  4tmn  3fcq  5tmn  1z9g  1qf1
28   3coy  3coz  3coy  3ivg  4ddh  4ddk
29   2fvd  2fvd  1pxn  2xnb  4eor  3pxf
30   4ivc  4k77  4ivc  4e5w  4ivd  4ivb
31   4jia  4jia  4e6q  4gfm  4hge  4f09
32   1nvq  3jvs  3jvr  1nvq  2brb  2br1
33   2zcq  2zy1  2zcq  2zcr  3acw  4ea2
34   3utu  1bcu  3utu  2zda  1oyt  3bv9
35   2p4y  2p4y  3fur  3u9q  2yfe  3b1m
36   3myg  3uo4  2wtv  3up2  3myg  3e5a
37   1sqa  1sqa  1c5z  1o5b  1owh  3kgp
38   3dd0  3kwa  3ryj  4jsz  3dd0  2weg
39   2yki  3b27  2yki  3rlr  1yc1  2xdl
40   3g0w  3b68  3g0w  3b5r  1z95  3b65
41   2al5  2al5  1syi  1p1n  1p1q  4u4s
42   4de1  4de1  4de3  3g2z  4de2  3g31
43   3fv1  3fv1  3fv2  3gbb  4dld  1vso
44   2p15  4mgd  2p15  2pog  1qkt  2qe4
45   1mq6  1z6e  1lpg  2xbv  1mq6  2y5h
46   4f3c  1nc3  1nc1  4f2w  4f3c  1y6r
47   1o3f  3gy4  1o3f  4abg  1k1i  1uto
48   2vw5  2vw5  2yge  2iwx  2wer  2fxs
49   3kr8  4j21  3kr8  4j3l  4kzu  4kzq
50   2x00  2ymd  2x00  2xys  2wnc  2wn9
51   3nw9  3nw9  3oe5  3ozs  3ozt  3oe4
52   3zso  3ao4  3zso  4cig  3zsx  3zt2
53   2xb8  2xb8  3n7a  3n86  3n76  4ciw
54   4w9h  4w9i  4w9h  4bkt  4w9c  4w9l
55   3uex  3nq9  3uev  3uex  3ueu  3uew
56   4gr0  3nx7  4gr0  3tsk  3ehy  3lka
57   1u1b  1o0h  1u1b  1w4o  3dxg  3d6q

Summary of the ranking power: ===========================================
The Spearman correlation coefficient (SP) = 0.242
Spearman Scipy = 0.08709318015456598 
Confidence interval of 90% Spearman Scipy = [-0.014 ~ 0.186] 
The Kendall correlation coefficient (tau) = 0.221
The Predictive index (PI) = 0.231
=========================================================================


Template command for running the bootstrap in R program==================

rm(list=ls());
require(boot);
data_all<-read.table("GAP_Spearman.results",header=TRUE);
data<-as.matrix(data_all[,2]);
mymean<-function(x,indices) sum(x[indices])/57;
data.boot<-boot(aa,mymean,R=10000,stype="i",sim="ordinary");
sink("GAP_Spearman-ci.results");
a<-boot.ci(data.boot,conf=0.9,type=c("bca"));
print(a);
sink();

=========================================================================

