   Target Rank1 Rank2 Rank3 Rank4 Rank5
1    5c2h  5c2h  5c28  3ui7  3uuo  4llx
2    3uri  3uri  3pww  3wz8  2v00  3prs
3    4rfm  4rfm  4qd6  3qgy  4m0y  4m0z
4    4ty7  4ty7  4crc  4x6p  4cra  4cr9
5    4agq  4agp  4agq  5a7b  5aba  4agn
6    5dwr  5dwr  2c3i  4k18  3jya  3bgz
7    4twp  2v7a  3pyy  3mss  3k5v  4twp
8    3u8n  3zdg  3u8k  4qac  3wtj  3u8n
9    3o9i  1a30  1eby  2qnq  1g2k  3o9i
10   3p5o  3u5j  4ogj  3p5o  4lzs  4wiv
11   3ejr  1ps3  3d4z  3dx1  3dx2  3ejr
12   3ebp  3g2n  3ebp  3syr  3l7b  4eky
13   2vvn  2xj7  2vvn  2w66  2w4x  2wca
14   3arp  3arp  3arq  3aru  3ary  3arv
15   3gnw  4eo8  3cj4  4ih7  4ih5  3gnw
16   1e66  1h22  1h23  1gpn  1gpk  1e66
17   3f3e  3f3d  3f3e  3f3c  3f3a  4mme
18   2cet  2wbg  2j78  2cet  2cbv  2j7h
19   4gid  4djv  3udh  2vkm  4gid  3rsx
20   4pcs  4pcs  4jfs  2xii  2wvt  4j28
21   3ge7  3ge7  3gc5  1s38  1r5y  3rr4
22   3e93  2zb1  4dli  4f9w  3e93  3e92
23   3qqs  3qqs  4gkm  3twp  4owm  3r88
24   2r9w  3gv9  2r9w  3gr2  4kz6  4jxs
25   2qbp  2qbp  2qbq  2hb1  2qbr  1bzc
26   3ag9  1ydt  1q8u  1q8t  1ydr  3ag9
27   4tmn  5tmn  1z9g  1qf1  4tmn  3fcq
28   3coy  4ddk  4ddh  3coy  3ivg  3coz
29   2fvd  3pxf  2fvd  2xnb  1pxn  4eor
30   4ivc  4e5w  4k77  4ivc  4ivb  4ivd
31   4jia  4jia  4hge  4gfm  4f09  4e6q
32   1nvq  1nvq  3jvs  3jvr  2br1  2brb
33   2zcq  4ea2  2zcr  3acw  2zy1  2zcq
34   3utu  3bv9  3utu  2zda  1oyt  1bcu
35   2p4y  3u9q  3b1m  2yfe  2p4y  3fur
36   3myg  3up2  3e5a  2wtv  3uo4  3myg
37   1sqa  1owh  1o5b  1sqa  3kgp  1c5z
38   3dd0  3ryj  3kwa  4jsz  3dd0  2weg
39   2yki  3rlr  3b27  2yki  2xdl  1yc1
40   3g0w  3g0w  1z95  3b68  3b5r  3b65
41   2al5  4u4s  1p1n  1syi  2al5  1p1q
42   4de1  3g31  3g2z  4de2  4de3  4de1
43   3fv1  4dld  3fv1  1vso  3gbb  3fv2
44   2p15  4mgd  2p15  2qe4  2pog  1qkt
45   1mq6  1lpg  2xbv  1mq6  2y5h  1z6e
46   4f3c  1y6r  4f3c  4f2w  1nc1  1nc3
47   1o3f  1k1i  3gy4  1o3f  1uto  4abg
48   2vw5  2yge  2fxs  2iwx  2wer  2vw5
49   3kr8  3kr8  4j21  4kzu  4j3l  4kzq
50   2x00  2x00  2wnc  2ymd  2wn9  2xys
51   3nw9  3ozs  3ozt  3oe4  3oe5  3nw9
52   3zso  4cig  3zt2  3ao4  3zsx  3zso
53   2xb8  4ciw  3n86  3n76  3n7a  2xb8
54   4w9h  4bkt  4w9l  4w9h  4w9i  4w9c
55   3uex  3nq9  3ueu  3uev  3uew  3uex
56   4gr0  4gr0  3ehy  3nx7  3tsk  3lka
57   1u1b  3dxg  3d6q  1w4o  1u1b  1o0h

Summary of the ranking power: ===========================================
The Spearman correlation coefficient (SP) = 0.033
Spearman Scipy = -0.0030452959589761484 
Confidence interval of 90% Spearman Scipy = [-0.104 ~ 0.097] 
The Kendall correlation coefficient (tau) = 0.032
The Predictive index (PI) = 0.013
=========================================================================


Template command for running the bootstrap in R program==================

rm(list=ls());
require(boot);
data_all<-read.table("GAP_Spearman.results",header=TRUE);
data<-as.matrix(data_all[,2]);
mymean<-function(x,indices) sum(x[indices])/57;
data.boot<-boot(aa,mymean,R=10000,stype="i",sim="ordinary");
sink("GAP_Spearman-ci.results");
a<-boot.ci(data.boot,conf=0.9,type=c("bca"));
print(a);
sink();

=========================================================================

