   Target Rank1 Rank2 Rank3 Rank4 Rank5
1    5c2h  3uuo  5c28  4llx  3ui7  5c2h
2    3uri  2v00  3prs  3wz8  3pww  3uri
3    4rfm  4m0z  4m0y  3qgy  4qd6  4rfm
4    4ty7  4x6p  4cr9  4ty7  4crc  4cra
5    4agq  5aba  4agq  4agn  5a7b  4agp
6    5dwr  3jya  3bgz  2c3i  4k18  5dwr
7    4twp  3pyy  3k5v  3mss  4twp  2v7a
8    3u8n  4qac  3u8k  3wtj  3u8n  3zdg
9    3o9i  1eby  1g2k  3o9i  1a30  2qnq
10   3p5o  3u5j  4lzs  4ogj  3p5o  4wiv
11   3ejr  3ejr  3d4z  3dx2  1ps3  3dx1
12   3ebp  3ebp  4eky  3g2n  3syr  3l7b
13   2vvn  2wca  2w4x  2xj7  2w66  2vvn
14   3arp  3arv  3ary  3aru  3arp  3arq
15   3gnw  4ih7  3gnw  4ih5  3cj4  4eo8
16   1e66  1gpn  1e66  1gpk  1h23  1h22
17   3f3e  4mme  3f3a  3f3e  3f3c  3f3d
18   2cet  2wbg  2cet  2j7h  2j78  2cbv
19   4gid  3rsx  3udh  4djv  2vkm  4gid
20   4pcs  4j28  4jfs  2xii  4pcs  2wvt
21   3ge7  3rr4  3gc5  1s38  1r5y  3ge7
22   3e93  4dli  4f9w  3e93  2zb1  3e92
23   3qqs  4owm  3r88  3twp  4gkm  3qqs
24   2r9w  3gv9  4kz6  3gr2  2r9w  4jxs
25   2qbp  1bzc  2qbp  2hb1  2qbr  2qbq
26   3ag9  1q8t  1q8u  1ydr  3ag9  1ydt
27   4tmn  3fcq  5tmn  4tmn  1qf1  1z9g
28   3coy  4ddk  4ddh  3ivg  3coz  3coy
29   2fvd  2xnb  4eor  2fvd  1pxn  3pxf
30   4ivc  4k77  4ivb  4e5w  4ivd  4ivc
31   4jia  4jia  4hge  4gfm  4f09  4e6q
32   1nvq  3jvs  3jvr  2brb  2br1  1nvq
33   2zcq  3acw  2zcr  2zy1  2zcq  4ea2
34   3utu  1bcu  3utu  1oyt  2zda  3bv9
35   2p4y  3fur  3b1m  2p4y  3u9q  2yfe
36   3myg  3myg  2wtv  3e5a  3up2  3uo4
37   1sqa  1c5z  1o5b  1sqa  3kgp  1owh
38   3dd0  3dd0  2weg  4jsz  3ryj  3kwa
39   2yki  2yki  3b27  3rlr  2xdl  1yc1
40   3g0w  3b65  1z95  3b5r  3b68  3g0w
41   2al5  4u4s  1p1q  2al5  1syi  1p1n
42   4de1  3g2z  4de1  4de3  3g31  4de2
43   3fv1  3fv2  3gbb  3fv1  4dld  1vso
44   2p15  2pog  2qe4  1qkt  2p15  4mgd
45   1mq6  1z6e  1lpg  1mq6  2xbv  2y5h
46   4f3c  1nc1  4f2w  4f3c  1y6r  1nc3
47   1o3f  3gy4  1o3f  1uto  4abg  1k1i
48   2vw5  2wer  2iwx  2vw5  2fxs  2yge
49   3kr8  4kzu  3kr8  4kzq  4j21  4j3l
50   2x00  2wn9  2x00  2xys  2wnc  2ymd
51   3nw9  3oe5  3ozs  3nw9  3ozt  3oe4
52   3zso  3ao4  3zt2  3zso  3zsx  4cig
53   2xb8  3n7a  2xb8  3n76  3n86  4ciw
54   4w9h  4w9l  4w9c  4w9h  4w9i  4bkt
55   3uex  3uew  3uev  3uex  3nq9  3ueu
56   4gr0  3lka  3tsk  4gr0  3ehy  3nx7
57   1u1b  1o0h  3d6q  1u1b  1w4o  3dxg

Summary of the ranking power: ===========================================
The Spearman correlation coefficient (SP) = -0.121
Spearman Scipy = 0.05077059713803313 
Confidence interval of 90% Spearman Scipy = [-0.05 ~ 0.151] 
The Kendall correlation coefficient (tau) = -0.090
The Predictive index (PI) = -0.128
=========================================================================


Template command for running the bootstrap in R program==================

rm(list=ls());
require(boot);
data_all<-read.table("GAP_Spearman.results",header=TRUE);
data<-as.matrix(data_all[,2]);
mymean<-function(x,indices) sum(x[indices])/57;
data.boot<-boot(aa,mymean,R=10000,stype="i",sim="ordinary");
sink("GAP_Spearman-ci.results");
a<-boot.ci(data.boot,conf=0.9,type=c("bca"));
print(a);
sink();

=========================================================================

